# lattice-scale --inv-acoustic-scale=10 "ark:gunzip -c exp/tri4/decode/lat.*.gz|" ark:- | lattice-add-penalty --word-ins-penalty=1.0 ark:- ark:- | lattice-best-path --word-symbol-table=exp/tri4/graph/words.txt ark:- ark,t:- | utils/int2sym.pl -f 2- exp/tri4/graph/words.txt | local/wer_hyp_filter > exp/tri4/decode/scoring_kaldi/penalty_1.0/10.txt 
# Started at Tue Dec 18 10:25:56 IST 2018
#
lattice-add-penalty --word-ins-penalty=1.0 ark:- ark:- 
lattice-best-path --word-symbol-table=exp/tri4/graph/words.txt ark:- ark,t:- 
lattice-scale --inv-acoustic-scale=10 'ark:gunzip -c exp/tri4/decode/lat.*.gz|' ark:- 
LOG (lattice-best-path[5.3]:main():lattice-best-path.cc:99) For utterance PN00F02U001, best cost 48.2475 + 2672.12 = 2720.37 over 630 frames.
PN00F02U001 sifar sifar naun athth satt chhe panj 
LOG (lattice-best-path[5.3]:main():lattice-best-path.cc:99) For utterance PN00F02U002, best cost 46.5511 + 2425.36 = 2471.91 over 656 frames.
PN00F02U002 panj chaar tinn do ikk sifar ikk 
LOG (lattice-best-path[5.3]:main():lattice-best-path.cc:99) For utterance PN00F02U003, best cost 44.6384 + 2332.99 = 2377.63 over 630 frames.
PN00F02U003 ikk naun satt panj tinn ikk do 
LOG (lattice-best-path[5.3]:main():lattice-best-path.cc:99) For utterance PN00F02U004, best cost 46.6516 + 2324.88 = 2371.53 over 629 frames.
PN00F02U004 do naun chhe chaar do sifar tinn 
LOG (lattice-best-path[5.3]:main():lattice-best-path.cc:99) For utterance PN00F02U005, best cost 46.9351 + 2198.37 = 2245.31 over 628 frames.
PN00F02U005 tinn naun panj do chaar naun chaar 
LOG (lattice-best-path[5.3]:main():lattice-best-path.cc:99) For utterance PN00F02U006, best cost 49.0753 + 2370.49 = 2419.57 over 629 frames.
PN00F02U006 chaar ikk panj naun tinn sifar chhe 
LOG (lattice-best-path[5.3]:main():lattice-best-path.cc:99) For utterance PN00F02U007, best cost 48.2293 + 2323.94 = 2372.17 over 630 frames.
PN00F02U007 chhe naun do satt naun ikk athth 
LOG (lattice-best-path[5.3]:main():lattice-best-path.cc:99) For utterance PN00F02U008, best cost 48.5861 + 2345.27 = 2393.86 over 629 frames.
PN00F02U008 athth naun sifar athth chhe tinn chaar 
LOG (lattice-best-path[5.3]:main():lattice-best-path.cc:99) For utterance PN00F02U009, best cost 49.0973 + 2445.65 = 2494.75 over 626 frames.
PN00F02U009 chaar sifar satt chaar athth panj ikk 
LOG (lattice-best-path[5.3]:main():lattice-best-path.cc:99) For utterance PN00F02U010, best cost 48.7048 + 2401.72 = 2450.43 over 628 frames.
PN00F02U010 ikk satt tinn tinn athth chaar chaar 
LOG (lattice-best-path[5.3]:main():lattice-best-path.cc:99) For utterance PN00F02U011, best cost 48.1691 + 2425.01 = 2473.18 over 630 frames.
PN00F02U011 chhe satt do panj athth tinn chhe 
LOG (lattice-best-path[5.3]:main():lattice-best-path.cc:99) For utterance PN00F02U012, best cost 46.1563 + 2283.19 = 2329.34 over 656 frames.
PN00F02U012 chhe athth do athth ikk chhe do 
LOG (lattice-best-path[5.3]:main():lattice-best-path.cc:99) For utterance PN00F02U013, best cost 46.6901 + 2270.69 = 2317.38 over 630 frames.
PN00F02U013 do chhe ikk do tinn satt ikk 
LOG (lattice-best-path[5.3]:main():lattice-best-path.cc:99) For utterance PN00F02U014, best cost 50.2999 + 2557.24 = 2607.54 over 629 frames.
PN00F02U014 ikk chaar chhe sifar chaar panj sifar 
LOG (lattice-best-path[5.3]:main():lattice-best-path.cc:99) For utterance PN00F02U015, best cost 51.4035 + 2530.41 = 2581.81 over 630 frames.
PN00F02U015 sifar panj satt sifar do do tinn 
LOG (lattice-best-path[5.3]:main():lattice-best-path.cc:99) For utterance PN00F02U016, best cost 48.6752 + 2436.74 = 2485.42 over 629 frames.
PN00F02U016 tinn panj chhe satt athth sifar ikk 
LOG (lattice-best-path[5.3]:main():lattice-best-path.cc:99) For utterance PN00F02U017, best cost 48.9304 + 2510.87 = 2559.8 over 657 frames.
PN00F02U017 ikk tinn chaar panj panj chhe chhe 
LOG (lattice-best-path[5.3]:main():lattice-best-path.cc:99) For utterance PN00F02U018, best cost 46.6602 + 2400.55 = 2447.21 over 652 frames.
PN00F02U018 chhe satt satt athth athth naun naun 
LOG (lattice-best-path[5.3]:main():lattice-best-path.cc:99) For utterance PN00F02U019, best cost 48.9448 + 2397.68 = 2446.63 over 653 frames.
PN00F02U019 naun sifar ikk ikk do ikk satt 
LOG (lattice-best-path[5.3]:main():lattice-best-path.cc:99) For utterance PN00F02U020, best cost 45.3332 + 2258.49 = 2303.83 over 628 frames.
PN00F02U020 satt naun ikk tinn panj satt naun 
LOG (lattice-best-path[5.3]:main():lattice-best-path.cc:99) For utterance PN00F02U021, best cost 58.2322 + 2839.35 = 2897.58 over 629 frames.
PN00F02U021 sifar sifar sifar ikk tinn chaar panj 
LOG (lattice-best-path[5.3]:main():lattice-best-path.cc:99) For utterance PN00F02U022, best cost 49.0964 + 2377.8 = 2426.9 over 656 frames.
PN00F02U022 panj chhe satt athth naun ikk sifar 
LOG (lattice-best-path[5.3]:main():lattice-best-path.cc:99) For utterance PN00F02U023, best cost 47.0608 + 2318.05 = 2365.11 over 630 frames.
PN00F02U023 sifar do chaar chhe athth do sifar 
LOG (lattice-best-path[5.3]:main():lattice-best-path.cc:99) For utterance PN00F02U024, best cost 49.6776 + 2497.05 = 2546.73 over 630 frames.
PN00F02U024 sifar tinn panj satt naun tinn sifar 
LOG (lattice-best-path[5.3]:main():lattice-best-path.cc:99) For utterance PN00F02U025, best cost 50.5519 + 2517.64 = 2568.19 over 630 frames.
PN00F02U025 sifar chaar satt chaar sifar panj athth 
LOG (lattice-best-path[5.3]:main():lattice-best-path.cc:99) For utterance PN00F02U026, best cost 49.366 + 2562.8 = 2612.16 over 630 frames.
PN00F02U026 athth panj sifar chhe naun chhe sifar 
LOG (lattice-best-path[5.3]:main():lattice-best-path.cc:99) For utterance PN00F02U027, best cost 51.3792 + 2480.96 = 2532.34 over 656 frames.
PN00F02U027 sifar satt satt sifar athth athth sifar 
LOG (lattice-best-path[5.3]:main():lattice-best-path.cc:99) For utterance PN00F02U028, best cost 47.2261 + 2469.29 = 2516.52 over 629 frames.
PN00F02U028 sifar naun naun sifar ikk ikk tinn 
LOG (lattice-best-path[5.3]:main():lattice-best-path.cc:99) For utterance PN00F02U029, best cost 44.8485 + 2412.65 = 2457.5 over 630 frames.
PN00F02U029 tinn chhe ikk chaar athth ikk panj 
LOG (lattice-best-path[5.3]:main():lattice-best-path.cc:99) For utterance PN00F02U030, best cost 47.3092 + 2404 = 2451.31 over 630 frames.
PN00F02U030 panj naun do panj chaar ikk chhe 
LOG (lattice-best-path[5.3]:main():lattice-best-path.cc:99) For utterance PN00F02U031, best cost 46.5415 + 2437.63 = 2484.17 over 630 frames.
PN00F02U031 chhe panj ikk satt chhe do chhe 
LOG (lattice-best-path[5.3]:main():lattice-best-path.cc:99) For utterance PN00F02U032, best cost 44.8085 + 2262.64 = 2307.45 over 629 frames.
PN00F02U032 chhe tinn satt ikk athth tinn athth 
LOG (lattice-best-path[5.3]:main():lattice-best-path.cc:99) For utterance PN00F02U033, best cost 45.5819 + 2342.59 = 2388.17 over 630 frames.
PN00F02U033 athth naun chaar naun panj do ikk 
LOG (lattice-best-path[5.3]:main():lattice-best-path.cc:99) For utterance PN00F02U034, best cost 45.2994 + 2372.07 = 2417.37 over 630 frames.
PN00F02U034 ikk naun satt do satt panj tinn 
LOG (lattice-best-path[5.3]:main():lattice-best-path.cc:99) For utterance PN00F02U035, best cost 45.5097 + 2365.97 = 2411.48 over 630 frames.
PN00F02U035 tinn naun athth satt tinn ikk do 
LOG (lattice-best-path[5.3]:main():lattice-best-path.cc:99) For utterance PN00F02U036, best cost 48.305 + 2472.45 = 2520.75 over 630 frames.
PN00F02U036 do do athth chaar do naun sifar 
LOG (lattice-best-path[5.3]:main():lattice-best-path.cc:99) For utterance PN00F02U037, best cost 46.8618 + 2324.25 = 2371.11 over 655 frames.
PN00F02U037 sifar ikk do tinn do tinn tinn 
LOG (lattice-best-path[5.3]:main():lattice-best-path.cc:99) For utterance PN00F02U038, best cost 50.1646 + 2278.88 = 2329.05 over 630 frames.
PN00F02U038 tinn chaar tinn chaar chaar panj panj 
LOG (lattice-best-path[5.3]:main():lattice-best-path.cc:99) For utterance PN00F02U039, best cost 48.2552 + 2337.04 = 2385.3 over 629 frames.
PN00F02U039 panj chhe chaar panj chhe chhe satt 
LOG (lattice-best-path[5.3]:main():lattice-best-path.cc:99) For utterance PN00F02U040, best cost 48.8013 + 2208.65 = 2257.45 over 629 frames.
PN00F02U040 satt athth chhe satt ikk do chaar 
LOG (lattice-best-path[5.3]:main():lattice-best-path.cc:99) For utterance PN00F02U041, best cost 47.0396 + 2458.83 = 2505.87 over 630 frames.
PN00F02U041 sifar naun sifar ikk do tinn chaar 
LOG (lattice-best-path[5.3]:main():lattice-best-path.cc:99) For utterance PN00F02U042, best cost 47.4949 + 2422.9 = 2470.39 over 648 frames.
PN00F02U042 chaar panj chhe satt athth naun athth 
LOG (lattice-best-path[5.3]:main():lattice-best-path.cc:99) For utterance PN00F02U043, best cost 46.2929 + 2377.39 = 2423.68 over 630 frames.
PN00F02U043 athth sifar do chaar chhe athth satt 
LOG (lattice-best-path[5.3]:main():lattice-best-path.cc:99) For utterance PN00F02U044, best cost 47.2629 + 2257 = 2304.26 over 630 frames.
PN00F02U044 satt sifar tinn panj satt naun chhe 
LOG (lattice-best-path[5.3]:main():lattice-best-path.cc:99) For utterance PN00F02U045, best cost 49.2808 + 2470.67 = 2519.95 over 630 frames.
PN00F02U045 chhe sifar chaar satt panj sifar panj 
LOG (lattice-best-path[5.3]:main():lattice-best-path.cc:99) For utterance PN00F02U046, best cost 49.8223 + 2262.77 = 2312.59 over 630 frames.
PN00F02U046 panj athth chaar sifar chhe naun tinn 
LOG (lattice-best-path[5.3]:main():lattice-best-path.cc:99) For utterance PN00F02U047, best cost 49.5556 + 2333.63 = 2383.18 over 630 frames.
PN00F02U047 tinn sifar satt do sifar athth ikk 
LOG (lattice-best-path[5.3]:main():lattice-best-path.cc:99) For utterance PN00F02U048, best cost 49.7439 + 2291.39 = 2341.13 over 630 frames.
PN00F02U048 ikk sifar sifar ikk naun ikk tinn 
LOG (lattice-best-path[5.3]:main():lattice-best-path.cc:99) For utterance PN00F02U049, best cost 46.0348 + 2331.06 = 2377.1 over 630 frames.
PN00F02U049 tinn chhe ikk chaar athth do panj 
LOG (lattice-best-path[5.3]:main():lattice-best-path.cc:99) For utterance PN00F02U050, best cost 46.8435 + 2277.2 = 2324.04 over 629 frames.
PN00F02U050 panj naun do chhe panj ikk panj 
LOG (lattice-best-path[5.3]:main():lattice-best-path.cc:99) For utterance PN00F02U051, best cost 45.438 + 2277.92 = 2323.36 over 630 frames.
PN00F02U051 panj chaar ikk chhe tinn ikk satt 
LOG (lattice-best-path[5.3]:main():lattice-best-path.cc:99) For utterance PN00F02U052, best cost 45.5315 + 2272.09 = 2317.62 over 629 frames.
PN00F02U052 satt ikk athth tinn satt tinn athth 
LOG (lattice-best-path[5.3]:main():lattice-best-path.cc:99) For utterance PN00F02U053, best cost 45.3141 + 2203.1 = 2248.41 over 630 frames.
PN00F02U053 athth naun naun chaar naun panj do 
LOG (lattice-best-path[5.3]:main():lattice-best-path.cc:99) For utterance PN00F02U054, best cost 46.8836 + 2356.59 = 2403.47 over 630 frames.
PN00F02U054 do satt chhe do athth panj tinn 
LOG (lattice-best-path[5.3]:main():lattice-best-path.cc:99) For utterance PN00F02U055, best cost 46.1378 + 2333.32 = 2379.46 over 630 frames.
PN00F02U055 tinn naun satt chaar do ikk ikk 
LOG (lattice-best-path[5.3]:main():lattice-best-path.cc:99) For utterance PN00F02U056, best cost 49.4974 + 2336.72 = 2386.22 over 656 frames.
PN00F02U056 ikk do naun sifar ikk do do 
LOG (lattice-best-path[5.3]:main():lattice-best-path.cc:99) For utterance PN00F02U057, best cost 48.4351 + 2192.37 = 2240.8 over 629 frames.
PN00F02U057 do tinn do tinn tinn chaar tinn 
LOG (lattice-best-path[5.3]:main():lattice-best-path.cc:99) For utterance PN00F02U058, best cost 48.7577 + 2374.91 = 2423.66 over 630 frames.
PN00F02U058 tinn chaar chaar panj panj chhe chaar 
LOG (lattice-best-path[5.3]:main():lattice-best-path.cc:99) For utterance PN00F02U059, best cost 51.4478 + 2452.85 = 2504.3 over 629 frames.
PN00F02U059 athth athth athth sifar sifar sifar sifar 
LOG (lattice-best-path[5.3]:main():lattice-best-path.cc:99) For utterance PN00F02U060, best cost 46.903 + 2327.8 = 2374.7 over 629 frames.
PN00F02U060 athth chhe satt athth athth naun sifar 
LOG (lattice-best-path[5.3]:main():lattice-best-path.cc:99) For utterance PN00F02U061, best cost 45.7307 + 2443.56 = 2489.29 over 630 frames.
PN00F02U061 sifar naun naun athth satt chhe panj 
LOG (lattice-best-path[5.3]:main():lattice-best-path.cc:99) For utterance PN00F02U062, best cost 46.1752 + 2282.5 = 2328.67 over 630 frames.
PN00F02U062 panj chaar tinn do ikk sifar athth 
LOG (lattice-best-path[5.3]:main():lattice-best-path.cc:99) For utterance PN00F02U063, best cost 44.8551 + 2234.53 = 2279.38 over 629 frames.
PN00F02U063 athth naun satt panj tinn ikk satt 
LOG (lattice-best-path[5.3]:main():lattice-best-path.cc:99) For utterance PN00F02U064, best cost 45.7018 + 2306.23 = 2351.94 over 630 frames.
PN00F02U064 satt naun chhe chaar do sifar chhe 
LOG (lattice-best-path[5.3]:main():lattice-best-path.cc:99) For utterance PN00F02U065, best cost 46.3628 + 2208.38 = 2254.74 over 630 frames.
PN00F02U065 chhe naun panj do panj naun chaar 
LOG (lattice-best-path[5.3]:main():lattice-best-path.cc:99) For utterance PN00F02U066, best cost 48.3174 + 2255.88 = 2304.19 over 630 frames.
PN00F02U066 chaar ikk chaar naun tinn sifar tinn 
LOG (lattice-best-path[5.3]:main():lattice-best-path.cc:99) For utterance PN00F02U067, best cost 46.5223 + 2184.19 = 2230.71 over 630 frames.
PN00F02U067 tinn naun do do naun ikk ikk 
LOG (lattice-best-path[5.3]:main():lattice-best-path.cc:99) For utterance PN00F02U068, best cost 50.4064 + 2483.58 = 2533.99 over 629 frames.
PN00F02U068 ikk naun sifar sifar satt chaar sifar 
LOG (lattice-best-path[5.3]:main():lattice-best-path.cc:99) For utterance PN00F02U069, best cost 42.9103 + 2409.32 = 2452.23 over 630 frames.
PN00F02U069 sifar ikk athth chhe tinn athth 
LOG (lattice-best-path[5.3]:main():lattice-best-path.cc:99) For utterance PN00F02U070, best cost 45.6555 + 2359.03 = 2404.68 over 656 frames.
PN00F02U070 athth panj ikk chhe do chhe athth 
LOG (lattice-best-path[5.3]:main():lattice-best-path.cc:99) For utterance PN00F02U071, best cost 51.4437 + 2312.31 = 2363.76 over 630 frames.
PN00F02U071 athth chaar panj athth tinn chaar athth 
LOG (lattice-best-path[5.3]:main():lattice-best-path.cc:99) For utterance PN00F02U072, best cost 46.8764 + 2260.76 = 2307.64 over 630 frames.
PN00F02U072 athth do tinn satt tinn chhe ikk 
LOG (lattice-best-path[5.3]:main():lattice-best-path.cc:99) For utterance PN00F02U073, best cost 49.1617 + 2296.85 = 2346.02 over 630 frames.
PN00F02U073 ikk panj sifar panj chhe satt do 
LOG (lattice-best-path[5.3]:main():lattice-best-path.cc:99) For utterance PN00F02U074, best cost 49.4478 + 2282.76 = 2332.2 over 630 frames.
PN00F02U074 do athth ikk tinn panj panj satt 
LOG (lattice-best-path[5.3]:main():lattice-best-path.cc:99) For utterance PN00F02U075, best cost 47.5442 + 2279.48 = 2327.02 over 630 frames.
PN00F02U075 satt ikk do satt sifar do chaar 
LOG (lattice-best-path[5.3]:main():lattice-best-path.cc:99) For utterance PN00F02U076, best cost 47.847 + 2351.04 = 2398.88 over 629 frames.
PN00F02U076 chaar satt athth sifar ikk do tinn 
LOG (lattice-best-path[5.3]:main():lattice-best-path.cc:99) For utterance PN00F02U077, best cost 48.7158 + 2312.43 = 2361.15 over 630 frames.
PN00F02U077 tinn tinn chaar chhe sifar chaar chaar 
LOG (lattice-best-path[5.3]:main():lattice-best-path.cc:99) For utterance PN00F02U078, best cost 47.1441 + 2230.83 = 2277.98 over 629 frames.
PN00F02U078 chaar panj chhe chhe satt satt athth 
LOG (lattice-best-path[5.3]:main():lattice-best-path.cc:99) For utterance PN00F02U079, best cost 47.4491 + 2192.65 = 2240.1 over 629 frames.
PN00F02U079 naun naun ikk tinn panj satt naun 
LOG (lattice-best-path[5.3]:main():lattice-best-path.cc:99) For utterance PN00F02U080, best cost 52.9441 + 2368.84 = 2421.78 over 629 frames.
PN00F02U080 do chhe naun ikk do chaar tinn 
LOG (lattice-best-path[5.3]:main():lattice-best-path.cc:99) For utterance PN00F04U001, best cost 42.5058 + 2437.62 = 2480.13 over 630 frames.
PN00F04U001 sifar sifar naun athth satt chhe panj 
LOG (lattice-best-path[5.3]:main():lattice-best-path.cc:99) For utterance PN00F04U002, best cost 40.7276 + 2219.25 = 2259.98 over 630 frames.
PN00F04U002 panj chaar tinn do ikk sifar ikk 
LOG (lattice-best-path[5.3]:main():lattice-best-path.cc:99) For utterance PN00F04U003, best cost 40.9216 + 2307.05 = 2347.97 over 630 frames.
PN00F04U003 ikk naun satt panj tinn ikk do 
LOG (lattice-best-path[5.3]:main():lattice-best-path.cc:99) For utterance PN00F04U004, best cost 42.243 + 2272.52 = 2314.76 over 629 frames.
PN00F04U004 do naun chhe chaar do sifar tinn 
LOG (lattice-best-path[5.3]:main():lattice-best-path.cc:99) For utterance PN00F04U005, best cost 41.2467 + 2264.42 = 2305.66 over 630 frames.
PN00F04U005 tinn naun panj do chaar naun chaar 
LOG (lattice-best-path[5.3]:main():lattice-best-path.cc:99) For utterance PN00F04U006, best cost 43.2603 + 2498.37 = 2541.63 over 630 frames.
PN00F04U006 chaar ikk panj naun tinn sifar chhe 
LOG (lattice-best-path[5.3]:main():lattice-best-path.cc:99) For utterance PN00F04U007, best cost 43.8093 + 2260.12 = 2303.93 over 630 frames.
PN00F04U007 chhe naun do satt naun ikk athth 
LOG (lattice-best-path[5.3]:main():lattice-best-path.cc:99) For utterance PN00F04U008, best cost 43.778 + 2259.73 = 2303.51 over 629 frames.
PN00F04U008 athth naun sifar athth chhe tinn chaar 
LOG (lattice-best-path[5.3]:main():lattice-best-path.cc:99) For utterance PN00F04U009, best cost 45.0204 + 2315.89 = 2360.91 over 630 frames.
PN00F04U009 chaar sifar satt chaar athth panj ikk 
LOG (lattice-best-path[5.3]:main():lattice-best-path.cc:99) For utterance PN00F04U010, best cost 45.603 + 2330.28 = 2375.88 over 630 frames.
PN00F04U010 ikk satt tinn tinn athth chaar chaar 
LOG (lattice-best-path[5.3]:main():lattice-best-path.cc:99) For utterance PN00F04U011, best cost 43.801 + 2409.7 = 2453.51 over 629 frames.
PN00F04U011 chhe satt do panj athth tinn chhe 
LOG (lattice-best-path[5.3]:main():lattice-best-path.cc:99) For utterance PN00F04U012, best cost 40.5957 + 2207.45 = 2248.05 over 630 frames.
PN00F04U012 chhe athth do athth ikk chhe do 
LOG (lattice-best-path[5.3]:main():lattice-best-path.cc:99) For utterance PN00F04U013, best cost 41.6119 + 2287.3 = 2328.91 over 630 frames.
PN00F04U013 do chhe ikk do tinn satt ikk 
LOG (lattice-best-path[5.3]:main():lattice-best-path.cc:99) For utterance PN00F04U014, best cost 45.2416 + 2230.86 = 2276.1 over 630 frames.
PN00F04U014 ikk chaar chhe sifar chaar panj sifar 
LOG (lattice-best-path[5.3]:main():lattice-best-path.cc:99) For utterance PN00F04U015, best cost 46.0126 + 2179.52 = 2225.54 over 630 frames.
PN00F04U015 sifar panj satt sifar do do tinn 
LOG (lattice-best-path[5.3]:main():lattice-best-path.cc:99) For utterance PN00F04U016, best cost 43.2627 + 2150.03 = 2193.29 over 629 frames.
PN00F04U016 tinn panj chhe satt athth sifar ikk 
LOG (lattice-best-path[5.3]:main():lattice-best-path.cc:99) For utterance PN00F04U017, best cost 43.4953 + 2207.73 = 2251.22 over 630 frames.
PN00F04U017 ikk tinn chaar panj panj chhe chhe 
LOG (lattice-best-path[5.3]:main():lattice-best-path.cc:99) For utterance PN00F04U018, best cost 41.9863 + 2106.78 = 2148.77 over 630 frames.
PN00F04U018 chhe satt satt athth athth naun naun 
LOG (lattice-best-path[5.3]:main():lattice-best-path.cc:99) For utterance PN00F04U019, best cost 44.4919 + 2197.14 = 2241.63 over 630 frames.
PN00F04U019 naun sifar ikk ikk do ikk satt 
LOG (lattice-best-path[5.3]:main():lattice-best-path.cc:99) For utterance PN00F04U020, best cost 41.4184 + 2088.5 = 2129.91 over 630 frames.
PN00F04U020 satt naun ikk tinn panj satt naun 
LOG (lattice-best-path[5.3]:main():lattice-best-path.cc:99) For utterance PN00F04U021, best cost 45.4933 + 2246.07 = 2291.57 over 630 frames.
PN00F04U021 sifar sifar ikk do tinn chaar panj 
LOG (lattice-best-path[5.3]:main():lattice-best-path.cc:99) For utterance PN00F04U022, best cost 44.8443 + 2262.47 = 2307.32 over 630 frames.
PN00F04U022 panj chhe satt athth naun ikk sifar 
LOG (lattice-best-path[5.3]:main():lattice-best-path.cc:99) For utterance PN00F04U023, best cost 42.8251 + 2217.6 = 2260.43 over 629 frames.
PN00F04U023 sifar do chaar chhe athth do sifar 
LOG (lattice-best-path[5.3]:main():lattice-best-path.cc:99) For utterance PN00F04U024, best cost 44.1482 + 2331.06 = 2375.21 over 630 frames.
PN00F04U024 sifar tinn panj satt naun tinn sifar 
LOG (lattice-best-path[5.3]:main():lattice-best-path.cc:99) For utterance PN00F04U025, best cost 45.3483 + 2350.87 = 2396.22 over 630 frames.
PN00F04U025 sifar chaar satt chaar sifar panj athth 
LOG (lattice-best-path[5.3]:main():lattice-best-path.cc:99) For utterance PN00F04U026, best cost 44.8672 + 2412.01 = 2456.88 over 630 frames.
PN00F04U026 athth panj sifar chhe naun chhe sifar 
LOG (lattice-best-path[5.3]:main():lattice-best-path.cc:99) For utterance PN00F04U027, best cost 46.6164 + 2498.64 = 2545.26 over 630 frames.
PN00F04U027 sifar satt satt sifar athth athth sifar 
LOG (lattice-best-path[5.3]:main():lattice-best-path.cc:99) For utterance PN00F04U028, best cost 43.229 + 2278.12 = 2321.35 over 630 frames.
PN00F04U028 sifar naun naun sifar ikk ikk tinn 
LOG (lattice-best-path[5.3]:main():lattice-best-path.cc:99) For utterance PN00F04U029, best cost 40.4498 + 2244.03 = 2284.48 over 630 frames.
PN00F04U029 tinn chhe ikk chaar athth ikk panj 
LOG (lattice-best-path[5.3]:main():lattice-best-path.cc:99) For utterance PN00F04U030, best cost 42.6323 + 2180.25 = 2222.88 over 630 frames.
PN00F04U030 panj naun do panj chaar ikk chhe 
LOG (lattice-best-path[5.3]:main():lattice-best-path.cc:99) For utterance PN00F04U031, best cost 41.445 + 2268.91 = 2310.36 over 629 frames.
PN00F04U031 chhe panj ikk satt chhe do chhe 
LOG (lattice-best-path[5.3]:main():lattice-best-path.cc:99) For utterance PN00F04U032, best cost 42.0476 + 2258.95 = 2301 over 630 frames.
PN00F04U032 chhe tinn satt ikk athth tinn athth 
LOG (lattice-best-path[5.3]:main():lattice-best-path.cc:99) For utterance PN00F04U033, best cost 40.2843 + 2055.8 = 2096.08 over 630 frames.
PN00F04U033 athth naun chaar naun panj do ikk 
LOG (lattice-best-path[5.3]:main():lattice-best-path.cc:99) For utterance PN00F04U034, best cost 41.7531 + 2119.17 = 2160.93 over 630 frames.
PN00F04U034 ikk naun satt do satt panj tinn 
LOG (lattice-best-path[5.3]:main():lattice-best-path.cc:99) For utterance PN00F04U035, best cost 40.8816 + 2177.52 = 2218.41 over 630 frames.
PN00F04U035 tinn naun athth satt tinn ikk do 
LOG (lattice-best-path[5.3]:main():lattice-best-path.cc:99) For utterance PN00F04U036, best cost 44.3495 + 2132.47 = 2176.82 over 630 frames.
PN00F04U036 do do athth chaar do naun sifar 
LOG (lattice-best-path[5.3]:main():lattice-best-path.cc:99) For utterance PN00F04U037, best cost 43.8593 + 2270.33 = 2314.19 over 630 frames.
PN00F04U037 sifar ikk do tinn do tinn tinn 
LOG (lattice-best-path[5.3]:main():lattice-best-path.cc:99) For utterance PN00F04U038, best cost 44.8758 + 2133.9 = 2178.77 over 630 frames.
PN00F04U038 tinn chaar tinn chaar chaar panj panj 
LOG (lattice-best-path[5.3]:main():lattice-best-path.cc:99) For utterance PN00F04U039, best cost 42.18 + 2243.18 = 2285.36 over 630 frames.
PN00F04U039 panj chhe chaar panj chhe chhe satt 
LOG (lattice-best-path[5.3]:main():lattice-best-path.cc:99) For utterance PN00F04U040, best cost 44.3111 + 2162.6 = 2206.92 over 629 frames.
PN00F04U040 satt athth chhe satt ikk do chaar 
LOG (lattice-best-path[5.3]:main():lattice-best-path.cc:99) For utterance PN00F04U041, best cost 43.878 + 2285.61 = 2329.49 over 630 frames.
PN00F04U041 sifar naun sifar ikk do tinn chaar 
LOG (lattice-best-path[5.3]:main():lattice-best-path.cc:99) For utterance PN00F04U042, best cost 42.5306 + 2171.27 = 2213.8 over 630 frames.
PN00F04U042 chaar panj chhe satt athth naun athth 
LOG (lattice-best-path[5.3]:main():lattice-best-path.cc:99) For utterance PN00F04U043, best cost 42.8028 + 2207.95 = 2250.75 over 630 frames.
PN00F04U043 athth sifar do chaar chhe athth satt 
LOG (lattice-best-path[5.3]:main():lattice-best-path.cc:99) For utterance PN00F04U044, best cost 43.7583 + 2484.45 = 2528.21 over 630 frames.
PN00F04U044 satt sifar tinn panj satt naun chhe 
LOG (lattice-best-path[5.3]:main():lattice-best-path.cc:99) For utterance PN00F04U045, best cost 43.6688 + 2319.45 = 2363.12 over 630 frames.
PN00F04U045 chhe sifar chaar satt panj sifar panj 
LOG (lattice-best-path[5.3]:main():lattice-best-path.cc:99) For utterance PN00F04U046, best cost 44.086 + 2241.2 = 2285.29 over 630 frames.
PN00F04U046 panj athth chaar sifar chhe naun tinn 
LOG (lattice-best-path[5.3]:main():lattice-best-path.cc:99) For utterance PN00F04U047, best cost 45.0191 + 2305.42 = 2350.44 over 630 frames.
PN00F04U047 tinn sifar satt do sifar athth ikk 
LOG (lattice-best-path[5.3]:main():lattice-best-path.cc:99) For utterance PN00F04U048, best cost 46.9131 + 2411.4 = 2458.32 over 630 frames.
PN00F04U048 ikk sifar sifar ikk naun ikk tinn 
LOG (lattice-best-path[5.3]:main():lattice-best-path.cc:99) For utterance PN00F04U049, best cost 40.7156 + 2075.49 = 2116.21 over 630 frames.
PN00F04U049 tinn chhe ikk chaar athth do panj 
LOG (lattice-best-path[5.3]:main():lattice-best-path.cc:99) For utterance PN00F04U050, best cost 43.0456 + 2167.89 = 2210.94 over 630 frames.
PN00F04U050 panj naun do chhe panj ikk panj 
LOG (lattice-best-path[5.3]:main():lattice-best-path.cc:99) For utterance PN00F04U051, best cost 40.9145 + 2222.5 = 2263.41 over 630 frames.
PN00F04U051 panj chaar ikk chhe tinn ikk satt 
LOG (lattice-best-path[5.3]:main():lattice-best-path.cc:99) For utterance PN00F04U052, best cost 42.105 + 2230.74 = 2272.84 over 630 frames.
PN00F04U052 satt ikk athth tinn satt tinn athth 
LOG (lattice-best-path[5.3]:main():lattice-best-path.cc:99) For utterance PN00F04U053, best cost 40.1237 + 1964.56 = 2004.68 over 630 frames.
PN00F04U053 athth naun naun chaar naun panj do 
LOG (lattice-best-path[5.3]:main():lattice-best-path.cc:99) For utterance PN00F04U054, best cost 41.9236 + 2062.02 = 2103.94 over 630 frames.
PN00F04U054 do satt chhe do athth panj tinn 
LOG (lattice-best-path[5.3]:main():lattice-best-path.cc:99) For utterance PN00F04U055, best cost 42.3775 + 2082.63 = 2125.01 over 630 frames.
PN00F04U055 tinn naun satt chaar do ikk ikk 
LOG (lattice-best-path[5.3]:main():lattice-best-path.cc:99) For utterance PN00F04U056, best cost 43.3283 + 1985.54 = 2028.87 over 630 frames.
PN00F04U056 ikk do naun sifar ikk do do 
LOG (lattice-best-path[5.3]:main():lattice-best-path.cc:99) For utterance PN00F04U057, best cost 43.4563 + 2046.53 = 2089.99 over 630 frames.
PN00F04U057 do tinn do tinn tinn chaar tinn 
LOG (lattice-best-path[5.3]:main():lattice-best-path.cc:99) For utterance PN00F04U058, best cost 43.2863 + 2025.8 = 2069.08 over 630 frames.
PN00F04U058 tinn chaar chaar panj panj chhe chaar 
LOG (lattice-best-path[5.3]:main():lattice-best-path.cc:99) For utterance PN00F04U059, best cost 46.5367 + 2262.4 = 2308.94 over 630 frames.
PN00F04U059 athth athth athth sifar sifar sifar sifar 
LOG (lattice-best-path[5.3]:main():lattice-best-path.cc:99) For utterance PN00F04U060, best cost 42.7306 + 2082.11 = 2124.84 over 630 frames.
PN00F04U060 athth chhe satt athth athth naun sifar 
LOG (lattice-best-path[5.3]:main():lattice-best-path.cc:99) For utterance PN00F04U061, best cost 40.1661 + 2091.7 = 2131.87 over 630 frames.
PN00F04U061 sifar naun naun athth satt chhe panj 
LOG (lattice-best-path[5.3]:main():lattice-best-path.cc:99) For utterance PN00F04U062, best cost 41.1035 + 2101.4 = 2142.5 over 629 frames.
PN00F04U062 panj chaar tinn do ikk sifar athth 
LOG (lattice-best-path[5.3]:main():lattice-best-path.cc:99) For utterance PN00F04U063, best cost 39.8381 + 2128.45 = 2168.29 over 630 frames.
PN00F04U063 athth naun satt panj tinn ikk satt 
LOG (lattice-best-path[5.3]:main():lattice-best-path.cc:99) For utterance PN00F04U064, best cost 40.3298 + 2127.8 = 2168.13 over 630 frames.
PN00F04U064 satt naun chhe chaar do sifar chhe 
LOG (lattice-best-path[5.3]:main():lattice-best-path.cc:99) For utterance PN00F04U065, best cost 41.8307 + 1979.94 = 2021.77 over 630 frames.
PN00F04U065 chhe naun panj do panj naun chaar 
LOG (lattice-best-path[5.3]:main():lattice-best-path.cc:99) For utterance PN00F04U066, best cost 42.4978 + 2144.09 = 2186.59 over 630 frames.
PN00F04U066 chaar ikk chaar naun tinn sifar tinn 
LOG (lattice-best-path[5.3]:main():lattice-best-path.cc:99) For utterance PN00F04U067, best cost 41.5825 + 1890.25 = 1931.83 over 630 frames.
PN00F04U067 tinn naun do do naun ikk ikk 
LOG (lattice-best-path[5.3]:main():lattice-best-path.cc:99) For utterance PN00F04U068, best cost 43.7969 + 2211.42 = 2255.22 over 630 frames.
PN00F04U068 ikk naun sifar sifar satt chaar sifar 
LOG (lattice-best-path[5.3]:main():lattice-best-path.cc:99) For utterance PN00F04U069, best cost 38.9453 + 2222.33 = 2261.28 over 630 frames.
PN00F04U069 sifar ikk athth chhe tinn athth 
LOG (lattice-best-path[5.3]:main():lattice-best-path.cc:99) For utterance PN00F04U070, best cost 40.8033 + 2023.91 = 2064.72 over 629 frames.
PN00F04U070 athth panj ikk chhe do chhe athth 
LOG (lattice-best-path[5.3]:main():lattice-best-path.cc:99) For utterance PN00F04U071, best cost 45.3857 + 2215.39 = 2260.78 over 629 frames.
PN00F04U071 athth chaar panj athth tinn chaar athth 
LOG (lattice-best-path[5.3]:main():lattice-best-path.cc:99) For utterance PN00F04U072, best cost 41.3416 + 2020.36 = 2061.7 over 630 frames.
PN00F04U072 athth do tinn satt tinn chhe ikk 
LOG (lattice-best-path[5.3]:main():lattice-best-path.cc:99) For utterance PN00F04U073, best cost 44.6144 + 2246.52 = 2291.14 over 630 frames.
PN00F04U073 ikk panj sifar panj chhe satt do 
LOG (lattice-best-path[5.3]:main():lattice-best-path.cc:99) For utterance PN00F04U074, best cost 44.8024 + 2107.45 = 2152.26 over 629 frames.
PN00F04U074 do athth ikk tinn panj panj satt 
LOG (lattice-best-path[5.3]:main():lattice-best-path.cc:99) For utterance PN00F04U075, best cost 42.935 + 2136.6 = 2179.53 over 630 frames.
PN00F04U075 satt ikk do satt sifar do chaar 
LOG (lattice-best-path[5.3]:main():lattice-best-path.cc:99) For utterance PN00F04U076, best cost 42.5051 + 2003.11 = 2045.62 over 630 frames.
PN00F04U076 chaar satt athth sifar ikk do tinn 
LOG (lattice-best-path[5.3]:main():lattice-best-path.cc:99) For utterance PN00F04U077, best cost 42.1852 + 2176.26 = 2218.45 over 630 frames.
PN00F04U077 tinn tinn chaar chhe sifar chaar chaar 
LOG (lattice-best-path[5.3]:main():lattice-best-path.cc:99) For utterance PN00F04U078, best cost 41.8958 + 2207.71 = 2249.61 over 630 frames.
PN00F04U078 chaar panj chhe chhe satt satt athth 
LOG (lattice-best-path[5.3]:main():lattice-best-path.cc:99) For utterance PN00F04U079, best cost 41.3336 + 1976.48 = 2017.81 over 630 frames.
PN00F04U079 naun naun ikk tinn panj satt naun 
LOG (lattice-best-path[5.3]:main():lattice-best-path.cc:99) For utterance PN00F04U080, best cost 43.7231 + 2004.53 = 2048.26 over 630 frames.
PN00F04U080 do chhe naun ikk do chaar tinn 
LOG (lattice-best-path[5.3]:main():lattice-best-path.cc:99) For utterance PN00M01U001, best cost 46.487 + 2520.08 = 2566.56 over 630 frames.
PN00M01U001 sifar sifar naun athth satt chhe panj 
LOG (lattice-best-path[5.3]:main():lattice-best-path.cc:99) For utterance PN00M01U002, best cost 42.4143 + 2253.14 = 2295.56 over 630 frames.
PN00M01U002 panj chaar tinn do ikk sifar ikk 
LOG (lattice-best-path[5.3]:main():lattice-best-path.cc:99) For utterance PN00M01U003, best cost 41.7735 + 2288.94 = 2330.72 over 630 frames.
PN00M01U003 ikk naun satt panj tinn ikk do 
LOG (lattice-best-path[5.3]:main():lattice-best-path.cc:99) For utterance PN00M01U004, best cost 42.0243 + 2137.91 = 2179.93 over 630 frames.
PN00M01U004 do naun chhe chaar do sifar tinn 
LOG (lattice-best-path[5.3]:main():lattice-best-path.cc:99) For utterance PN00M01U005, best cost 42.4096 + 2094.11 = 2136.52 over 630 frames.
PN00M01U005 tinn naun panj do chaar naun chaar 
LOG (lattice-best-path[5.3]:main():lattice-best-path.cc:99) For utterance PN00M01U006, best cost 43.443 + 2221.59 = 2265.03 over 630 frames.
PN00M01U006 chaar ikk panj naun tinn sifar chhe 
LOG (lattice-best-path[5.3]:main():lattice-best-path.cc:99) For utterance PN00M01U007, best cost 44.2488 + 2329.41 = 2373.66 over 629 frames.
PN00M01U007 chhe naun do satt naun ikk athth 
LOG (lattice-best-path[5.3]:main():lattice-best-path.cc:99) For utterance PN00M01U008, best cost 44.4702 + 2313.65 = 2358.12 over 630 frames.
PN00M01U008 athth naun sifar athth chhe tinn chaar 
LOG (lattice-best-path[5.3]:main():lattice-best-path.cc:99) For utterance PN00M01U009, best cost 45.9018 + 2462.82 = 2508.72 over 630 frames.
PN00M01U009 chaar sifar satt chaar athth panj ikk 
LOG (lattice-best-path[5.3]:main():lattice-best-path.cc:99) For utterance PN00M01U010, best cost 45.9394 + 2381.61 = 2427.55 over 630 frames.
PN00M01U010 ikk satt tinn tinn athth chaar chaar 
LOG (lattice-best-path[5.3]:main():lattice-best-path.cc:99) For utterance PN00M01U011, best cost 48.3972 + 2295.55 = 2343.95 over 577 frames.
PN00M01U011 chaar satt do panj athth tinn chhe 
LOG (lattice-best-path[5.3]:main():lattice-best-path.cc:99) For utterance PN00M01U012, best cost 39.6752 + 2466.27 = 2505.95 over 630 frames.
PN00M01U012 chhe athth do athth ikk chhe do 
LOG (lattice-best-path[5.3]:main():lattice-best-path.cc:99) For utterance PN00M01U013, best cost 45.3443 + 2533.58 = 2578.92 over 630 frames.
PN00M01U013 do chhe ikk do tinn satt ikk 
LOG (lattice-best-path[5.3]:main():lattice-best-path.cc:99) For utterance PN00M01U014, best cost 43.6566 + 2520.71 = 2564.37 over 630 frames.
PN00M01U014 ikk chaar chhe sifar chaar panj sifar 
LOG (lattice-best-path[5.3]:main():lattice-best-path.cc:99) For utterance PN00M01U015, best cost 46.4514 + 2493.66 = 2540.11 over 630 frames.
PN00M01U015 sifar panj satt sifar do do tinn 
LOG (lattice-best-path[5.3]:main():lattice-best-path.cc:99) For utterance PN00M01U016, best cost 43.9237 + 2446.87 = 2490.79 over 630 frames.
PN00M01U016 tinn panj chhe satt athth sifar ikk 
LOG (lattice-best-path[5.3]:main():lattice-best-path.cc:99) For utterance PN00M01U017, best cost 44.7155 + 2350.34 = 2395.06 over 630 frames.
PN00M01U017 ikk tinn chaar panj panj chhe chhe 
LOG (lattice-best-path[5.3]:main():lattice-best-path.cc:99) For utterance PN00M01U018, best cost 40.9712 + 2355.5 = 2396.48 over 630 frames.
PN00M01U018 chhe satt satt athth athth naun naun 
LOG (lattice-best-path[5.3]:main():lattice-best-path.cc:99) For utterance PN00M01U019, best cost 45.4629 + 2458.19 = 2503.66 over 630 frames.
PN00M01U019 naun sifar ikk ikk do ikk satt 
LOG (lattice-best-path[5.3]:main():lattice-best-path.cc:99) For utterance PN00M01U020, best cost 41.5656 + 2417.37 = 2458.94 over 630 frames.
PN00M01U020 satt naun ikk tinn panj satt naun 
LOG (lattice-best-path[5.3]:main():lattice-best-path.cc:99) For utterance PN00M01U021, best cost 45.2368 + 2545.03 = 2590.27 over 630 frames.
PN00M01U021 sifar sifar ikk do tinn chaar panj 
LOG (lattice-best-path[5.3]:main():lattice-best-path.cc:99) For utterance PN00M01U022, best cost 46.9316 + 2423.68 = 2470.61 over 655 frames.
PN00M01U022 panj chhe satt athth naun ikk sifar 
LOG (lattice-best-path[5.3]:main():lattice-best-path.cc:99) For utterance PN00M01U023, best cost 42.8354 + 2347.52 = 2390.35 over 629 frames.
PN00M01U023 sifar do chaar chhe athth do sifar 
LOG (lattice-best-path[5.3]:main():lattice-best-path.cc:99) For utterance PN00M01U024, best cost 44.2759 + 2444.3 = 2488.58 over 630 frames.
PN00M01U024 sifar tinn panj satt naun tinn sifar 
LOG (lattice-best-path[5.3]:main():lattice-best-path.cc:99) For utterance PN00M01U025, best cost 47.6631 + 2608.92 = 2656.58 over 630 frames.
PN00M01U025 sifar chaar satt chaar sifar panj athth 
LOG (lattice-best-path[5.3]:main():lattice-best-path.cc:99) For utterance PN00M01U026, best cost 45.2458 + 2389.35 = 2434.6 over 630 frames.
PN00M01U026 athth panj sifar chhe naun chhe sifar 
LOG (lattice-best-path[5.3]:main():lattice-best-path.cc:99) For utterance PN00M01U027, best cost 47.0235 + 2398.57 = 2445.6 over 630 frames.
PN00M01U027 sifar satt satt sifar athth athth sifar 
LOG (lattice-best-path[5.3]:main():lattice-best-path.cc:99) For utterance PN00M01U028, best cost 43.6261 + 2389.4 = 2433.03 over 629 frames.
PN00M01U028 sifar naun naun sifar ikk ikk tinn 
LOG (lattice-best-path[5.3]:main():lattice-best-path.cc:99) For utterance PN00M01U029, best cost 41.6464 + 2442.66 = 2484.31 over 630 frames.
PN00M01U029 tinn chhe ikk chaar athth ikk panj 
LOG (lattice-best-path[5.3]:main():lattice-best-path.cc:99) For utterance PN00M01U030, best cost 42.3643 + 2346.92 = 2389.28 over 630 frames.
PN00M01U030 panj naun do panj chaar ikk chhe 
LOG (lattice-best-path[5.3]:main():lattice-best-path.cc:99) For utterance PN00M01U031, best cost 41.5739 + 2297.48 = 2339.05 over 629 frames.
PN00M01U031 chhe panj ikk satt chhe do chhe 
LOG (lattice-best-path[5.3]:main():lattice-best-path.cc:99) For utterance PN00M01U032, best cost 44.302 + 2394.31 = 2438.61 over 629 frames.
PN00M01U032 chhe tinn satt ikk athth tinn athth 
LOG (lattice-best-path[5.3]:main():lattice-best-path.cc:99) For utterance PN00M01U033, best cost 40.4875 + 2257.6 = 2298.08 over 656 frames.
PN00M01U033 athth naun chaar naun panj do ikk 
LOG (lattice-best-path[5.3]:main():lattice-best-path.cc:99) For utterance PN00M01U034, best cost 43.7012 + 2218.52 = 2262.22 over 630 frames.
PN00M01U034 ikk naun satt do satt panj tinn 
LOG (lattice-best-path[5.3]:main():lattice-best-path.cc:99) For utterance PN00M01U035, best cost 44.2078 + 2232.02 = 2276.22 over 630 frames.
PN00M01U035 tinn naun athth satt tinn ikk do 
LOG (lattice-best-path[5.3]:main():lattice-best-path.cc:99) For utterance PN00M01U036, best cost 45.4699 + 2286.24 = 2331.71 over 630 frames.
PN00M01U036 do do athth chaar do naun sifar 
LOG (lattice-best-path[5.3]:main():lattice-best-path.cc:99) For utterance PN00M01U037, best cost 44.7122 + 2333.84 = 2378.55 over 630 frames.
PN00M01U037 sifar ikk do tinn do tinn tinn 
LOG (lattice-best-path[5.3]:main():lattice-best-path.cc:99) For utterance PN00M01U038, best cost 46.0522 + 2258.06 = 2304.11 over 629 frames.
PN00M01U038 tinn chaar tinn chaar chaar panj panj 
LOG (lattice-best-path[5.3]:main():lattice-best-path.cc:99) For utterance PN00M01U039, best cost 46.5377 + 2348.6 = 2395.14 over 630 frames.
PN00M01U039 panj chhe chaar panj chhe chhe satt 
LOG (lattice-best-path[5.3]:main():lattice-best-path.cc:99) For utterance PN00M01U040, best cost 45.9464 + 2340.01 = 2385.96 over 630 frames.
PN00M01U040 satt athth chhe satt ikk do chaar 
LOG (lattice-best-path[5.3]:main():lattice-best-path.cc:99) For utterance PN00M01U041, best cost 46.1659 + 2375.56 = 2421.72 over 630 frames.
PN00M01U041 sifar naun sifar ikk do tinn chaar 
LOG (lattice-best-path[5.3]:main():lattice-best-path.cc:99) For utterance PN00M01U042, best cost 45.6351 + 2343.37 = 2389.01 over 630 frames.
PN00M01U042 chaar panj chhe satt athth naun athth 
LOG (lattice-best-path[5.3]:main():lattice-best-path.cc:99) For utterance PN00M01U043, best cost 44.5981 + 2459.88 = 2504.48 over 629 frames.
PN00M01U043 athth sifar do chaar chhe athth satt 
LOG (lattice-best-path[5.3]:main():lattice-best-path.cc:99) For utterance PN00M01U044, best cost 46.9422 + 2509.16 = 2556.1 over 656 frames.
PN00M01U044 satt sifar tinn panj satt naun chhe 
LOG (lattice-best-path[5.3]:main():lattice-best-path.cc:99) For utterance PN00M01U045, best cost 44.5378 + 2439.59 = 2484.12 over 630 frames.
PN00M01U045 chhe sifar chaar satt panj sifar panj 
LOG (lattice-best-path[5.3]:main():lattice-best-path.cc:99) For utterance PN00M01U046, best cost 45.6309 + 2376.43 = 2422.06 over 630 frames.
PN00M01U046 panj athth chaar sifar chhe naun tinn 
LOG (lattice-best-path[5.3]:main():lattice-best-path.cc:99) For utterance PN00M01U047, best cost 49.5311 + 2503.61 = 2553.14 over 630 frames.
PN00M01U047 tinn sifar satt do sifar athth ikk 
LOG (lattice-best-path[5.3]:main():lattice-best-path.cc:99) For utterance PN00M01U048, best cost 49.1715 + 2479.2 = 2528.37 over 630 frames.
PN00M01U048 ikk sifar sifar ikk naun ikk tinn 
LOG (lattice-best-path[5.3]:main():lattice-best-path.cc:99) For utterance PN00M01U049, best cost 43.6659 + 2319.43 = 2363.1 over 630 frames.
PN00M01U049 tinn chhe ikk chaar athth do panj 
LOG (lattice-best-path[5.3]:main():lattice-best-path.cc:99) For utterance PN00M01U050, best cost 43.4641 + 2267.52 = 2310.99 over 630 frames.
PN00M01U050 panj naun do chhe panj ikk panj 
LOG (lattice-best-path[5.3]:main():lattice-best-path.cc:99) For utterance PN00M01U051, best cost 42.1619 + 2400.96 = 2443.12 over 629 frames.
PN00M01U051 panj chaar ikk chhe tinn ikk satt 
LOG (lattice-best-path[5.3]:main():lattice-best-path.cc:99) For utterance PN00M01U052, best cost 44.9552 + 2489.49 = 2534.44 over 630 frames.
PN00M01U052 satt ikk athth tinn satt tinn athth 
LOG (lattice-best-path[5.3]:main():lattice-best-path.cc:99) For utterance PN00M01U053, best cost 40.3454 + 2273.93 = 2314.27 over 629 frames.
PN00M01U053 athth naun naun chaar naun panj do 
LOG (lattice-best-path[5.3]:main():lattice-best-path.cc:99) For utterance PN00M01U054, best cost 43.2204 + 2456.72 = 2499.94 over 629 frames.
PN00M01U054 do satt chhe do athth panj tinn 
LOG (lattice-best-path[5.3]:main():lattice-best-path.cc:99) For utterance PN00M01U055, best cost 44.1285 + 2480.55 = 2524.68 over 629 frames.
PN00M01U055 tinn naun satt chaar do ikk ikk 
LOG (lattice-best-path[5.3]:main():lattice-best-path.cc:99) For utterance PN00M01U056, best cost 44.2014 + 2351.66 = 2395.86 over 630 frames.
PN00M01U056 ikk do naun sifar ikk do do 
LOG (lattice-best-path[5.3]:main():lattice-best-path.cc:99) For utterance PN00M01U057, best cost 47.5392 + 2137.83 = 2185.37 over 630 frames.
PN00M01U057 do tinn do tinn tinn chaar tinn 
LOG (lattice-best-path[5.3]:main():lattice-best-path.cc:99) For utterance PN00M01U058, best cost 46.2662 + 2239.12 = 2285.39 over 656 frames.
PN00M01U058 tinn chaar chaar panj panj chhe chaar 
LOG (lattice-best-path[5.3]:main():lattice-best-path.cc:99) For utterance PN00M01U059, best cost 49.0024 + 2603.68 = 2652.69 over 630 frames.
PN00M01U059 athth athth athth sifar sifar sifar sifar 
LOG (lattice-best-path[5.3]:main():lattice-best-path.cc:99) For utterance PN00M01U060, best cost 43.8333 + 2408.74 = 2452.58 over 630 frames.
PN00M01U060 athth chhe satt athth athth naun sifar 
LOG (lattice-best-path[5.3]:main():lattice-best-path.cc:99) For utterance PN00M01U061, best cost 40.7668 + 2350.04 = 2390.81 over 630 frames.
PN00M01U061 sifar naun naun athth satt chhe panj 
LOG (lattice-best-path[5.3]:main():lattice-best-path.cc:99) For utterance PN00M01U062, best cost 42.2053 + 2301.08 = 2343.29 over 630 frames.
PN00M01U062 panj chaar tinn do ikk sifar athth 
LOG (lattice-best-path[5.3]:main():lattice-best-path.cc:99) For utterance PN00M01U063, best cost 41.3427 + 2274.55 = 2315.9 over 630 frames.
PN00M01U063 athth naun satt panj tinn ikk satt 
LOG (lattice-best-path[5.3]:main():lattice-best-path.cc:99) For utterance PN00M01U064, best cost 41.2968 + 2240.17 = 2281.46 over 630 frames.
PN00M01U064 satt naun chhe chaar do sifar chhe 
LOG (lattice-best-path[5.3]:main():lattice-best-path.cc:99) For utterance PN00M01U065, best cost 41.6848 + 2085.97 = 2127.66 over 629 frames.
PN00M01U065 chhe naun panj do panj naun chaar 
LOG (lattice-best-path[5.3]:main():lattice-best-path.cc:99) For utterance PN00M01U066, best cost 46.0132 + 2194.59 = 2240.6 over 630 frames.
PN00M01U066 chaar ikk chaar naun tinn sifar tinn 
LOG (lattice-best-path[5.3]:main():lattice-best-path.cc:99) For utterance PN00M01U067, best cost 44.8067 + 2174.46 = 2219.27 over 630 frames.
PN00M01U067 tinn naun do do naun ikk ikk 
LOG (lattice-best-path[5.3]:main():lattice-best-path.cc:99) For utterance PN00M01U068, best cost 46.2946 + 2431.48 = 2477.78 over 630 frames.
PN00M01U068 ikk naun sifar sifar satt chaar sifar 
LOG (lattice-best-path[5.3]:main():lattice-best-path.cc:99) For utterance PN00M01U069, best cost 50.3652 + 2393.25 = 2443.62 over 630 frames.
PN00M01U069 sifar ikk athth chhe tinn athth athth 
LOG (lattice-best-path[5.3]:main():lattice-best-path.cc:99) For utterance PN00M01U070, best cost 42.4507 + 2296.14 = 2338.59 over 630 frames.
PN00M01U070 athth panj ikk chhe do chhe athth 
LOG (lattice-best-path[5.3]:main():lattice-best-path.cc:99) For utterance PN00M01U071, best cost 47.8413 + 2319.38 = 2367.22 over 630 frames.
PN00M01U071 athth chaar panj athth tinn chaar athth 
LOG (lattice-best-path[5.3]:main():lattice-best-path.cc:99) For utterance PN00M01U072, best cost 42.9403 + 2273.75 = 2316.69 over 630 frames.
PN00M01U072 athth do tinn satt tinn chhe ikk 
LOG (lattice-best-path[5.3]:main():lattice-best-path.cc:99) For utterance PN00M01U073, best cost 44.694 + 2328.66 = 2373.35 over 630 frames.
PN00M01U073 ikk panj sifar panj chhe satt do 
LOG (lattice-best-path[5.3]:main():lattice-best-path.cc:99) For utterance PN00M01U074, best cost 47.1787 + 2261.96 = 2309.13 over 629 frames.
PN00M01U074 do athth ikk tinn panj panj satt 
LOG (lattice-best-path[5.3]:main():lattice-best-path.cc:99) For utterance PN00M01U075, best cost 47.1869 + 2345.96 = 2393.15 over 629 frames.
PN00M01U075 satt ikk do satt sifar do chaar 
LOG (lattice-best-path[5.3]:main():lattice-best-path.cc:99) For utterance PN00M01U076, best cost 46.2467 + 2322.41 = 2368.66 over 630 frames.
PN00M01U076 chaar satt athth sifar ikk do tinn 
LOG (lattice-best-path[5.3]:main():lattice-best-path.cc:99) For utterance PN00M01U077, best cost 46.5508 + 2188.77 = 2235.32 over 630 frames.
PN00M01U077 tinn tinn chaar chhe sifar chaar chaar 
LOG (lattice-best-path[5.3]:main():lattice-best-path.cc:99) For utterance PN00M01U078, best cost 46.6428 + 2342.35 = 2388.99 over 630 frames.
PN00M01U078 chaar panj chhe chhe satt satt athth 
LOG (lattice-best-path[5.3]:main():lattice-best-path.cc:99) For utterance PN00M01U079, best cost 45.1492 + 2227.42 = 2272.57 over 629 frames.
PN00M01U079 naun naun ikk tinn panj satt naun 
LOG (lattice-best-path[5.3]:main():lattice-best-path.cc:99) For utterance PN00M01U080, best cost 48.0739 + 2237.67 = 2285.74 over 630 frames.
PN00M01U080 do chhe naun ikk do chaar tinn 
LOG (lattice-best-path[5.3]:main():lattice-best-path.cc:99) For utterance PN00M03U001, best cost 41.4207 + 2438.35 = 2479.77 over 629 frames.
PN00M03U001 sifar sifar naun athth satt chhe panj 
LOG (lattice-best-path[5.3]:main():lattice-best-path.cc:99) For utterance PN00M03U002, best cost 40.0248 + 2384.38 = 2424.4 over 630 frames.
PN00M03U002 panj chaar tinn do ikk sifar ikk 
LOG (lattice-best-path[5.3]:main():lattice-best-path.cc:99) For utterance PN00M03U003, best cost 39.0209 + 2228.72 = 2267.74 over 630 frames.
PN00M03U003 ikk naun satt panj tinn ikk do 
LOG (lattice-best-path[5.3]:main():lattice-best-path.cc:99) For utterance PN00M03U004, best cost 41.5446 + 2313.65 = 2355.2 over 630 frames.
PN00M03U004 do naun chhe chaar do sifar tinn 
LOG (lattice-best-path[5.3]:main():lattice-best-path.cc:99) For utterance PN00M03U005, best cost 41.8838 + 2221.7 = 2263.58 over 629 frames.
PN00M03U005 tinn naun panj do chaar naun chaar 
LOG (lattice-best-path[5.3]:main():lattice-best-path.cc:99) For utterance PN00M03U006, best cost 41.3963 + 2205.63 = 2247.03 over 630 frames.
PN00M03U006 chaar ikk panj naun tinn sifar chhe 
LOG (lattice-best-path[5.3]:main():lattice-best-path.cc:99) For utterance PN00M03U007, best cost 42.6163 + 2219.21 = 2261.82 over 630 frames.
PN00M03U007 chhe naun do satt naun ikk athth 
LOG (lattice-best-path[5.3]:main():lattice-best-path.cc:99) For utterance PN00M03U008, best cost 43.4238 + 2354.57 = 2398 over 630 frames.
PN00M03U008 athth naun sifar athth chhe tinn chaar 
LOG (lattice-best-path[5.3]:main():lattice-best-path.cc:99) For utterance PN00M03U009, best cost 43.3843 + 2337.52 = 2380.9 over 630 frames.
PN00M03U009 chaar sifar satt chaar athth panj ikk 
LOG (lattice-best-path[5.3]:main():lattice-best-path.cc:99) For utterance PN00M03U010, best cost 44.3028 + 2338.65 = 2382.95 over 630 frames.
PN00M03U010 ikk satt tinn tinn athth chaar chaar 
LOG (lattice-best-path[5.3]:main():lattice-best-path.cc:99) For utterance PN00M03U011, best cost 44.902 + 2361.97 = 2406.87 over 630 frames.
PN00M03U011 chhe satt do panj athth tinn chhe 
LOG (lattice-best-path[5.3]:main():lattice-best-path.cc:99) For utterance PN00M03U012, best cost 39.9278 + 2159.49 = 2199.42 over 630 frames.
PN00M03U012 chhe athth do athth ikk chhe do 
LOG (lattice-best-path[5.3]:main():lattice-best-path.cc:99) For utterance PN00M03U013, best cost 41.8066 + 2139.74 = 2181.54 over 630 frames.
PN00M03U013 do chhe ikk do tinn satt ikk 
LOG (lattice-best-path[5.3]:main():lattice-best-path.cc:99) For utterance PN00M03U014, best cost 43.9659 + 2202.01 = 2245.98 over 630 frames.
PN00M03U014 ikk chaar chhe sifar chaar panj sifar 
LOG (lattice-best-path[5.3]:main():lattice-best-path.cc:99) For utterance PN00M03U015, best cost 45.7184 + 2262.04 = 2307.76 over 630 frames.
PN00M03U015 sifar panj satt sifar do do tinn 
LOG (lattice-best-path[5.3]:main():lattice-best-path.cc:99) For utterance PN00M03U016, best cost 44.2292 + 2221.11 = 2265.34 over 630 frames.
PN00M03U016 tinn panj chhe satt athth sifar ikk 
LOG (lattice-best-path[5.3]:main():lattice-best-path.cc:99) For utterance PN00M03U017, best cost 44.4265 + 2126.45 = 2170.87 over 630 frames.
PN00M03U017 ikk tinn chaar panj panj chhe chhe 
LOG (lattice-best-path[5.3]:main():lattice-best-path.cc:99) For utterance PN00M03U018, best cost 41.8724 + 2165.32 = 2207.19 over 630 frames.
PN00M03U018 chhe satt satt athth athth naun naun 
LOG (lattice-best-path[5.3]:main():lattice-best-path.cc:99) For utterance PN00M03U019, best cost 43.0905 + 2099.36 = 2142.46 over 629 frames.
PN00M03U019 naun sifar ikk ikk do ikk satt 
LOG (lattice-best-path[5.3]:main():lattice-best-path.cc:99) For utterance PN00M03U020, best cost 40.5933 + 2175.29 = 2215.89 over 630 frames.
PN00M03U020 satt naun ikk tinn panj satt naun 
LOG (lattice-best-path[5.3]:main():lattice-best-path.cc:99) For utterance PN00M03U021, best cost 48.1672 + 2498.57 = 2546.73 over 630 frames.
PN00M03U021 sifar sifar ikk do tinn chaar panj 
LOG (lattice-best-path[5.3]:main():lattice-best-path.cc:99) For utterance PN00M03U022, best cost 44.3652 + 2312.63 = 2356.99 over 630 frames.
PN00M03U022 panj chhe satt athth naun ikk sifar 
LOG (lattice-best-path[5.3]:main():lattice-best-path.cc:99) For utterance PN00M03U023, best cost 42.6966 + 2300.84 = 2343.54 over 629 frames.
PN00M03U023 sifar do chaar chhe athth do sifar 
LOG (lattice-best-path[5.3]:main():lattice-best-path.cc:99) For utterance PN00M03U024, best cost 43.8675 + 2301.87 = 2345.74 over 630 frames.
PN00M03U024 sifar tinn panj satt naun tinn sifar 
LOG (lattice-best-path[5.3]:main():lattice-best-path.cc:99) For utterance PN00M03U025, best cost 45.5957 + 2287.45 = 2333.05 over 630 frames.
PN00M03U025 sifar chaar satt chaar sifar panj athth 
LOG (lattice-best-path[5.3]:main():lattice-best-path.cc:99) For utterance PN00M03U026, best cost 43.9416 + 2351.35 = 2395.3 over 629 frames.
PN00M03U026 athth panj sifar chhe naun chhe sifar 
LOG (lattice-best-path[5.3]:main():lattice-best-path.cc:99) For utterance PN00M03U027, best cost 45.4595 + 2353.09 = 2398.55 over 629 frames.
PN00M03U027 sifar satt satt sifar athth athth sifar 
LOG (lattice-best-path[5.3]:main():lattice-best-path.cc:99) For utterance PN00M03U028, best cost 42.915 + 2207.96 = 2250.88 over 630 frames.
PN00M03U028 sifar naun naun sifar ikk ikk tinn 
LOG (lattice-best-path[5.3]:main():lattice-best-path.cc:99) For utterance PN00M03U029, best cost 40.5899 + 2104.28 = 2144.87 over 630 frames.
PN00M03U029 tinn chhe ikk chaar athth ikk panj 
LOG (lattice-best-path[5.3]:main():lattice-best-path.cc:99) For utterance PN00M03U030, best cost 41.2584 + 2123.45 = 2164.71 over 630 frames.
PN00M03U030 panj naun do panj chaar ikk chhe 
LOG (lattice-best-path[5.3]:main():lattice-best-path.cc:99) For utterance PN00M03U031, best cost 41.2144 + 2110.07 = 2151.28 over 629 frames.
PN00M03U031 chhe panj ikk satt chhe do chhe 
LOG (lattice-best-path[5.3]:main():lattice-best-path.cc:99) For utterance PN00M03U032, best cost 42.9024 + 2273.39 = 2316.29 over 629 frames.
PN00M03U032 chhe tinn satt ikk athth tinn athth 
LOG (lattice-best-path[5.3]:main():lattice-best-path.cc:99) For utterance PN00M03U033, best cost 39.9884 + 2153.68 = 2193.67 over 630 frames.
PN00M03U033 athth naun chaar naun panj do ikk 
LOG (lattice-best-path[5.3]:main():lattice-best-path.cc:99) For utterance PN00M03U034, best cost 41.4655 + 2078.7 = 2120.16 over 630 frames.
PN00M03U034 ikk naun satt do satt panj tinn 
LOG (lattice-best-path[5.3]:main():lattice-best-path.cc:99) For utterance PN00M03U035, best cost 40.0654 + 2050.42 = 2090.49 over 630 frames.
PN00M03U035 tinn naun athth satt tinn ikk do 
LOG (lattice-best-path[5.3]:main():lattice-best-path.cc:99) For utterance PN00M03U036, best cost 44.3764 + 2253.6 = 2297.98 over 629 frames.
PN00M03U036 do do athth chaar do naun sifar 
LOG (lattice-best-path[5.3]:main():lattice-best-path.cc:99) For utterance PN00M03U037, best cost 43.8216 + 2168.03 = 2211.85 over 629 frames.
PN00M03U037 sifar ikk do tinn do tinn tinn 
LOG (lattice-best-path[5.3]:main():lattice-best-path.cc:99) For utterance PN00M03U038, best cost 46.0184 + 2721.52 = 2767.54 over 630 frames.
PN00M03U038 tinn chaar tinn chaar chaar panj panj 
LOG (lattice-best-path[5.3]:main():lattice-best-path.cc:99) For utterance PN00M03U039, best cost 42.8231 + 2173.8 = 2216.62 over 630 frames.
PN00M03U039 panj chhe chaar panj chhe chhe satt 
LOG (lattice-best-path[5.3]:main():lattice-best-path.cc:99) For utterance PN00M03U040, best cost 44.9783 + 2180.28 = 2225.26 over 630 frames.
PN00M03U040 satt athth chhe satt ikk do chaar 
LOG (lattice-best-path[5.3]:main():lattice-best-path.cc:99) For utterance PN00M03U041, best cost 43.9669 + 2399.41 = 2443.37 over 629 frames.
PN00M03U041 sifar naun sifar ikk do tinn chaar 
LOG (lattice-best-path[5.3]:main():lattice-best-path.cc:99) For utterance PN00M03U042, best cost 43.5686 + 2188.74 = 2232.31 over 630 frames.
PN00M03U042 chaar panj chhe satt athth naun athth 
LOG (lattice-best-path[5.3]:main():lattice-best-path.cc:99) For utterance PN00M03U043, best cost 41.9251 + 2323.28 = 2365.2 over 629 frames.
PN00M03U043 athth sifar do chaar chhe athth satt 
LOG (lattice-best-path[5.3]:main():lattice-best-path.cc:99) For utterance PN00M03U044, best cost 42.1822 + 2179.42 = 2221.6 over 629 frames.
PN00M03U044 satt sifar tinn panj satt naun chhe 
LOG (lattice-best-path[5.3]:main():lattice-best-path.cc:99) For utterance PN00M03U045, best cost 42.2541 + 2236.31 = 2278.56 over 630 frames.
PN00M03U045 chhe sifar chaar satt panj sifar panj 
LOG (lattice-best-path[5.3]:main():lattice-best-path.cc:99) For utterance PN00M03U046, best cost 43.5346 + 2052.02 = 2095.56 over 629 frames.
PN00M03U046 panj athth chaar sifar chhe naun tinn 
LOG (lattice-best-path[5.3]:main():lattice-best-path.cc:99) For utterance PN00M03U047, best cost 44.6754 + 2194.25 = 2238.93 over 630 frames.
PN00M03U047 tinn sifar satt do sifar athth ikk 
LOG (lattice-scale[5.3]:main():lattice-scale.cc:90) Done 320 lattices.
LOG (lattice-best-path[5.3]:main():lattice-best-path.cc:99) For utterance PN00M03U048, best cost 44.5516 + 2228.66 = 2273.21 over 630 frames.
PN00M03U048 ikk sifar sifar ikk naun ikk tinn 
LOG (lattice-best-path[5.3]:main():lattice-best-path.cc:99) For utterance PN00M03U049, best cost 41.3816 + 2133.72 = 2175.1 over 630 frames.
PN00M03U049 tinn chhe ikk chaar athth do panj 
LOG (lattice-best-path[5.3]:main():lattice-best-path.cc:99) For utterance PN00M03U050, best cost 41.5916 + 2021.49 = 2063.09 over 630 frames.
PN00M03U050 panj naun do chhe panj ikk panj 
LOG (lattice-best-path[5.3]:main():lattice-best-path.cc:99) For utterance PN00M03U051, best cost 40.6902 + 2015.17 = 2055.86 over 629 frames.
PN00M03U051 panj chaar ikk chhe tinn ikk satt 
LOG (lattice-best-path[5.3]:main():lattice-best-path.cc:99) For utterance PN00M03U052, best cost 42.1225 + 2199.09 = 2241.21 over 632 frames.
PN00M03U052 satt ikk athth tinn satt tinn athth 
LOG (lattice-best-path[5.3]:main():lattice-best-path.cc:99) For utterance PN00M03U053, best cost 40.1373 + 2186.16 = 2226.3 over 653 frames.
PN00M03U053 athth naun naun chaar naun panj do 
LOG (lattice-best-path[5.3]:main():lattice-best-path.cc:99) For utterance PN00M03U054, best cost 42.694 + 2272.89 = 2315.58 over 651 frames.
PN00M03U054 do satt chhe do athth panj tinn 
LOG (lattice-best-path[5.3]:main():lattice-best-path.cc:99) For utterance PN00M03U055, best cost 42.8358 + 2157.47 = 2200.31 over 654 frames.
PN00M03U055 tinn naun satt chaar do ikk ikk 
LOG (lattice-best-path[5.3]:main():lattice-best-path.cc:99) For utterance PN00M03U056, best cost 44.5274 + 2127.09 = 2171.61 over 629 frames.
PN00M03U056 ikk do naun sifar ikk do do 
LOG (lattice-best-path[5.3]:main():lattice-best-path.cc:99) For utterance PN00M03U057, best cost 46.1403 + 2425.3 = 2471.44 over 623 frames.
PN00M03U057 do tinn do tinn tinn chaar tinn 
LOG (lattice-best-path[5.3]:main():lattice-best-path.cc:99) For utterance PN00M03U058, best cost 44.1493 + 2232.32 = 2276.47 over 622 frames.
PN00M03U058 tinn chaar chaar panj panj chhe chaar 
LOG (lattice-best-path[5.3]:main():lattice-best-path.cc:99) For utterance PN00M03U059, best cost 47.9295 + 2492.36 = 2540.29 over 625 frames.
PN00M03U059 athth athth athth sifar sifar sifar sifar 
LOG (lattice-best-path[5.3]:main():lattice-best-path.cc:99) For utterance PN00M03U060, best cost 42.8363 + 2384.65 = 2427.49 over 628 frames.
PN00M03U060 athth chhe satt athth athth naun sifar 
LOG (lattice-best-path[5.3]:main():lattice-best-path.cc:99) For utterance PN00M03U061, best cost 40.3243 + 2322.62 = 2362.94 over 629 frames.
PN00M03U061 sifar naun naun athth satt chhe panj 
LOG (lattice-best-path[5.3]:main():lattice-best-path.cc:99) For utterance PN00M03U062, best cost 41.0392 + 2333.34 = 2374.38 over 630 frames.
PN00M03U062 panj chaar tinn do ikk sifar athth 
LOG (lattice-best-path[5.3]:main():lattice-best-path.cc:99) For utterance PN00M03U063, best cost 39.0094 + 2169.36 = 2208.37 over 629 frames.
PN00M03U063 athth naun satt panj tinn ikk satt 
LOG (lattice-add-penalty[5.3]:main():lattice-add-penalty.cc:62) Done adding word insertion penalty to 320 lattices.
LOG (lattice-best-path[5.3]:main():lattice-best-path.cc:99) For utterance PN00M03U064, best cost 41.1302 + 2373.15 = 2414.28 over 629 frames.
PN00M03U064 satt naun chhe chaar do sifar chhe 
LOG (lattice-best-path[5.3]:main():lattice-best-path.cc:99) For utterance PN00M03U065, best cost 41.9396 + 2176.97 = 2218.91 over 629 frames.
PN00M03U065 chhe naun panj do panj naun chaar 
LOG (lattice-best-path[5.3]:main():lattice-best-path.cc:99) For utterance PN00M03U066, best cost 42.0366 + 2166.67 = 2208.7 over 630 frames.
PN00M03U066 chaar ikk chaar naun tinn sifar tinn 
LOG (lattice-best-path[5.3]:main():lattice-best-path.cc:99) For utterance PN00M03U067, best cost 42.8305 + 2096.33 = 2139.16 over 627 frames.
PN00M03U067 tinn naun do do naun ikk ikk 
LOG (lattice-best-path[5.3]:main():lattice-best-path.cc:99) For utterance PN00M03U068, best cost 46.2536 + 2483.29 = 2529.54 over 630 frames.
PN00M03U068 ikk naun sifar sifar satt chaar sifar 
LOG (lattice-best-path[5.3]:main():lattice-best-path.cc:99) For utterance PN00M03U069, best cost 39.2549 + 2325.65 = 2364.91 over 629 frames.
PN00M03U069 sifar ikk athth chhe tinn athth 
LOG (lattice-best-path[5.3]:main():lattice-best-path.cc:99) For utterance PN00M03U070, best cost 40.7859 + 2298.08 = 2338.87 over 630 frames.
PN00M03U070 athth panj ikk chhe do chhe athth 
LOG (lattice-best-path[5.3]:main():lattice-best-path.cc:99) For utterance PN00M03U071, best cost 45.9252 + 2213.31 = 2259.24 over 630 frames.
PN00M03U071 athth chaar panj athth tinn chaar athth 
LOG (lattice-best-path[5.3]:main():lattice-best-path.cc:99) For utterance PN00M03U072, best cost 41.4783 + 2240.58 = 2282.05 over 629 frames.
PN00M03U072 athth do tinn satt tinn chhe ikk 
LOG (lattice-best-path[5.3]:main():lattice-best-path.cc:99) For utterance PN00M03U073, best cost 44.057 + 2268.22 = 2312.27 over 630 frames.
PN00M03U073 ikk panj sifar panj chhe satt do 
LOG (lattice-best-path[5.3]:main():lattice-best-path.cc:99) For utterance PN00M03U074, best cost 45.6299 + 2258.44 = 2304.07 over 630 frames.
PN00M03U074 do athth ikk tinn panj panj satt 
LOG (lattice-best-path[5.3]:main():lattice-best-path.cc:99) For utterance PN00M03U075, best cost 42.6828 + 2577.19 = 2619.87 over 630 frames.
PN00M03U075 satt ikk do satt sifar do chaar 
LOG (lattice-best-path[5.3]:main():lattice-best-path.cc:99) For utterance PN00M03U076, best cost 43.3729 + 2341.67 = 2385.05 over 620 frames.
PN00M03U076 chaar satt athth sifar ikk do tinn 
LOG (lattice-best-path[5.3]:main():lattice-best-path.cc:99) For utterance PN00M03U077, best cost 44.6828 + 2325.79 = 2370.48 over 624 frames.
PN00M03U077 tinn tinn chaar chhe sifar chaar chaar 
LOG (lattice-best-path[5.3]:main():lattice-best-path.cc:99) For utterance PN00M03U078, best cost 42.3916 + 2489.9 = 2532.3 over 627 frames.
PN00M03U078 chaar panj chhe chhe satt satt athth 
LOG (lattice-best-path[5.3]:main():lattice-best-path.cc:99) For utterance PN00M03U079, best cost 42.0056 + 2287.9 = 2329.91 over 629 frames.
PN00M03U079 naun naun ikk tinn panj satt naun 
LOG (lattice-best-path[5.3]:main():lattice-best-path.cc:99) For utterance PN00M03U080, best cost 45.2603 + 2240.93 = 2286.19 over 629 frames.
PN00M03U080 do chhe naun ikk do chaar tinn 
LOG (lattice-best-path[5.3]:main():lattice-best-path.cc:124) Overall cost per frame is 3.70246 = 0.0706695 [graph] + 3.63179 [acoustic] over 201866 frames.
LOG (lattice-best-path[5.3]:main():lattice-best-path.cc:128) Done 320 lattices, failed for 0
# Accounting: time=2 threads=1
# Ended (code 0) at Tue Dec 18 10:25:58 IST 2018, elapsed time 2 seconds
