# gmm-est --mix-up=20100 --power=0.25 --write-occs=exp/tri1/18.occs exp/tri1/17.mdl "gmm-sum-accs - exp/tri1/17.*.acc |" exp/tri1/18.mdl 
# Started at Tue Dec 18 09:37:42 IST 2018
#
gmm-est --mix-up=20100 --power=0.25 --write-occs=exp/tri1/18.occs exp/tri1/17.mdl 'gmm-sum-accs - exp/tri1/17.*.acc |' exp/tri1/18.mdl 
gmm-sum-accs - exp/tri1/17.1.acc exp/tri1/17.2.acc exp/tri1/17.3.acc exp/tri1/17.4.acc 
LOG (gmm-sum-accs[5.3]:main():gmm-sum-accs.cc:63) Summed 4 stats, total count 201866, avg like/frame -45.5436
LOG (gmm-sum-accs[5.3]:main():gmm-sum-accs.cc:66) Total count of stats is 201866
LOG (gmm-sum-accs[5.3]:main():gmm-sum-accs.cc:67) Written stats to -
LOG (gmm-est[5.3]:MleUpdate():transition-model.cc:517) TransitionModel::Update, objf change is 0 per frame over 201866 frames. 
LOG (gmm-est[5.3]:MleUpdate():transition-model.cc:520) 6 probabilities floored, 432 out of 587 transition-states skipped due to insuffient data (it is normal to have some skipped.)
LOG (gmm-est[5.3]:main():gmm-est.cc:102) Transition model update: Overall 0 log-like improvement per frame over 201866 frames.
WARNING (gmm-est[5.3]:MleDiagGmmUpdate():mle-diag-gmm.cc:359) Too little data - removing Gaussian (weight 0.001028, occupation count 9.999681, vector size 39)
WARNING (gmm-est[5.3]:MleDiagGmmUpdate():mle-diag-gmm.cc:359) Too little data - removing Gaussian (weight 0.001021, occupation count 9.934449, vector size 39)
WARNING (gmm-est[5.3]:MleDiagGmmUpdate():mle-diag-gmm.cc:359) Too little data - removing Gaussian (weight 0.000127, occupation count 9.209417, vector size 39)
WARNING (gmm-est[5.3]:MleDiagGmmUpdate():mle-diag-gmm.cc:359) Too little data - removing Gaussian (weight 0.000134, occupation count 9.728820, vector size 39)
WARNING (gmm-est[5.3]:MleDiagGmmUpdate():mle-diag-gmm.cc:359) Too little data - removing Gaussian (weight 0.000117, occupation count 8.437540, vector size 39)
WARNING (gmm-est[5.3]:MleDiagGmmUpdate():mle-diag-gmm.cc:359) Too little data - removing Gaussian (weight 0.000138, occupation count 9.987207, vector size 39)
WARNING (gmm-est[5.3]:MleDiagGmmUpdate():mle-diag-gmm.cc:359) Too little data - removing Gaussian (weight 0.000138, occupation count 9.952513, vector size 39)
WARNING (gmm-est[5.3]:MleDiagGmmUpdate():mle-diag-gmm.cc:359) Too little data - removing Gaussian (weight 0.000124, occupation count 8.983728, vector size 39)
WARNING (gmm-est[5.3]:MleDiagGmmUpdate():mle-diag-gmm.cc:359) Too little data - removing Gaussian (weight 0.000138, occupation count 9.999333, vector size 39)
WARNING (gmm-est[5.3]:MleDiagGmmUpdate():mle-diag-gmm.cc:359) Too little data - removing Gaussian (weight 0.000410, occupation count 9.729464, vector size 39)
WARNING (gmm-est[5.3]:MleDiagGmmUpdate():mle-diag-gmm.cc:359) Too little data - removing Gaussian (weight 0.003751, occupation count 9.992522, vector size 39)
WARNING (gmm-est[5.3]:MleDiagGmmUpdate():mle-diag-gmm.cc:359) Too little data - removing Gaussian (weight 0.005054, occupation count 9.996451, vector size 39)
LOG (gmm-est[5.3]:MleAmDiagGmmUpdate():mle-am-diag-gmm.cc:225) 1014 variance elements floored in 1012 Gaussians, out of 10030
LOG (gmm-est[5.3]:MleAmDiagGmmUpdate():mle-am-diag-gmm.cc:229) Removed 12 Gaussians due to counts < --min-gaussian-occupancy=10 and --remove-low-count-gaussians=true
LOG (gmm-est[5.3]:main():gmm-est.cc:113) GMM update: Overall 0.0451485 objective function improvement per frame over 201866 frames
LOG (gmm-est[5.3]:main():gmm-est.cc:116) GMM update: Overall avg like per frame = -45.5436 over 201866 frames.
WARNING (gmm-est[5.3]:GetSplitTargets():model-common.cc:134) Could not split up to 20100 due to min-count = 20 (or no counts at all)
LOG (gmm-est[5.3]:SplitByCount():am-diag-gmm.cc:116) Split 144 states with target = 20100, power = 0.25, perturb_factor = 0.01 and min_count = 20, split #Gauss from 10030 to 10042
LOG (gmm-est[5.3]:main():gmm-est.cc:146) Written model to exp/tri1/18.mdl
# Accounting: time=0 threads=1
# Ended (code 0) at Tue Dec 18 09:37:42 IST 2018, elapsed time 0 seconds
