# gmm-est --mix-up=16800 --power=0.25 --write-occs=exp/tri1/15.occs exp/tri1/14.mdl "gmm-sum-accs - exp/tri1/14.*.acc |" exp/tri1/15.mdl 
# Started at Tue Dec 18 09:36:30 IST 2018
#
gmm-est --mix-up=16800 --power=0.25 --write-occs=exp/tri1/15.occs exp/tri1/14.mdl 'gmm-sum-accs - exp/tri1/14.*.acc |' exp/tri1/15.mdl 
gmm-sum-accs - exp/tri1/14.1.acc exp/tri1/14.2.acc exp/tri1/14.3.acc exp/tri1/14.4.acc 
LOG (gmm-sum-accs[5.3]:main():gmm-sum-accs.cc:63) Summed 4 stats, total count 201866, avg like/frame -46.0291
LOG (gmm-sum-accs[5.3]:main():gmm-sum-accs.cc:66) Total count of stats is 201866
LOG (gmm-sum-accs[5.3]:main():gmm-sum-accs.cc:67) Written stats to -
LOG (gmm-est[5.3]:MleUpdate():transition-model.cc:517) TransitionModel::Update, objf change is 0 per frame over 201866 frames. 
LOG (gmm-est[5.3]:MleUpdate():transition-model.cc:520) 6 probabilities floored, 432 out of 587 transition-states skipped due to insuffient data (it is normal to have some skipped.)
LOG (gmm-est[5.3]:main():gmm-est.cc:102) Transition model update: Overall 0 log-like improvement per frame over 201866 frames.
WARNING (gmm-est[5.3]:MleDiagGmmUpdate():mle-diag-gmm.cc:359) Too little data - removing Gaussian (weight 0.001026, occupation count 9.982571, vector size 39)
WARNING (gmm-est[5.3]:MleDiagGmmUpdate():mle-diag-gmm.cc:359) Too little data - removing Gaussian (weight 0.001027, occupation count 9.988873, vector size 39)
WARNING (gmm-est[5.3]:MleDiagGmmUpdate():mle-diag-gmm.cc:359) Too little data - removing Gaussian (weight 0.012769, occupation count 9.998116, vector size 39)
WARNING (gmm-est[5.3]:MleDiagGmmUpdate():mle-diag-gmm.cc:359) Too little data - removing Gaussian (weight 0.000129, occupation count 9.344777, vector size 39)
WARNING (gmm-est[5.3]:MleDiagGmmUpdate():mle-diag-gmm.cc:359) Too little data - removing Gaussian (weight 0.000136, occupation count 9.825955, vector size 39)
WARNING (gmm-est[5.3]:MleDiagGmmUpdate():mle-diag-gmm.cc:359) Too little data - removing Gaussian (weight 0.000127, occupation count 9.159262, vector size 39)
WARNING (gmm-est[5.3]:MleDiagGmmUpdate():mle-diag-gmm.cc:359) Too little data - removing Gaussian (weight 0.000132, occupation count 9.545409, vector size 39)
WARNING (gmm-est[5.3]:MleDiagGmmUpdate():mle-diag-gmm.cc:359) Too little data - removing Gaussian (weight 0.000137, occupation count 9.915337, vector size 39)
WARNING (gmm-est[5.3]:MleDiagGmmUpdate():mle-diag-gmm.cc:359) Too little data - removing Gaussian (weight 0.000127, occupation count 9.187841, vector size 39)
WARNING (gmm-est[5.3]:MleDiagGmmUpdate():mle-diag-gmm.cc:359) Too little data - removing Gaussian (weight 0.000129, occupation count 9.308030, vector size 39)
WARNING (gmm-est[5.3]:MleDiagGmmUpdate():mle-diag-gmm.cc:359) Too little data - removing Gaussian (weight 0.000134, occupation count 9.680917, vector size 39)
WARNING (gmm-est[5.3]:MleDiagGmmUpdate():mle-diag-gmm.cc:359) Too little data - removing Gaussian (weight 0.000135, occupation count 9.736520, vector size 39)
WARNING (gmm-est[5.3]:MleDiagGmmUpdate():mle-diag-gmm.cc:359) Too little data - removing Gaussian (weight 0.000138, occupation count 9.991936, vector size 39)
WARNING (gmm-est[5.3]:MleDiagGmmUpdate():mle-diag-gmm.cc:359) Too little data - removing Gaussian (weight 0.000131, occupation count 9.515055, vector size 39)
WARNING (gmm-est[5.3]:MleDiagGmmUpdate():mle-diag-gmm.cc:359) Too little data - removing Gaussian (weight 0.000116, occupation count 8.409658, vector size 39)
WARNING (gmm-est[5.3]:MleDiagGmmUpdate():mle-diag-gmm.cc:359) Too little data - removing Gaussian (weight 0.000122, occupation count 8.839402, vector size 39)
WARNING (gmm-est[5.3]:MleDiagGmmUpdate():mle-diag-gmm.cc:359) Too little data - removing Gaussian (weight 0.000125, occupation count 9.019191, vector size 39)
WARNING (gmm-est[5.3]:MleDiagGmmUpdate():mle-diag-gmm.cc:359) Too little data - removing Gaussian (weight 0.000115, occupation count 8.306334, vector size 39)
WARNING (gmm-est[5.3]:MleDiagGmmUpdate():mle-diag-gmm.cc:359) Too little data - removing Gaussian (weight 0.000132, occupation count 9.563613, vector size 39)
WARNING (gmm-est[5.3]:MleDiagGmmUpdate():mle-diag-gmm.cc:359) Too little data - removing Gaussian (weight 0.000133, occupation count 9.655388, vector size 39)
WARNING (gmm-est[5.3]:MleDiagGmmUpdate():mle-diag-gmm.cc:359) Too little data - removing Gaussian (weight 0.000117, occupation count 8.501838, vector size 39)
WARNING (gmm-est[5.3]:MleDiagGmmUpdate():mle-diag-gmm.cc:359) Too little data - removing Gaussian (weight 0.000135, occupation count 9.755466, vector size 39)
WARNING (gmm-est[5.3]:MleDiagGmmUpdate():mle-diag-gmm.cc:359) Too little data - removing Gaussian (weight 0.000115, occupation count 8.313086, vector size 39)
WARNING (gmm-est[5.3]:MleDiagGmmUpdate():mle-diag-gmm.cc:359) Too little data - removing Gaussian (weight 0.000133, occupation count 9.619741, vector size 39)
WARNING (gmm-est[5.3]:MleDiagGmmUpdate():mle-diag-gmm.cc:359) Too little data - removing Gaussian (weight 0.000129, occupation count 9.349697, vector size 39)
WARNING (gmm-est[5.3]:MleDiagGmmUpdate():mle-diag-gmm.cc:359) Too little data - removing Gaussian (weight 0.000125, occupation count 9.028961, vector size 39)
WARNING (gmm-est[5.3]:MleDiagGmmUpdate():mle-diag-gmm.cc:359) Too little data - removing Gaussian (weight 0.000400, occupation count 9.472706, vector size 39)
WARNING (gmm-est[5.3]:MleDiagGmmUpdate():mle-diag-gmm.cc:359) Too little data - removing Gaussian (weight 0.000411, occupation count 9.734170, vector size 39)
WARNING (gmm-est[5.3]:MleDiagGmmUpdate():mle-diag-gmm.cc:359) Too little data - removing Gaussian (weight 0.000416, occupation count 9.861938, vector size 39)
WARNING (gmm-est[5.3]:MleDiagGmmUpdate():mle-diag-gmm.cc:359) Too little data - removing Gaussian (weight 0.007215, occupation count 9.999373, vector size 39)
WARNING (gmm-est[5.3]:MleDiagGmmUpdate():mle-diag-gmm.cc:359) Too little data - removing Gaussian (weight 0.005085, occupation count 9.835004, vector size 39)
WARNING (gmm-est[5.3]:MleDiagGmmUpdate():mle-diag-gmm.cc:359) Too little data - removing Gaussian (weight 0.005405, occupation count 9.999861, vector size 39)
WARNING (gmm-est[5.3]:MleDiagGmmUpdate():mle-diag-gmm.cc:359) Too little data - removing Gaussian (weight 0.017182, occupation count 10.000000, vector size 39)
WARNING (gmm-est[5.3]:MleDiagGmmUpdate():mle-diag-gmm.cc:359) Too little data - removing Gaussian (weight 0.006418, occupation count 9.998802, vector size 39)
WARNING (gmm-est[5.3]:MleDiagGmmUpdate():mle-diag-gmm.cc:359) Too little data - removing Gaussian (weight 0.017519, occupation count 9.723050, vector size 39)
WARNING (gmm-est[5.3]:MleDiagGmmUpdate():mle-diag-gmm.cc:359) Too little data - removing Gaussian (weight 0.006080, occupation count 9.978045, vector size 39)
WARNING (gmm-est[5.3]:MleDiagGmmUpdate():mle-diag-gmm.cc:359) Too little data - removing Gaussian (weight 0.008783, occupation count 9.959885, vector size 39)
LOG (gmm-est[5.3]:MleAmDiagGmmUpdate():mle-am-diag-gmm.cc:225) 746 variance elements floored in 746 Gaussians, out of 10010
LOG (gmm-est[5.3]:MleAmDiagGmmUpdate():mle-am-diag-gmm.cc:229) Removed 37 Gaussians due to counts < --min-gaussian-occupancy=10 and --remove-low-count-gaussians=true
LOG (gmm-est[5.3]:main():gmm-est.cc:113) GMM update: Overall 0.164363 objective function improvement per frame over 201866 frames
LOG (gmm-est[5.3]:main():gmm-est.cc:116) GMM update: Overall avg like per frame = -46.0291 over 201866 frames.
WARNING (gmm-est[5.3]:GetSplitTargets():model-common.cc:134) Could not split up to 16800 due to min-count = 20 (or no counts at all)
LOG (gmm-est[5.3]:SplitByCount():am-diag-gmm.cc:116) Split 144 states with target = 16800, power = 0.25, perturb_factor = 0.01 and min_count = 20, split #Gauss from 10010 to 10044
LOG (gmm-est[5.3]:main():gmm-est.cc:146) Written model to exp/tri1/15.mdl
# Accounting: time=0 threads=1
# Ended (code 0) at Tue Dec 18 09:36:30 IST 2018, elapsed time 0 seconds
