# sgmm2-latgen-faster --max-active=7000 --beam=13.0 --lattice-beam=6.0 --acoustic-scale=0.1 --determinize-lattice=false --allow-partial=true --word-symbol-table=exp/sgmm/graph/words.txt --max-mem=50000000 "--gselect=ark,s,cs:gunzip -c exp/sgmm/decode/gselect.4.gz| copy-gselect --n=3 ark:- ark:- |" exp/sgmm/final.alimdl exp/sgmm/graph/HCLG.fst "ark,s,cs:apply-cmvn  --utt2spk=ark:data/test/split4/4/utt2spk scp:data/test/split4/4/cmvn.scp scp:data/test/split4/4/feats.scp ark:- | splice-feats  ark:- ark:- | transform-feats exp/sgmm/final.mat ark:- ark:- | transform-feats --utt2spk=ark:data/test/split4/4/utt2spk ark,s,cs:exp/tri4/decode/trans.4 ark:- ark:- |" "ark:|gzip -c > exp/sgmm/decode/pre_lat.4.gz" 
# Started at Tue Dec 18 12:07:03 IST 2018
#
sgmm2-latgen-faster --max-active=7000 --beam=13.0 --lattice-beam=6.0 --acoustic-scale=0.1 --determinize-lattice=false --allow-partial=true --word-symbol-table=exp/sgmm/graph/words.txt --max-mem=50000000 '--gselect=ark,s,cs:gunzip -c exp/sgmm/decode/gselect.4.gz| copy-gselect --n=3 ark:- ark:- |' exp/sgmm/final.alimdl exp/sgmm/graph/HCLG.fst 'ark,s,cs:apply-cmvn  --utt2spk=ark:data/test/split4/4/utt2spk scp:data/test/split4/4/cmvn.scp scp:data/test/split4/4/feats.scp ark:- | splice-feats  ark:- ark:- | transform-feats exp/sgmm/final.mat ark:- ark:- | transform-feats --utt2spk=ark:data/test/split4/4/utt2spk ark,s,cs:exp/tri4/decode/trans.4 ark:- ark:- |' 'ark:|gzip -c > exp/sgmm/decode/pre_lat.4.gz' 
transform-feats --utt2spk=ark:data/test/split4/4/utt2spk ark,s,cs:exp/tri4/decode/trans.4 ark:- ark:- 
apply-cmvn --utt2spk=ark:data/test/split4/4/utt2spk scp:data/test/split4/4/cmvn.scp scp:data/test/split4/4/feats.scp ark:- 
splice-feats ark:- ark:- 
transform-feats exp/sgmm/final.mat ark:- ark:- 
copy-gselect --n=3 ark:- ark:- 
PN00M03U001 sifar sifar naun athth satt chhe panj 
LOG (sgmm2-latgen-faster[5.3]:DecodeUtteranceLatticeFaster():decoder-wrappers.cc:286) Log-like per frame for utterance PN00M03U001 is -3.21631 over 629 frames.
LOG (sgmm2-latgen-faster[5.3]:main():sgmm2-latgen-faster.cc:209) Log-like per frame for utterance PN00M03U001 is -3.21631 over 629 frames.
PN00M03U002 panj chaar tinn do ikk sifar ikk 
LOG (sgmm2-latgen-faster[5.3]:DecodeUtteranceLatticeFaster():decoder-wrappers.cc:286) Log-like per frame for utterance PN00M03U002 is -3.18446 over 630 frames.
LOG (sgmm2-latgen-faster[5.3]:main():sgmm2-latgen-faster.cc:209) Log-like per frame for utterance PN00M03U002 is -3.18446 over 630 frames.
PN00M03U003 ikk naun satt panj tinn ikk do 
LOG (sgmm2-latgen-faster[5.3]:DecodeUtteranceLatticeFaster():decoder-wrappers.cc:286) Log-like per frame for utterance PN00M03U003 is -2.97732 over 630 frames.
LOG (sgmm2-latgen-faster[5.3]:main():sgmm2-latgen-faster.cc:209) Log-like per frame for utterance PN00M03U003 is -2.97732 over 630 frames.
PN00M03U004 do naun chhe chaar do sifar tinn 
LOG (sgmm2-latgen-faster[5.3]:DecodeUtteranceLatticeFaster():decoder-wrappers.cc:286) Log-like per frame for utterance PN00M03U004 is -3.08389 over 630 frames.
LOG (sgmm2-latgen-faster[5.3]:main():sgmm2-latgen-faster.cc:209) Log-like per frame for utterance PN00M03U004 is -3.08389 over 630 frames.
PN00M03U005 tinn naun panj do chaar naun chaar 
LOG (sgmm2-latgen-faster[5.3]:DecodeUtteranceLatticeFaster():decoder-wrappers.cc:286) Log-like per frame for utterance PN00M03U005 is -3.03923 over 629 frames.
LOG (sgmm2-latgen-faster[5.3]:main():sgmm2-latgen-faster.cc:209) Log-like per frame for utterance PN00M03U005 is -3.03923 over 629 frames.
PN00M03U006 chaar ikk panj naun tinn sifar chhe 
LOG (sgmm2-latgen-faster[5.3]:DecodeUtteranceLatticeFaster():decoder-wrappers.cc:286) Log-like per frame for utterance PN00M03U006 is -3.03722 over 630 frames.
LOG (sgmm2-latgen-faster[5.3]:main():sgmm2-latgen-faster.cc:209) Log-like per frame for utterance PN00M03U006 is -3.03722 over 630 frames.
PN00M03U007 chhe naun do satt naun ikk athth 
LOG (sgmm2-latgen-faster[5.3]:DecodeUtteranceLatticeFaster():decoder-wrappers.cc:286) Log-like per frame for utterance PN00M03U007 is -2.9245 over 630 frames.
LOG (sgmm2-latgen-faster[5.3]:main():sgmm2-latgen-faster.cc:209) Log-like per frame for utterance PN00M03U007 is -2.9245 over 630 frames.
PN00M03U008 athth naun sifar athth chhe tinn chaar 
LOG (sgmm2-latgen-faster[5.3]:DecodeUtteranceLatticeFaster():decoder-wrappers.cc:286) Log-like per frame for utterance PN00M03U008 is -3.21735 over 630 frames.
LOG (sgmm2-latgen-faster[5.3]:main():sgmm2-latgen-faster.cc:209) Log-like per frame for utterance PN00M03U008 is -3.21735 over 630 frames.
PN00M03U009 chaar sifar satt chaar athth panj ikk 
LOG (sgmm2-latgen-faster[5.3]:DecodeUtteranceLatticeFaster():decoder-wrappers.cc:286) Log-like per frame for utterance PN00M03U009 is -3.14358 over 630 frames.
LOG (sgmm2-latgen-faster[5.3]:main():sgmm2-latgen-faster.cc:209) Log-like per frame for utterance PN00M03U009 is -3.14358 over 630 frames.
PN00M03U010 ikk satt tinn tinn athth chaar chaar 
LOG (sgmm2-latgen-faster[5.3]:DecodeUtteranceLatticeFaster():decoder-wrappers.cc:286) Log-like per frame for utterance PN00M03U010 is -3.16469 over 630 frames.
LOG (sgmm2-latgen-faster[5.3]:main():sgmm2-latgen-faster.cc:209) Log-like per frame for utterance PN00M03U010 is -3.16469 over 630 frames.
PN00M03U011 chhe satt do panj athth tinn chhe 
LOG (sgmm2-latgen-faster[5.3]:DecodeUtteranceLatticeFaster():decoder-wrappers.cc:286) Log-like per frame for utterance PN00M03U011 is -3.07723 over 630 frames.
LOG (sgmm2-latgen-faster[5.3]:main():sgmm2-latgen-faster.cc:209) Log-like per frame for utterance PN00M03U011 is -3.07723 over 630 frames.
PN00M03U012 chhe athth do athth ikk chhe do 
LOG (sgmm2-latgen-faster[5.3]:DecodeUtteranceLatticeFaster():decoder-wrappers.cc:286) Log-like per frame for utterance PN00M03U012 is -2.84662 over 630 frames.
LOG (sgmm2-latgen-faster[5.3]:main():sgmm2-latgen-faster.cc:209) Log-like per frame for utterance PN00M03U012 is -2.84662 over 630 frames.
PN00M03U013 do chhe ikk do tinn satt ikk 
LOG (sgmm2-latgen-faster[5.3]:DecodeUtteranceLatticeFaster():decoder-wrappers.cc:286) Log-like per frame for utterance PN00M03U013 is -2.90324 over 630 frames.
LOG (sgmm2-latgen-faster[5.3]:main():sgmm2-latgen-faster.cc:209) Log-like per frame for utterance PN00M03U013 is -2.90324 over 630 frames.
PN00M03U014 ikk chaar chhe sifar chaar panj sifar 
LOG (sgmm2-latgen-faster[5.3]:DecodeUtteranceLatticeFaster():decoder-wrappers.cc:286) Log-like per frame for utterance PN00M03U014 is -2.97924 over 630 frames.
LOG (sgmm2-latgen-faster[5.3]:main():sgmm2-latgen-faster.cc:209) Log-like per frame for utterance PN00M03U014 is -2.97924 over 630 frames.
PN00M03U015 sifar panj satt sifar do do tinn 
LOG (sgmm2-latgen-faster[5.3]:DecodeUtteranceLatticeFaster():decoder-wrappers.cc:286) Log-like per frame for utterance PN00M03U015 is -3.07193 over 630 frames.
LOG (sgmm2-latgen-faster[5.3]:main():sgmm2-latgen-faster.cc:209) Log-like per frame for utterance PN00M03U015 is -3.07193 over 630 frames.
PN00M03U016 tinn panj chhe satt athth sifar ikk 
LOG (sgmm2-latgen-faster[5.3]:DecodeUtteranceLatticeFaster():decoder-wrappers.cc:286) Log-like per frame for utterance PN00M03U016 is -2.99147 over 630 frames.
LOG (sgmm2-latgen-faster[5.3]:main():sgmm2-latgen-faster.cc:209) Log-like per frame for utterance PN00M03U016 is -2.99147 over 630 frames.
PN00M03U017 ikk tinn chaar panj panj chhe chhe 
LOG (sgmm2-latgen-faster[5.3]:DecodeUtteranceLatticeFaster():decoder-wrappers.cc:286) Log-like per frame for utterance PN00M03U017 is -2.89369 over 630 frames.
LOG (sgmm2-latgen-faster[5.3]:main():sgmm2-latgen-faster.cc:209) Log-like per frame for utterance PN00M03U017 is -2.89369 over 630 frames.
PN00M03U018 chhe satt satt athth athth naun naun 
LOG (sgmm2-latgen-faster[5.3]:DecodeUtteranceLatticeFaster():decoder-wrappers.cc:286) Log-like per frame for utterance PN00M03U018 is -2.92313 over 630 frames.
LOG (sgmm2-latgen-faster[5.3]:main():sgmm2-latgen-faster.cc:209) Log-like per frame for utterance PN00M03U018 is -2.92313 over 630 frames.
PN00M03U019 naun sifar ikk ikk do ikk satt 
LOG (sgmm2-latgen-faster[5.3]:DecodeUtteranceLatticeFaster():decoder-wrappers.cc:286) Log-like per frame for utterance PN00M03U019 is -3.08319 over 629 frames.
LOG (sgmm2-latgen-faster[5.3]:main():sgmm2-latgen-faster.cc:209) Log-like per frame for utterance PN00M03U019 is -3.08319 over 629 frames.
PN00M03U020 satt naun ikk tinn panj satt naun 
LOG (sgmm2-latgen-faster[5.3]:DecodeUtteranceLatticeFaster():decoder-wrappers.cc:286) Log-like per frame for utterance PN00M03U020 is -2.92702 over 630 frames.
LOG (sgmm2-latgen-faster[5.3]:main():sgmm2-latgen-faster.cc:209) Log-like per frame for utterance PN00M03U020 is -2.92702 over 630 frames.
PN00M03U021 sifar sifar ikk do tinn chaar panj 
LOG (sgmm2-latgen-faster[5.3]:DecodeUtteranceLatticeFaster():decoder-wrappers.cc:286) Log-like per frame for utterance PN00M03U021 is -2.75105 over 630 frames.
LOG (sgmm2-latgen-faster[5.3]:main():sgmm2-latgen-faster.cc:209) Log-like per frame for utterance PN00M03U021 is -2.75105 over 630 frames.
PN00M03U022 panj chhe satt athth naun ikk sifar 
LOG (sgmm2-latgen-faster[5.3]:DecodeUtteranceLatticeFaster():decoder-wrappers.cc:286) Log-like per frame for utterance PN00M03U022 is -3.1303 over 630 frames.
LOG (sgmm2-latgen-faster[5.3]:main():sgmm2-latgen-faster.cc:209) Log-like per frame for utterance PN00M03U022 is -3.1303 over 630 frames.
PN00M03U023 sifar do chaar chhe athth do sifar 
LOG (sgmm2-latgen-faster[5.3]:DecodeUtteranceLatticeFaster():decoder-wrappers.cc:286) Log-like per frame for utterance PN00M03U023 is -3.12476 over 629 frames.
LOG (sgmm2-latgen-faster[5.3]:main():sgmm2-latgen-faster.cc:209) Log-like per frame for utterance PN00M03U023 is -3.12476 over 629 frames.
PN00M03U024 sifar tinn panj satt naun tinn sifar 
LOG (sgmm2-latgen-faster[5.3]:DecodeUtteranceLatticeFaster():decoder-wrappers.cc:286) Log-like per frame for utterance PN00M03U024 is -3.14614 over 630 frames.
LOG (sgmm2-latgen-faster[5.3]:main():sgmm2-latgen-faster.cc:209) Log-like per frame for utterance PN00M03U024 is -3.14614 over 630 frames.
PN00M03U025 sifar chaar satt chaar sifar panj athth 
LOG (sgmm2-latgen-faster[5.3]:DecodeUtteranceLatticeFaster():decoder-wrappers.cc:286) Log-like per frame for utterance PN00M03U025 is -3.08375 over 630 frames.
LOG (sgmm2-latgen-faster[5.3]:main():sgmm2-latgen-faster.cc:209) Log-like per frame for utterance PN00M03U025 is -3.08375 over 630 frames.
PN00M03U026 athth panj sifar chhe naun chhe sifar 
LOG (sgmm2-latgen-faster[5.3]:DecodeUtteranceLatticeFaster():decoder-wrappers.cc:286) Log-like per frame for utterance PN00M03U026 is -3.13922 over 629 frames.
LOG (sgmm2-latgen-faster[5.3]:main():sgmm2-latgen-faster.cc:209) Log-like per frame for utterance PN00M03U026 is -3.13922 over 629 frames.
PN00M03U027 sifar satt satt sifar athth athth sifar 
LOG (sgmm2-latgen-faster[5.3]:DecodeUtteranceLatticeFaster():decoder-wrappers.cc:286) Log-like per frame for utterance PN00M03U027 is -3.22885 over 629 frames.
LOG (sgmm2-latgen-faster[5.3]:main():sgmm2-latgen-faster.cc:209) Log-like per frame for utterance PN00M03U027 is -3.22885 over 629 frames.
PN00M03U028 sifar naun naun sifar ikk ikk tinn 
LOG (sgmm2-latgen-faster[5.3]:DecodeUtteranceLatticeFaster():decoder-wrappers.cc:286) Log-like per frame for utterance PN00M03U028 is -3.05245 over 630 frames.
LOG (sgmm2-latgen-faster[5.3]:main():sgmm2-latgen-faster.cc:209) Log-like per frame for utterance PN00M03U028 is -3.05245 over 630 frames.
PN00M03U029 tinn chhe ikk chaar athth ikk panj 
LOG (sgmm2-latgen-faster[5.3]:DecodeUtteranceLatticeFaster():decoder-wrappers.cc:286) Log-like per frame for utterance PN00M03U029 is -2.92351 over 630 frames.
LOG (sgmm2-latgen-faster[5.3]:main():sgmm2-latgen-faster.cc:209) Log-like per frame for utterance PN00M03U029 is -2.92351 over 630 frames.
PN00M03U030 panj naun do panj chaar ikk chhe 
LOG (sgmm2-latgen-faster[5.3]:DecodeUtteranceLatticeFaster():decoder-wrappers.cc:286) Log-like per frame for utterance PN00M03U030 is -2.80902 over 630 frames.
LOG (sgmm2-latgen-faster[5.3]:main():sgmm2-latgen-faster.cc:209) Log-like per frame for utterance PN00M03U030 is -2.80902 over 630 frames.
PN00M03U031 chhe panj ikk satt chhe do chhe 
LOG (sgmm2-latgen-faster[5.3]:DecodeUtteranceLatticeFaster():decoder-wrappers.cc:286) Log-like per frame for utterance PN00M03U031 is -2.93063 over 629 frames.
LOG (sgmm2-latgen-faster[5.3]:main():sgmm2-latgen-faster.cc:209) Log-like per frame for utterance PN00M03U031 is -2.93063 over 629 frames.
PN00M03U032 chhe tinn satt ikk athth tinn athth 
LOG (sgmm2-latgen-faster[5.3]:DecodeUtteranceLatticeFaster():decoder-wrappers.cc:286) Log-like per frame for utterance PN00M03U032 is -3.13391 over 629 frames.
LOG (sgmm2-latgen-faster[5.3]:main():sgmm2-latgen-faster.cc:209) Log-like per frame for utterance PN00M03U032 is -3.13391 over 629 frames.
PN00M03U033 athth naun chaar naun panj do ikk 
LOG (sgmm2-latgen-faster[5.3]:DecodeUtteranceLatticeFaster():decoder-wrappers.cc:286) Log-like per frame for utterance PN00M03U033 is -2.96583 over 630 frames.
LOG (sgmm2-latgen-faster[5.3]:main():sgmm2-latgen-faster.cc:209) Log-like per frame for utterance PN00M03U033 is -2.96583 over 630 frames.
PN00M03U034 ikk naun satt do satt panj tinn 
LOG (sgmm2-latgen-faster[5.3]:DecodeUtteranceLatticeFaster():decoder-wrappers.cc:286) Log-like per frame for utterance PN00M03U034 is -2.92121 over 630 frames.
LOG (sgmm2-latgen-faster[5.3]:main():sgmm2-latgen-faster.cc:209) Log-like per frame for utterance PN00M03U034 is -2.92121 over 630 frames.
PN00M03U035 tinn naun athth satt tinn ikk do 
LOG (sgmm2-latgen-faster[5.3]:DecodeUtteranceLatticeFaster():decoder-wrappers.cc:286) Log-like per frame for utterance PN00M03U035 is -2.97849 over 630 frames.
LOG (sgmm2-latgen-faster[5.3]:main():sgmm2-latgen-faster.cc:209) Log-like per frame for utterance PN00M03U035 is -2.97849 over 630 frames.
PN00M03U036 do do athth chaar do naun sifar 
LOG (sgmm2-latgen-faster[5.3]:DecodeUtteranceLatticeFaster():decoder-wrappers.cc:286) Log-like per frame for utterance PN00M03U036 is -3.16092 over 629 frames.
LOG (sgmm2-latgen-faster[5.3]:main():sgmm2-latgen-faster.cc:209) Log-like per frame for utterance PN00M03U036 is -3.16092 over 629 frames.
PN00M03U037 sifar ikk do tinn do tinn tinn 
LOG (sgmm2-latgen-faster[5.3]:DecodeUtteranceLatticeFaster():decoder-wrappers.cc:286) Log-like per frame for utterance PN00M03U037 is -3.06654 over 629 frames.
LOG (sgmm2-latgen-faster[5.3]:main():sgmm2-latgen-faster.cc:209) Log-like per frame for utterance PN00M03U037 is -3.06654 over 629 frames.
PN00M03U038 tinn chaar tinn chaar chaar panj panj 
LOG (sgmm2-latgen-faster[5.3]:DecodeUtteranceLatticeFaster():decoder-wrappers.cc:286) Log-like per frame for utterance PN00M03U038 is -3.46939 over 630 frames.
LOG (sgmm2-latgen-faster[5.3]:main():sgmm2-latgen-faster.cc:209) Log-like per frame for utterance PN00M03U038 is -3.46939 over 630 frames.
PN00M03U039 panj chhe chaar panj chhe chhe satt 
LOG (sgmm2-latgen-faster[5.3]:DecodeUtteranceLatticeFaster():decoder-wrappers.cc:286) Log-like per frame for utterance PN00M03U039 is -2.98928 over 630 frames.
LOG (sgmm2-latgen-faster[5.3]:main():sgmm2-latgen-faster.cc:209) Log-like per frame for utterance PN00M03U039 is -2.98928 over 630 frames.
PN00M03U040 satt athth chhe satt ikk do chaar 
LOG (sgmm2-latgen-faster[5.3]:DecodeUtteranceLatticeFaster():decoder-wrappers.cc:286) Log-like per frame for utterance PN00M03U040 is -3.08168 over 630 frames.
LOG (sgmm2-latgen-faster[5.3]:main():sgmm2-latgen-faster.cc:209) Log-like per frame for utterance PN00M03U040 is -3.08168 over 630 frames.
PN00M03U041 sifar naun sifar ikk do tinn chaar 
LOG (sgmm2-latgen-faster[5.3]:DecodeUtteranceLatticeFaster():decoder-wrappers.cc:286) Log-like per frame for utterance PN00M03U041 is -3.25535 over 629 frames.
LOG (sgmm2-latgen-faster[5.3]:main():sgmm2-latgen-faster.cc:209) Log-like per frame for utterance PN00M03U041 is -3.25535 over 629 frames.
PN00M03U042 chaar panj chhe satt athth naun athth 
LOG (sgmm2-latgen-faster[5.3]:DecodeUtteranceLatticeFaster():decoder-wrappers.cc:286) Log-like per frame for utterance PN00M03U042 is -3.03941 over 630 frames.
LOG (sgmm2-latgen-faster[5.3]:main():sgmm2-latgen-faster.cc:209) Log-like per frame for utterance PN00M03U042 is -3.03941 over 630 frames.
PN00M03U043 athth sifar do chaar chhe athth satt 
LOG (sgmm2-latgen-faster[5.3]:DecodeUtteranceLatticeFaster():decoder-wrappers.cc:286) Log-like per frame for utterance PN00M03U043 is -3.12102 over 629 frames.
LOG (sgmm2-latgen-faster[5.3]:main():sgmm2-latgen-faster.cc:209) Log-like per frame for utterance PN00M03U043 is -3.12102 over 629 frames.
PN00M03U044 satt sifar tinn panj satt naun chhe 
LOG (sgmm2-latgen-faster[5.3]:DecodeUtteranceLatticeFaster():decoder-wrappers.cc:286) Log-like per frame for utterance PN00M03U044 is -2.95425 over 629 frames.
LOG (sgmm2-latgen-faster[5.3]:main():sgmm2-latgen-faster.cc:209) Log-like per frame for utterance PN00M03U044 is -2.95425 over 629 frames.
PN00M03U045 chhe sifar chaar satt panj sifar panj 
LOG (sgmm2-latgen-faster[5.3]:DecodeUtteranceLatticeFaster():decoder-wrappers.cc:286) Log-like per frame for utterance PN00M03U045 is -3.10919 over 630 frames.
LOG (sgmm2-latgen-faster[5.3]:main():sgmm2-latgen-faster.cc:209) Log-like per frame for utterance PN00M03U045 is -3.10919 over 630 frames.
PN00M03U046 panj athth chaar sifar chhe naun tinn 
LOG (sgmm2-latgen-faster[5.3]:DecodeUtteranceLatticeFaster():decoder-wrappers.cc:286) Log-like per frame for utterance PN00M03U046 is -2.87365 over 629 frames.
LOG (sgmm2-latgen-faster[5.3]:main():sgmm2-latgen-faster.cc:209) Log-like per frame for utterance PN00M03U046 is -2.87365 over 629 frames.
PN00M03U047 tinn sifar satt do sifar athth ikk 
LOG (sgmm2-latgen-faster[5.3]:DecodeUtteranceLatticeFaster():decoder-wrappers.cc:286) Log-like per frame for utterance PN00M03U047 is -3.0082 over 630 frames.
LOG (sgmm2-latgen-faster[5.3]:main():sgmm2-latgen-faster.cc:209) Log-like per frame for utterance PN00M03U047 is -3.0082 over 630 frames.
PN00M03U048 ikk sifar sifar ikk naun ikk tinn 
LOG (sgmm2-latgen-faster[5.3]:DecodeUtteranceLatticeFaster():decoder-wrappers.cc:286) Log-like per frame for utterance PN00M03U048 is -3.00098 over 630 frames.
LOG (sgmm2-latgen-faster[5.3]:main():sgmm2-latgen-faster.cc:209) Log-like per frame for utterance PN00M03U048 is -3.00098 over 630 frames.
PN00M03U049 tinn chhe ikk chaar athth do panj 
LOG (sgmm2-latgen-faster[5.3]:DecodeUtteranceLatticeFaster():decoder-wrappers.cc:286) Log-like per frame for utterance PN00M03U049 is -3.01356 over 630 frames.
LOG (sgmm2-latgen-faster[5.3]:main():sgmm2-latgen-faster.cc:209) Log-like per frame for utterance PN00M03U049 is -3.01356 over 630 frames.
PN00M03U050 panj naun do chhe panj ikk panj 
LOG (sgmm2-latgen-faster[5.3]:DecodeUtteranceLatticeFaster():decoder-wrappers.cc:286) Log-like per frame for utterance PN00M03U050 is -2.82509 over 630 frames.
LOG (sgmm2-latgen-faster[5.3]:main():sgmm2-latgen-faster.cc:209) Log-like per frame for utterance PN00M03U050 is -2.82509 over 630 frames.
PN00M03U051 panj chaar ikk chhe tinn ikk satt 
LOG (sgmm2-latgen-faster[5.3]:DecodeUtteranceLatticeFaster():decoder-wrappers.cc:286) Log-like per frame for utterance PN00M03U051 is -2.83651 over 629 frames.
LOG (sgmm2-latgen-faster[5.3]:main():sgmm2-latgen-faster.cc:209) Log-like per frame for utterance PN00M03U051 is -2.83651 over 629 frames.
PN00M03U052 satt ikk athth tinn satt tinn athth 
LOG (sgmm2-latgen-faster[5.3]:DecodeUtteranceLatticeFaster():decoder-wrappers.cc:286) Log-like per frame for utterance PN00M03U052 is -2.9234 over 632 frames.
LOG (sgmm2-latgen-faster[5.3]:main():sgmm2-latgen-faster.cc:209) Log-like per frame for utterance PN00M03U052 is -2.9234 over 632 frames.
PN00M03U053 athth naun naun chaar naun panj do 
LOG (sgmm2-latgen-faster[5.3]:DecodeUtteranceLatticeFaster():decoder-wrappers.cc:286) Log-like per frame for utterance PN00M03U053 is -2.91906 over 653 frames.
LOG (sgmm2-latgen-faster[5.3]:main():sgmm2-latgen-faster.cc:209) Log-like per frame for utterance PN00M03U053 is -2.91906 over 653 frames.
PN00M03U054 do satt chhe do athth panj tinn 
LOG (sgmm2-latgen-faster[5.3]:DecodeUtteranceLatticeFaster():decoder-wrappers.cc:286) Log-like per frame for utterance PN00M03U054 is -3.10129 over 651 frames.
LOG (sgmm2-latgen-faster[5.3]:main():sgmm2-latgen-faster.cc:209) Log-like per frame for utterance PN00M03U054 is -3.10129 over 651 frames.
PN00M03U055 tinn naun satt chaar do ikk ikk 
LOG (sgmm2-latgen-faster[5.3]:DecodeUtteranceLatticeFaster():decoder-wrappers.cc:286) Log-like per frame for utterance PN00M03U055 is -2.89499 over 654 frames.
LOG (sgmm2-latgen-faster[5.3]:main():sgmm2-latgen-faster.cc:209) Log-like per frame for utterance PN00M03U055 is -2.89499 over 654 frames.
PN00M03U056 ikk do naun sifar ikk do do 
LOG (sgmm2-latgen-faster[5.3]:DecodeUtteranceLatticeFaster():decoder-wrappers.cc:286) Log-like per frame for utterance PN00M03U056 is -2.97566 over 629 frames.
LOG (sgmm2-latgen-faster[5.3]:main():sgmm2-latgen-faster.cc:209) Log-like per frame for utterance PN00M03U056 is -2.97566 over 629 frames.
PN00M03U057 do tinn do tinn tinn chaar tinn 
LOG (sgmm2-latgen-faster[5.3]:DecodeUtteranceLatticeFaster():decoder-wrappers.cc:286) Log-like per frame for utterance PN00M03U057 is -3.30351 over 623 frames.
LOG (sgmm2-latgen-faster[5.3]:main():sgmm2-latgen-faster.cc:209) Log-like per frame for utterance PN00M03U057 is -3.30351 over 623 frames.
PN00M03U058 tinn chaar chaar panj panj chhe chaar 
LOG (sgmm2-latgen-faster[5.3]:DecodeUtteranceLatticeFaster():decoder-wrappers.cc:286) Log-like per frame for utterance PN00M03U058 is -3.05653 over 622 frames.
LOG (sgmm2-latgen-faster[5.3]:main():sgmm2-latgen-faster.cc:209) Log-like per frame for utterance PN00M03U058 is -3.05653 over 622 frames.
PN00M03U059 athth athth athth sifar sifar sifar sifar 
LOG (sgmm2-latgen-faster[5.3]:DecodeUtteranceLatticeFaster():decoder-wrappers.cc:286) Log-like per frame for utterance PN00M03U059 is -3.23155 over 625 frames.
LOG (sgmm2-latgen-faster[5.3]:main():sgmm2-latgen-faster.cc:209) Log-like per frame for utterance PN00M03U059 is -3.23155 over 625 frames.
PN00M03U060 athth chhe satt athth athth naun sifar 
LOG (sgmm2-latgen-faster[5.3]:DecodeUtteranceLatticeFaster():decoder-wrappers.cc:286) Log-like per frame for utterance PN00M03U060 is -3.37151 over 628 frames.
LOG (sgmm2-latgen-faster[5.3]:main():sgmm2-latgen-faster.cc:209) Log-like per frame for utterance PN00M03U060 is -3.37151 over 628 frames.
PN00M03U061 sifar naun naun athth satt chhe panj 
LOG (sgmm2-latgen-faster[5.3]:DecodeUtteranceLatticeFaster():decoder-wrappers.cc:286) Log-like per frame for utterance PN00M03U061 is -2.97338 over 629 frames.
LOG (sgmm2-latgen-faster[5.3]:main():sgmm2-latgen-faster.cc:209) Log-like per frame for utterance PN00M03U061 is -2.97338 over 629 frames.
PN00M03U062 panj chaar tinn do ikk sifar athth 
LOG (sgmm2-latgen-faster[5.3]:DecodeUtteranceLatticeFaster():decoder-wrappers.cc:286) Log-like per frame for utterance PN00M03U062 is -3.10949 over 630 frames.
LOG (sgmm2-latgen-faster[5.3]:main():sgmm2-latgen-faster.cc:209) Log-like per frame for utterance PN00M03U062 is -3.10949 over 630 frames.
PN00M03U063 athth naun satt panj tinn ikk satt 
LOG (sgmm2-latgen-faster[5.3]:DecodeUtteranceLatticeFaster():decoder-wrappers.cc:286) Log-like per frame for utterance PN00M03U063 is -2.82926 over 629 frames.
LOG (sgmm2-latgen-faster[5.3]:main():sgmm2-latgen-faster.cc:209) Log-like per frame for utterance PN00M03U063 is -2.82926 over 629 frames.
PN00M03U064 satt naun chhe chaar do sifar chhe 
LOG (sgmm2-latgen-faster[5.3]:DecodeUtteranceLatticeFaster():decoder-wrappers.cc:286) Log-like per frame for utterance PN00M03U064 is -3.17161 over 629 frames.
LOG (sgmm2-latgen-faster[5.3]:main():sgmm2-latgen-faster.cc:209) Log-like per frame for utterance PN00M03U064 is -3.17161 over 629 frames.
PN00M03U065 chhe naun panj do panj naun chaar 
LOG (sgmm2-latgen-faster[5.3]:DecodeUtteranceLatticeFaster():decoder-wrappers.cc:286) Log-like per frame for utterance PN00M03U065 is -2.90006 over 629 frames.
LOG (sgmm2-latgen-faster[5.3]:main():sgmm2-latgen-faster.cc:209) Log-like per frame for utterance PN00M03U065 is -2.90006 over 629 frames.
PN00M03U066 chaar ikk chaar naun tinn sifar tinn 
LOG (sgmm2-latgen-faster[5.3]:DecodeUtteranceLatticeFaster():decoder-wrappers.cc:286) Log-like per frame for utterance PN00M03U066 is -2.98724 over 630 frames.
LOG (sgmm2-latgen-faster[5.3]:main():sgmm2-latgen-faster.cc:209) Log-like per frame for utterance PN00M03U066 is -2.98724 over 630 frames.
PN00M03U067 tinn naun do do naun ikk ikk 
LOG (sgmm2-latgen-faster[5.3]:DecodeUtteranceLatticeFaster():decoder-wrappers.cc:286) Log-like per frame for utterance PN00M03U067 is -2.84937 over 627 frames.
LOG (sgmm2-latgen-faster[5.3]:main():sgmm2-latgen-faster.cc:209) Log-like per frame for utterance PN00M03U067 is -2.84937 over 627 frames.
PN00M03U068 ikk naun sifar sifar satt chaar sifar 
LOG (sgmm2-latgen-faster[5.3]:DecodeUtteranceLatticeFaster():decoder-wrappers.cc:286) Log-like per frame for utterance PN00M03U068 is -3.36517 over 630 frames.
LOG (sgmm2-latgen-faster[5.3]:main():sgmm2-latgen-faster.cc:209) Log-like per frame for utterance PN00M03U068 is -3.36517 over 630 frames.
PN00M03U069 sifar ikk athth chhe tinn athth 
LOG (sgmm2-latgen-faster[5.3]:DecodeUtteranceLatticeFaster():decoder-wrappers.cc:286) Log-like per frame for utterance PN00M03U069 is -3.0436 over 629 frames.
LOG (sgmm2-latgen-faster[5.3]:main():sgmm2-latgen-faster.cc:209) Log-like per frame for utterance PN00M03U069 is -3.0436 over 629 frames.
PN00M03U070 athth panj ikk chhe do chhe athth 
LOG (sgmm2-latgen-faster[5.3]:DecodeUtteranceLatticeFaster():decoder-wrappers.cc:286) Log-like per frame for utterance PN00M03U070 is -3.09573 over 630 frames.
LOG (sgmm2-latgen-faster[5.3]:main():sgmm2-latgen-faster.cc:209) Log-like per frame for utterance PN00M03U070 is -3.09573 over 630 frames.
PN00M03U071 athth chaar panj athth tinn chaar athth 
LOG (sgmm2-latgen-faster[5.3]:DecodeUtteranceLatticeFaster():decoder-wrappers.cc:286) Log-like per frame for utterance PN00M03U071 is -3.03405 over 630 frames.
LOG (sgmm2-latgen-faster[5.3]:main():sgmm2-latgen-faster.cc:209) Log-like per frame for utterance PN00M03U071 is -3.03405 over 630 frames.
PN00M03U072 athth do tinn satt tinn chhe ikk 
LOG (sgmm2-latgen-faster[5.3]:DecodeUtteranceLatticeFaster():decoder-wrappers.cc:286) Log-like per frame for utterance PN00M03U072 is -2.96707 over 629 frames.
LOG (sgmm2-latgen-faster[5.3]:main():sgmm2-latgen-faster.cc:209) Log-like per frame for utterance PN00M03U072 is -2.96707 over 629 frames.
PN00M03U073 ikk panj sifar panj chhe satt do 
LOG (sgmm2-latgen-faster[5.3]:DecodeUtteranceLatticeFaster():decoder-wrappers.cc:286) Log-like per frame for utterance PN00M03U073 is -3.01624 over 630 frames.
LOG (sgmm2-latgen-faster[5.3]:main():sgmm2-latgen-faster.cc:209) Log-like per frame for utterance PN00M03U073 is -3.01624 over 630 frames.
PN00M03U074 do athth ikk tinn panj panj satt 
LOG (sgmm2-latgen-faster[5.3]:DecodeUtteranceLatticeFaster():decoder-wrappers.cc:286) Log-like per frame for utterance PN00M03U074 is -3.17979 over 630 frames.
LOG (sgmm2-latgen-faster[5.3]:main():sgmm2-latgen-faster.cc:209) Log-like per frame for utterance PN00M03U074 is -3.17979 over 630 frames.
LOG (apply-cmvn[5.3]:main():apply-cmvn.cc:162) Applied cepstral mean normalization to 80 utterances, errors on 0
PN00M03U075 satt ikk do satt sifar do chaar 
LOG (sgmm2-latgen-faster[5.3]:DecodeUtteranceLatticeFaster():decoder-wrappers.cc:286) Log-like per frame for utterance PN00M03U075 is -3.33609 over 630 frames.
LOG (sgmm2-latgen-faster[5.3]:main():sgmm2-latgen-faster.cc:209) Log-like per frame for utterance PN00M03U075 is -3.33609 over 630 frames.
LOG (copy-gselect[5.3]:main():copy-gselect.cc:71) Copied 80 gselect objects,  limiting sizes to 3
PN00M03U076 chaar satt athth sifar ikk do tinn 
LOG (sgmm2-latgen-faster[5.3]:DecodeUtteranceLatticeFaster():decoder-wrappers.cc:286) Log-like per frame for utterance PN00M03U076 is -3.19099 over 620 frames.
LOG (sgmm2-latgen-faster[5.3]:main():sgmm2-latgen-faster.cc:209) Log-like per frame for utterance PN00M03U076 is -3.19099 over 620 frames.
PN00M03U077 tinn tinn chaar chhe sifar chaar chaar 
LOG (sgmm2-latgen-faster[5.3]:DecodeUtteranceLatticeFaster():decoder-wrappers.cc:286) Log-like per frame for utterance PN00M03U077 is -3.16363 over 624 frames.
LOG (sgmm2-latgen-faster[5.3]:main():sgmm2-latgen-faster.cc:209) Log-like per frame for utterance PN00M03U077 is -3.16363 over 624 frames.
PN00M03U078 chaar panj chhe chhe satt satt athth 
LOG (sgmm2-latgen-faster[5.3]:DecodeUtteranceLatticeFaster():decoder-wrappers.cc:286) Log-like per frame for utterance PN00M03U078 is -3.24278 over 627 frames.
LOG (sgmm2-latgen-faster[5.3]:main():sgmm2-latgen-faster.cc:209) Log-like per frame for utterance PN00M03U078 is -3.24278 over 627 frames.
LOG (transform-feats[5.3]:main():transform-feats.cc:158) Overall average [pseudo-]logdet is -54.2093 over 50402 frames.
LOG (transform-feats[5.3]:main():transform-feats.cc:161) Applied transform to 80 utterances; 0 had errors.
PN00M03U079 naun naun ikk tinn panj satt naun 
LOG (sgmm2-latgen-faster[5.3]:DecodeUtteranceLatticeFaster():decoder-wrappers.cc:286) Log-like per frame for utterance PN00M03U079 is -3.0372 over 629 frames.
LOG (sgmm2-latgen-faster[5.3]:main():sgmm2-latgen-faster.cc:209) Log-like per frame for utterance PN00M03U079 is -3.0372 over 629 frames.
LOG (transform-feats[5.3]:main():transform-feats.cc:158) Overall average logdet is 4.98014 over 50402 frames.
LOG (transform-feats[5.3]:main():transform-feats.cc:161) Applied transform to 80 utterances; 0 had errors.
PN00M03U080 do chhe naun ikk do chaar tinn 
LOG (sgmm2-latgen-faster[5.3]:DecodeUtteranceLatticeFaster():decoder-wrappers.cc:286) Log-like per frame for utterance PN00M03U080 is -2.95962 over 629 frames.
LOG (sgmm2-latgen-faster[5.3]:main():sgmm2-latgen-faster.cc:209) Log-like per frame for utterance PN00M03U080 is -2.95962 over 629 frames.
LOG (sgmm2-latgen-faster[5.3]:main():sgmm2-latgen-faster.cc:252) Time taken [excluding initialization] 67.6094s: real-time factor assuming 100 frames/sec is 0.13414
LOG (sgmm2-latgen-faster[5.3]:main():sgmm2-latgen-faster.cc:255) Done 80 utterances, failed for 0
LOG (sgmm2-latgen-faster[5.3]:main():sgmm2-latgen-faster.cc:257) Overall log-likelihood per frame = -3.05027 over 50402 frames.
# Accounting: time=67 threads=1
# Ended (code 0) at Tue Dec 18 12:08:10 IST 2018, elapsed time 67 seconds
