# sgmm2-latgen-faster --max-active=7000 --beam=13.0 --lattice-beam=6.0 --acoustic-scale=0.1 --determinize-lattice=false --allow-partial=true --word-symbol-table=exp/sgmm/graph/words.txt --max-mem=50000000 "--gselect=ark,s,cs:gunzip -c exp/sgmm/decode/gselect.2.gz| copy-gselect --n=3 ark:- ark:- |" exp/sgmm/final.alimdl exp/sgmm/graph/HCLG.fst "ark,s,cs:apply-cmvn  --utt2spk=ark:data/test/split4/2/utt2spk scp:data/test/split4/2/cmvn.scp scp:data/test/split4/2/feats.scp ark:- | splice-feats  ark:- ark:- | transform-feats exp/sgmm/final.mat ark:- ark:- | transform-feats --utt2spk=ark:data/test/split4/2/utt2spk ark,s,cs:exp/tri4/decode/trans.2 ark:- ark:- |" "ark:|gzip -c > exp/sgmm/decode/pre_lat.2.gz" 
# Started at Tue Dec 18 12:07:03 IST 2018
#
sgmm2-latgen-faster --max-active=7000 --beam=13.0 --lattice-beam=6.0 --acoustic-scale=0.1 --determinize-lattice=false --allow-partial=true --word-symbol-table=exp/sgmm/graph/words.txt --max-mem=50000000 '--gselect=ark,s,cs:gunzip -c exp/sgmm/decode/gselect.2.gz| copy-gselect --n=3 ark:- ark:- |' exp/sgmm/final.alimdl exp/sgmm/graph/HCLG.fst 'ark,s,cs:apply-cmvn  --utt2spk=ark:data/test/split4/2/utt2spk scp:data/test/split4/2/cmvn.scp scp:data/test/split4/2/feats.scp ark:- | splice-feats  ark:- ark:- | transform-feats exp/sgmm/final.mat ark:- ark:- | transform-feats --utt2spk=ark:data/test/split4/2/utt2spk ark,s,cs:exp/tri4/decode/trans.2 ark:- ark:- |' 'ark:|gzip -c > exp/sgmm/decode/pre_lat.2.gz' 
transform-feats exp/sgmm/final.mat ark:- ark:- 
apply-cmvn --utt2spk=ark:data/test/split4/2/utt2spk scp:data/test/split4/2/cmvn.scp scp:data/test/split4/2/feats.scp ark:- 
transform-feats --utt2spk=ark:data/test/split4/2/utt2spk ark,s,cs:exp/tri4/decode/trans.2 ark:- ark:- 
splice-feats ark:- ark:- 
copy-gselect --n=3 ark:- ark:- 
PN00F04U001 sifar sifar naun athth satt chhe panj 
LOG (sgmm2-latgen-faster[5.3]:DecodeUtteranceLatticeFaster():decoder-wrappers.cc:286) Log-like per frame for utterance PN00F04U001 is -3.24585 over 630 frames.
LOG (sgmm2-latgen-faster[5.3]:main():sgmm2-latgen-faster.cc:209) Log-like per frame for utterance PN00F04U001 is -3.24585 over 630 frames.
PN00F04U002 panj chaar tinn do ikk sifar ikk 
LOG (sgmm2-latgen-faster[5.3]:DecodeUtteranceLatticeFaster():decoder-wrappers.cc:286) Log-like per frame for utterance PN00F04U002 is -2.96454 over 630 frames.
LOG (sgmm2-latgen-faster[5.3]:main():sgmm2-latgen-faster.cc:209) Log-like per frame for utterance PN00F04U002 is -2.96454 over 630 frames.
PN00F04U003 ikk naun satt panj tinn ikk do 
LOG (sgmm2-latgen-faster[5.3]:DecodeUtteranceLatticeFaster():decoder-wrappers.cc:286) Log-like per frame for utterance PN00F04U003 is -3.16622 over 630 frames.
LOG (sgmm2-latgen-faster[5.3]:main():sgmm2-latgen-faster.cc:209) Log-like per frame for utterance PN00F04U003 is -3.16622 over 630 frames.
PN00F04U004 do naun chhe chaar do sifar tinn 
LOG (sgmm2-latgen-faster[5.3]:DecodeUtteranceLatticeFaster():decoder-wrappers.cc:286) Log-like per frame for utterance PN00F04U004 is -3.02476 over 629 frames.
LOG (sgmm2-latgen-faster[5.3]:main():sgmm2-latgen-faster.cc:209) Log-like per frame for utterance PN00F04U004 is -3.02476 over 629 frames.
PN00F04U005 tinn naun panj do chaar naun chaar 
LOG (sgmm2-latgen-faster[5.3]:DecodeUtteranceLatticeFaster():decoder-wrappers.cc:286) Log-like per frame for utterance PN00F04U005 is -2.99671 over 630 frames.
LOG (sgmm2-latgen-faster[5.3]:main():sgmm2-latgen-faster.cc:209) Log-like per frame for utterance PN00F04U005 is -2.99671 over 630 frames.
PN00F04U006 chaar ikk panj naun tinn sifar chhe 
LOG (sgmm2-latgen-faster[5.3]:DecodeUtteranceLatticeFaster():decoder-wrappers.cc:286) Log-like per frame for utterance PN00F04U006 is -2.91971 over 630 frames.
LOG (sgmm2-latgen-faster[5.3]:main():sgmm2-latgen-faster.cc:209) Log-like per frame for utterance PN00F04U006 is -2.91971 over 630 frames.
PN00F04U007 chhe naun do satt naun ikk athth 
LOG (sgmm2-latgen-faster[5.3]:DecodeUtteranceLatticeFaster():decoder-wrappers.cc:286) Log-like per frame for utterance PN00F04U007 is -3.00635 over 630 frames.
LOG (sgmm2-latgen-faster[5.3]:main():sgmm2-latgen-faster.cc:209) Log-like per frame for utterance PN00F04U007 is -3.00635 over 630 frames.
PN00F04U008 athth naun sifar athth chhe tinn chaar 
LOG (sgmm2-latgen-faster[5.3]:DecodeUtteranceLatticeFaster():decoder-wrappers.cc:286) Log-like per frame for utterance PN00F04U008 is -3.001 over 629 frames.
LOG (sgmm2-latgen-faster[5.3]:main():sgmm2-latgen-faster.cc:209) Log-like per frame for utterance PN00F04U008 is -3.001 over 629 frames.
PN00F04U009 chaar sifar satt chaar athth panj ikk 
LOG (sgmm2-latgen-faster[5.3]:DecodeUtteranceLatticeFaster():decoder-wrappers.cc:286) Log-like per frame for utterance PN00F04U009 is -3.13511 over 630 frames.
LOG (sgmm2-latgen-faster[5.3]:main():sgmm2-latgen-faster.cc:209) Log-like per frame for utterance PN00F04U009 is -3.13511 over 630 frames.
PN00F04U010 ikk satt tinn tinn athth chaar chaar 
LOG (sgmm2-latgen-faster[5.3]:DecodeUtteranceLatticeFaster():decoder-wrappers.cc:286) Log-like per frame for utterance PN00F04U010 is -3.31456 over 630 frames.
LOG (sgmm2-latgen-faster[5.3]:main():sgmm2-latgen-faster.cc:209) Log-like per frame for utterance PN00F04U010 is -3.31456 over 630 frames.
PN00F04U011 chhe satt do panj athth tinn chhe 
LOG (sgmm2-latgen-faster[5.3]:DecodeUtteranceLatticeFaster():decoder-wrappers.cc:286) Log-like per frame for utterance PN00F04U011 is -3.04605 over 629 frames.
LOG (sgmm2-latgen-faster[5.3]:main():sgmm2-latgen-faster.cc:209) Log-like per frame for utterance PN00F04U011 is -3.04605 over 629 frames.
PN00F04U012 chhe athth do athth ikk chhe do 
LOG (sgmm2-latgen-faster[5.3]:DecodeUtteranceLatticeFaster():decoder-wrappers.cc:286) Log-like per frame for utterance PN00F04U012 is -2.94856 over 630 frames.
LOG (sgmm2-latgen-faster[5.3]:main():sgmm2-latgen-faster.cc:209) Log-like per frame for utterance PN00F04U012 is -2.94856 over 630 frames.
PN00F04U013 do chhe ikk do tinn satt ikk 
LOG (sgmm2-latgen-faster[5.3]:DecodeUtteranceLatticeFaster():decoder-wrappers.cc:286) Log-like per frame for utterance PN00F04U013 is -2.58296 over 630 frames.
LOG (sgmm2-latgen-faster[5.3]:main():sgmm2-latgen-faster.cc:209) Log-like per frame for utterance PN00F04U013 is -2.58296 over 630 frames.
PN00F04U014 ikk chaar chhe sifar chaar panj sifar 
LOG (sgmm2-latgen-faster[5.3]:DecodeUtteranceLatticeFaster():decoder-wrappers.cc:286) Log-like per frame for utterance PN00F04U014 is -3.01847 over 630 frames.
LOG (sgmm2-latgen-faster[5.3]:main():sgmm2-latgen-faster.cc:209) Log-like per frame for utterance PN00F04U014 is -3.01847 over 630 frames.
PN00F04U015 sifar panj satt sifar do do tinn 
LOG (sgmm2-latgen-faster[5.3]:DecodeUtteranceLatticeFaster():decoder-wrappers.cc:286) Log-like per frame for utterance PN00F04U015 is -2.87984 over 630 frames.
LOG (sgmm2-latgen-faster[5.3]:main():sgmm2-latgen-faster.cc:209) Log-like per frame for utterance PN00F04U015 is -2.87984 over 630 frames.
PN00F04U016 tinn panj chhe satt athth sifar ikk 
LOG (sgmm2-latgen-faster[5.3]:DecodeUtteranceLatticeFaster():decoder-wrappers.cc:286) Log-like per frame for utterance PN00F04U016 is -2.93111 over 629 frames.
LOG (sgmm2-latgen-faster[5.3]:main():sgmm2-latgen-faster.cc:209) Log-like per frame for utterance PN00F04U016 is -2.93111 over 629 frames.
PN00F04U017 ikk tinn chaar panj panj chhe chhe 
LOG (sgmm2-latgen-faster[5.3]:DecodeUtteranceLatticeFaster():decoder-wrappers.cc:286) Log-like per frame for utterance PN00F04U017 is -2.91603 over 630 frames.
LOG (sgmm2-latgen-faster[5.3]:main():sgmm2-latgen-faster.cc:209) Log-like per frame for utterance PN00F04U017 is -2.91603 over 630 frames.
PN00F04U018 chhe satt satt athth athth naun naun 
LOG (sgmm2-latgen-faster[5.3]:DecodeUtteranceLatticeFaster():decoder-wrappers.cc:286) Log-like per frame for utterance PN00F04U018 is -2.8531 over 630 frames.
LOG (sgmm2-latgen-faster[5.3]:main():sgmm2-latgen-faster.cc:209) Log-like per frame for utterance PN00F04U018 is -2.8531 over 630 frames.
PN00F04U019 naun sifar ikk ikk do ikk satt 
LOG (sgmm2-latgen-faster[5.3]:DecodeUtteranceLatticeFaster():decoder-wrappers.cc:286) Log-like per frame for utterance PN00F04U019 is -3.20507 over 630 frames.
LOG (sgmm2-latgen-faster[5.3]:main():sgmm2-latgen-faster.cc:209) Log-like per frame for utterance PN00F04U019 is -3.20507 over 630 frames.
PN00F04U020 satt naun ikk tinn panj satt naun 
LOG (sgmm2-latgen-faster[5.3]:DecodeUtteranceLatticeFaster():decoder-wrappers.cc:286) Log-like per frame for utterance PN00F04U020 is -2.84799 over 630 frames.
LOG (sgmm2-latgen-faster[5.3]:main():sgmm2-latgen-faster.cc:209) Log-like per frame for utterance PN00F04U020 is -2.84799 over 630 frames.
PN00F04U021 sifar sifar ikk do tinn chaar panj 
LOG (sgmm2-latgen-faster[5.3]:DecodeUtteranceLatticeFaster():decoder-wrappers.cc:286) Log-like per frame for utterance PN00F04U021 is -3.04234 over 630 frames.
LOG (sgmm2-latgen-faster[5.3]:main():sgmm2-latgen-faster.cc:209) Log-like per frame for utterance PN00F04U021 is -3.04234 over 630 frames.
PN00F04U022 panj chhe satt athth naun ikk sifar 
LOG (sgmm2-latgen-faster[5.3]:DecodeUtteranceLatticeFaster():decoder-wrappers.cc:286) Log-like per frame for utterance PN00F04U022 is -2.99008 over 630 frames.
LOG (sgmm2-latgen-faster[5.3]:main():sgmm2-latgen-faster.cc:209) Log-like per frame for utterance PN00F04U022 is -2.99008 over 630 frames.
PN00F04U023 sifar do chaar chhe athth do sifar 
LOG (sgmm2-latgen-faster[5.3]:DecodeUtteranceLatticeFaster():decoder-wrappers.cc:286) Log-like per frame for utterance PN00F04U023 is -2.93946 over 629 frames.
LOG (sgmm2-latgen-faster[5.3]:main():sgmm2-latgen-faster.cc:209) Log-like per frame for utterance PN00F04U023 is -2.93946 over 629 frames.
PN00F04U024 sifar tinn panj satt naun tinn sifar 
LOG (sgmm2-latgen-faster[5.3]:DecodeUtteranceLatticeFaster():decoder-wrappers.cc:286) Log-like per frame for utterance PN00F04U024 is -3.27595 over 630 frames.
LOG (sgmm2-latgen-faster[5.3]:main():sgmm2-latgen-faster.cc:209) Log-like per frame for utterance PN00F04U024 is -3.27595 over 630 frames.
PN00F04U025 sifar chaar satt chaar sifar panj athth 
LOG (sgmm2-latgen-faster[5.3]:DecodeUtteranceLatticeFaster():decoder-wrappers.cc:286) Log-like per frame for utterance PN00F04U025 is -3.16842 over 630 frames.
LOG (sgmm2-latgen-faster[5.3]:main():sgmm2-latgen-faster.cc:209) Log-like per frame for utterance PN00F04U025 is -3.16842 over 630 frames.
PN00F04U026 athth panj sifar chhe naun chhe sifar 
LOG (sgmm2-latgen-faster[5.3]:DecodeUtteranceLatticeFaster():decoder-wrappers.cc:286) Log-like per frame for utterance PN00F04U026 is -3.12315 over 630 frames.
LOG (sgmm2-latgen-faster[5.3]:main():sgmm2-latgen-faster.cc:209) Log-like per frame for utterance PN00F04U026 is -3.12315 over 630 frames.
PN00F04U027 sifar satt satt sifar athth athth sifar 
LOG (sgmm2-latgen-faster[5.3]:DecodeUtteranceLatticeFaster():decoder-wrappers.cc:286) Log-like per frame for utterance PN00F04U027 is -3.17664 over 630 frames.
LOG (sgmm2-latgen-faster[5.3]:main():sgmm2-latgen-faster.cc:209) Log-like per frame for utterance PN00F04U027 is -3.17664 over 630 frames.
PN00F04U028 sifar naun naun sifar ikk ikk tinn 
LOG (sgmm2-latgen-faster[5.3]:DecodeUtteranceLatticeFaster():decoder-wrappers.cc:286) Log-like per frame for utterance PN00F04U028 is -3.01335 over 630 frames.
LOG (sgmm2-latgen-faster[5.3]:main():sgmm2-latgen-faster.cc:209) Log-like per frame for utterance PN00F04U028 is -3.01335 over 630 frames.
PN00F04U029 tinn chhe ikk chaar athth ikk panj 
LOG (sgmm2-latgen-faster[5.3]:DecodeUtteranceLatticeFaster():decoder-wrappers.cc:286) Log-like per frame for utterance PN00F04U029 is -2.9725 over 630 frames.
LOG (sgmm2-latgen-faster[5.3]:main():sgmm2-latgen-faster.cc:209) Log-like per frame for utterance PN00F04U029 is -2.9725 over 630 frames.
PN00F04U030 panj naun do panj chaar ikk chhe 
LOG (sgmm2-latgen-faster[5.3]:DecodeUtteranceLatticeFaster():decoder-wrappers.cc:286) Log-like per frame for utterance PN00F04U030 is -2.87741 over 630 frames.
LOG (sgmm2-latgen-faster[5.3]:main():sgmm2-latgen-faster.cc:209) Log-like per frame for utterance PN00F04U030 is -2.87741 over 630 frames.
PN00F04U031 chhe panj ikk satt chhe do chhe 
LOG (sgmm2-latgen-faster[5.3]:DecodeUtteranceLatticeFaster():decoder-wrappers.cc:286) Log-like per frame for utterance PN00F04U031 is -2.9585 over 629 frames.
LOG (sgmm2-latgen-faster[5.3]:main():sgmm2-latgen-faster.cc:209) Log-like per frame for utterance PN00F04U031 is -2.9585 over 629 frames.
PN00F04U032 chhe tinn satt ikk athth tinn athth 
LOG (sgmm2-latgen-faster[5.3]:DecodeUtteranceLatticeFaster():decoder-wrappers.cc:286) Log-like per frame for utterance PN00F04U032 is -2.97227 over 630 frames.
LOG (sgmm2-latgen-faster[5.3]:main():sgmm2-latgen-faster.cc:209) Log-like per frame for utterance PN00F04U032 is -2.97227 over 630 frames.
PN00F04U033 athth naun chaar naun panj do ikk 
LOG (sgmm2-latgen-faster[5.3]:DecodeUtteranceLatticeFaster():decoder-wrappers.cc:286) Log-like per frame for utterance PN00F04U033 is -2.79661 over 630 frames.
LOG (sgmm2-latgen-faster[5.3]:main():sgmm2-latgen-faster.cc:209) Log-like per frame for utterance PN00F04U033 is -2.79661 over 630 frames.
PN00F04U034 ikk naun satt do satt panj tinn 
LOG (sgmm2-latgen-faster[5.3]:DecodeUtteranceLatticeFaster():decoder-wrappers.cc:286) Log-like per frame for utterance PN00F04U034 is -2.88288 over 630 frames.
LOG (sgmm2-latgen-faster[5.3]:main():sgmm2-latgen-faster.cc:209) Log-like per frame for utterance PN00F04U034 is -2.88288 over 630 frames.
PN00F04U035 tinn naun athth satt tinn ikk do 
LOG (sgmm2-latgen-faster[5.3]:DecodeUtteranceLatticeFaster():decoder-wrappers.cc:286) Log-like per frame for utterance PN00F04U035 is -2.87924 over 630 frames.
LOG (sgmm2-latgen-faster[5.3]:main():sgmm2-latgen-faster.cc:209) Log-like per frame for utterance PN00F04U035 is -2.87924 over 630 frames.
PN00F04U036 do do athth chaar do naun sifar 
LOG (sgmm2-latgen-faster[5.3]:DecodeUtteranceLatticeFaster():decoder-wrappers.cc:286) Log-like per frame for utterance PN00F04U036 is -2.81352 over 630 frames.
LOG (sgmm2-latgen-faster[5.3]:main():sgmm2-latgen-faster.cc:209) Log-like per frame for utterance PN00F04U036 is -2.81352 over 630 frames.
PN00F04U037 sifar ikk do tinn do tinn tinn 
LOG (sgmm2-latgen-faster[5.3]:DecodeUtteranceLatticeFaster():decoder-wrappers.cc:286) Log-like per frame for utterance PN00F04U037 is -2.87354 over 630 frames.
LOG (sgmm2-latgen-faster[5.3]:main():sgmm2-latgen-faster.cc:209) Log-like per frame for utterance PN00F04U037 is -2.87354 over 630 frames.
PN00F04U038 tinn chaar tinn chaar chaar panj panj 
LOG (sgmm2-latgen-faster[5.3]:DecodeUtteranceLatticeFaster():decoder-wrappers.cc:286) Log-like per frame for utterance PN00F04U038 is -2.82279 over 630 frames.
LOG (sgmm2-latgen-faster[5.3]:main():sgmm2-latgen-faster.cc:209) Log-like per frame for utterance PN00F04U038 is -2.82279 over 630 frames.
PN00F04U039 panj chhe chaar panj chhe chhe satt 
LOG (sgmm2-latgen-faster[5.3]:DecodeUtteranceLatticeFaster():decoder-wrappers.cc:286) Log-like per frame for utterance PN00F04U039 is -2.91376 over 630 frames.
LOG (sgmm2-latgen-faster[5.3]:main():sgmm2-latgen-faster.cc:209) Log-like per frame for utterance PN00F04U039 is -2.91376 over 630 frames.
PN00F04U040 satt athth chhe satt ikk do chaar 
LOG (sgmm2-latgen-faster[5.3]:DecodeUtteranceLatticeFaster():decoder-wrappers.cc:286) Log-like per frame for utterance PN00F04U040 is -2.92801 over 629 frames.
LOG (sgmm2-latgen-faster[5.3]:main():sgmm2-latgen-faster.cc:209) Log-like per frame for utterance PN00F04U040 is -2.92801 over 629 frames.
PN00F04U041 sifar naun sifar ikk do tinn chaar 
LOG (sgmm2-latgen-faster[5.3]:DecodeUtteranceLatticeFaster():decoder-wrappers.cc:286) Log-like per frame for utterance PN00F04U041 is -3.04851 over 630 frames.
LOG (sgmm2-latgen-faster[5.3]:main():sgmm2-latgen-faster.cc:209) Log-like per frame for utterance PN00F04U041 is -3.04851 over 630 frames.
PN00F04U042 chaar panj chhe satt athth naun athth 
LOG (sgmm2-latgen-faster[5.3]:DecodeUtteranceLatticeFaster():decoder-wrappers.cc:286) Log-like per frame for utterance PN00F04U042 is -2.94637 over 630 frames.
LOG (sgmm2-latgen-faster[5.3]:main():sgmm2-latgen-faster.cc:209) Log-like per frame for utterance PN00F04U042 is -2.94637 over 630 frames.
PN00F04U043 athth sifar do chaar chhe athth satt 
LOG (sgmm2-latgen-faster[5.3]:DecodeUtteranceLatticeFaster():decoder-wrappers.cc:286) Log-like per frame for utterance PN00F04U043 is -2.86806 over 630 frames.
LOG (sgmm2-latgen-faster[5.3]:main():sgmm2-latgen-faster.cc:209) Log-like per frame for utterance PN00F04U043 is -2.86806 over 630 frames.
PN00F04U044 satt sifar tinn panj satt naun chhe 
LOG (sgmm2-latgen-faster[5.3]:DecodeUtteranceLatticeFaster():decoder-wrappers.cc:286) Log-like per frame for utterance PN00F04U044 is -3.25159 over 630 frames.
LOG (sgmm2-latgen-faster[5.3]:main():sgmm2-latgen-faster.cc:209) Log-like per frame for utterance PN00F04U044 is -3.25159 over 630 frames.
PN00F04U045 chhe sifar chaar satt panj sifar panj 
LOG (sgmm2-latgen-faster[5.3]:DecodeUtteranceLatticeFaster():decoder-wrappers.cc:286) Log-like per frame for utterance PN00F04U045 is -3.10935 over 630 frames.
LOG (sgmm2-latgen-faster[5.3]:main():sgmm2-latgen-faster.cc:209) Log-like per frame for utterance PN00F04U045 is -3.10935 over 630 frames.
PN00F04U046 panj athth chaar sifar chhe naun tinn 
LOG (sgmm2-latgen-faster[5.3]:DecodeUtteranceLatticeFaster():decoder-wrappers.cc:286) Log-like per frame for utterance PN00F04U046 is -2.88207 over 630 frames.
LOG (sgmm2-latgen-faster[5.3]:main():sgmm2-latgen-faster.cc:209) Log-like per frame for utterance PN00F04U046 is -2.88207 over 630 frames.
PN00F04U047 tinn sifar satt do sifar athth ikk 
LOG (sgmm2-latgen-faster[5.3]:DecodeUtteranceLatticeFaster():decoder-wrappers.cc:286) Log-like per frame for utterance PN00F04U047 is -3.13281 over 630 frames.
LOG (sgmm2-latgen-faster[5.3]:main():sgmm2-latgen-faster.cc:209) Log-like per frame for utterance PN00F04U047 is -3.13281 over 630 frames.
PN00F04U048 ikk sifar sifar ikk naun ikk tinn 
LOG (sgmm2-latgen-faster[5.3]:DecodeUtteranceLatticeFaster():decoder-wrappers.cc:286) Log-like per frame for utterance PN00F04U048 is -3.1778 over 630 frames.
LOG (sgmm2-latgen-faster[5.3]:main():sgmm2-latgen-faster.cc:209) Log-like per frame for utterance PN00F04U048 is -3.1778 over 630 frames.
PN00F04U049 tinn chhe ikk chaar athth do panj 
LOG (sgmm2-latgen-faster[5.3]:DecodeUtteranceLatticeFaster():decoder-wrappers.cc:286) Log-like per frame for utterance PN00F04U049 is -2.79632 over 630 frames.
LOG (sgmm2-latgen-faster[5.3]:main():sgmm2-latgen-faster.cc:209) Log-like per frame for utterance PN00F04U049 is -2.79632 over 630 frames.
PN00F04U050 panj naun do chhe panj ikk panj 
LOG (sgmm2-latgen-faster[5.3]:DecodeUtteranceLatticeFaster():decoder-wrappers.cc:286) Log-like per frame for utterance PN00F04U050 is -2.88878 over 630 frames.
LOG (sgmm2-latgen-faster[5.3]:main():sgmm2-latgen-faster.cc:209) Log-like per frame for utterance PN00F04U050 is -2.88878 over 630 frames.
PN00F04U051 panj chaar ikk chhe tinn ikk satt 
LOG (sgmm2-latgen-faster[5.3]:DecodeUtteranceLatticeFaster():decoder-wrappers.cc:286) Log-like per frame for utterance PN00F04U051 is -3.01828 over 630 frames.
LOG (sgmm2-latgen-faster[5.3]:main():sgmm2-latgen-faster.cc:209) Log-like per frame for utterance PN00F04U051 is -3.01828 over 630 frames.
PN00F04U052 satt ikk athth tinn satt tinn athth 
LOG (sgmm2-latgen-faster[5.3]:DecodeUtteranceLatticeFaster():decoder-wrappers.cc:286) Log-like per frame for utterance PN00F04U052 is -3.11938 over 630 frames.
LOG (sgmm2-latgen-faster[5.3]:main():sgmm2-latgen-faster.cc:209) Log-like per frame for utterance PN00F04U052 is -3.11938 over 630 frames.
PN00F04U053 athth naun naun chaar naun panj do 
LOG (sgmm2-latgen-faster[5.3]:DecodeUtteranceLatticeFaster():decoder-wrappers.cc:286) Log-like per frame for utterance PN00F04U053 is -2.70296 over 630 frames.
LOG (sgmm2-latgen-faster[5.3]:main():sgmm2-latgen-faster.cc:209) Log-like per frame for utterance PN00F04U053 is -2.70296 over 630 frames.
PN00F04U054 do satt chhe do athth panj tinn 
LOG (sgmm2-latgen-faster[5.3]:DecodeUtteranceLatticeFaster():decoder-wrappers.cc:286) Log-like per frame for utterance PN00F04U054 is -2.73652 over 630 frames.
LOG (sgmm2-latgen-faster[5.3]:main():sgmm2-latgen-faster.cc:209) Log-like per frame for utterance PN00F04U054 is -2.73652 over 630 frames.
PN00F04U055 tinn naun satt chaar do ikk ikk 
LOG (sgmm2-latgen-faster[5.3]:DecodeUtteranceLatticeFaster():decoder-wrappers.cc:286) Log-like per frame for utterance PN00F04U055 is -2.78525 over 630 frames.
LOG (sgmm2-latgen-faster[5.3]:main():sgmm2-latgen-faster.cc:209) Log-like per frame for utterance PN00F04U055 is -2.78525 over 630 frames.
PN00F04U056 ikk do naun sifar ikk do do 
LOG (sgmm2-latgen-faster[5.3]:DecodeUtteranceLatticeFaster():decoder-wrappers.cc:286) Log-like per frame for utterance PN00F04U056 is -2.75103 over 630 frames.
LOG (sgmm2-latgen-faster[5.3]:main():sgmm2-latgen-faster.cc:209) Log-like per frame for utterance PN00F04U056 is -2.75103 over 630 frames.
PN00F04U057 do tinn do tinn tinn chaar tinn 
LOG (sgmm2-latgen-faster[5.3]:DecodeUtteranceLatticeFaster():decoder-wrappers.cc:286) Log-like per frame for utterance PN00F04U057 is -2.67773 over 630 frames.
LOG (sgmm2-latgen-faster[5.3]:main():sgmm2-latgen-faster.cc:209) Log-like per frame for utterance PN00F04U057 is -2.67773 over 630 frames.
PN00F04U058 tinn chaar chaar panj panj chhe chaar 
LOG (sgmm2-latgen-faster[5.3]:DecodeUtteranceLatticeFaster():decoder-wrappers.cc:286) Log-like per frame for utterance PN00F04U058 is -2.82736 over 630 frames.
LOG (sgmm2-latgen-faster[5.3]:main():sgmm2-latgen-faster.cc:209) Log-like per frame for utterance PN00F04U058 is -2.82736 over 630 frames.
PN00F04U059 athth athth athth sifar sifar sifar sifar 
LOG (sgmm2-latgen-faster[5.3]:DecodeUtteranceLatticeFaster():decoder-wrappers.cc:286) Log-like per frame for utterance PN00F04U059 is -3.06289 over 630 frames.
LOG (sgmm2-latgen-faster[5.3]:main():sgmm2-latgen-faster.cc:209) Log-like per frame for utterance PN00F04U059 is -3.06289 over 630 frames.
PN00F04U060 athth chhe satt athth athth naun sifar 
LOG (sgmm2-latgen-faster[5.3]:DecodeUtteranceLatticeFaster():decoder-wrappers.cc:286) Log-like per frame for utterance PN00F04U060 is -2.89411 over 630 frames.
LOG (sgmm2-latgen-faster[5.3]:main():sgmm2-latgen-faster.cc:209) Log-like per frame for utterance PN00F04U060 is -2.89411 over 630 frames.
PN00F04U061 sifar naun naun athth satt chhe panj 
LOG (sgmm2-latgen-faster[5.3]:DecodeUtteranceLatticeFaster():decoder-wrappers.cc:286) Log-like per frame for utterance PN00F04U061 is -2.80172 over 630 frames.
LOG (sgmm2-latgen-faster[5.3]:main():sgmm2-latgen-faster.cc:209) Log-like per frame for utterance PN00F04U061 is -2.80172 over 630 frames.
PN00F04U062 panj chaar tinn do ikk sifar athth 
LOG (sgmm2-latgen-faster[5.3]:DecodeUtteranceLatticeFaster():decoder-wrappers.cc:286) Log-like per frame for utterance PN00F04U062 is -3.01674 over 629 frames.
LOG (sgmm2-latgen-faster[5.3]:main():sgmm2-latgen-faster.cc:209) Log-like per frame for utterance PN00F04U062 is -3.01674 over 629 frames.
PN00F04U063 athth naun satt panj tinn ikk satt 
LOG (sgmm2-latgen-faster[5.3]:DecodeUtteranceLatticeFaster():decoder-wrappers.cc:286) Log-like per frame for utterance PN00F04U063 is -2.98517 over 630 frames.
LOG (sgmm2-latgen-faster[5.3]:main():sgmm2-latgen-faster.cc:209) Log-like per frame for utterance PN00F04U063 is -2.98517 over 630 frames.
PN00F04U064 satt naun chhe chaar do sifar chhe 
LOG (sgmm2-latgen-faster[5.3]:DecodeUtteranceLatticeFaster():decoder-wrappers.cc:286) Log-like per frame for utterance PN00F04U064 is -2.7861 over 630 frames.
LOG (sgmm2-latgen-faster[5.3]:main():sgmm2-latgen-faster.cc:209) Log-like per frame for utterance PN00F04U064 is -2.7861 over 630 frames.
PN00F04U065 chhe naun panj do panj naun chaar 
LOG (sgmm2-latgen-faster[5.3]:DecodeUtteranceLatticeFaster():decoder-wrappers.cc:286) Log-like per frame for utterance PN00F04U065 is -2.69493 over 630 frames.
LOG (sgmm2-latgen-faster[5.3]:main():sgmm2-latgen-faster.cc:209) Log-like per frame for utterance PN00F04U065 is -2.69493 over 630 frames.
PN00F04U066 chaar ikk chaar naun tinn sifar tinn 
LOG (sgmm2-latgen-faster[5.3]:DecodeUtteranceLatticeFaster():decoder-wrappers.cc:286) Log-like per frame for utterance PN00F04U066 is -2.98996 over 630 frames.
LOG (sgmm2-latgen-faster[5.3]:main():sgmm2-latgen-faster.cc:209) Log-like per frame for utterance PN00F04U066 is -2.98996 over 630 frames.
PN00F04U067 tinn naun do do naun ikk ikk 
LOG (sgmm2-latgen-faster[5.3]:DecodeUtteranceLatticeFaster():decoder-wrappers.cc:286) Log-like per frame for utterance PN00F04U067 is -2.57193 over 630 frames.
LOG (sgmm2-latgen-faster[5.3]:main():sgmm2-latgen-faster.cc:209) Log-like per frame for utterance PN00F04U067 is -2.57193 over 630 frames.
PN00F04U068 ikk naun sifar sifar satt chaar sifar 
LOG (sgmm2-latgen-faster[5.3]:DecodeUtteranceLatticeFaster():decoder-wrappers.cc:286) Log-like per frame for utterance PN00F04U068 is -2.97206 over 630 frames.
LOG (sgmm2-latgen-faster[5.3]:main():sgmm2-latgen-faster.cc:209) Log-like per frame for utterance PN00F04U068 is -2.97206 over 630 frames.
PN00F04U069 sifar ikk athth chhe tinn athth 
LOG (sgmm2-latgen-faster[5.3]:DecodeUtteranceLatticeFaster():decoder-wrappers.cc:286) Log-like per frame for utterance PN00F04U069 is -2.99577 over 630 frames.
LOG (sgmm2-latgen-faster[5.3]:main():sgmm2-latgen-faster.cc:209) Log-like per frame for utterance PN00F04U069 is -2.99577 over 630 frames.
PN00F04U070 athth panj ikk chhe do chhe athth 
LOG (sgmm2-latgen-faster[5.3]:DecodeUtteranceLatticeFaster():decoder-wrappers.cc:286) Log-like per frame for utterance PN00F04U070 is -2.78408 over 629 frames.
LOG (sgmm2-latgen-faster[5.3]:main():sgmm2-latgen-faster.cc:209) Log-like per frame for utterance PN00F04U070 is -2.78408 over 629 frames.
PN00F04U071 athth chaar panj athth tinn chaar athth 
LOG (sgmm2-latgen-faster[5.3]:DecodeUtteranceLatticeFaster():decoder-wrappers.cc:286) Log-like per frame for utterance PN00F04U071 is -2.8975 over 629 frames.
LOG (sgmm2-latgen-faster[5.3]:main():sgmm2-latgen-faster.cc:209) Log-like per frame for utterance PN00F04U071 is -2.8975 over 629 frames.
PN00F04U072 athth do tinn satt tinn chhe ikk 
LOG (sgmm2-latgen-faster[5.3]:DecodeUtteranceLatticeFaster():decoder-wrappers.cc:286) Log-like per frame for utterance PN00F04U072 is -2.80066 over 630 frames.
LOG (sgmm2-latgen-faster[5.3]:main():sgmm2-latgen-faster.cc:209) Log-like per frame for utterance PN00F04U072 is -2.80066 over 630 frames.
PN00F04U073 ikk panj sifar panj chhe satt do 
LOG (sgmm2-latgen-faster[5.3]:DecodeUtteranceLatticeFaster():decoder-wrappers.cc:286) Log-like per frame for utterance PN00F04U073 is -3.20442 over 630 frames.
LOG (sgmm2-latgen-faster[5.3]:main():sgmm2-latgen-faster.cc:209) Log-like per frame for utterance PN00F04U073 is -3.20442 over 630 frames.
PN00F04U074 do athth ikk tinn panj panj satt 
LOG (sgmm2-latgen-faster[5.3]:DecodeUtteranceLatticeFaster():decoder-wrappers.cc:286) Log-like per frame for utterance PN00F04U074 is -3.02196 over 629 frames.
LOG (sgmm2-latgen-faster[5.3]:main():sgmm2-latgen-faster.cc:209) Log-like per frame for utterance PN00F04U074 is -3.02196 over 629 frames.
LOG (apply-cmvn[5.3]:main():apply-cmvn.cc:162) Applied cepstral mean normalization to 80 utterances, errors on 0
PN00F04U075 satt ikk do satt sifar do chaar 
LOG (sgmm2-latgen-faster[5.3]:DecodeUtteranceLatticeFaster():decoder-wrappers.cc:286) Log-like per frame for utterance PN00F04U075 is -2.8817 over 630 frames.
LOG (sgmm2-latgen-faster[5.3]:main():sgmm2-latgen-faster.cc:209) Log-like per frame for utterance PN00F04U075 is -2.8817 over 630 frames.
LOG (copy-gselect[5.3]:main():copy-gselect.cc:71) Copied 80 gselect objects,  limiting sizes to 3
PN00F04U076 chaar satt athth sifar ikk do tinn 
LOG (sgmm2-latgen-faster[5.3]:DecodeUtteranceLatticeFaster():decoder-wrappers.cc:286) Log-like per frame for utterance PN00F04U076 is -2.75973 over 630 frames.
LOG (sgmm2-latgen-faster[5.3]:main():sgmm2-latgen-faster.cc:209) Log-like per frame for utterance PN00F04U076 is -2.75973 over 630 frames.
PN00F04U077 tinn tinn chaar chhe sifar chaar chaar 
LOG (sgmm2-latgen-faster[5.3]:DecodeUtteranceLatticeFaster():decoder-wrappers.cc:286) Log-like per frame for utterance PN00F04U077 is -2.91401 over 630 frames.
LOG (sgmm2-latgen-faster[5.3]:main():sgmm2-latgen-faster.cc:209) Log-like per frame for utterance PN00F04U077 is -2.91401 over 630 frames.
PN00F04U078 chaar panj chhe chhe satt satt athth 
LOG (sgmm2-latgen-faster[5.3]:DecodeUtteranceLatticeFaster():decoder-wrappers.cc:286) Log-like per frame for utterance PN00F04U078 is -3.14296 over 630 frames.
LOG (sgmm2-latgen-faster[5.3]:main():sgmm2-latgen-faster.cc:209) Log-like per frame for utterance PN00F04U078 is -3.14296 over 630 frames.
LOG (transform-feats[5.3]:main():transform-feats.cc:158) Overall average [pseudo-]logdet is -54.2093 over 50389 frames.
LOG (transform-feats[5.3]:main():transform-feats.cc:161) Applied transform to 80 utterances; 0 had errors.
PN00F04U079 naun naun ikk tinn panj satt naun 
LOG (sgmm2-latgen-faster[5.3]:DecodeUtteranceLatticeFaster():decoder-wrappers.cc:286) Log-like per frame for utterance PN00F04U079 is -2.64934 over 630 frames.
LOG (sgmm2-latgen-faster[5.3]:main():sgmm2-latgen-faster.cc:209) Log-like per frame for utterance PN00F04U079 is -2.64934 over 630 frames.
LOG (transform-feats[5.3]:main():transform-feats.cc:158) Overall average logdet is 4.1116 over 50389 frames.
LOG (transform-feats[5.3]:main():transform-feats.cc:161) Applied transform to 80 utterances; 0 had errors.
PN00F04U080 do chhe naun ikk do chaar tinn 
LOG (sgmm2-latgen-faster[5.3]:DecodeUtteranceLatticeFaster():decoder-wrappers.cc:286) Log-like per frame for utterance PN00F04U080 is -2.67522 over 630 frames.
LOG (sgmm2-latgen-faster[5.3]:main():sgmm2-latgen-faster.cc:209) Log-like per frame for utterance PN00F04U080 is -2.67522 over 630 frames.
LOG (sgmm2-latgen-faster[5.3]:main():sgmm2-latgen-faster.cc:252) Time taken [excluding initialization] 67.2351s: real-time factor assuming 100 frames/sec is 0.133432
LOG (sgmm2-latgen-faster[5.3]:main():sgmm2-latgen-faster.cc:255) Done 80 utterances, failed for 0
LOG (sgmm2-latgen-faster[5.3]:main():sgmm2-latgen-faster.cc:257) Overall log-likelihood per frame = -2.94559 over 50389 frames.
# Accounting: time=67 threads=1
# Ended (code 0) at Tue Dec 18 12:08:10 IST 2018, elapsed time 67 seconds
