# sgmm2-gselect --full-gmm-nbest=15 exp/sgmm/final.mdl "ark,s,cs:apply-cmvn  --utt2spk=ark:data/test/split4/1/utt2spk scp:data/test/split4/1/cmvn.scp scp:data/test/split4/1/feats.scp ark:- | splice-feats  ark:- ark:- | transform-feats exp/sgmm/final.mat ark:- ark:- | transform-feats --utt2spk=ark:data/test/split4/1/utt2spk ark,s,cs:exp/tri4/decode/trans.1 ark:- ark:- |" "ark:|gzip -c >exp/sgmm/decode/gselect.1.gz" 
# Started at Tue Dec 18 12:06:51 IST 2018
#
sgmm2-gselect --full-gmm-nbest=15 exp/sgmm/final.mdl 'ark,s,cs:apply-cmvn  --utt2spk=ark:data/test/split4/1/utt2spk scp:data/test/split4/1/cmvn.scp scp:data/test/split4/1/feats.scp ark:- | splice-feats  ark:- ark:- | transform-feats exp/sgmm/final.mat ark:- ark:- | transform-feats --utt2spk=ark:data/test/split4/1/utt2spk ark,s,cs:exp/tri4/decode/trans.1 ark:- ark:- |' 'ark:|gzip -c >exp/sgmm/decode/gselect.1.gz' 
transform-feats exp/sgmm/final.mat ark:- ark:- 
apply-cmvn --utt2spk=ark:data/test/split4/1/utt2spk scp:data/test/split4/1/cmvn.scp scp:data/test/split4/1/feats.scp ark:- 
transform-feats --utt2spk=ark:data/test/split4/1/utt2spk ark,s,cs:exp/tri4/decode/trans.1 ark:- ark:- 
splice-feats ark:- ark:- 
LOG (sgmm2-gselect[5.3]:main():sgmm2-gselect.cc:86) For 0'th file, average UBM likelihood over 630 frames is -46.0666
LOG (sgmm2-gselect[5.3]:main():sgmm2-gselect.cc:86) For 10'th file, average UBM likelihood over 630 frames is -41.0997
LOG (sgmm2-gselect[5.3]:main():sgmm2-gselect.cc:86) For 20'th file, average UBM likelihood over 629 frames is -63.3253
LOG (sgmm2-gselect[5.3]:main():sgmm2-gselect.cc:86) For 30'th file, average UBM likelihood over 630 frames is -42.3941
LOG (sgmm2-gselect[5.3]:main():sgmm2-gselect.cc:86) For 40'th file, average UBM likelihood over 630 frames is -43.2737
LOG (sgmm2-gselect[5.3]:main():sgmm2-gselect.cc:86) For 50'th file, average UBM likelihood over 630 frames is -40.0851
LOG (sgmm2-gselect[5.3]:main():sgmm2-gselect.cc:86) For 60'th file, average UBM likelihood over 630 frames is -42.9023
LOG (sgmm2-gselect[5.3]:main():sgmm2-gselect.cc:86) For 70'th file, average UBM likelihood over 630 frames is -40.6172
LOG (apply-cmvn[5.3]:main():apply-cmvn.cc:162) Applied cepstral mean normalization to 80 utterances, errors on 0
LOG (transform-feats[5.3]:main():transform-feats.cc:158) Overall average [pseudo-]logdet is -54.2093 over 50640 frames.
LOG (transform-feats[5.3]:main():transform-feats.cc:161) Applied transform to 80 utterances; 0 had errors.
LOG (transform-feats[5.3]:main():transform-feats.cc:158) Overall average logdet is 5.33276 over 50640 frames.
LOG (transform-feats[5.3]:main():transform-feats.cc:161) Applied transform to 80 utterances; 0 had errors.
LOG (sgmm2-gselect[5.3]:main():sgmm2-gselect.cc:97) Done 80 files, 0 with errors, average UBM log-likelihood is -41.2154 over 50640 frames.
# Accounting: time=11 threads=1
# Ended (code 0) at Tue Dec 18 12:07:02 IST 2018, elapsed time 11 seconds
