# sgmm2-acc-stats --spk-vecs=ark:exp/sgmm/vecs.1 --utt2spk=ark:data/train/split4/1/utt2spk --update-flags=vMwSctu "--gselect=ark,s,cs:gunzip -c exp/sgmm/gselect.1.gz|" --rand-prune=0.1 exp/sgmm/20.mdl "ark,s,cs:apply-cmvn  --utt2spk=ark:data/train/split4/1/utt2spk scp:data/train/split4/1/cmvn.scp scp:data/train/split4/1/feats.scp ark:- | splice-feats  ark:- ark:- | transform-feats exp/tri4_ali/final.mat ark:- ark:- | transform-feats --utt2spk=ark:data/train/split4/1/utt2spk ark,s,cs:exp/tri4_ali/trans.1 ark:- ark:- |" "ark,s,cs:gunzip -c exp/sgmm/ali.1.gz | ali-to-post ark:- ark:-|" exp/sgmm/20.1.acc 
# Started at Tue Dec 18 11:49:30 IST 2018
#
sgmm2-acc-stats --spk-vecs=ark:exp/sgmm/vecs.1 --utt2spk=ark:data/train/split4/1/utt2spk --update-flags=vMwSctu '--gselect=ark,s,cs:gunzip -c exp/sgmm/gselect.1.gz|' --rand-prune=0.1 exp/sgmm/20.mdl 'ark,s,cs:apply-cmvn  --utt2spk=ark:data/train/split4/1/utt2spk scp:data/train/split4/1/cmvn.scp scp:data/train/split4/1/feats.scp ark:- | splice-feats  ark:- ark:- | transform-feats exp/tri4_ali/final.mat ark:- ark:- | transform-feats --utt2spk=ark:data/train/split4/1/utt2spk ark,s,cs:exp/tri4_ali/trans.1 ark:- ark:- |' 'ark,s,cs:gunzip -c exp/sgmm/ali.1.gz | ali-to-post ark:- ark:-|' exp/sgmm/20.1.acc 
transform-feats --utt2spk=ark:data/train/split4/1/utt2spk ark,s,cs:exp/tri4_ali/trans.1 ark:- ark:- 
transform-feats exp/tri4_ali/final.mat ark:- ark:- 
splice-feats ark:- ark:- 
apply-cmvn --utt2spk=ark:data/train/split4/1/utt2spk scp:data/train/split4/1/cmvn.scp scp:data/train/split4/1/feats.scp ark:- 
ali-to-post ark:- ark:- 
LOG (sgmm2-acc-stats[5.3]:main():sgmm2-acc-stats.cc:194) Processed 50 utterances; for utterance PN00F02U050 avg. like is -29.1934 over 629 frames.
LOG (ali-to-post[5.3]:main():ali-to-post.cc:73) Converted 80 alignments.
LOG (apply-cmvn[5.3]:main():apply-cmvn.cc:162) Applied cepstral mean normalization to 80 utterances, errors on 0
LOG (transform-feats[5.3]:main():transform-feats.cc:158) Overall average [pseudo-]logdet is -54.2093 over 50640 frames.
LOG (transform-feats[5.3]:main():transform-feats.cc:161) Applied transform to 80 utterances; 0 had errors.
LOG (transform-feats[5.3]:main():transform-feats.cc:158) Overall average logdet is 5.10163 over 50640 frames.
LOG (transform-feats[5.3]:main():transform-feats.cc:161) Applied transform to 80 utterances; 0 had errors.
LOG (sgmm2-acc-stats[5.3]:main():sgmm2-acc-stats.cc:203) Overall like per frame (Gaussian only) = -29.4756 over 50640 frames.
LOG (sgmm2-acc-stats[5.3]:main():sgmm2-acc-stats.cc:206) Done 80 files, 0 with errors.
LOG (sgmm2-acc-stats[5.3]:main():sgmm2-acc-stats.cc:215) Written accs.
# Accounting: time=42 threads=1
# Ended (code 0) at Tue Dec 18 11:50:12 IST 2018, elapsed time 42 seconds
