# sgmm2-acc-stats --spk-vecs=ark:exp/sgmm/vecs.2 --utt2spk=ark:data/train/split4/2/utt2spk --update-flags=vMwSctu "--gselect=ark,s,cs:gunzip -c exp/sgmm/gselect.2.gz|" --rand-prune=0.1 exp/sgmm/14.mdl "ark,s,cs:apply-cmvn  --utt2spk=ark:data/train/split4/2/utt2spk scp:data/train/split4/2/cmvn.scp scp:data/train/split4/2/feats.scp ark:- | splice-feats  ark:- ark:- | transform-feats exp/tri4_ali/final.mat ark:- ark:- | transform-feats --utt2spk=ark:data/train/split4/2/utt2spk ark,s,cs:exp/tri4_ali/trans.2 ark:- ark:- |" "ark,s,cs:gunzip -c exp/sgmm/ali.2.gz | ali-to-post ark:- ark:-|" exp/sgmm/14.2.acc 
# Started at Tue Dec 18 11:29:04 IST 2018
#
sgmm2-acc-stats --spk-vecs=ark:exp/sgmm/vecs.2 --utt2spk=ark:data/train/split4/2/utt2spk --update-flags=vMwSctu '--gselect=ark,s,cs:gunzip -c exp/sgmm/gselect.2.gz|' --rand-prune=0.1 exp/sgmm/14.mdl 'ark,s,cs:apply-cmvn  --utt2spk=ark:data/train/split4/2/utt2spk scp:data/train/split4/2/cmvn.scp scp:data/train/split4/2/feats.scp ark:- | splice-feats  ark:- ark:- | transform-feats exp/tri4_ali/final.mat ark:- ark:- | transform-feats --utt2spk=ark:data/train/split4/2/utt2spk ark,s,cs:exp/tri4_ali/trans.2 ark:- ark:- |' 'ark,s,cs:gunzip -c exp/sgmm/ali.2.gz | ali-to-post ark:- ark:-|' exp/sgmm/14.2.acc 
transform-feats exp/tri4_ali/final.mat ark:- ark:- 
splice-feats ark:- ark:- 
apply-cmvn --utt2spk=ark:data/train/split4/2/utt2spk scp:data/train/split4/2/cmvn.scp scp:data/train/split4/2/feats.scp ark:- 
transform-feats --utt2spk=ark:data/train/split4/2/utt2spk ark,s,cs:exp/tri4_ali/trans.2 ark:- ark:- 
ali-to-post ark:- ark:- 
LOG (sgmm2-acc-stats[5.3]:main():sgmm2-acc-stats.cc:194) Processed 50 utterances; for utterance PN00F04U050 avg. like is -27.9165 over 630 frames.
LOG (apply-cmvn[5.3]:main():apply-cmvn.cc:162) Applied cepstral mean normalization to 80 utterances, errors on 0
LOG (ali-to-post[5.3]:main():ali-to-post.cc:73) Converted 80 alignments.
LOG (transform-feats[5.3]:main():transform-feats.cc:158) Overall average [pseudo-]logdet is -54.2093 over 50389 frames.
LOG (transform-feats[5.3]:main():transform-feats.cc:161) Applied transform to 80 utterances; 0 had errors.
LOG (transform-feats[5.3]:main():transform-feats.cc:158) Overall average logdet is 4.00095 over 50389 frames.
LOG (transform-feats[5.3]:main():transform-feats.cc:161) Applied transform to 80 utterances; 0 had errors.
LOG (sgmm2-acc-stats[5.3]:main():sgmm2-acc-stats.cc:203) Overall like per frame (Gaussian only) = -28.3508 over 50389 frames.
LOG (sgmm2-acc-stats[5.3]:main():sgmm2-acc-stats.cc:206) Done 80 files, 0 with errors.
LOG (sgmm2-acc-stats[5.3]:main():sgmm2-acc-stats.cc:215) Written accs.
# Accounting: time=108 threads=1
# Ended (code 0) at Tue Dec 18 11:30:52 IST 2018, elapsed time 108 seconds
