# ali-to-post "ark:gunzip -c exp/sgmm/ali.1.gz|" ark:- | sgmm2-post-to-gpost --spk-vecs=ark:exp/sgmm/vecs.1 "--gselect=ark,s,cs:gunzip -c exp/sgmm/gselect.1.gz|" --utt2spk=ark:data/train/split4/1/utt2spk exp/sgmm/25.mdl "ark,s,cs:apply-cmvn  --utt2spk=ark:data/train/split4/1/utt2spk scp:data/train/split4/1/cmvn.scp scp:data/train/split4/1/feats.scp ark:- | splice-feats  ark:- ark:- | transform-feats exp/tri4_ali/final.mat ark:- ark:- | transform-feats --utt2spk=ark:data/train/split4/1/utt2spk ark,s,cs:exp/tri4_ali/trans.1 ark:- ark:- |" ark,s,cs:- ark:- | sgmm2-acc-stats-gpost --rand-prune=0.1 --update-flags=MwcS exp/sgmm/25.mdl "ark,s,cs:apply-cmvn  --utt2spk=ark:data/train/split4/1/utt2spk scp:data/train/split4/1/cmvn.scp scp:data/train/split4/1/feats.scp ark:- | splice-feats  ark:- ark:- | transform-feats exp/tri4_ali/final.mat ark:- ark:- | transform-feats --utt2spk=ark:data/train/split4/1/utt2spk ark,s,cs:exp/tri4_ali/trans.1 ark:- ark:- |" ark,s,cs:- exp/sgmm/25.1.aliacc 
# Started at Tue Dec 18 12:00:53 IST 2018
#
ali-to-post 'ark:gunzip -c exp/sgmm/ali.1.gz|' ark:- 
sgmm2-acc-stats-gpost --rand-prune=0.1 --update-flags=MwcS exp/sgmm/25.mdl 'ark,s,cs:apply-cmvn  --utt2spk=ark:data/train/split4/1/utt2spk scp:data/train/split4/1/cmvn.scp scp:data/train/split4/1/feats.scp ark:- | splice-feats  ark:- ark:- | transform-feats exp/tri4_ali/final.mat ark:- ark:- | transform-feats --utt2spk=ark:data/train/split4/1/utt2spk ark,s,cs:exp/tri4_ali/trans.1 ark:- ark:- |' ark,s,cs:- exp/sgmm/25.1.aliacc 
transform-feats exp/tri4_ali/final.mat ark:- ark:- 
apply-cmvn --utt2spk=ark:data/train/split4/1/utt2spk scp:data/train/split4/1/cmvn.scp scp:data/train/split4/1/feats.scp ark:- 
transform-feats --utt2spk=ark:data/train/split4/1/utt2spk ark,s,cs:exp/tri4_ali/trans.1 ark:- ark:- 
splice-feats ark:- ark:- 
sgmm2-post-to-gpost --spk-vecs=ark:exp/sgmm/vecs.1 '--gselect=ark,s,cs:gunzip -c exp/sgmm/gselect.1.gz|' --utt2spk=ark:data/train/split4/1/utt2spk exp/sgmm/25.mdl 'ark,s,cs:apply-cmvn  --utt2spk=ark:data/train/split4/1/utt2spk scp:data/train/split4/1/cmvn.scp scp:data/train/split4/1/feats.scp ark:- | splice-feats  ark:- ark:- | transform-feats exp/tri4_ali/final.mat ark:- ark:- | transform-feats --utt2spk=ark:data/train/split4/1/utt2spk ark,s,cs:exp/tri4_ali/trans.1 ark:- ark:- |' ark,s,cs:- ark:- 
transform-feats exp/tri4_ali/final.mat ark:- ark:- 
splice-feats ark:- ark:- 
apply-cmvn --utt2spk=ark:data/train/split4/1/utt2spk scp:data/train/split4/1/cmvn.scp scp:data/train/split4/1/feats.scp ark:- 
transform-feats --utt2spk=ark:data/train/split4/1/utt2spk ark,s,cs:exp/tri4_ali/trans.1 ark:- ark:- 
LOG (sgmm2-post-to-gpost[5.3]:main():sgmm2-post-to-gpost.cc:168) Avg like per frame so far is -28.9502
LOG (sgmm2-post-to-gpost[5.3]:main():sgmm2-post-to-gpost.cc:168) Avg like per frame so far is -29.4371
LOG (sgmm2-post-to-gpost[5.3]:main():sgmm2-post-to-gpost.cc:168) Avg like per frame so far is -29.4462
LOG (sgmm2-post-to-gpost[5.3]:main():sgmm2-post-to-gpost.cc:168) Avg like per frame so far is -29.2922
LOG (sgmm2-post-to-gpost[5.3]:main():sgmm2-post-to-gpost.cc:168) Avg like per frame so far is -29.2372
LOG (sgmm2-acc-stats-gpost[5.3]:main():sgmm2-acc-stats-gpost.cc:160) Processed 50 utterances
LOG (sgmm2-post-to-gpost[5.3]:main():sgmm2-post-to-gpost.cc:168) Avg like per frame so far is -29.1735
LOG (sgmm2-post-to-gpost[5.3]:main():sgmm2-post-to-gpost.cc:168) Avg like per frame so far is -29.1441
LOG (ali-to-post[5.3]:main():ali-to-post.cc:73) Converted 80 alignments.
LOG (apply-cmvn[5.3]:main():apply-cmvn.cc:162) Applied cepstral mean normalization to 80 utterances, errors on 0
LOG (apply-cmvn[5.3]:main():apply-cmvn.cc:162) Applied cepstral mean normalization to 80 utterances, errors on 0
LOG (transform-feats[5.3]:main():transform-feats.cc:158) Overall average [pseudo-]logdet is -54.2093 over 50640 frames.
LOG (transform-feats[5.3]:main():transform-feats.cc:161) Applied transform to 80 utterances; 0 had errors.
LOG (transform-feats[5.3]:main():transform-feats.cc:158) Overall average [pseudo-]logdet is -54.2093 over 50640 frames.
LOG (transform-feats[5.3]:main():transform-feats.cc:161) Applied transform to 80 utterances; 0 had errors.
LOG (transform-feats[5.3]:main():transform-feats.cc:158) Overall average logdet is 5.10163 over 50640 frames.
LOG (transform-feats[5.3]:main():transform-feats.cc:161) Applied transform to 80 utterances; 0 had errors.
LOG (sgmm2-post-to-gpost[5.3]:main():sgmm2-post-to-gpost.cc:168) Avg like per frame so far is -29.1173
LOG (transform-feats[5.3]:main():transform-feats.cc:158) Overall average logdet is 5.10163 over 50640 frames.
LOG (transform-feats[5.3]:main():transform-feats.cc:161) Applied transform to 80 utterances; 0 had errors.
LOG (sgmm2-post-to-gpost[5.3]:main():sgmm2-post-to-gpost.cc:173) Overall like per frame (Gaussian only) = -29.1173 over 50640 frames.
LOG (sgmm2-post-to-gpost[5.3]:main():sgmm2-post-to-gpost.cc:176) Done 80 files, 0 with errors.
LOG (sgmm2-acc-stats-gpost[5.3]:main():sgmm2-acc-stats-gpost.cc:164) Overall number of frames is 50640
LOG (sgmm2-acc-stats-gpost[5.3]:main():sgmm2-acc-stats-gpost.cc:165) Done 80 files, 0 with errors.
LOG (sgmm2-acc-stats-gpost[5.3]:main():sgmm2-acc-stats-gpost.cc:173) Written accs.
# Accounting: time=42 threads=1
# Ended (code 0) at Tue Dec 18 12:01:35 IST 2018, elapsed time 42 seconds
