# lattice-scale --inv-acoustic-scale=15 "ark:gunzip -c exp/mono/decode/lat.*.gz|" ark:- | lattice-add-penalty --word-ins-penalty=0.0 ark:- ark:- | lattice-best-path --word-symbol-table=exp/mono/graph/words.txt ark:- ark,t:- | utils/int2sym.pl -f 2- exp/mono/graph/words.txt | local/wer_hyp_filter > exp/mono/decode/scoring_kaldi/penalty_0.0/15.txt 
# Started at Tue Dec 18 09:33:02 IST 2018
#
lattice-best-path --word-symbol-table=exp/mono/graph/words.txt ark:- ark,t:- 
lattice-scale --inv-acoustic-scale=15 'ark:gunzip -c exp/mono/decode/lat.*.gz|' ark:- 
lattice-add-penalty --word-ins-penalty=0.0 ark:- ark:- 
LOG (lattice-best-path[5.3]:main():lattice-best-path.cc:99) For utterance PN00F02U001, best cost 41.9177 + 2409.55 = 2451.47 over 630 frames.
PN00F02U001 sifar sifar naun athth satt chhe panj 
LOG (lattice-best-path[5.3]:main():lattice-best-path.cc:99) For utterance PN00F02U002, best cost 39.0294 + 2248.77 = 2287.79 over 656 frames.
PN00F02U002 panj chaar tinn do ikk sifar ikk 
LOG (lattice-best-path[5.3]:main():lattice-best-path.cc:99) For utterance PN00F02U003, best cost 36.9272 + 2164.53 = 2201.46 over 630 frames.
PN00F02U003 ikk naun satt panj tinn ikk do 
LOG (lattice-best-path[5.3]:main():lattice-best-path.cc:99) For utterance PN00F02U004, best cost 39.9127 + 2196.94 = 2236.85 over 629 frames.
PN00F02U004 do naun chhe chaar do sifar tinn 
LOG (lattice-best-path[5.3]:main():lattice-best-path.cc:99) For utterance PN00F02U005, best cost 39.495 + 2098.43 = 2137.92 over 628 frames.
PN00F02U005 tinn naun panj do chaar naun chaar 
LOG (lattice-best-path[5.3]:main():lattice-best-path.cc:99) For utterance PN00F02U006, best cost 40.8596 + 2199.26 = 2240.12 over 629 frames.
PN00F02U006 chaar ikk panj naun tinn sifar chhe 
LOG (lattice-best-path[5.3]:main():lattice-best-path.cc:99) For utterance PN00F02U007, best cost 41.3067 + 2170.96 = 2212.26 over 630 frames.
PN00F02U007 chhe naun do satt naun ikk athth 
LOG (lattice-best-path[5.3]:main():lattice-best-path.cc:99) For utterance PN00F02U008, best cost 41.4758 + 2180.75 = 2222.22 over 629 frames.
PN00F02U008 athth naun sifar athth chhe tinn chaar 
LOG (lattice-best-path[5.3]:main():lattice-best-path.cc:99) For utterance PN00F02U009, best cost 42.6697 + 2208.42 = 2251.09 over 626 frames.
PN00F02U009 chaar sifar satt chaar athth panj ikk 
LOG (lattice-best-path[5.3]:main():lattice-best-path.cc:99) For utterance PN00F02U010, best cost 41.5787 + 2165.98 = 2207.55 over 628 frames.
PN00F02U010 ikk satt tinn tinn athth chaar chaar 
LOG (lattice-best-path[5.3]:main():lattice-best-path.cc:99) For utterance PN00F02U011, best cost 44.7928 + 2123.57 = 2168.36 over 630 frames.
PN00F02U011 chaar satt do panj athth tinn chhe 
LOG (lattice-best-path[5.3]:main():lattice-best-path.cc:99) For utterance PN00F02U012, best cost 38.5126 + 2085.46 = 2123.97 over 656 frames.
PN00F02U012 chhe athth do athth ikk chhe do 
LOG (lattice-best-path[5.3]:main():lattice-best-path.cc:99) For utterance PN00F02U013, best cost 39.57 + 2058.33 = 2097.9 over 630 frames.
PN00F02U013 do chhe ikk do tinn satt ikk 
LOG (lattice-best-path[5.3]:main():lattice-best-path.cc:99) For utterance PN00F02U014, best cost 42.7343 + 2209.26 = 2251.99 over 629 frames.
PN00F02U014 ikk chaar chhe sifar chaar panj sifar 
LOG (lattice-best-path[5.3]:main():lattice-best-path.cc:99) For utterance PN00F02U015, best cost 44.8828 + 2259.62 = 2304.5 over 630 frames.
PN00F02U015 sifar panj satt sifar do do tinn 
LOG (lattice-best-path[5.3]:main():lattice-best-path.cc:99) For utterance PN00F02U016, best cost 41.7897 + 2166.54 = 2208.33 over 629 frames.
PN00F02U016 tinn panj chhe satt athth sifar ikk 
LOG (lattice-best-path[5.3]:main():lattice-best-path.cc:99) For utterance PN00F02U017, best cost 42.1884 + 2261.03 = 2303.22 over 657 frames.
PN00F02U017 ikk tinn chaar panj panj chhe chhe 
LOG (lattice-best-path[5.3]:main():lattice-best-path.cc:99) For utterance PN00F02U018, best cost 40.1356 + 2164.29 = 2204.42 over 652 frames.
PN00F02U018 chhe satt satt athth athth naun naun 
LOG (lattice-best-path[5.3]:main():lattice-best-path.cc:99) For utterance PN00F02U019, best cost 42.0169 + 2151.97 = 2193.99 over 653 frames.
PN00F02U019 naun sifar ikk ikk do ikk satt 
LOG (lattice-best-path[5.3]:main():lattice-best-path.cc:99) For utterance PN00F02U020, best cost 37.5149 + 2061.43 = 2098.94 over 628 frames.
PN00F02U020 satt naun ikk tinn panj satt naun 
LOG (lattice-best-path[5.3]:main():lattice-best-path.cc:99) For utterance PN00F02U021, best cost 48.2251 + 2281.23 = 2329.45 over 629 frames.
PN00F02U021 ikk sifar sifar ikk do tinn chaar panj 
LOG (lattice-best-path[5.3]:main():lattice-best-path.cc:99) For utterance PN00F02U022, best cost 41.9138 + 2174.28 = 2216.19 over 656 frames.
PN00F02U022 panj chhe satt athth naun ikk sifar 
LOG (lattice-best-path[5.3]:main():lattice-best-path.cc:99) For utterance PN00F02U023, best cost 40.5642 + 2120.55 = 2161.11 over 630 frames.
PN00F02U023 sifar do chaar chhe athth do sifar 
LOG (lattice-best-path[5.3]:main():lattice-best-path.cc:99) For utterance PN00F02U024, best cost 43.2382 + 2248.46 = 2291.7 over 630 frames.
PN00F02U024 sifar tinn panj satt naun tinn sifar 
LOG (lattice-best-path[5.3]:main():lattice-best-path.cc:99) For utterance PN00F02U025, best cost 43.7549 + 2234.55 = 2278.31 over 630 frames.
PN00F02U025 sifar chaar satt chaar sifar panj athth 
LOG (lattice-best-path[5.3]:main():lattice-best-path.cc:99) For utterance PN00F02U026, best cost 42.6823 + 2282.69 = 2325.37 over 630 frames.
PN00F02U026 athth panj sifar chhe naun chhe sifar 
LOG (lattice-best-path[5.3]:main():lattice-best-path.cc:99) For utterance PN00F02U027, best cost 44.5522 + 2279.4 = 2323.96 over 656 frames.
PN00F02U027 sifar satt satt sifar athth athth sifar 
LOG (lattice-best-path[5.3]:main():lattice-best-path.cc:99) For utterance PN00F02U028, best cost 41.1005 + 2241.49 = 2282.59 over 629 frames.
PN00F02U028 sifar naun naun sifar ikk ikk tinn 
LOG (lattice-best-path[5.3]:main():lattice-best-path.cc:99) For utterance PN00F02U029, best cost 37.4085 + 2168.63 = 2206.04 over 630 frames.
PN00F02U029 tinn chhe ikk chaar athth ikk panj 
LOG (lattice-best-path[5.3]:main():lattice-best-path.cc:99) For utterance PN00F02U030, best cost 39.1331 + 2153.44 = 2192.57 over 630 frames.
PN00F02U030 panj naun do panj chaar ikk chhe 
LOG (lattice-best-path[5.3]:main():lattice-best-path.cc:99) For utterance PN00F02U031, best cost 39.6754 + 2178.02 = 2217.69 over 630 frames.
PN00F02U031 chhe panj ikk satt chhe do chhe 
LOG (lattice-best-path[5.3]:main():lattice-best-path.cc:99) For utterance PN00F02U032, best cost 37.8567 + 2082.65 = 2120.51 over 629 frames.
PN00F02U032 chhe tinn satt ikk athth tinn athth 
LOG (lattice-best-path[5.3]:main():lattice-best-path.cc:99) For utterance PN00F02U033, best cost 38.2485 + 2120.07 = 2158.32 over 630 frames.
PN00F02U033 athth naun chaar naun panj do ikk 
LOG (lattice-best-path[5.3]:main():lattice-best-path.cc:99) For utterance PN00F02U034, best cost 38.0686 + 2146.12 = 2184.19 over 630 frames.
PN00F02U034 ikk naun satt do satt panj tinn 
LOG (lattice-best-path[5.3]:main():lattice-best-path.cc:99) For utterance PN00F02U035, best cost 37.9594 + 2162.44 = 2200.4 over 630 frames.
PN00F02U035 tinn naun athth satt tinn ikk do 
LOG (lattice-best-path[5.3]:main():lattice-best-path.cc:99) For utterance PN00F02U036, best cost 41.7295 + 2199.63 = 2241.36 over 630 frames.
PN00F02U036 do do athth chaar do naun sifar 
LOG (lattice-best-path[5.3]:main():lattice-best-path.cc:99) For utterance PN00F02U037, best cost 39.77 + 2124.83 = 2164.6 over 655 frames.
PN00F02U037 sifar ikk do tinn do tinn tinn 
LOG (lattice-best-path[5.3]:main():lattice-best-path.cc:99) For utterance PN00F02U038, best cost 42.1994 + 2080.89 = 2123.09 over 630 frames.
PN00F02U038 tinn chaar tinn chaar chaar panj panj 
LOG (lattice-best-path[5.3]:main():lattice-best-path.cc:99) For utterance PN00F02U039, best cost 40.9068 + 2099.44 = 2140.35 over 629 frames.
PN00F02U039 panj chhe chaar panj chhe chhe satt 
LOG (lattice-best-path[5.3]:main():lattice-best-path.cc:99) For utterance PN00F02U040, best cost 41.8766 + 2012.24 = 2054.12 over 629 frames.
PN00F02U040 satt athth chhe satt ikk do chaar 
LOG (lattice-best-path[5.3]:main():lattice-best-path.cc:99) For utterance PN00F02U041, best cost 40.1142 + 2209.04 = 2249.15 over 630 frames.
PN00F02U041 sifar naun sifar ikk do tinn chaar 
LOG (lattice-best-path[5.3]:main():lattice-best-path.cc:99) For utterance PN00F02U042, best cost 39.6534 + 2173.66 = 2213.31 over 648 frames.
PN00F02U042 chaar panj chhe satt athth naun athth 
LOG (lattice-best-path[5.3]:main():lattice-best-path.cc:99) For utterance PN00F02U043, best cost 38.6362 + 2123.77 = 2162.41 over 630 frames.
PN00F02U043 athth sifar do chaar chhe athth satt 
LOG (lattice-best-path[5.3]:main():lattice-best-path.cc:99) For utterance PN00F02U044, best cost 40.925 + 2136.3 = 2177.22 over 630 frames.
PN00F02U044 satt sifar tinn panj satt naun chhe 
LOG (lattice-best-path[5.3]:main():lattice-best-path.cc:99) For utterance PN00F02U045, best cost 42.5099 + 2232.67 = 2275.18 over 630 frames.
PN00F02U045 chhe sifar chaar satt panj sifar panj 
LOG (lattice-best-path[5.3]:main():lattice-best-path.cc:99) For utterance PN00F02U046, best cost 42.0318 + 2084.3 = 2126.34 over 630 frames.
PN00F02U046 panj athth chaar sifar chhe naun tinn 
LOG (lattice-best-path[5.3]:main():lattice-best-path.cc:99) For utterance PN00F02U047, best cost 42.8431 + 2154.06 = 2196.91 over 630 frames.
PN00F02U047 tinn sifar satt do sifar athth ikk 
LOG (lattice-best-path[5.3]:main():lattice-best-path.cc:99) For utterance PN00F02U048, best cost 42.9188 + 2098.79 = 2141.7 over 630 frames.
PN00F02U048 ikk sifar sifar ikk naun ikk tinn 
LOG (lattice-best-path[5.3]:main():lattice-best-path.cc:99) For utterance PN00F02U049, best cost 38.7711 + 2167.17 = 2205.94 over 630 frames.
PN00F02U049 tinn chhe ikk chaar athth do panj 
LOG (lattice-best-path[5.3]:main():lattice-best-path.cc:99) For utterance PN00F02U050, best cost 39.4742 + 2091.82 = 2131.29 over 629 frames.
PN00F02U050 panj naun do chhe panj ikk panj 
LOG (lattice-best-path[5.3]:main():lattice-best-path.cc:99) For utterance PN00F02U051, best cost 37.6484 + 2132.31 = 2169.96 over 630 frames.
PN00F02U051 panj chaar ikk chhe tinn ikk satt 
LOG (lattice-best-path[5.3]:main():lattice-best-path.cc:99) For utterance PN00F02U052, best cost 38.828 + 2103.75 = 2142.57 over 629 frames.
PN00F02U052 satt ikk athth tinn satt tinn athth 
LOG (lattice-best-path[5.3]:main():lattice-best-path.cc:99) For utterance PN00F02U053, best cost 38.0918 + 2044.26 = 2082.35 over 630 frames.
PN00F02U053 athth naun naun chaar naun panj do 
LOG (lattice-best-path[5.3]:main():lattice-best-path.cc:99) For utterance PN00F02U054, best cost 39.715 + 2188.9 = 2228.62 over 630 frames.
PN00F02U054 do satt chhe do athth panj tinn 
LOG (lattice-best-path[5.3]:main():lattice-best-path.cc:99) For utterance PN00F02U055, best cost 38.9846 + 2165.92 = 2204.91 over 630 frames.
PN00F02U055 tinn naun satt chaar do ikk ikk 
LOG (lattice-best-path[5.3]:main():lattice-best-path.cc:99) For utterance PN00F02U056, best cost 42.4143 + 2173.75 = 2216.17 over 656 frames.
PN00F02U056 ikk do naun sifar ikk do do 
LOG (lattice-best-path[5.3]:main():lattice-best-path.cc:99) For utterance PN00F02U057, best cost 41.372 + 2029.83 = 2071.2 over 629 frames.
PN00F02U057 do tinn do tinn tinn chaar tinn 
LOG (lattice-best-path[5.3]:main():lattice-best-path.cc:99) For utterance PN00F02U058, best cost 41.7815 + 2147.66 = 2189.44 over 630 frames.
PN00F02U058 tinn chaar chaar panj panj chhe chaar 
LOG (lattice-best-path[5.3]:main():lattice-best-path.cc:99) For utterance PN00F02U059, best cost 45.5624 + 2234.52 = 2280.08 over 629 frames.
PN00F02U059 athth athth athth sifar sifar sifar sifar 
LOG (lattice-best-path[5.3]:main():lattice-best-path.cc:99) For utterance PN00F02U060, best cost 38.9118 + 2180.51 = 2219.42 over 629 frames.
PN00F02U060 athth chhe satt athth athth naun sifar 
LOG (lattice-best-path[5.3]:main():lattice-best-path.cc:99) For utterance PN00F02U061, best cost 38.4283 + 2229.88 = 2268.31 over 630 frames.
PN00F02U061 sifar naun naun athth satt chhe panj 
LOG (lattice-best-path[5.3]:main():lattice-best-path.cc:99) For utterance PN00F02U062, best cost 39.1982 + 2098.77 = 2137.97 over 630 frames.
PN00F02U062 panj chaar tinn do ikk sifar athth 
LOG (lattice-best-path[5.3]:main():lattice-best-path.cc:99) For utterance PN00F02U063, best cost 37.4447 + 2108.37 = 2145.82 over 629 frames.
PN00F02U063 athth naun satt panj tinn ikk satt 
LOG (lattice-best-path[5.3]:main():lattice-best-path.cc:99) For utterance PN00F02U064, best cost 37.472 + 2144.66 = 2182.13 over 630 frames.
PN00F02U064 satt naun chhe chaar do sifar chhe 
LOG (lattice-best-path[5.3]:main():lattice-best-path.cc:99) For utterance PN00F02U065, best cost 39.4793 + 2075.55 = 2115.03 over 630 frames.
PN00F02U065 chhe naun panj do panj naun chaar 
LOG (lattice-best-path[5.3]:main():lattice-best-path.cc:99) For utterance PN00F02U066, best cost 41.2529 + 2087.24 = 2128.5 over 630 frames.
PN00F02U066 chaar ikk chaar naun tinn sifar tinn 
LOG (lattice-best-path[5.3]:main():lattice-best-path.cc:99) For utterance PN00F02U067, best cost 39.3788 + 2058.51 = 2097.89 over 630 frames.
PN00F02U067 tinn naun do do naun ikk ikk 
LOG (lattice-best-path[5.3]:main():lattice-best-path.cc:99) For utterance PN00F02U068, best cost 44.3209 + 2261.88 = 2306.2 over 629 frames.
PN00F02U068 ikk naun sifar sifar satt chaar sifar 
LOG (lattice-best-path[5.3]:main():lattice-best-path.cc:99) For utterance PN00F02U069, best cost 47.2353 + 2124.59 = 2171.82 over 630 frames.
PN00F02U069 sifar ikk athth chhe tinn athth athth 
LOG (lattice-best-path[5.3]:main():lattice-best-path.cc:99) For utterance PN00F02U070, best cost 38.1123 + 2159.8 = 2197.92 over 656 frames.
PN00F02U070 athth panj ikk chhe do chhe athth 
LOG (lattice-best-path[5.3]:main():lattice-best-path.cc:99) For utterance PN00F02U071, best cost 44.1901 + 2100.72 = 2144.91 over 630 frames.
PN00F02U071 athth chaar panj athth tinn chaar athth 
LOG (lattice-best-path[5.3]:main():lattice-best-path.cc:99) For utterance PN00F02U072, best cost 40.3086 + 2102.97 = 2143.28 over 630 frames.
PN00F02U072 athth do tinn satt tinn chhe ikk 
LOG (lattice-best-path[5.3]:main():lattice-best-path.cc:99) For utterance PN00F02U073, best cost 42.8061 + 2137.54 = 2180.34 over 630 frames.
PN00F02U073 ikk panj sifar panj chhe satt do 
LOG (lattice-best-path[5.3]:main():lattice-best-path.cc:99) For utterance PN00F02U074, best cost 42.9096 + 2126.56 = 2169.47 over 630 frames.
PN00F02U074 do athth ikk tinn panj panj satt 
LOG (lattice-best-path[5.3]:main():lattice-best-path.cc:99) For utterance PN00F02U075, best cost 40.7772 + 2149.57 = 2190.35 over 630 frames.
PN00F02U075 satt ikk do satt sifar do chaar 
LOG (lattice-best-path[5.3]:main():lattice-best-path.cc:99) For utterance PN00F02U076, best cost 41.6816 + 2158.06 = 2199.74 over 629 frames.
PN00F02U076 chaar satt athth sifar ikk do tinn 
LOG (lattice-best-path[5.3]:main():lattice-best-path.cc:99) For utterance PN00F02U077, best cost 43.1339 + 2092.23 = 2135.37 over 630 frames.
PN00F02U077 tinn tinn chaar chhe sifar chaar chaar 
LOG (lattice-best-path[5.3]:main():lattice-best-path.cc:99) For utterance PN00F02U078, best cost 39.9636 + 2064.06 = 2104.02 over 629 frames.
PN00F02U078 chaar panj chhe chhe satt satt athth 
LOG (lattice-best-path[5.3]:main():lattice-best-path.cc:99) For utterance PN00F02U079, best cost 40.6589 + 2030.46 = 2071.12 over 629 frames.
PN00F02U079 naun naun ikk tinn panj satt naun 
LOG (lattice-best-path[5.3]:main():lattice-best-path.cc:99) For utterance PN00F02U080, best cost 43.7127 + 2114.09 = 2157.8 over 629 frames.
PN00F02U080 do chhe naun ikk do chaar tinn 
LOG (lattice-best-path[5.3]:main():lattice-best-path.cc:99) For utterance PN00F04U001, best cost 36.0388 + 2279.21 = 2315.24 over 630 frames.
PN00F04U001 sifar sifar naun athth satt chhe panj 
LOG (lattice-best-path[5.3]:main():lattice-best-path.cc:99) For utterance PN00F04U002, best cost 34.1175 + 2081.73 = 2115.84 over 630 frames.
PN00F04U002 panj chaar tinn do ikk sifar ikk 
LOG (lattice-best-path[5.3]:main():lattice-best-path.cc:99) For utterance PN00F04U003, best cost 34.6974 + 2210.2 = 2244.9 over 630 frames.
PN00F04U003 ikk naun satt panj tinn ikk do 
LOG (lattice-best-path[5.3]:main():lattice-best-path.cc:99) For utterance PN00F04U004, best cost 35.2119 + 2165.93 = 2201.14 over 629 frames.
PN00F04U004 do naun chhe chaar do sifar tinn 
LOG (lattice-best-path[5.3]:main():lattice-best-path.cc:99) For utterance PN00F04U005, best cost 34.1448 + 2131.36 = 2165.5 over 630 frames.
PN00F04U005 tinn naun panj do chaar naun chaar 
LOG (lattice-best-path[5.3]:main():lattice-best-path.cc:99) For utterance PN00F04U006, best cost 36.363 + 2284.05 = 2320.42 over 630 frames.
PN00F04U006 chaar ikk panj naun tinn sifar chhe 
LOG (lattice-best-path[5.3]:main():lattice-best-path.cc:99) For utterance PN00F04U007, best cost 36.9533 + 2169.96 = 2206.91 over 630 frames.
PN00F04U007 chhe naun do satt naun ikk athth 
LOG (lattice-best-path[5.3]:main():lattice-best-path.cc:99) For utterance PN00F04U008, best cost 37.2973 + 2164.71 = 2202.01 over 629 frames.
PN00F04U008 athth naun sifar athth chhe tinn chaar 
LOG (lattice-best-path[5.3]:main():lattice-best-path.cc:99) For utterance PN00F04U009, best cost 38.3378 + 2204.28 = 2242.62 over 630 frames.
PN00F04U009 chaar sifar satt chaar athth panj ikk 
LOG (lattice-best-path[5.3]:main():lattice-best-path.cc:99) For utterance PN00F04U010, best cost 38.3712 + 2213.15 = 2251.52 over 630 frames.
PN00F04U010 ikk satt tinn tinn athth chaar chaar 
LOG (lattice-best-path[5.3]:main():lattice-best-path.cc:99) For utterance PN00F04U011, best cost 39.8087 + 2209.6 = 2249.41 over 629 frames.
PN00F04U011 chaar satt do panj athth tinn chhe 
LOG (lattice-best-path[5.3]:main():lattice-best-path.cc:99) For utterance PN00F04U012, best cost 33.6578 + 2108.69 = 2142.34 over 630 frames.
PN00F04U012 chhe athth do athth ikk chhe do 
LOG (lattice-best-path[5.3]:main():lattice-best-path.cc:99) For utterance PN00F04U013, best cost 34.9166 + 2202.66 = 2237.58 over 630 frames.
PN00F04U013 do chhe ikk do tinn satt ikk 
LOG (lattice-best-path[5.3]:main():lattice-best-path.cc:99) For utterance PN00F04U014, best cost 38.5347 + 2156.71 = 2195.24 over 630 frames.
PN00F04U014 ikk chaar chhe sifar chaar panj sifar 
LOG (lattice-best-path[5.3]:main():lattice-best-path.cc:99) For utterance PN00F04U015, best cost 39.749 + 2155.81 = 2195.56 over 630 frames.
PN00F04U015 sifar panj satt sifar do do tinn 
LOG (lattice-best-path[5.3]:main():lattice-best-path.cc:99) For utterance PN00F04U016, best cost 37.0616 + 2101.23 = 2138.29 over 629 frames.
PN00F04U016 tinn panj chhe satt athth sifar ikk 
LOG (lattice-best-path[5.3]:main():lattice-best-path.cc:99) For utterance PN00F04U017, best cost 36.7988 + 2138.43 = 2175.23 over 630 frames.
PN00F04U017 ikk tinn chaar panj panj chhe chhe 
LOG (lattice-best-path[5.3]:main():lattice-best-path.cc:99) For utterance PN00F04U018, best cost 35.1764 + 2104.26 = 2139.44 over 630 frames.
PN00F04U018 chhe satt satt athth athth naun naun 
LOG (lattice-best-path[5.3]:main():lattice-best-path.cc:99) For utterance PN00F04U019, best cost 40.6347 + 2172.82 = 2213.45 over 630 frames.
PN00F04U019 athth naun sifar ikk ikk do ikk satt 
LOG (lattice-best-path[5.3]:main():lattice-best-path.cc:99) For utterance PN00F04U020, best cost 34.6362 + 2091.13 = 2125.77 over 630 frames.
PN00F04U020 satt naun ikk tinn panj satt naun 
LOG (lattice-best-path[5.3]:main():lattice-best-path.cc:99) For utterance PN00F04U021, best cost 39.0172 + 2164.31 = 2203.33 over 630 frames.
PN00F04U021 sifar sifar ikk do tinn chaar panj 
LOG (lattice-best-path[5.3]:main():lattice-best-path.cc:99) For utterance PN00F04U022, best cost 37.9692 + 2206.7 = 2244.67 over 630 frames.
PN00F04U022 panj chhe satt athth naun ikk sifar 
LOG (lattice-best-path[5.3]:main():lattice-best-path.cc:99) For utterance PN00F04U023, best cost 36.6287 + 2125.59 = 2162.22 over 629 frames.
PN00F04U023 sifar do chaar chhe athth do sifar 
LOG (lattice-best-path[5.3]:main():lattice-best-path.cc:99) For utterance PN00F04U024, best cost 37.6875 + 2279.04 = 2316.73 over 630 frames.
PN00F04U024 sifar tinn panj satt naun tinn sifar 
LOG (lattice-best-path[5.3]:main():lattice-best-path.cc:99) For utterance PN00F04U025, best cost 39.4264 + 2233.54 = 2272.97 over 630 frames.
PN00F04U025 sifar chaar satt chaar sifar panj athth 
LOG (lattice-best-path[5.3]:main():lattice-best-path.cc:99) For utterance PN00F04U026, best cost 38.1411 + 2317.92 = 2356.06 over 630 frames.
PN00F04U026 athth panj sifar chhe naun chhe sifar 
LOG (lattice-best-path[5.3]:main():lattice-best-path.cc:99) For utterance PN00F04U027, best cost 40.0597 + 2345.89 = 2385.95 over 630 frames.
PN00F04U027 sifar satt satt sifar athth athth sifar 
LOG (lattice-best-path[5.3]:main():lattice-best-path.cc:99) For utterance PN00F04U028, best cost 36.9835 + 2163.94 = 2200.92 over 630 frames.
PN00F04U028 sifar naun naun sifar ikk ikk tinn 
LOG (lattice-best-path[5.3]:main():lattice-best-path.cc:99) For utterance PN00F04U029, best cost 33.3947 + 2141.44 = 2174.84 over 630 frames.
PN00F04U029 tinn chhe ikk chaar athth ikk panj 
LOG (lattice-best-path[5.3]:main():lattice-best-path.cc:99) For utterance PN00F04U030, best cost 35.9678 + 2115.47 = 2151.44 over 630 frames.
PN00F04U030 panj naun do panj chaar ikk chhe 
LOG (lattice-best-path[5.3]:main():lattice-best-path.cc:99) For utterance PN00F04U031, best cost 35.2507 + 2214.03 = 2249.28 over 629 frames.
PN00F04U031 chhe panj ikk satt chhe do chhe 
LOG (lattice-best-path[5.3]:main():lattice-best-path.cc:99) For utterance PN00F04U032, best cost 35.0395 + 2240.89 = 2275.93 over 630 frames.
PN00F04U032 chhe tinn satt ikk athth tinn athth 
LOG (lattice-best-path[5.3]:main():lattice-best-path.cc:99) For utterance PN00F04U033, best cost 33.6309 + 2041.72 = 2075.35 over 630 frames.
PN00F04U033 athth naun chaar naun panj do ikk 
LOG (lattice-best-path[5.3]:main():lattice-best-path.cc:99) For utterance PN00F04U034, best cost 34.5302 + 2083.67 = 2118.2 over 630 frames.
PN00F04U034 ikk naun satt do satt panj tinn 
LOG (lattice-best-path[5.3]:main():lattice-best-path.cc:99) For utterance PN00F04U035, best cost 34.0028 + 2175.27 = 2209.27 over 630 frames.
PN00F04U035 tinn naun athth satt tinn ikk do 
LOG (lattice-best-path[5.3]:main():lattice-best-path.cc:99) For utterance PN00F04U036, best cost 44.4117 + 2115.45 = 2159.86 over 630 frames.
PN00F04U036 athth do do athth chaar do naun sifar 
LOG (lattice-best-path[5.3]:main():lattice-best-path.cc:99) For utterance PN00F04U037, best cost 37.3742 + 2237.12 = 2274.49 over 630 frames.
PN00F04U037 sifar ikk do tinn do tinn tinn 
LOG (lattice-best-path[5.3]:main():lattice-best-path.cc:99) For utterance PN00F04U038, best cost 37.999 + 2066.82 = 2104.82 over 630 frames.
PN00F04U038 tinn chaar tinn chaar chaar panj panj 
LOG (lattice-best-path[5.3]:main():lattice-best-path.cc:99) For utterance PN00F04U039, best cost 36.0661 + 2169.08 = 2205.15 over 630 frames.
PN00F04U039 panj chhe chaar panj chhe chhe satt 
LOG (lattice-best-path[5.3]:main():lattice-best-path.cc:99) For utterance PN00F04U040, best cost 38.0579 + 2134.77 = 2172.83 over 629 frames.
PN00F04U040 satt athth chhe satt ikk do chaar 
LOG (lattice-best-path[5.3]:main():lattice-best-path.cc:99) For utterance PN00F04U041, best cost 37.8191 + 2225.26 = 2263.08 over 630 frames.
PN00F04U041 sifar naun sifar ikk do tinn chaar 
LOG (lattice-best-path[5.3]:main():lattice-best-path.cc:99) For utterance PN00F04U042, best cost 35.8701 + 2127.75 = 2163.62 over 630 frames.
PN00F04U042 chaar panj chhe satt athth naun athth 
LOG (lattice-best-path[5.3]:main():lattice-best-path.cc:99) For utterance PN00F04U043, best cost 36.7299 + 2135.31 = 2172.04 over 630 frames.
PN00F04U043 athth sifar do chaar chhe athth satt 
LOG (lattice-best-path[5.3]:main():lattice-best-path.cc:99) For utterance PN00F04U044, best cost 37.2035 + 2315.33 = 2352.54 over 630 frames.
PN00F04U044 satt sifar tinn panj satt naun chhe 
LOG (lattice-best-path[5.3]:main():lattice-best-path.cc:99) For utterance PN00F04U045, best cost 37.8041 + 2237.37 = 2275.17 over 630 frames.
PN00F04U045 chhe sifar chaar satt panj sifar panj 
LOG (lattice-best-path[5.3]:main():lattice-best-path.cc:99) For utterance PN00F04U046, best cost 37.4496 + 2201.31 = 2238.76 over 630 frames.
PN00F04U046 panj athth chaar sifar chhe naun tinn 
LOG (lattice-best-path[5.3]:main():lattice-best-path.cc:99) For utterance PN00F04U047, best cost 38.8762 + 2236.11 = 2274.98 over 630 frames.
PN00F04U047 tinn sifar satt do sifar athth ikk 
LOG (lattice-best-path[5.3]:main():lattice-best-path.cc:99) For utterance PN00F04U048, best cost 40.1327 + 2308.75 = 2348.88 over 630 frames.
PN00F04U048 ikk sifar sifar ikk naun ikk tinn 
LOG (lattice-best-path[5.3]:main():lattice-best-path.cc:99) For utterance PN00F04U049, best cost 33.8326 + 2059.88 = 2093.72 over 630 frames.
PN00F04U049 tinn chhe ikk chaar athth do panj 
LOG (lattice-best-path[5.3]:main():lattice-best-path.cc:99) For utterance PN00F04U050, best cost 35.9792 + 2172.95 = 2208.92 over 630 frames.
PN00F04U050 panj naun do chhe panj ikk panj 
LOG (lattice-best-path[5.3]:main():lattice-best-path.cc:99) For utterance PN00F04U051, best cost 33.8429 + 2175.82 = 2209.66 over 630 frames.
PN00F04U051 panj chaar ikk chhe tinn ikk satt 
LOG (lattice-best-path[5.3]:main():lattice-best-path.cc:99) For utterance PN00F04U052, best cost 34.7885 + 2203.25 = 2238.04 over 630 frames.
PN00F04U052 satt ikk athth tinn satt tinn athth 
LOG (lattice-best-path[5.3]:main():lattice-best-path.cc:99) For utterance PN00F04U053, best cost 33.2639 + 2027.62 = 2060.88 over 630 frames.
PN00F04U053 athth naun naun chaar naun panj do 
LOG (lattice-best-path[5.3]:main():lattice-best-path.cc:99) For utterance PN00F04U054, best cost 35.5441 + 2099.05 = 2134.59 over 630 frames.
PN00F04U054 do satt chhe do athth panj tinn 
LOG (lattice-best-path[5.3]:main():lattice-best-path.cc:99) For utterance PN00F04U055, best cost 35.6366 + 2047.04 = 2082.68 over 630 frames.
PN00F04U055 tinn naun satt chaar do ikk ikk 
LOG (lattice-best-path[5.3]:main():lattice-best-path.cc:99) For utterance PN00F04U056, best cost 36.6201 + 2017.37 = 2053.99 over 630 frames.
PN00F04U056 ikk do naun sifar ikk do do 
LOG (lattice-best-path[5.3]:main():lattice-best-path.cc:99) For utterance PN00F04U057, best cost 36.0466 + 2058.1 = 2094.15 over 630 frames.
PN00F04U057 do tinn do tinn tinn chaar tinn 
LOG (lattice-best-path[5.3]:main():lattice-best-path.cc:99) For utterance PN00F04U058, best cost 36.2478 + 1993.03 = 2029.28 over 630 frames.
PN00F04U058 tinn chaar chaar panj panj chhe chaar 
LOG (lattice-best-path[5.3]:main():lattice-best-path.cc:99) For utterance PN00F04U059, best cost 39.8103 + 2231.77 = 2271.58 over 630 frames.
PN00F04U059 athth athth athth sifar sifar sifar sifar 
LOG (lattice-best-path[5.3]:main():lattice-best-path.cc:99) For utterance PN00F04U060, best cost 35.9493 + 2105.07 = 2141.02 over 630 frames.
PN00F04U060 athth chhe satt athth athth naun sifar 
LOG (lattice-best-path[5.3]:main():lattice-best-path.cc:99) For utterance PN00F04U061, best cost 33.2006 + 2055.21 = 2088.41 over 630 frames.
PN00F04U061 sifar naun naun athth satt chhe panj 
LOG (lattice-best-path[5.3]:main():lattice-best-path.cc:99) For utterance PN00F04U062, best cost 34.2692 + 2091.84 = 2126.11 over 629 frames.
PN00F04U062 panj chaar tinn do ikk sifar athth 
LOG (lattice-best-path[5.3]:main():lattice-best-path.cc:99) For utterance PN00F04U063, best cost 33.2896 + 2123.02 = 2156.31 over 630 frames.
PN00F04U063 athth naun satt panj tinn ikk satt 
LOG (lattice-best-path[5.3]:main():lattice-best-path.cc:99) For utterance PN00F04U064, best cost 34.3151 + 2093.8 = 2128.12 over 630 frames.
PN00F04U064 satt naun chhe chaar do sifar chhe 
LOG (lattice-best-path[5.3]:main():lattice-best-path.cc:99) For utterance PN00F04U065, best cost 35.184 + 1954.34 = 1989.52 over 630 frames.
PN00F04U065 chhe naun panj do panj naun chaar 
LOG (lattice-best-path[5.3]:main():lattice-best-path.cc:99) For utterance PN00F04U066, best cost 36.1764 + 2119.95 = 2156.13 over 630 frames.
PN00F04U066 chaar ikk chaar naun tinn sifar tinn 
LOG (lattice-best-path[5.3]:main():lattice-best-path.cc:99) For utterance PN00F04U067, best cost 34.3207 + 1936.14 = 1970.46 over 630 frames.
PN00F04U067 tinn naun do do naun ikk ikk 
LOG (lattice-best-path[5.3]:main():lattice-best-path.cc:99) For utterance PN00F04U068, best cost 37.5798 + 2161.04 = 2198.62 over 630 frames.
PN00F04U068 ikk naun sifar sifar satt chaar sifar 
LOG (lattice-best-path[5.3]:main():lattice-best-path.cc:99) For utterance PN00F04U069, best cost 42.2012 + 2122.09 = 2164.29 over 630 frames.
PN00F04U069 sifar ikk athth chhe tinn athth athth 
LOG (lattice-best-path[5.3]:main():lattice-best-path.cc:99) For utterance PN00F04U070, best cost 33.7721 + 2029.76 = 2063.53 over 629 frames.
PN00F04U070 athth panj ikk chhe do chhe athth 
LOG (lattice-best-path[5.3]:main():lattice-best-path.cc:99) For utterance PN00F04U071, best cost 38.3352 + 2148.57 = 2186.9 over 629 frames.
PN00F04U071 athth chaar panj athth tinn chaar athth 
LOG (lattice-best-path[5.3]:main():lattice-best-path.cc:99) For utterance PN00F04U072, best cost 34.4382 + 2066.51 = 2100.94 over 630 frames.
PN00F04U072 athth do tinn satt tinn chhe ikk 
LOG (lattice-best-path[5.3]:main():lattice-best-path.cc:99) For utterance PN00F04U073, best cost 38.4275 + 2182.6 = 2221.02 over 630 frames.
PN00F04U073 ikk panj sifar panj chhe satt do 
LOG (lattice-best-path[5.3]:main():lattice-best-path.cc:99) For utterance PN00F04U074, best cost 38.0696 + 2102.64 = 2140.71 over 629 frames.
PN00F04U074 do athth ikk tinn panj panj satt 
LOG (lattice-best-path[5.3]:main():lattice-best-path.cc:99) For utterance PN00F04U075, best cost 36.1939 + 2097.34 = 2133.53 over 630 frames.
PN00F04U075 satt ikk do satt sifar do chaar 
LOG (lattice-best-path[5.3]:main():lattice-best-path.cc:99) For utterance PN00F04U076, best cost 35.8532 + 2045.12 = 2080.97 over 630 frames.
PN00F04U076 chaar satt athth sifar ikk do tinn 
LOG (lattice-best-path[5.3]:main():lattice-best-path.cc:99) For utterance PN00F04U077, best cost 36.3042 + 2054.98 = 2091.28 over 630 frames.
PN00F04U077 tinn tinn chaar chhe sifar chaar chaar 
LOG (lattice-best-path[5.3]:main():lattice-best-path.cc:99) For utterance PN00F04U078, best cost 35.4599 + 2130.33 = 2165.79 over 630 frames.
PN00F04U078 chaar panj chhe chhe satt satt athth 
LOG (lattice-best-path[5.3]:main():lattice-best-path.cc:99) For utterance PN00F04U079, best cost 34.4446 + 1995.7 = 2030.15 over 630 frames.
PN00F04U079 naun naun ikk tinn panj satt naun 
LOG (lattice-best-path[5.3]:main():lattice-best-path.cc:99) For utterance PN00F04U080, best cost 37.102 + 2022.39 = 2059.49 over 630 frames.
PN00F04U080 do chhe naun ikk do chaar tinn 
LOG (lattice-best-path[5.3]:main():lattice-best-path.cc:99) For utterance PN00M01U001, best cost 39.6971 + 2371.97 = 2411.67 over 630 frames.
PN00M01U001 sifar sifar naun athth satt chhe panj 
LOG (lattice-best-path[5.3]:main():lattice-best-path.cc:99) For utterance PN00M01U002, best cost 35.2932 + 2200.1 = 2235.39 over 630 frames.
PN00M01U002 panj chaar tinn do ikk sifar ikk 
LOG (lattice-best-path[5.3]:main():lattice-best-path.cc:99) For utterance PN00M01U003, best cost 34.7218 + 2286.69 = 2321.41 over 630 frames.
PN00M01U003 ikk naun satt panj tinn ikk do 
LOG (lattice-best-path[5.3]:main():lattice-best-path.cc:99) For utterance PN00M01U004, best cost 35.1608 + 2174.54 = 2209.7 over 630 frames.
PN00M01U004 do naun chhe chaar do sifar tinn 
LOG (lattice-best-path[5.3]:main():lattice-best-path.cc:99) For utterance PN00M01U005, best cost 35.6547 + 2135.86 = 2171.52 over 630 frames.
PN00M01U005 tinn naun panj do chaar naun chaar 
LOG (lattice-best-path[5.3]:main():lattice-best-path.cc:99) For utterance PN00M01U006, best cost 36.4488 + 2195.16 = 2231.61 over 630 frames.
PN00M01U006 chaar ikk panj naun tinn sifar chhe 
LOG (lattice-best-path[5.3]:main():lattice-best-path.cc:99) For utterance PN00M01U007, best cost 36.9172 + 2296.65 = 2333.56 over 629 frames.
PN00M01U007 chhe naun do satt naun ikk athth 
LOG (lattice-best-path[5.3]:main():lattice-best-path.cc:99) For utterance PN00M01U008, best cost 38.0306 + 2282.16 = 2320.19 over 630 frames.
PN00M01U008 athth naun sifar athth chhe tinn chaar 
LOG (lattice-best-path[5.3]:main():lattice-best-path.cc:99) For utterance PN00M01U009, best cost 39.302 + 2397.59 = 2436.89 over 630 frames.
PN00M01U009 chaar sifar satt chaar athth panj ikk 
LOG (lattice-best-path[5.3]:main():lattice-best-path.cc:99) For utterance PN00M01U010, best cost 38.9322 + 2301.29 = 2340.22 over 630 frames.
PN00M01U010 ikk satt tinn tinn athth chaar chaar 
LOG (lattice-best-path[5.3]:main():lattice-best-path.cc:99) For utterance PN00M01U011, best cost 42.4653 + 2132.15 = 2174.62 over 577 frames.
PN00M01U011 chaar satt do panj athth tinn chhe 
LOG (lattice-best-path[5.3]:main():lattice-best-path.cc:99) For utterance PN00M01U012, best cost 33.2578 + 2310.07 = 2343.33 over 630 frames.
PN00M01U012 chhe athth do athth ikk chhe do 
LOG (lattice-best-path[5.3]:main():lattice-best-path.cc:99) For utterance PN00M01U013, best cost 38.666 + 2360.06 = 2398.72 over 630 frames.
PN00M01U013 do chhe ikk do tinn satt ikk 
LOG (lattice-best-path[5.3]:main():lattice-best-path.cc:99) For utterance PN00M01U014, best cost 37.8103 + 2315.24 = 2353.05 over 630 frames.
PN00M01U014 ikk chaar chhe sifar chaar panj sifar 
LOG (lattice-best-path[5.3]:main():lattice-best-path.cc:99) For utterance PN00M01U015, best cost 40.2528 + 2359.84 = 2400.09 over 630 frames.
PN00M01U015 sifar panj satt sifar do do tinn 
LOG (lattice-best-path[5.3]:main():lattice-best-path.cc:99) For utterance PN00M01U016, best cost 37.8473 + 2281.68 = 2319.53 over 630 frames.
PN00M01U016 tinn panj chhe satt athth sifar ikk 
LOG (lattice-best-path[5.3]:main():lattice-best-path.cc:99) For utterance PN00M01U017, best cost 38.1493 + 2179.15 = 2217.3 over 630 frames.
PN00M01U017 ikk tinn chaar panj panj chhe chhe 
LOG (lattice-best-path[5.3]:main():lattice-best-path.cc:99) For utterance PN00M01U018, best cost 34.6465 + 2256.59 = 2291.24 over 630 frames.
PN00M01U018 chhe satt satt athth athth naun naun 
LOG (lattice-best-path[5.3]:main():lattice-best-path.cc:99) For utterance PN00M01U019, best cost 38.783 + 2317.67 = 2356.45 over 630 frames.
PN00M01U019 naun sifar ikk ikk do ikk satt 
LOG (lattice-best-path[5.3]:main():lattice-best-path.cc:99) For utterance PN00M01U020, best cost 35.1883 + 2276.33 = 2311.52 over 630 frames.
PN00M01U020 satt naun ikk tinn panj satt naun 
LOG (lattice-best-path[5.3]:main():lattice-best-path.cc:99) For utterance PN00M01U021, best cost 38.9448 + 2307.29 = 2346.23 over 630 frames.
PN00M01U021 sifar sifar ikk do tinn chaar panj 
LOG (lattice-best-path[5.3]:main():lattice-best-path.cc:99) For utterance PN00M01U022, best cost 39.9972 + 2314.93 = 2354.93 over 655 frames.
PN00M01U022 panj chhe satt athth naun ikk sifar 
LOG (lattice-best-path[5.3]:main():lattice-best-path.cc:99) For utterance PN00M01U023, best cost 36.0034 + 2223.16 = 2259.16 over 629 frames.
PN00M01U023 sifar do chaar chhe athth do sifar 
LOG (lattice-best-path[5.3]:main():lattice-best-path.cc:99) For utterance PN00M01U024, best cost 37.9383 + 2304.22 = 2342.16 over 630 frames.
PN00M01U024 sifar tinn panj satt naun tinn sifar 
LOG (lattice-best-path[5.3]:main():lattice-best-path.cc:99) For utterance PN00M01U025, best cost 40.4713 + 2337.43 = 2377.9 over 630 frames.
PN00M01U025 sifar chaar satt chaar sifar panj athth 
LOG (lattice-best-path[5.3]:main():lattice-best-path.cc:99) For utterance PN00M01U026, best cost 37.9624 + 2269.71 = 2307.67 over 630 frames.
PN00M01U026 athth panj sifar chhe naun chhe sifar 
LOG (lattice-best-path[5.3]:main():lattice-best-path.cc:99) For utterance PN00M01U027, best cost 40.9205 + 2276.52 = 2317.44 over 630 frames.
PN00M01U027 sifar satt satt sifar athth athth sifar 
LOG (lattice-best-path[5.3]:main():lattice-best-path.cc:99) For utterance PN00M01U028, best cost 37.5349 + 2228.38 = 2265.91 over 629 frames.
PN00M01U028 sifar naun naun sifar ikk ikk tinn 
LOG (lattice-best-path[5.3]:main():lattice-best-path.cc:99) For utterance PN00M01U029, best cost 34.8006 + 2249.54 = 2284.34 over 630 frames.
PN00M01U029 tinn chhe ikk chaar athth ikk panj 
LOG (lattice-best-path[5.3]:main():lattice-best-path.cc:99) For utterance PN00M01U030, best cost 35.8289 + 2243.59 = 2279.42 over 630 frames.
PN00M01U030 panj naun do panj chaar ikk chhe 
LOG (lattice-best-path[5.3]:main():lattice-best-path.cc:99) For utterance PN00M01U031, best cost 35.4757 + 2187.17 = 2222.65 over 629 frames.
PN00M01U031 chhe panj ikk satt chhe do chhe 
LOG (lattice-best-path[5.3]:main():lattice-best-path.cc:99) For utterance PN00M01U032, best cost 37.6973 + 2242.86 = 2280.56 over 629 frames.
PN00M01U032 chhe tinn satt ikk athth tinn athth 
LOG (lattice-best-path[5.3]:main():lattice-best-path.cc:99) For utterance PN00M01U033, best cost 33.3389 + 2198.01 = 2231.35 over 656 frames.
PN00M01U033 athth naun chaar naun panj do ikk 
LOG (lattice-best-path[5.3]:main():lattice-best-path.cc:99) For utterance PN00M01U034, best cost 37.0536 + 2151.13 = 2188.18 over 630 frames.
PN00M01U034 ikk naun satt do satt panj tinn 
LOG (lattice-best-path[5.3]:main():lattice-best-path.cc:99) For utterance PN00M01U035, best cost 37.7143 + 2190.95 = 2228.67 over 630 frames.
PN00M01U035 tinn naun athth satt tinn ikk do 
LOG (lattice-best-path[5.3]:main():lattice-best-path.cc:99) For utterance PN00M01U036, best cost 38.0008 + 2221.85 = 2259.85 over 630 frames.
PN00M01U036 do do athth chaar do naun sifar 
LOG (lattice-best-path[5.3]:main():lattice-best-path.cc:99) For utterance PN00M01U037, best cost 38.1308 + 2216.98 = 2255.11 over 630 frames.
PN00M01U037 sifar ikk do tinn do tinn tinn 
LOG (lattice-best-path[5.3]:main():lattice-best-path.cc:99) For utterance PN00M01U038, best cost 39.4132 + 2178.69 = 2218.1 over 629 frames.
PN00M01U038 tinn chaar tinn chaar chaar panj panj 
LOG (lattice-best-path[5.3]:main():lattice-best-path.cc:99) For utterance PN00M01U039, best cost 39.3919 + 2220.11 = 2259.5 over 630 frames.
PN00M01U039 panj chhe chaar panj chhe chhe satt 
LOG (lattice-best-path[5.3]:main():lattice-best-path.cc:99) For utterance PN00M01U040, best cost 39.5128 + 2275.13 = 2314.64 over 630 frames.
PN00M01U040 satt athth chhe satt ikk do chaar 
LOG (lattice-best-path[5.3]:main():lattice-best-path.cc:99) For utterance PN00M01U041, best cost 39.4495 + 2239.31 = 2278.76 over 630 frames.
PN00M01U041 sifar naun sifar ikk do tinn chaar 
LOG (lattice-best-path[5.3]:main():lattice-best-path.cc:99) For utterance PN00M01U042, best cost 38.8522 + 2257.39 = 2296.24 over 630 frames.
PN00M01U042 chaar panj chhe satt athth naun athth 
LOG (lattice-best-path[5.3]:main():lattice-best-path.cc:99) For utterance PN00M01U043, best cost 37.6363 + 2315.93 = 2353.56 over 629 frames.
PN00M01U043 athth sifar do chaar chhe athth satt 
LOG (lattice-best-path[5.3]:main():lattice-best-path.cc:99) For utterance PN00M01U044, best cost 39.4334 + 2377.19 = 2416.63 over 656 frames.
PN00M01U044 satt sifar tinn panj satt naun chhe 
LOG (lattice-best-path[5.3]:main():lattice-best-path.cc:99) For utterance PN00M01U045, best cost 38.2013 + 2273.98 = 2312.18 over 630 frames.
PN00M01U045 chhe sifar chaar satt panj sifar panj 
LOG (lattice-best-path[5.3]:main():lattice-best-path.cc:99) For utterance PN00M01U046, best cost 39.6484 + 2263.92 = 2303.57 over 630 frames.
PN00M01U046 panj athth chaar sifar chhe naun tinn 
LOG (lattice-best-path[5.3]:main():lattice-best-path.cc:99) For utterance PN00M01U047, best cost 43.251 + 2367.63 = 2410.88 over 630 frames.
PN00M01U047 tinn sifar satt do sifar athth ikk 
LOG (lattice-best-path[5.3]:main():lattice-best-path.cc:99) For utterance PN00M01U048, best cost 42.274 + 2334.15 = 2376.42 over 630 frames.
PN00M01U048 ikk sifar sifar ikk naun ikk tinn 
LOG (lattice-best-path[5.3]:main():lattice-best-path.cc:99) For utterance PN00M01U049, best cost 36.5847 + 2219.15 = 2255.74 over 630 frames.
PN00M01U049 tinn chhe ikk chaar athth do panj 
LOG (lattice-best-path[5.3]:main():lattice-best-path.cc:99) For utterance PN00M01U050, best cost 36.4268 + 2148.55 = 2184.98 over 630 frames.
PN00M01U050 panj naun do chhe panj ikk panj 
LOG (lattice-best-path[5.3]:main():lattice-best-path.cc:99) For utterance PN00M01U051, best cost 35.8936 + 2245.97 = 2281.87 over 629 frames.
PN00M01U051 panj chaar ikk chhe tinn ikk satt 
LOG (lattice-best-path[5.3]:main():lattice-best-path.cc:99) For utterance PN00M01U052, best cost 38.0899 + 2319.87 = 2357.96 over 630 frames.
PN00M01U052 satt ikk athth tinn satt tinn athth 
LOG (lattice-best-path[5.3]:main():lattice-best-path.cc:99) For utterance PN00M01U053, best cost 32.9221 + 2179.01 = 2211.93 over 629 frames.
PN00M01U053 athth naun naun chaar naun panj do 
LOG (lattice-best-path[5.3]:main():lattice-best-path.cc:99) For utterance PN00M01U054, best cost 37.0241 + 2294.65 = 2331.68 over 629 frames.
PN00M01U054 do satt chhe do athth panj tinn 
LOG (lattice-best-path[5.3]:main():lattice-best-path.cc:99) For utterance PN00M01U055, best cost 37.4209 + 2276.49 = 2313.91 over 629 frames.
PN00M01U055 tinn naun satt chaar do ikk ikk 
LOG (lattice-best-path[5.3]:main():lattice-best-path.cc:99) For utterance PN00M01U056, best cost 37.1386 + 2204.9 = 2242.04 over 630 frames.
PN00M01U056 ikk do naun sifar ikk do do 
LOG (lattice-best-path[5.3]:main():lattice-best-path.cc:99) For utterance PN00M01U057, best cost 40.8786 + 2100.53 = 2141.4 over 630 frames.
PN00M01U057 do tinn do tinn tinn chaar tinn 
LOG (lattice-best-path[5.3]:main():lattice-best-path.cc:99) For utterance PN00M01U058, best cost 39.0076 + 2187.26 = 2226.27 over 656 frames.
PN00M01U058 tinn chaar chaar panj panj chhe chaar 
LOG (lattice-best-path[5.3]:main():lattice-best-path.cc:99) For utterance PN00M01U059, best cost 42.9981 + 2431.83 = 2474.83 over 630 frames.
PN00M01U059 athth athth athth sifar sifar sifar sifar 
LOG (lattice-best-path[5.3]:main():lattice-best-path.cc:99) For utterance PN00M01U060, best cost 36.9813 + 2277.89 = 2314.87 over 630 frames.
PN00M01U060 athth chhe satt athth athth naun sifar 
LOG (lattice-best-path[5.3]:main():lattice-best-path.cc:99) For utterance PN00M01U061, best cost 33.7424 + 2238.48 = 2272.22 over 630 frames.
PN00M01U061 sifar naun naun athth satt chhe panj 
LOG (lattice-best-path[5.3]:main():lattice-best-path.cc:99) For utterance PN00M01U062, best cost 35.4711 + 2178.67 = 2214.14 over 630 frames.
PN00M01U062 panj chaar tinn do ikk sifar athth 
LOG (lattice-best-path[5.3]:main():lattice-best-path.cc:99) For utterance PN00M01U063, best cost 34.6945 + 2197.08 = 2231.77 over 630 frames.
PN00M01U063 athth naun satt panj tinn ikk satt 
LOG (lattice-best-path[5.3]:main():lattice-best-path.cc:99) For utterance PN00M01U064, best cost 34.8192 + 2131.07 = 2165.89 over 630 frames.
PN00M01U064 satt naun chhe chaar do sifar chhe 
LOG (lattice-best-path[5.3]:main():lattice-best-path.cc:99) For utterance PN00M01U065, best cost 35.0705 + 2055.38 = 2090.45 over 629 frames.
PN00M01U065 chhe naun panj do panj naun chaar 
LOG (lattice-best-path[5.3]:main():lattice-best-path.cc:99) For utterance PN00M01U066, best cost 39.2318 + 2104.29 = 2143.53 over 630 frames.
PN00M01U066 chaar ikk chaar naun tinn sifar tinn 
LOG (lattice-best-path[5.3]:main():lattice-best-path.cc:99) For utterance PN00M01U067, best cost 37.8203 + 2099.37 = 2137.19 over 630 frames.
PN00M01U067 tinn naun do do naun ikk ikk 
LOG (lattice-best-path[5.3]:main():lattice-best-path.cc:99) For utterance PN00M01U068, best cost 39.8109 + 2265.07 = 2304.88 over 630 frames.
PN00M01U068 ikk naun sifar sifar satt chaar sifar 
LOG (lattice-best-path[5.3]:main():lattice-best-path.cc:99) For utterance PN00M01U069, best cost 42.8942 + 2232.43 = 2275.33 over 630 frames.
PN00M01U069 sifar ikk athth chhe tinn athth athth 
LOG (lattice-best-path[5.3]:main():lattice-best-path.cc:99) For utterance PN00M01U070, best cost 35.1899 + 2171.51 = 2206.7 over 630 frames.
PN00M01U070 athth panj ikk chhe do chhe athth 
LOG (lattice-best-path[5.3]:main():lattice-best-path.cc:99) For utterance PN00M01U071, best cost 40.8262 + 2221.12 = 2261.95 over 630 frames.
PN00M01U071 athth chaar panj athth tinn chaar athth 
LOG (lattice-best-path[5.3]:main():lattice-best-path.cc:99) For utterance PN00M01U072, best cost 36.5045 + 2196.94 = 2233.44 over 630 frames.
PN00M01U072 athth do tinn satt tinn chhe ikk 
LOG (lattice-best-path[5.3]:main():lattice-best-path.cc:99) For utterance PN00M01U073, best cost 38.7141 + 2200.52 = 2239.23 over 630 frames.
PN00M01U073 ikk panj sifar panj chhe satt do 
LOG (lattice-best-path[5.3]:main():lattice-best-path.cc:99) For utterance PN00M01U074, best cost 40.9378 + 2182.02 = 2222.96 over 629 frames.
PN00M01U074 do athth ikk tinn panj panj satt 
LOG (lattice-best-path[5.3]:main():lattice-best-path.cc:99) For utterance PN00M01U075, best cost 40.8464 + 2266.75 = 2307.6 over 629 frames.
PN00M01U075 satt ikk do satt sifar do chaar 
LOG (lattice-best-path[5.3]:main():lattice-best-path.cc:99) For utterance PN00M01U076, best cost 39.7175 + 2199.57 = 2239.28 over 630 frames.
PN00M01U076 chaar satt athth sifar ikk do tinn 
LOG (lattice-best-path[5.3]:main():lattice-best-path.cc:99) For utterance PN00M01U077, best cost 39.6825 + 2137.33 = 2177.01 over 630 frames.
PN00M01U077 tinn tinn chaar chhe sifar chaar chaar 
LOG (lattice-best-path[5.3]:main():lattice-best-path.cc:99) For utterance PN00M01U078, best cost 39.9039 + 2239.92 = 2279.83 over 630 frames.
PN00M01U078 chaar panj chhe chhe satt satt athth 
LOG (lattice-best-path[5.3]:main():lattice-best-path.cc:99) For utterance PN00M01U079, best cost 37.8267 + 2162.94 = 2200.76 over 629 frames.
PN00M01U079 naun naun ikk tinn panj satt naun 
LOG (lattice-best-path[5.3]:main():lattice-best-path.cc:99) For utterance PN00M01U080, best cost 40.9918 + 2162.42 = 2203.41 over 630 frames.
PN00M01U080 do chhe naun ikk do chaar tinn 
LOG (lattice-best-path[5.3]:main():lattice-best-path.cc:99) For utterance PN00M03U001, best cost 34.8915 + 2181.4 = 2216.3 over 629 frames.
PN00M03U001 sifar sifar naun athth satt chhe panj 
LOG (lattice-best-path[5.3]:main():lattice-best-path.cc:99) For utterance PN00M03U002, best cost 32.9685 + 2182.42 = 2215.39 over 630 frames.
PN00M03U002 panj chaar tinn do ikk sifar ikk 
LOG (lattice-best-path[5.3]:main():lattice-best-path.cc:99) For utterance PN00M03U003, best cost 32.483 + 2088.77 = 2121.25 over 630 frames.
PN00M03U003 ikk naun satt panj tinn ikk do 
LOG (lattice-best-path[5.3]:main():lattice-best-path.cc:99) For utterance PN00M03U004, best cost 35.2449 + 2127.9 = 2163.15 over 630 frames.
PN00M03U004 do naun chhe chaar do sifar tinn 
LOG (lattice-best-path[5.3]:main():lattice-best-path.cc:99) For utterance PN00M03U005, best cost 35.5209 + 2105.04 = 2140.56 over 629 frames.
PN00M03U005 tinn naun panj do chaar naun chaar 
LOG (lattice-best-path[5.3]:main():lattice-best-path.cc:99) For utterance PN00M03U006, best cost 34.7595 + 2093.26 = 2128.02 over 630 frames.
PN00M03U006 chaar ikk panj naun tinn sifar chhe 
LOG (lattice-best-path[5.3]:main():lattice-best-path.cc:99) For utterance PN00M03U007, best cost 35.6513 + 2153.08 = 2188.73 over 630 frames.
PN00M03U007 chhe naun do satt naun ikk athth 
LOG (lattice-best-path[5.3]:main():lattice-best-path.cc:99) For utterance PN00M03U008, best cost 37.0497 + 2161.74 = 2198.79 over 630 frames.
PN00M03U008 athth naun sifar athth chhe tinn chaar 
LOG (lattice-best-path[5.3]:main():lattice-best-path.cc:99) For utterance PN00M03U009, best cost 37.1871 + 2155.26 = 2192.45 over 630 frames.
PN00M03U009 chaar sifar satt chaar athth panj ikk 
LOG (lattice-best-path[5.3]:main():lattice-best-path.cc:99) For utterance PN00M03U010, best cost 37.7686 + 2129.04 = 2166.8 over 630 frames.
PN00M03U010 ikk satt tinn tinn athth chaar chaar 
LOG (lattice-best-path[5.3]:main():lattice-best-path.cc:99) For utterance PN00M03U011, best cost 41.2002 + 2216.95 = 2258.16 over 630 frames.
PN00M03U011 chaar satt do panj athth tinn chhe 
LOG (lattice-best-path[5.3]:main():lattice-best-path.cc:99) For utterance PN00M03U012, best cost 33.5917 + 2056.89 = 2090.48 over 630 frames.
PN00M03U012 chhe athth do athth ikk chhe do 
LOG (lattice-best-path[5.3]:main():lattice-best-path.cc:99) For utterance PN00M03U013, best cost 34.8367 + 2033.84 = 2068.68 over 630 frames.
PN00M03U013 do chhe ikk do tinn satt ikk 
LOG (lattice-best-path[5.3]:main():lattice-best-path.cc:99) For utterance PN00M03U014, best cost 38.0391 + 2068.79 = 2106.82 over 630 frames.
PN00M03U014 ikk chaar chhe sifar chaar panj sifar 
LOG (lattice-best-path[5.3]:main():lattice-best-path.cc:99) For utterance PN00M03U015, best cost 39.2009 + 2133.68 = 2172.88 over 630 frames.
PN00M03U015 sifar panj satt sifar do do tinn 
LOG (lattice-best-path[5.3]:main():lattice-best-path.cc:99) For utterance PN00M03U016, best cost 37.536 + 2085.06 = 2122.59 over 630 frames.
PN00M03U016 tinn panj chhe satt athth sifar ikk 
LOG (lattice-best-path[5.3]:main():lattice-best-path.cc:99) For utterance PN00M03U017, best cost 37.9893 + 2030.27 = 2068.26 over 630 frames.
PN00M03U017 ikk tinn chaar panj panj chhe chhe 
LOG (lattice-best-path[5.3]:main():lattice-best-path.cc:99) For utterance PN00M03U018, best cost 35.6751 + 2054.07 = 2089.74 over 630 frames.
PN00M03U018 chhe satt satt athth athth naun naun 
LOG (lattice-best-path[5.3]:main():lattice-best-path.cc:99) For utterance PN00M03U019, best cost 36.5964 + 2057.86 = 2094.46 over 629 frames.
PN00M03U019 naun sifar ikk ikk do ikk satt 
LOG (lattice-best-path[5.3]:main():lattice-best-path.cc:99) For utterance PN00M03U020, best cost 33.0035 + 2061.38 = 2094.38 over 630 frames.
PN00M03U020 satt naun ikk tinn panj satt naun 
LOG (lattice-best-path[5.3]:main():lattice-best-path.cc:99) For utterance PN00M03U021, best cost 41.8664 + 2362.93 = 2404.8 over 630 frames.
PN00M03U021 sifar sifar ikk do tinn chaar panj 
LOG (lattice-best-path[5.3]:main():lattice-best-path.cc:99) For utterance PN00M03U022, best cost 37.619 + 2158.54 = 2196.16 over 630 frames.
PN00M03U022 panj chhe satt athth naun ikk sifar 
LOG (lattice-best-path[5.3]:main():lattice-best-path.cc:99) For utterance PN00M03U023, best cost 36.1952 + 2178.84 = 2215.04 over 629 frames.
PN00M03U023 sifar do chaar chhe athth do sifar 
LOG (lattice-best-path[5.3]:main():lattice-best-path.cc:99) For utterance PN00M03U024, best cost 36.858 + 2133.8 = 2170.65 over 630 frames.
PN00M03U024 sifar tinn panj satt naun tinn sifar 
LOG (lattice-best-path[5.3]:main():lattice-best-path.cc:99) For utterance PN00M03U025, best cost 39.8133 + 2138.13 = 2177.94 over 630 frames.
PN00M03U025 sifar chaar satt chaar sifar panj athth 
LOG (lattice-best-path[5.3]:main():lattice-best-path.cc:99) For utterance PN00M03U026, best cost 37.9426 + 2168.31 = 2206.25 over 629 frames.
PN00M03U026 athth panj sifar chhe naun chhe sifar 
LOG (lattice-best-path[5.3]:main():lattice-best-path.cc:99) For utterance PN00M03U027, best cost 39.8403 + 2203.78 = 2243.62 over 629 frames.
PN00M03U027 sifar satt satt sifar athth athth sifar 
LOG (lattice-best-path[5.3]:main():lattice-best-path.cc:99) For utterance PN00M03U028, best cost 36.2032 + 2091.05 = 2127.26 over 630 frames.
PN00M03U028 sifar naun naun sifar ikk ikk tinn 
LOG (lattice-best-path[5.3]:main():lattice-best-path.cc:99) For utterance PN00M03U029, best cost 33.4614 + 2017.45 = 2050.91 over 630 frames.
PN00M03U029 tinn chhe ikk chaar athth ikk panj 
LOG (lattice-best-path[5.3]:main():lattice-best-path.cc:99) For utterance PN00M03U030, best cost 34.4272 + 1999.99 = 2034.42 over 630 frames.
PN00M03U030 panj naun do panj chaar ikk chhe 
LOG (lattice-best-path[5.3]:main():lattice-best-path.cc:99) For utterance PN00M03U031, best cost 34.3465 + 2026.97 = 2061.31 over 629 frames.
PN00M03U031 chhe panj ikk satt chhe do chhe 
LOG (lattice-best-path[5.3]:main():lattice-best-path.cc:99) For utterance PN00M03U032, best cost 35.056 + 2155.2 = 2190.26 over 629 frames.
PN00M03U032 chhe tinn satt ikk athth tinn athth 
LOG (lattice-best-path[5.3]:main():lattice-best-path.cc:99) For utterance PN00M03U033, best cost 40.7094 + 2096.74 = 2137.45 over 630 frames.
PN00M03U033 athth naun chaar naun panj do ikk athth 
LOG (lattice-best-path[5.3]:main():lattice-best-path.cc:99) For utterance PN00M03U034, best cost 33.8476 + 2025.87 = 2059.71 over 630 frames.
PN00M03U034 ikk naun satt do satt panj tinn 
LOG (lattice-best-path[5.3]:main():lattice-best-path.cc:99) For utterance PN00M03U035, best cost 33.3285 + 2009.49 = 2042.82 over 630 frames.
PN00M03U035 tinn naun athth satt tinn ikk do 
LOG (lattice-best-path[5.3]:main():lattice-best-path.cc:99) For utterance PN00M03U036, best cost 36.8563 + 2116.96 = 2153.81 over 629 frames.
PN00M03U036 do do athth chaar do naun sifar 
LOG (lattice-best-path[5.3]:main():lattice-best-path.cc:99) For utterance PN00M03U037, best cost 36.4652 + 2100.78 = 2137.25 over 629 frames.
PN00M03U037 sifar ikk do tinn do tinn tinn 
LOG (lattice-best-path[5.3]:main():lattice-best-path.cc:99) For utterance PN00M03U038, best cost 39.0743 + 2425 = 2464.07 over 630 frames.
PN00M03U038 tinn chaar tinn chaar chaar panj panj 
LOG (lattice-best-path[5.3]:main():lattice-best-path.cc:99) For utterance PN00M03U039, best cost 36.2083 + 2052.76 = 2088.97 over 630 frames.
PN00M03U039 panj chhe chaar panj chhe chhe satt 
LOG (lattice-best-path[5.3]:main():lattice-best-path.cc:99) For utterance PN00M03U040, best cost 37.3887 + 2080.42 = 2117.81 over 630 frames.
PN00M03U040 satt athth chhe satt ikk do chaar 
LOG (lattice-best-path[5.3]:main():lattice-best-path.cc:99) For utterance PN00M03U041, best cost 42.9221 + 2195.81 = 2238.73 over 629 frames.
PN00M03U041 sifar sifar naun sifar ikk do tinn chaar 
LOG (lattice-best-path[5.3]:main():lattice-best-path.cc:99) For utterance PN00M03U042, best cost 35.8737 + 2079.13 = 2115 over 630 frames.
PN00M03U042 chaar panj chhe satt athth naun athth 
LOG (lattice-best-path[5.3]:main():lattice-best-path.cc:99) For utterance PN00M03U043, best cost 35.7773 + 2199.2 = 2234.98 over 629 frames.
PN00M03U043 athth sifar do chaar chhe athth satt 
LOG (lattice-best-path[5.3]:main():lattice-best-path.cc:99) For utterance PN00M03U044, best cost 35.6569 + 2068.02 = 2103.68 over 629 frames.
PN00M03U044 satt sifar tinn panj satt naun chhe 
LOG (lattice-best-path[5.3]:main():lattice-best-path.cc:99) For utterance PN00M03U045, best cost 36.4885 + 2136.49 = 2172.98 over 630 frames.
PN00M03U045 chhe sifar chaar satt panj sifar panj 
LOG (lattice-best-path[5.3]:main():lattice-best-path.cc:99) For utterance PN00M03U046, best cost 37.0455 + 2009.31 = 2046.35 over 629 frames.
PN00M03U046 panj athth chaar sifar chhe naun tinn 
LOG (lattice-scale[5.3]:main():lattice-scale.cc:90) Done 320 lattices.
LOG (lattice-best-path[5.3]:main():lattice-best-path.cc:99) For utterance PN00M03U047, best cost 38.5678 + 2082.28 = 2120.85 over 630 frames.
PN00M03U047 tinn sifar satt do sifar athth ikk 
LOG (lattice-best-path[5.3]:main():lattice-best-path.cc:99) For utterance PN00M03U048, best cost 36.6949 + 2075.18 = 2111.88 over 630 frames.
PN00M03U048 ikk sifar sifar ikk naun ikk tinn 
LOG (lattice-best-path[5.3]:main():lattice-best-path.cc:99) For utterance PN00M03U049, best cost 34.3557 + 2042.94 = 2077.29 over 630 frames.
PN00M03U049 tinn chhe ikk chaar athth do panj 
LOG (lattice-best-path[5.3]:main():lattice-best-path.cc:99) For utterance PN00M03U050, best cost 34.9389 + 1994.33 = 2029.27 over 630 frames.
PN00M03U050 panj naun do chhe panj ikk panj 
LOG (lattice-best-path[5.3]:main():lattice-best-path.cc:99) For utterance PN00M03U051, best cost 33.3707 + 1980.41 = 2013.78 over 629 frames.
PN00M03U051 panj chaar ikk chhe tinn ikk satt 
LOG (lattice-best-path[5.3]:main():lattice-best-path.cc:99) For utterance PN00M03U052, best cost 34.9948 + 2074.64 = 2109.63 over 632 frames.
PN00M03U052 satt ikk athth tinn satt tinn athth 
LOG (lattice-best-path[5.3]:main():lattice-best-path.cc:99) For utterance PN00M03U053, best cost 33.0654 + 2120.99 = 2154.06 over 653 frames.
PN00M03U053 athth naun naun chaar naun panj do 
LOG (lattice-best-path[5.3]:main():lattice-best-path.cc:99) For utterance PN00M03U054, best cost 36.0872 + 2140.41 = 2176.5 over 651 frames.
PN00M03U054 do satt chhe do athth panj tinn 
LOG (lattice-best-path[5.3]:main():lattice-best-path.cc:99) For utterance PN00M03U055, best cost 35.9418 + 2102.36 = 2138.31 over 654 frames.
PN00M03U055 tinn naun satt chaar do ikk ikk 
LOG (lattice-best-path[5.3]:main():lattice-best-path.cc:99) For utterance PN00M03U056, best cost 44.4669 + 2036.55 = 2081.01 over 629 frames.
PN00M03U056 chhe ikk do naun sifar ikk do do 
LOG (lattice-best-path[5.3]:main():lattice-best-path.cc:99) For utterance PN00M03U057, best cost 39.1898 + 2239.85 = 2279.04 over 623 frames.
PN00M03U057 do tinn do tinn tinn chaar tinn 
LOG (lattice-best-path[5.3]:main():lattice-best-path.cc:99) For utterance PN00M03U058, best cost 37.35 + 2108.81 = 2146.16 over 622 frames.
PN00M03U058 tinn chaar chaar panj panj chhe chaar 
LOG (lattice-best-path[5.3]:main():lattice-best-path.cc:99) For utterance PN00M03U059, best cost 41.0882 + 2271.14 = 2312.23 over 625 frames.
PN00M03U059 athth athth athth sifar sifar sifar sifar 
LOG (lattice-best-path[5.3]:main():lattice-best-path.cc:99) For utterance PN00M03U060, best cost 35.619 + 2240.91 = 2276.53 over 628 frames.
PN00M03U060 athth chhe satt athth athth naun sifar 
LOG (lattice-best-path[5.3]:main():lattice-best-path.cc:99) For utterance PN00M03U061, best cost 33.5487 + 2171.93 = 2205.48 over 629 frames.
PN00M03U061 sifar naun naun athth satt chhe panj 
LOG (lattice-best-path[5.3]:main():lattice-best-path.cc:99) For utterance PN00M03U062, best cost 34.4118 + 2139.04 = 2173.45 over 630 frames.
PN00M03U062 panj chaar tinn do ikk sifar athth 
LOG (lattice-best-path[5.3]:main():lattice-best-path.cc:99) For utterance PN00M03U063, best cost 32.3486 + 2099.7 = 2132.05 over 629 frames.
PN00M03U063 athth naun satt panj tinn ikk satt 
LOG (lattice-add-penalty[5.3]:main():lattice-add-penalty.cc:62) Done adding word insertion penalty to 320 lattices.
LOG (lattice-best-path[5.3]:main():lattice-best-path.cc:99) For utterance PN00M03U064, best cost 34.3318 + 2237.1 = 2271.43 over 629 frames.
PN00M03U064 satt naun chhe chaar do sifar chhe 
LOG (lattice-best-path[5.3]:main():lattice-best-path.cc:99) For utterance PN00M03U065, best cost 35.542 + 2082.17 = 2117.71 over 629 frames.
PN00M03U065 chhe naun panj do panj naun chaar 
LOG (lattice-best-path[5.3]:main():lattice-best-path.cc:99) For utterance PN00M03U066, best cost 36.0282 + 2094.36 = 2130.39 over 630 frames.
PN00M03U066 chaar ikk chaar naun tinn sifar tinn 
LOG (lattice-best-path[5.3]:main():lattice-best-path.cc:99) For utterance PN00M03U067, best cost 35.5706 + 2051.21 = 2086.78 over 627 frames.
PN00M03U067 tinn naun do do naun ikk ikk 
LOG (lattice-best-path[5.3]:main():lattice-best-path.cc:99) For utterance PN00M03U068, best cost 40.2109 + 2323.42 = 2363.63 over 630 frames.
PN00M03U068 ikk naun sifar sifar satt chaar sifar 
LOG (lattice-best-path[5.3]:main():lattice-best-path.cc:99) For utterance PN00M03U069, best cost 43.2906 + 2192.8 = 2236.09 over 629 frames.
PN00M03U069 sifar ikk athth chhe tinn athth athth 
LOG (lattice-best-path[5.3]:main():lattice-best-path.cc:99) For utterance PN00M03U070, best cost 33.8486 + 2211.03 = 2244.88 over 630 frames.
PN00M03U070 athth panj ikk chhe do chhe athth 
LOG (lattice-best-path[5.3]:main():lattice-best-path.cc:99) For utterance PN00M03U071, best cost 38.7873 + 2119.12 = 2157.91 over 630 frames.
PN00M03U071 athth chaar panj athth tinn chaar athth 
LOG (lattice-best-path[5.3]:main():lattice-best-path.cc:99) For utterance PN00M03U072, best cost 34.8016 + 2159.09 = 2193.89 over 629 frames.
PN00M03U072 athth do tinn satt tinn chhe ikk 
LOG (lattice-best-path[5.3]:main():lattice-best-path.cc:99) For utterance PN00M03U073, best cost 38.0348 + 2136.91 = 2174.94 over 630 frames.
PN00M03U073 ikk panj sifar panj chhe satt do 
LOG (lattice-best-path[5.3]:main():lattice-best-path.cc:99) For utterance PN00M03U074, best cost 38.7075 + 2142.11 = 2180.82 over 630 frames.
PN00M03U074 do athth ikk tinn panj panj satt 
LOG (lattice-best-path[5.3]:main():lattice-best-path.cc:99) For utterance PN00M03U075, best cost 36.2964 + 2326.45 = 2362.75 over 630 frames.
PN00M03U075 satt ikk do satt sifar do chaar 
LOG (lattice-best-path[5.3]:main():lattice-best-path.cc:99) For utterance PN00M03U076, best cost 36.2519 + 2170.98 = 2207.23 over 620 frames.
PN00M03U076 chaar satt athth sifar ikk do tinn 
LOG (lattice-best-path[5.3]:main():lattice-best-path.cc:99) For utterance PN00M03U077, best cost 37.7779 + 2151.81 = 2189.59 over 624 frames.
PN00M03U077 tinn tinn chaar chhe sifar chaar chaar 
LOG (lattice-best-path[5.3]:main():lattice-best-path.cc:99) For utterance PN00M03U078, best cost 36.1415 + 2275.91 = 2312.06 over 627 frames.
PN00M03U078 chaar panj chhe chhe satt satt athth 
LOG (lattice-best-path[5.3]:main():lattice-best-path.cc:99) For utterance PN00M03U079, best cost 35.0327 + 2206.46 = 2241.5 over 629 frames.
PN00M03U079 naun naun ikk tinn panj satt naun 
LOG (lattice-best-path[5.3]:main():lattice-best-path.cc:99) For utterance PN00M03U080, best cost 37.9933 + 2198.92 = 2236.92 over 629 frames.
PN00M03U080 do chhe naun ikk do chaar tinn 
LOG (lattice-best-path[5.3]:main():lattice-best-path.cc:124) Overall cost per frame is 3.4949 = 0.0602463 [graph] + 3.43466 [acoustic] over 201866 frames.
LOG (lattice-best-path[5.3]:main():lattice-best-path.cc:128) Done 320 lattices, failed for 0
# Accounting: time=0 threads=1
# Ended (code 0) at Tue Dec 18 09:33:02 IST 2018, elapsed time 0 seconds
