# lattice-scale --inv-acoustic-scale=13 "ark:gunzip -c exp/tri1/decode/lat.*.gz|" ark:- | lattice-add-penalty --word-ins-penalty=1.0 ark:- ark:- | lattice-best-path --word-symbol-table=exp/tri1/graph/words.txt ark:- ark,t:- | utils/int2sym.pl -f 2- exp/tri1/graph/words.txt | local/wer_hyp_filter > exp/tri1/decode/scoring_kaldi/penalty_1.0/13.txt 
# Started at Tue Dec 18 09:46:49 IST 2018
#
lattice-scale --inv-acoustic-scale=13 'ark:gunzip -c exp/tri1/decode/lat.*.gz|' ark:- 
lattice-best-path --word-symbol-table=exp/tri1/graph/words.txt ark:- ark,t:- 
lattice-add-penalty --word-ins-penalty=1.0 ark:- ark:- 
LOG (lattice-best-path[5.3]:main():lattice-best-path.cc:99) For utterance PN00F02U001, best cost 47.6902 + 2471.73 = 2519.42 over 630 frames.
PN00F02U001 sifar sifar naun athth satt chhe panj 
LOG (lattice-best-path[5.3]:main():lattice-best-path.cc:99) For utterance PN00F02U002, best cost 45.9191 + 2264.12 = 2310.04 over 656 frames.
PN00F02U002 panj chaar tinn do ikk sifar ikk 
LOG (lattice-best-path[5.3]:main():lattice-best-path.cc:99) For utterance PN00F02U003, best cost 43.9331 + 2180.22 = 2224.15 over 630 frames.
PN00F02U003 ikk naun satt panj tinn ikk do 
LOG (lattice-best-path[5.3]:main():lattice-best-path.cc:99) For utterance PN00F02U004, best cost 46.1175 + 2227.16 = 2273.28 over 629 frames.
PN00F02U004 do naun chhe chaar do sifar tinn 
LOG (lattice-best-path[5.3]:main():lattice-best-path.cc:99) For utterance PN00F02U005, best cost 46.1785 + 2111.36 = 2157.54 over 628 frames.
PN00F02U005 tinn naun panj do chaar naun chaar 
LOG (lattice-best-path[5.3]:main():lattice-best-path.cc:99) For utterance PN00F02U006, best cost 48.2267 + 2246.29 = 2294.51 over 629 frames.
PN00F02U006 chaar ikk panj naun tinn sifar chhe 
LOG (lattice-best-path[5.3]:main():lattice-best-path.cc:99) For utterance PN00F02U007, best cost 47.7029 + 2185.38 = 2233.09 over 630 frames.
PN00F02U007 chhe naun do satt naun ikk athth 
LOG (lattice-best-path[5.3]:main():lattice-best-path.cc:99) For utterance PN00F02U008, best cost 47.7162 + 2202.03 = 2249.75 over 629 frames.
PN00F02U008 athth naun sifar athth chhe tinn chaar 
LOG (lattice-best-path[5.3]:main():lattice-best-path.cc:99) For utterance PN00F02U009, best cost 48.9359 + 2233.85 = 2282.79 over 626 frames.
PN00F02U009 chaar sifar satt chaar athth panj ikk 
LOG (lattice-best-path[5.3]:main():lattice-best-path.cc:99) For utterance PN00F02U010, best cost 48.1924 + 2192.89 = 2241.08 over 628 frames.
PN00F02U010 ikk satt tinn tinn athth chaar chaar 
LOG (lattice-best-path[5.3]:main():lattice-best-path.cc:99) For utterance PN00F02U011, best cost 51.1233 + 2232.91 = 2284.03 over 630 frames.
PN00F02U011 chaar satt do panj athth tinn chhe 
LOG (lattice-best-path[5.3]:main():lattice-best-path.cc:99) For utterance PN00F02U012, best cost 45.0086 + 2128.14 = 2173.15 over 656 frames.
PN00F02U012 chhe athth do athth ikk chhe do 
LOG (lattice-best-path[5.3]:main():lattice-best-path.cc:99) For utterance PN00F02U013, best cost 46.0008 + 2098.85 = 2144.85 over 630 frames.
PN00F02U013 do chhe ikk do tinn satt ikk 
LOG (lattice-best-path[5.3]:main():lattice-best-path.cc:99) For utterance PN00F02U014, best cost 50.8217 + 2316.24 = 2367.06 over 629 frames.
PN00F02U014 ikk chaar chhe sifar chaar panj sifar 
LOG (lattice-best-path[5.3]:main():lattice-best-path.cc:99) For utterance PN00F02U015, best cost 50.772 + 2317.94 = 2368.71 over 630 frames.
PN00F02U015 sifar panj satt sifar do do tinn 
LOG (lattice-best-path[5.3]:main():lattice-best-path.cc:99) For utterance PN00F02U016, best cost 48.1674 + 2237.14 = 2285.31 over 629 frames.
PN00F02U016 tinn panj chhe satt athth sifar ikk 
LOG (lattice-best-path[5.3]:main():lattice-best-path.cc:99) For utterance PN00F02U017, best cost 48.4495 + 2316.52 = 2364.97 over 657 frames.
PN00F02U017 ikk tinn chaar panj panj chhe chhe 
LOG (lattice-best-path[5.3]:main():lattice-best-path.cc:99) For utterance PN00F02U018, best cost 46.2826 + 2187.94 = 2234.22 over 652 frames.
PN00F02U018 chhe satt satt athth athth naun naun 
LOG (lattice-best-path[5.3]:main():lattice-best-path.cc:99) For utterance PN00F02U019, best cost 48.6393 + 2195.87 = 2244.51 over 653 frames.
PN00F02U019 naun sifar ikk ikk do ikk satt 
LOG (lattice-best-path[5.3]:main():lattice-best-path.cc:99) For utterance PN00F02U020, best cost 44.0403 + 2077.42 = 2121.46 over 628 frames.
PN00F02U020 satt naun ikk tinn panj satt naun 
LOG (lattice-best-path[5.3]:main():lattice-best-path.cc:99) For utterance PN00F02U021, best cost 58.8442 + 2466.79 = 2525.64 over 629 frames.
PN00F02U021 sifar sifar sifar ikk tinn chaar panj 
LOG (lattice-best-path[5.3]:main():lattice-best-path.cc:99) For utterance PN00F02U022, best cost 48.5806 + 2199.36 = 2247.94 over 656 frames.
PN00F02U022 panj chhe satt athth naun ikk sifar 
LOG (lattice-best-path[5.3]:main():lattice-best-path.cc:99) For utterance PN00F02U023, best cost 46.6375 + 2141.27 = 2187.91 over 630 frames.
PN00F02U023 sifar do chaar chhe athth do sifar 
LOG (lattice-best-path[5.3]:main():lattice-best-path.cc:99) For utterance PN00F02U024, best cost 48.9154 + 2279.28 = 2328.19 over 630 frames.
PN00F02U024 sifar tinn panj satt naun tinn sifar 
LOG (lattice-best-path[5.3]:main():lattice-best-path.cc:99) For utterance PN00F02U025, best cost 49.8465 + 2276.58 = 2326.43 over 630 frames.
PN00F02U025 sifar chaar satt chaar sifar panj athth 
LOG (lattice-best-path[5.3]:main():lattice-best-path.cc:99) For utterance PN00F02U026, best cost 48.8221 + 2334.52 = 2383.34 over 630 frames.
PN00F02U026 athth panj sifar chhe naun chhe sifar 
LOG (lattice-best-path[5.3]:main():lattice-best-path.cc:99) For utterance PN00F02U027, best cost 51.1548 + 2307.09 = 2358.25 over 656 frames.
PN00F02U027 sifar satt satt sifar athth athth sifar 
LOG (lattice-best-path[5.3]:main():lattice-best-path.cc:99) For utterance PN00F02U028, best cost 47.301 + 2261.86 = 2309.16 over 629 frames.
PN00F02U028 sifar naun naun sifar ikk ikk tinn 
LOG (lattice-best-path[5.3]:main():lattice-best-path.cc:99) For utterance PN00F02U029, best cost 43.9145 + 2201.43 = 2245.34 over 630 frames.
PN00F02U029 tinn chhe ikk chaar athth ikk panj 
LOG (lattice-best-path[5.3]:main():lattice-best-path.cc:99) For utterance PN00F02U030, best cost 45.9219 + 2211.16 = 2257.08 over 630 frames.
PN00F02U030 panj naun do panj chaar ikk chhe 
LOG (lattice-best-path[5.3]:main():lattice-best-path.cc:99) For utterance PN00F02U031, best cost 45.8998 + 2230.71 = 2276.61 over 630 frames.
PN00F02U031 chhe panj ikk satt chhe do chhe 
LOG (lattice-best-path[5.3]:main():lattice-best-path.cc:99) For utterance PN00F02U032, best cost 44.1748 + 2097.27 = 2141.45 over 629 frames.
PN00F02U032 chhe tinn satt ikk athth tinn athth 
LOG (lattice-best-path[5.3]:main():lattice-best-path.cc:99) For utterance PN00F02U033, best cost 45.1252 + 2153.96 = 2199.08 over 630 frames.
PN00F02U033 athth naun chaar naun panj do ikk 
LOG (lattice-best-path[5.3]:main():lattice-best-path.cc:99) For utterance PN00F02U034, best cost 44.5441 + 2166.97 = 2211.52 over 630 frames.
PN00F02U034 ikk naun satt do satt panj tinn 
LOG (lattice-best-path[5.3]:main():lattice-best-path.cc:99) For utterance PN00F02U035, best cost 44.7855 + 2170.25 = 2215.03 over 630 frames.
PN00F02U035 tinn naun athth satt tinn ikk do 
LOG (lattice-best-path[5.3]:main():lattice-best-path.cc:99) For utterance PN00F02U036, best cost 48.367 + 2234.66 = 2283.02 over 630 frames.
PN00F02U036 do do athth chaar do naun sifar 
LOG (lattice-best-path[5.3]:main():lattice-best-path.cc:99) For utterance PN00F02U037, best cost 46.1855 + 2141.55 = 2187.74 over 655 frames.
PN00F02U037 sifar ikk do tinn do tinn tinn 
LOG (lattice-best-path[5.3]:main():lattice-best-path.cc:99) For utterance PN00F02U038, best cost 49.2875 + 2147.71 = 2196.99 over 630 frames.
PN00F02U038 tinn chaar tinn chaar chaar panj panj 
LOG (lattice-best-path[5.3]:main():lattice-best-path.cc:99) For utterance PN00F02U039, best cost 47.9186 + 2181.21 = 2229.13 over 629 frames.
PN00F02U039 panj chhe chaar panj chhe chhe satt 
LOG (lattice-best-path[5.3]:main():lattice-best-path.cc:99) For utterance PN00F02U040, best cost 48.2335 + 2048.77 = 2097 over 629 frames.
PN00F02U040 satt athth chhe satt ikk do chaar 
LOG (lattice-best-path[5.3]:main():lattice-best-path.cc:99) For utterance PN00F02U041, best cost 46.4202 + 2270.37 = 2316.79 over 630 frames.
PN00F02U041 sifar naun sifar ikk do tinn chaar 
LOG (lattice-best-path[5.3]:main():lattice-best-path.cc:99) For utterance PN00F02U042, best cost 47.1193 + 2224.91 = 2272.03 over 648 frames.
PN00F02U042 chaar panj chhe satt athth naun athth 
LOG (lattice-best-path[5.3]:main():lattice-best-path.cc:99) For utterance PN00F02U043, best cost 45.9138 + 2194.92 = 2240.84 over 630 frames.
PN00F02U043 athth sifar do chaar chhe athth satt 
LOG (lattice-best-path[5.3]:main():lattice-best-path.cc:99) For utterance PN00F02U044, best cost 46.9406 + 2137.53 = 2184.47 over 630 frames.
PN00F02U044 satt sifar tinn panj satt naun chhe 
LOG (lattice-best-path[5.3]:main():lattice-best-path.cc:99) For utterance PN00F02U045, best cost 48.8213 + 2271.22 = 2320.04 over 630 frames.
PN00F02U045 chhe sifar chaar satt panj sifar panj 
LOG (lattice-best-path[5.3]:main():lattice-best-path.cc:99) For utterance PN00F02U046, best cost 49.1469 + 2128.59 = 2177.74 over 630 frames.
PN00F02U046 panj athth chaar sifar chhe naun tinn 
LOG (lattice-best-path[5.3]:main():lattice-best-path.cc:99) For utterance PN00F02U047, best cost 49.5297 + 2190.13 = 2239.66 over 630 frames.
PN00F02U047 tinn sifar satt do sifar athth ikk 
LOG (lattice-best-path[5.3]:main():lattice-best-path.cc:99) For utterance PN00F02U048, best cost 49.7095 + 2125.47 = 2175.18 over 630 frames.
PN00F02U048 ikk sifar sifar ikk naun ikk tinn 
LOG (lattice-best-path[5.3]:main():lattice-best-path.cc:99) For utterance PN00F02U049, best cost 45.2318 + 2199.25 = 2244.48 over 630 frames.
PN00F02U049 tinn chhe ikk chaar athth do panj 
LOG (lattice-best-path[5.3]:main():lattice-best-path.cc:99) For utterance PN00F02U050, best cost 45.8771 + 2149.45 = 2195.33 over 629 frames.
PN00F02U050 panj naun do chhe panj ikk panj 
LOG (lattice-best-path[5.3]:main():lattice-best-path.cc:99) For utterance PN00F02U051, best cost 45.0681 + 2163.36 = 2208.43 over 630 frames.
PN00F02U051 panj chaar ikk chhe tinn ikk satt 
LOG (lattice-best-path[5.3]:main():lattice-best-path.cc:99) For utterance PN00F02U052, best cost 45.1808 + 2108.87 = 2154.05 over 629 frames.
PN00F02U052 satt ikk athth tinn satt tinn athth 
LOG (lattice-best-path[5.3]:main():lattice-best-path.cc:99) For utterance PN00F02U053, best cost 44.9051 + 2051.72 = 2096.62 over 630 frames.
PN00F02U053 athth naun naun chaar naun panj do 
LOG (lattice-best-path[5.3]:main():lattice-best-path.cc:99) For utterance PN00F02U054, best cost 46.9188 + 2204.03 = 2250.95 over 630 frames.
PN00F02U054 do satt chhe do athth panj tinn 
LOG (lattice-best-path[5.3]:main():lattice-best-path.cc:99) For utterance PN00F02U055, best cost 45.7108 + 2178.78 = 2224.49 over 630 frames.
PN00F02U055 tinn naun satt chaar do ikk ikk 
LOG (lattice-best-path[5.3]:main():lattice-best-path.cc:99) For utterance PN00F02U056, best cost 49.0373 + 2178.14 = 2227.17 over 656 frames.
PN00F02U056 ikk do naun sifar ikk do do 
LOG (lattice-best-path[5.3]:main():lattice-best-path.cc:99) For utterance PN00F02U057, best cost 48.0836 + 2052.23 = 2100.32 over 629 frames.
PN00F02U057 do tinn do tinn tinn chaar tinn 
LOG (lattice-best-path[5.3]:main():lattice-best-path.cc:99) For utterance PN00F02U058, best cost 48.0706 + 2196.32 = 2244.39 over 630 frames.
PN00F02U058 tinn chaar chaar panj panj chhe chaar 
LOG (lattice-best-path[5.3]:main():lattice-best-path.cc:99) For utterance PN00F02U059, best cost 51.4158 + 2253.14 = 2304.55 over 629 frames.
PN00F02U059 athth athth athth sifar sifar sifar sifar 
LOG (lattice-best-path[5.3]:main():lattice-best-path.cc:99) For utterance PN00F02U060, best cost 46.9441 + 2186.67 = 2233.62 over 629 frames.
PN00F02U060 athth chhe satt athth athth naun sifar 
LOG (lattice-best-path[5.3]:main():lattice-best-path.cc:99) For utterance PN00F02U061, best cost 45.2421 + 2259.86 = 2305.1 over 630 frames.
PN00F02U061 sifar naun naun athth satt chhe panj 
LOG (lattice-best-path[5.3]:main():lattice-best-path.cc:99) For utterance PN00F02U062, best cost 46.0378 + 2112.27 = 2158.31 over 630 frames.
PN00F02U062 panj chaar tinn do ikk sifar athth 
LOG (lattice-best-path[5.3]:main():lattice-best-path.cc:99) For utterance PN00F02U063, best cost 43.9802 + 2101.4 = 2145.38 over 629 frames.
PN00F02U063 athth naun satt panj tinn ikk satt 
LOG (lattice-best-path[5.3]:main():lattice-best-path.cc:99) For utterance PN00F02U064, best cost 45.1439 + 2178.75 = 2223.89 over 630 frames.
PN00F02U064 satt naun chhe chaar do sifar chhe 
LOG (lattice-best-path[5.3]:main():lattice-best-path.cc:99) For utterance PN00F02U065, best cost 45.997 + 2080.49 = 2126.49 over 630 frames.
PN00F02U065 chhe naun panj do panj naun chaar 
LOG (lattice-best-path[5.3]:main():lattice-best-path.cc:99) For utterance PN00F02U066, best cost 47.9817 + 2091.93 = 2139.91 over 630 frames.
PN00F02U066 chaar ikk chaar naun tinn sifar tinn 
LOG (lattice-best-path[5.3]:main():lattice-best-path.cc:99) For utterance PN00F02U067, best cost 46.0383 + 2075.37 = 2121.41 over 630 frames.
PN00F02U067 tinn naun do do naun ikk ikk 
LOG (lattice-best-path[5.3]:main():lattice-best-path.cc:99) For utterance PN00F02U068, best cost 49.9433 + 2287.77 = 2337.71 over 629 frames.
PN00F02U068 ikk naun sifar sifar satt chaar sifar 
LOG (lattice-best-path[5.3]:main():lattice-best-path.cc:99) For utterance PN00F02U069, best cost 42.6906 + 2201.18 = 2243.88 over 630 frames.
PN00F02U069 sifar ikk athth chhe tinn athth 
LOG (lattice-best-path[5.3]:main():lattice-best-path.cc:99) For utterance PN00F02U070, best cost 45.4899 + 2210.15 = 2255.64 over 656 frames.
PN00F02U070 athth panj ikk chhe do chhe athth 
LOG (lattice-best-path[5.3]:main():lattice-best-path.cc:99) For utterance PN00F02U071, best cost 51.0046 + 2157.55 = 2208.55 over 630 frames.
PN00F02U071 athth chaar panj athth tinn chaar athth 
LOG (lattice-best-path[5.3]:main():lattice-best-path.cc:99) For utterance PN00F02U072, best cost 46.8164 + 2130.51 = 2177.33 over 630 frames.
PN00F02U072 athth do tinn satt tinn chhe ikk 
LOG (lattice-best-path[5.3]:main():lattice-best-path.cc:99) For utterance PN00F02U073, best cost 48.6602 + 2185.98 = 2234.64 over 630 frames.
PN00F02U073 ikk panj sifar panj chhe satt do 
LOG (lattice-best-path[5.3]:main():lattice-best-path.cc:99) For utterance PN00F02U074, best cost 49.3366 + 2140.9 = 2190.23 over 630 frames.
PN00F02U074 do athth ikk tinn panj panj satt 
LOG (lattice-best-path[5.3]:main():lattice-best-path.cc:99) For utterance PN00F02U075, best cost 46.7878 + 2167.85 = 2214.64 over 630 frames.
PN00F02U075 satt ikk do satt sifar do chaar 
LOG (lattice-best-path[5.3]:main():lattice-best-path.cc:99) For utterance PN00F02U076, best cost 48.1176 + 2192.59 = 2240.7 over 629 frames.
PN00F02U076 chaar satt athth sifar ikk do tinn 
LOG (lattice-best-path[5.3]:main():lattice-best-path.cc:99) For utterance PN00F02U077, best cost 49.2746 + 2158.09 = 2207.37 over 630 frames.
PN00F02U077 tinn tinn chaar chhe sifar chaar chaar 
LOG (lattice-best-path[5.3]:main():lattice-best-path.cc:99) For utterance PN00F02U078, best cost 46.7094 + 2121.42 = 2168.12 over 629 frames.
PN00F02U078 chaar panj chhe chhe satt satt athth 
LOG (lattice-best-path[5.3]:main():lattice-best-path.cc:99) For utterance PN00F02U079, best cost 47.0426 + 2064.79 = 2111.83 over 629 frames.
PN00F02U079 naun naun ikk tinn panj satt naun 
LOG (lattice-best-path[5.3]:main():lattice-best-path.cc:99) For utterance PN00F02U080, best cost 52.8841 + 2215.4 = 2268.28 over 629 frames.
PN00F02U080 do chhe naun ikk do chaar tinn 
LOG (lattice-best-path[5.3]:main():lattice-best-path.cc:99) For utterance PN00F04U001, best cost 42.0609 + 2315.22 = 2357.29 over 630 frames.
PN00F04U001 sifar sifar naun athth satt chhe panj 
LOG (lattice-best-path[5.3]:main():lattice-best-path.cc:99) For utterance PN00F04U002, best cost 40.6879 + 2126.67 = 2167.36 over 630 frames.
PN00F04U002 panj chaar tinn do ikk sifar ikk 
LOG (lattice-best-path[5.3]:main():lattice-best-path.cc:99) For utterance PN00F04U003, best cost 41.1169 + 2236.07 = 2277.19 over 630 frames.
PN00F04U003 ikk naun satt panj tinn ikk do 
LOG (lattice-best-path[5.3]:main():lattice-best-path.cc:99) For utterance PN00F04U004, best cost 41.9062 + 2193.17 = 2235.08 over 629 frames.
PN00F04U004 do naun chhe chaar do sifar tinn 
LOG (lattice-best-path[5.3]:main():lattice-best-path.cc:99) For utterance PN00F04U005, best cost 41.003 + 2154.27 = 2195.27 over 630 frames.
PN00F04U005 tinn naun panj do chaar naun chaar 
LOG (lattice-best-path[5.3]:main():lattice-best-path.cc:99) For utterance PN00F04U006, best cost 43.0417 + 2326.1 = 2369.14 over 630 frames.
PN00F04U006 chaar ikk panj naun tinn sifar chhe 
LOG (lattice-best-path[5.3]:main():lattice-best-path.cc:99) For utterance PN00F04U007, best cost 43.7155 + 2171.2 = 2214.91 over 630 frames.
PN00F04U007 chhe naun do satt naun ikk athth 
LOG (lattice-best-path[5.3]:main():lattice-best-path.cc:99) For utterance PN00F04U008, best cost 43.9443 + 2179.51 = 2223.45 over 629 frames.
PN00F04U008 athth naun sifar athth chhe tinn chaar 
LOG (lattice-best-path[5.3]:main():lattice-best-path.cc:99) For utterance PN00F04U009, best cost 44.8764 + 2217.9 = 2262.77 over 630 frames.
PN00F04U009 chaar sifar satt chaar athth panj ikk 
LOG (lattice-best-path[5.3]:main():lattice-best-path.cc:99) For utterance PN00F04U010, best cost 45.223 + 2255.76 = 2300.98 over 630 frames.
PN00F04U010 ikk satt tinn tinn athth chaar chaar 
LOG (lattice-best-path[5.3]:main():lattice-best-path.cc:99) For utterance PN00F04U011, best cost 43.8962 + 2287.96 = 2331.86 over 629 frames.
PN00F04U011 chhe satt do panj athth tinn chhe 
LOG (lattice-best-path[5.3]:main():lattice-best-path.cc:99) For utterance PN00F04U012, best cost 40.4942 + 2116.42 = 2156.91 over 630 frames.
PN00F04U012 chhe athth do athth ikk chhe do 
LOG (lattice-best-path[5.3]:main():lattice-best-path.cc:99) For utterance PN00F04U013, best cost 41.5392 + 2183.96 = 2225.5 over 630 frames.
PN00F04U013 do chhe ikk do tinn satt ikk 
LOG (lattice-best-path[5.3]:main():lattice-best-path.cc:99) For utterance PN00F04U014, best cost 45.3532 + 2203.05 = 2248.4 over 630 frames.
PN00F04U014 ikk chaar chhe sifar chaar panj sifar 
LOG (lattice-best-path[5.3]:main():lattice-best-path.cc:99) For utterance PN00F04U015, best cost 46.1245 + 2153.03 = 2199.15 over 630 frames.
PN00F04U015 sifar panj satt sifar do do tinn 
LOG (lattice-best-path[5.3]:main():lattice-best-path.cc:99) For utterance PN00F04U016, best cost 42.9448 + 2106.08 = 2149.02 over 629 frames.
PN00F04U016 tinn panj chhe satt athth sifar ikk 
LOG (lattice-best-path[5.3]:main():lattice-best-path.cc:99) For utterance PN00F04U017, best cost 43.341 + 2159.67 = 2203.01 over 630 frames.
PN00F04U017 ikk tinn chaar panj panj chhe chhe 
LOG (lattice-best-path[5.3]:main():lattice-best-path.cc:99) For utterance PN00F04U018, best cost 41.7437 + 2087.85 = 2129.59 over 630 frames.
PN00F04U018 chhe satt satt athth athth naun naun 
LOG (lattice-best-path[5.3]:main():lattice-best-path.cc:99) For utterance PN00F04U019, best cost 44.3176 + 2178.17 = 2222.48 over 630 frames.
PN00F04U019 naun sifar ikk ikk do ikk satt 
LOG (lattice-best-path[5.3]:main():lattice-best-path.cc:99) For utterance PN00F04U020, best cost 41.2762 + 2064.29 = 2105.56 over 630 frames.
PN00F04U020 satt naun ikk tinn panj satt naun 
LOG (lattice-best-path[5.3]:main():lattice-best-path.cc:99) For utterance PN00F04U021, best cost 45.1785 + 2176.96 = 2222.13 over 630 frames.
PN00F04U021 sifar sifar ikk do tinn chaar panj 
LOG (lattice-best-path[5.3]:main():lattice-best-path.cc:99) For utterance PN00F04U022, best cost 44.5157 + 2213.97 = 2258.49 over 630 frames.
PN00F04U022 panj chhe satt athth naun ikk sifar 
LOG (lattice-best-path[5.3]:main():lattice-best-path.cc:99) For utterance PN00F04U023, best cost 42.7089 + 2128.19 = 2170.9 over 629 frames.
PN00F04U023 sifar do chaar chhe athth do sifar 
LOG (lattice-best-path[5.3]:main():lattice-best-path.cc:99) For utterance PN00F04U024, best cost 45.1846 + 2289.9 = 2335.08 over 630 frames.
PN00F04U024 sifar tinn panj satt naun tinn sifar 
LOG (lattice-best-path[5.3]:main():lattice-best-path.cc:99) For utterance PN00F04U025, best cost 45.9611 + 2256.71 = 2302.67 over 630 frames.
PN00F04U025 sifar chaar satt chaar sifar panj athth 
LOG (lattice-best-path[5.3]:main():lattice-best-path.cc:99) For utterance PN00F04U026, best cost 45.0351 + 2332.26 = 2377.3 over 630 frames.
PN00F04U026 athth panj sifar chhe naun chhe sifar 
LOG (lattice-best-path[5.3]:main():lattice-best-path.cc:99) For utterance PN00F04U027, best cost 45.73 + 2388.26 = 2433.99 over 630 frames.
PN00F04U027 sifar satt satt sifar athth athth sifar 
LOG (lattice-best-path[5.3]:main():lattice-best-path.cc:99) For utterance PN00F04U028, best cost 42.6939 + 2169.77 = 2212.46 over 630 frames.
PN00F04U028 sifar naun naun sifar ikk ikk tinn 
LOG (lattice-best-path[5.3]:main():lattice-best-path.cc:99) For utterance PN00F04U029, best cost 40.1408 + 2172.23 = 2212.37 over 630 frames.
PN00F04U029 tinn chhe ikk chaar athth ikk panj 
LOG (lattice-best-path[5.3]:main():lattice-best-path.cc:99) For utterance PN00F04U030, best cost 43.113 + 2128.65 = 2171.76 over 630 frames.
PN00F04U030 panj naun do panj chaar ikk chhe 
LOG (lattice-best-path[5.3]:main():lattice-best-path.cc:99) For utterance PN00F04U031, best cost 41.4849 + 2225.82 = 2267.3 over 629 frames.
PN00F04U031 chhe panj ikk satt chhe do chhe 
LOG (lattice-best-path[5.3]:main():lattice-best-path.cc:99) For utterance PN00F04U032, best cost 41.7867 + 2239.83 = 2281.61 over 630 frames.
PN00F04U032 chhe tinn satt ikk athth tinn athth 
LOG (lattice-best-path[5.3]:main():lattice-best-path.cc:99) For utterance PN00F04U033, best cost 40.3579 + 2045.46 = 2085.82 over 630 frames.
PN00F04U033 athth naun chaar naun panj do ikk 
LOG (lattice-best-path[5.3]:main():lattice-best-path.cc:99) For utterance PN00F04U034, best cost 41.1045 + 2084.17 = 2125.28 over 630 frames.
PN00F04U034 ikk naun satt do satt panj tinn 
LOG (lattice-best-path[5.3]:main():lattice-best-path.cc:99) For utterance PN00F04U035, best cost 40.4292 + 2161.94 = 2202.37 over 630 frames.
PN00F04U035 tinn naun athth satt tinn ikk do 
LOG (lattice-best-path[5.3]:main():lattice-best-path.cc:99) For utterance PN00F04U036, best cost 44.1077 + 2105.32 = 2149.43 over 630 frames.
PN00F04U036 do do athth chaar do naun sifar 
LOG (lattice-best-path[5.3]:main():lattice-best-path.cc:99) For utterance PN00F04U037, best cost 43.7987 + 2230.92 = 2274.72 over 630 frames.
PN00F04U037 sifar ikk do tinn do tinn tinn 
LOG (lattice-best-path[5.3]:main():lattice-best-path.cc:99) For utterance PN00F04U038, best cost 44.6718 + 2092.58 = 2137.25 over 630 frames.
PN00F04U038 tinn chaar tinn chaar chaar panj panj 
LOG (lattice-best-path[5.3]:main():lattice-best-path.cc:99) For utterance PN00F04U039, best cost 42.6126 + 2190.05 = 2232.66 over 630 frames.
PN00F04U039 panj chhe chaar panj chhe chhe satt 
LOG (lattice-best-path[5.3]:main():lattice-best-path.cc:99) For utterance PN00F04U040, best cost 44.4695 + 2125.3 = 2169.77 over 629 frames.
PN00F04U040 satt athth chhe satt ikk do chaar 
LOG (lattice-best-path[5.3]:main():lattice-best-path.cc:99) For utterance PN00F04U041, best cost 43.9702 + 2221.23 = 2265.2 over 630 frames.
PN00F04U041 sifar naun sifar ikk do tinn chaar 
LOG (lattice-best-path[5.3]:main():lattice-best-path.cc:99) For utterance PN00F04U042, best cost 42.3384 + 2102.14 = 2144.48 over 630 frames.
PN00F04U042 chaar panj chhe satt athth naun athth 
LOG (lattice-best-path[5.3]:main():lattice-best-path.cc:99) For utterance PN00F04U043, best cost 42.741 + 2160.31 = 2203.05 over 630 frames.
PN00F04U043 athth sifar do chaar chhe athth satt 
LOG (lattice-best-path[5.3]:main():lattice-best-path.cc:99) For utterance PN00F04U044, best cost 43.6948 + 2361.73 = 2405.43 over 630 frames.
PN00F04U044 satt sifar tinn panj satt naun chhe 
LOG (lattice-best-path[5.3]:main():lattice-best-path.cc:99) For utterance PN00F04U045, best cost 43.4272 + 2250.52 = 2293.95 over 630 frames.
PN00F04U045 chhe sifar chaar satt panj sifar panj 
LOG (lattice-best-path[5.3]:main():lattice-best-path.cc:99) For utterance PN00F04U046, best cost 43.5847 + 2187.14 = 2230.73 over 630 frames.
PN00F04U046 panj athth chaar sifar chhe naun tinn 
LOG (lattice-best-path[5.3]:main():lattice-best-path.cc:99) For utterance PN00F04U047, best cost 45.1751 + 2235.48 = 2280.66 over 630 frames.
PN00F04U047 tinn sifar satt do sifar athth ikk 
LOG (lattice-best-path[5.3]:main():lattice-best-path.cc:99) For utterance PN00F04U048, best cost 46.1654 + 2323.92 = 2370.08 over 630 frames.
PN00F04U048 ikk sifar sifar ikk naun ikk tinn 
LOG (lattice-best-path[5.3]:main():lattice-best-path.cc:99) For utterance PN00F04U049, best cost 40.3387 + 2043.97 = 2084.3 over 630 frames.
PN00F04U049 tinn chhe ikk chaar athth do panj 
LOG (lattice-best-path[5.3]:main():lattice-best-path.cc:99) For utterance PN00F04U050, best cost 42.7023 + 2156.84 = 2199.54 over 630 frames.
PN00F04U050 panj naun do chhe panj ikk panj 
LOG (lattice-best-path[5.3]:main():lattice-best-path.cc:99) For utterance PN00F04U051, best cost 40.5353 + 2183.79 = 2224.32 over 630 frames.
PN00F04U051 panj chaar ikk chhe tinn ikk satt 
LOG (lattice-best-path[5.3]:main():lattice-best-path.cc:99) For utterance PN00F04U052, best cost 41.6103 + 2193.4 = 2235.01 over 630 frames.
PN00F04U052 satt ikk athth tinn satt tinn athth 
LOG (lattice-best-path[5.3]:main():lattice-best-path.cc:99) For utterance PN00F04U053, best cost 39.9917 + 2006.58 = 2046.57 over 630 frames.
PN00F04U053 athth naun naun chaar naun panj do 
LOG (lattice-best-path[5.3]:main():lattice-best-path.cc:99) For utterance PN00F04U054, best cost 41.9765 + 2058.88 = 2100.86 over 630 frames.
PN00F04U054 do satt chhe do athth panj tinn 
LOG (lattice-best-path[5.3]:main():lattice-best-path.cc:99) For utterance PN00F04U055, best cost 42.4141 + 2047.88 = 2090.3 over 630 frames.
PN00F04U055 tinn naun satt chaar do ikk ikk 
LOG (lattice-best-path[5.3]:main():lattice-best-path.cc:99) For utterance PN00F04U056, best cost 43.0791 + 1991.01 = 2034.09 over 630 frames.
PN00F04U056 ikk do naun sifar ikk do do 
LOG (lattice-best-path[5.3]:main():lattice-best-path.cc:99) For utterance PN00F04U057, best cost 42.9247 + 2056.86 = 2099.79 over 630 frames.
PN00F04U057 do tinn do tinn tinn chaar tinn 
LOG (lattice-best-path[5.3]:main():lattice-best-path.cc:99) For utterance PN00F04U058, best cost 42.9773 + 2019.19 = 2062.17 over 630 frames.
PN00F04U058 tinn chaar chaar panj panj chhe chaar 
LOG (lattice-best-path[5.3]:main():lattice-best-path.cc:99) For utterance PN00F04U059, best cost 46.1839 + 2215.87 = 2262.05 over 630 frames.
PN00F04U059 athth athth athth sifar sifar sifar sifar 
LOG (lattice-best-path[5.3]:main():lattice-best-path.cc:99) For utterance PN00F04U060, best cost 42.6001 + 2086.49 = 2129.09 over 630 frames.
PN00F04U060 athth chhe satt athth athth naun sifar 
LOG (lattice-best-path[5.3]:main():lattice-best-path.cc:99) For utterance PN00F04U061, best cost 39.824 + 2058.74 = 2098.57 over 630 frames.
PN00F04U061 sifar naun naun athth satt chhe panj 
LOG (lattice-best-path[5.3]:main():lattice-best-path.cc:99) For utterance PN00F04U062, best cost 40.7612 + 2082.34 = 2123.1 over 629 frames.
PN00F04U062 panj chaar tinn do ikk sifar athth 
LOG (lattice-best-path[5.3]:main():lattice-best-path.cc:99) For utterance PN00F04U063, best cost 39.635 + 2116.55 = 2156.19 over 630 frames.
PN00F04U063 athth naun satt panj tinn ikk satt 
LOG (lattice-best-path[5.3]:main():lattice-best-path.cc:99) For utterance PN00F04U064, best cost 40.2209 + 2119.11 = 2159.33 over 630 frames.
PN00F04U064 satt naun chhe chaar do sifar chhe 
LOG (lattice-best-path[5.3]:main():lattice-best-path.cc:99) For utterance PN00F04U065, best cost 41.7344 + 1971.69 = 2013.43 over 630 frames.
PN00F04U065 chhe naun panj do panj naun chaar 
LOG (lattice-best-path[5.3]:main():lattice-best-path.cc:99) For utterance PN00F04U066, best cost 42.6849 + 2128.96 = 2171.65 over 630 frames.
PN00F04U066 chaar ikk chaar naun tinn sifar tinn 
LOG (lattice-best-path[5.3]:main():lattice-best-path.cc:99) For utterance PN00F04U067, best cost 41.1646 + 1909.25 = 1950.41 over 630 frames.
PN00F04U067 tinn naun do do naun ikk ikk 
LOG (lattice-best-path[5.3]:main():lattice-best-path.cc:99) For utterance PN00F04U068, best cost 43.8188 + 2178.53 = 2222.35 over 630 frames.
PN00F04U068 ikk naun sifar sifar satt chaar sifar 
LOG (lattice-best-path[5.3]:main():lattice-best-path.cc:99) For utterance PN00F04U069, best cost 48.7404 + 2147.3 = 2196.04 over 630 frames.
PN00F04U069 sifar ikk athth chhe tinn athth athth 
LOG (lattice-best-path[5.3]:main():lattice-best-path.cc:99) For utterance PN00F04U070, best cost 40.679 + 2022.46 = 2063.14 over 629 frames.
PN00F04U070 athth panj ikk chhe do chhe athth 
LOG (lattice-best-path[5.3]:main():lattice-best-path.cc:99) For utterance PN00F04U071, best cost 45.1196 + 2171.44 = 2216.56 over 629 frames.
PN00F04U071 athth chaar panj athth tinn chaar athth 
LOG (lattice-best-path[5.3]:main():lattice-best-path.cc:99) For utterance PN00F04U072, best cost 40.9544 + 2058.02 = 2098.97 over 630 frames.
PN00F04U072 athth do tinn satt tinn chhe ikk 
LOG (lattice-best-path[5.3]:main():lattice-best-path.cc:99) For utterance PN00F04U073, best cost 44.2998 + 2198.18 = 2242.48 over 630 frames.
PN00F04U073 ikk panj sifar panj chhe satt do 
LOG (lattice-best-path[5.3]:main():lattice-best-path.cc:99) For utterance PN00F04U074, best cost 44.7578 + 2112.75 = 2157.51 over 629 frames.
PN00F04U074 do athth ikk tinn panj panj satt 
LOG (lattice-best-path[5.3]:main():lattice-best-path.cc:99) For utterance PN00F04U075, best cost 42.9132 + 2127.36 = 2170.27 over 630 frames.
PN00F04U075 satt ikk do satt sifar do chaar 
LOG (lattice-best-path[5.3]:main():lattice-best-path.cc:99) For utterance PN00F04U076, best cost 42.2958 + 2036.97 = 2079.27 over 630 frames.
PN00F04U076 chaar satt athth sifar ikk do tinn 
LOG (lattice-best-path[5.3]:main():lattice-best-path.cc:99) For utterance PN00F04U077, best cost 42.5056 + 2108.55 = 2151.06 over 630 frames.
PN00F04U077 tinn tinn chaar chhe sifar chaar chaar 
LOG (lattice-best-path[5.3]:main():lattice-best-path.cc:99) For utterance PN00F04U078, best cost 42.2201 + 2130.43 = 2172.65 over 630 frames.
PN00F04U078 chaar panj chhe chhe satt satt athth 
LOG (lattice-best-path[5.3]:main():lattice-best-path.cc:99) For utterance PN00F04U079, best cost 41.1405 + 1964.15 = 2005.29 over 630 frames.
PN00F04U079 naun naun ikk tinn panj satt naun 
LOG (lattice-best-path[5.3]:main():lattice-best-path.cc:99) For utterance PN00F04U080, best cost 43.6813 + 2032.09 = 2075.77 over 630 frames.
PN00F04U080 do chhe naun ikk do chaar tinn 
LOG (lattice-best-path[5.3]:main():lattice-best-path.cc:99) For utterance PN00M01U001, best cost 46.439 + 2441.8 = 2488.24 over 630 frames.
PN00M01U001 sifar sifar naun athth satt chhe panj 
LOG (lattice-best-path[5.3]:main():lattice-best-path.cc:99) For utterance PN00M01U002, best cost 42.0939 + 2222.74 = 2264.83 over 630 frames.
PN00M01U002 panj chaar tinn do ikk sifar ikk 
LOG (lattice-best-path[5.3]:main():lattice-best-path.cc:99) For utterance PN00M01U003, best cost 41.7513 + 2286.75 = 2328.5 over 630 frames.
PN00M01U003 ikk naun satt panj tinn ikk do 
LOG (lattice-best-path[5.3]:main():lattice-best-path.cc:99) For utterance PN00M01U004, best cost 41.3834 + 2159.83 = 2201.21 over 630 frames.
PN00M01U004 do naun chhe chaar do sifar tinn 
LOG (lattice-best-path[5.3]:main():lattice-best-path.cc:99) For utterance PN00M01U005, best cost 42.3259 + 2130.36 = 2172.68 over 630 frames.
PN00M01U005 tinn naun panj do chaar naun chaar 
LOG (lattice-best-path[5.3]:main():lattice-best-path.cc:99) For utterance PN00M01U006, best cost 42.942 + 2201.78 = 2244.73 over 630 frames.
PN00M01U006 chaar ikk panj naun tinn sifar chhe 
LOG (lattice-best-path[5.3]:main():lattice-best-path.cc:99) For utterance PN00M01U007, best cost 43.4262 + 2287.29 = 2330.72 over 629 frames.
PN00M01U007 chhe naun do satt naun ikk athth 
LOG (lattice-best-path[5.3]:main():lattice-best-path.cc:99) For utterance PN00M01U008, best cost 44.3107 + 2301.55 = 2345.86 over 630 frames.
PN00M01U008 athth naun sifar athth chhe tinn chaar 
LOG (lattice-best-path[5.3]:main():lattice-best-path.cc:99) For utterance PN00M01U009, best cost 45.4062 + 2427.04 = 2472.45 over 630 frames.
PN00M01U009 chaar sifar satt chaar athth panj ikk 
LOG (lattice-best-path[5.3]:main():lattice-best-path.cc:99) For utterance PN00M01U010, best cost 45.6803 + 2316.87 = 2362.55 over 630 frames.
PN00M01U010 ikk satt tinn tinn athth chaar chaar 
LOG (lattice-best-path[5.3]:main():lattice-best-path.cc:99) For utterance PN00M01U011, best cost 45.2697 + 2190.58 = 2235.85 over 577 frames.
PN00M01U011 chhe satt do panj athth tinn chhe 
LOG (lattice-best-path[5.3]:main():lattice-best-path.cc:99) For utterance PN00M01U012, best cost 39.6022 + 2357.37 = 2396.97 over 630 frames.
PN00M01U012 chhe athth do athth ikk chhe do 
LOG (lattice-best-path[5.3]:main():lattice-best-path.cc:99) For utterance PN00M01U013, best cost 45.5618 + 2408.12 = 2453.68 over 630 frames.
PN00M01U013 do chhe ikk do tinn satt ikk 
LOG (lattice-best-path[5.3]:main():lattice-best-path.cc:99) For utterance PN00M01U014, best cost 43.6788 + 2400.76 = 2444.44 over 630 frames.
PN00M01U014 ikk chaar chhe sifar chaar panj sifar 
LOG (lattice-best-path[5.3]:main():lattice-best-path.cc:99) For utterance PN00M01U015, best cost 46.4191 + 2387.6 = 2434.02 over 630 frames.
PN00M01U015 sifar panj satt sifar do do tinn 
LOG (lattice-best-path[5.3]:main():lattice-best-path.cc:99) For utterance PN00M01U016, best cost 43.7145 + 2335.53 = 2379.25 over 630 frames.
PN00M01U016 tinn panj chhe satt athth sifar ikk 
LOG (lattice-best-path[5.3]:main():lattice-best-path.cc:99) For utterance PN00M01U017, best cost 44.5211 + 2227.54 = 2272.06 over 630 frames.
PN00M01U017 ikk tinn chaar panj panj chhe chhe 
LOG (lattice-best-path[5.3]:main():lattice-best-path.cc:99) For utterance PN00M01U018, best cost 41.0017 + 2260.04 = 2301.04 over 630 frames.
PN00M01U018 chhe satt satt athth athth naun naun 
LOG (lattice-best-path[5.3]:main():lattice-best-path.cc:99) For utterance PN00M01U019, best cost 45.2616 + 2374.85 = 2420.11 over 630 frames.
PN00M01U019 naun sifar ikk ikk do ikk satt 
LOG (lattice-best-path[5.3]:main():lattice-best-path.cc:99) For utterance PN00M01U020, best cost 41.8216 + 2338.09 = 2379.91 over 630 frames.
PN00M01U020 satt naun ikk tinn panj satt naun 
LOG (lattice-best-path[5.3]:main():lattice-best-path.cc:99) For utterance PN00M01U021, best cost 45.1655 + 2375.22 = 2420.39 over 630 frames.
PN00M01U021 sifar sifar ikk do tinn chaar panj 
LOG (lattice-best-path[5.3]:main():lattice-best-path.cc:99) For utterance PN00M01U022, best cost 46.399 + 2346.48 = 2392.88 over 655 frames.
PN00M01U022 panj chhe satt athth naun ikk sifar 
LOG (lattice-best-path[5.3]:main():lattice-best-path.cc:99) For utterance PN00M01U023, best cost 42.3294 + 2250.54 = 2292.87 over 629 frames.
PN00M01U023 sifar do chaar chhe athth do sifar 
LOG (lattice-best-path[5.3]:main():lattice-best-path.cc:99) For utterance PN00M01U024, best cost 44.2116 + 2337.78 = 2382 over 630 frames.
PN00M01U024 sifar tinn panj satt naun tinn sifar 
LOG (lattice-best-path[5.3]:main():lattice-best-path.cc:99) For utterance PN00M01U025, best cost 46.9072 + 2430.41 = 2477.31 over 630 frames.
PN00M01U025 sifar chaar satt chaar sifar panj athth 
LOG (lattice-best-path[5.3]:main():lattice-best-path.cc:99) For utterance PN00M01U026, best cost 45.2326 + 2299.11 = 2344.34 over 630 frames.
PN00M01U026 athth panj sifar chhe naun chhe sifar 
LOG (lattice-best-path[5.3]:main():lattice-best-path.cc:99) For utterance PN00M01U027, best cost 47.3237 + 2322.65 = 2369.97 over 630 frames.
PN00M01U027 sifar satt satt sifar athth athth sifar 
LOG (lattice-best-path[5.3]:main():lattice-best-path.cc:99) For utterance PN00M01U028, best cost 44.1583 + 2271.3 = 2315.45 over 629 frames.
PN00M01U028 sifar naun naun sifar ikk ikk tinn 
LOG (lattice-best-path[5.3]:main():lattice-best-path.cc:99) For utterance PN00M01U029, best cost 41.4477 + 2318.7 = 2360.14 over 630 frames.
PN00M01U029 tinn chhe ikk chaar athth ikk panj 
LOG (lattice-best-path[5.3]:main():lattice-best-path.cc:99) For utterance PN00M01U030, best cost 42.74 + 2274.58 = 2317.32 over 630 frames.
PN00M01U030 panj naun do panj chaar ikk chhe 
LOG (lattice-best-path[5.3]:main():lattice-best-path.cc:99) For utterance PN00M01U031, best cost 41.6204 + 2204.7 = 2246.32 over 629 frames.
PN00M01U031 chhe panj ikk satt chhe do chhe 
LOG (lattice-best-path[5.3]:main():lattice-best-path.cc:99) For utterance PN00M01U032, best cost 44.404 + 2272.44 = 2316.85 over 629 frames.
PN00M01U032 chhe tinn satt ikk athth tinn athth 
LOG (lattice-best-path[5.3]:main():lattice-best-path.cc:99) For utterance PN00M01U033, best cost 40.1987 + 2208.5 = 2248.7 over 656 frames.
PN00M01U033 athth naun chaar naun panj do ikk 
LOG (lattice-best-path[5.3]:main():lattice-best-path.cc:99) For utterance PN00M01U034, best cost 43.4998 + 2163.62 = 2207.12 over 630 frames.
PN00M01U034 ikk naun satt do satt panj tinn 
LOG (lattice-best-path[5.3]:main():lattice-best-path.cc:99) For utterance PN00M01U035, best cost 44.5092 + 2218.09 = 2262.6 over 630 frames.
PN00M01U035 tinn naun athth satt tinn ikk do 
LOG (lattice-best-path[5.3]:main():lattice-best-path.cc:99) For utterance PN00M01U036, best cost 44.9945 + 2236.7 = 2281.7 over 630 frames.
PN00M01U036 do do athth chaar do naun sifar 
LOG (lattice-best-path[5.3]:main():lattice-best-path.cc:99) For utterance PN00M01U037, best cost 44.4078 + 2269.68 = 2314.08 over 630 frames.
PN00M01U037 sifar ikk do tinn do tinn tinn 
LOG (lattice-best-path[5.3]:main():lattice-best-path.cc:99) For utterance PN00M01U038, best cost 45.9751 + 2225.07 = 2271.05 over 629 frames.
PN00M01U038 tinn chaar tinn chaar chaar panj panj 
LOG (lattice-best-path[5.3]:main():lattice-best-path.cc:99) For utterance PN00M01U039, best cost 46.2952 + 2268.84 = 2315.13 over 630 frames.
PN00M01U039 panj chhe chaar panj chhe chhe satt 
LOG (lattice-best-path[5.3]:main():lattice-best-path.cc:99) For utterance PN00M01U040, best cost 45.9549 + 2283.48 = 2329.44 over 630 frames.
PN00M01U040 satt athth chhe satt ikk do chaar 
LOG (lattice-best-path[5.3]:main():lattice-best-path.cc:99) For utterance PN00M01U041, best cost 45.9773 + 2274.3 = 2320.28 over 630 frames.
PN00M01U041 sifar naun sifar ikk do tinn chaar 
LOG (lattice-best-path[5.3]:main():lattice-best-path.cc:99) For utterance PN00M01U042, best cost 45.6337 + 2291.82 = 2337.45 over 630 frames.
PN00M01U042 chaar panj chhe satt athth naun athth 
LOG (lattice-best-path[5.3]:main():lattice-best-path.cc:99) For utterance PN00M01U043, best cost 44.276 + 2372.43 = 2416.71 over 629 frames.
PN00M01U043 athth sifar do chaar chhe athth satt 
LOG (lattice-best-path[5.3]:main():lattice-best-path.cc:99) For utterance PN00M01U044, best cost 46.0769 + 2443.61 = 2489.69 over 656 frames.
PN00M01U044 satt sifar tinn panj satt naun chhe 
LOG (lattice-best-path[5.3]:main():lattice-best-path.cc:99) For utterance PN00M01U045, best cost 44.1148 + 2336.83 = 2380.94 over 630 frames.
PN00M01U045 chhe sifar chaar satt panj sifar panj 
LOG (lattice-best-path[5.3]:main():lattice-best-path.cc:99) For utterance PN00M01U046, best cost 45.5539 + 2312.28 = 2357.83 over 630 frames.
PN00M01U046 panj athth chaar sifar chhe naun tinn 
LOG (lattice-best-path[5.3]:main():lattice-best-path.cc:99) For utterance PN00M01U047, best cost 49.8022 + 2407.25 = 2457.05 over 630 frames.
PN00M01U047 tinn sifar satt do sifar athth ikk 
LOG (lattice-best-path[5.3]:main():lattice-best-path.cc:99) For utterance PN00M01U048, best cost 48.6 + 2374.19 = 2422.79 over 630 frames.
PN00M01U048 ikk sifar sifar ikk naun ikk tinn 
LOG (lattice-best-path[5.3]:main():lattice-best-path.cc:99) For utterance PN00M01U049, best cost 43.5711 + 2252.92 = 2296.49 over 630 frames.
PN00M01U049 tinn chhe ikk chaar athth do panj 
LOG (lattice-best-path[5.3]:main():lattice-best-path.cc:99) For utterance PN00M01U050, best cost 43.1015 + 2209.84 = 2252.94 over 630 frames.
PN00M01U050 panj naun do chhe panj ikk panj 
LOG (lattice-best-path[5.3]:main():lattice-best-path.cc:99) For utterance PN00M01U051, best cost 42.1227 + 2284.93 = 2327.05 over 629 frames.
PN00M01U051 panj chaar ikk chhe tinn ikk satt 
LOG (lattice-best-path[5.3]:main():lattice-best-path.cc:99) For utterance PN00M01U052, best cost 44.6844 + 2372.78 = 2417.47 over 630 frames.
PN00M01U052 satt ikk athth tinn satt tinn athth 
LOG (lattice-best-path[5.3]:main():lattice-best-path.cc:99) For utterance PN00M01U053, best cost 39.7397 + 2194.97 = 2234.71 over 629 frames.
PN00M01U053 athth naun naun chaar naun panj do 
LOG (lattice-best-path[5.3]:main():lattice-best-path.cc:99) For utterance PN00M01U054, best cost 42.9137 + 2328.83 = 2371.74 over 629 frames.
PN00M01U054 do satt chhe do athth panj tinn 
LOG (lattice-best-path[5.3]:main():lattice-best-path.cc:99) For utterance PN00M01U055, best cost 43.973 + 2328.58 = 2372.55 over 629 frames.
PN00M01U055 tinn naun satt chaar do ikk ikk 
LOG (lattice-best-path[5.3]:main():lattice-best-path.cc:99) For utterance PN00M01U056, best cost 43.978 + 2229.51 = 2273.49 over 630 frames.
PN00M01U056 ikk do naun sifar ikk do do 
LOG (lattice-best-path[5.3]:main():lattice-best-path.cc:99) For utterance PN00M01U057, best cost 47.2918 + 2115.78 = 2163.07 over 630 frames.
PN00M01U057 do tinn do tinn tinn chaar tinn 
LOG (lattice-best-path[5.3]:main():lattice-best-path.cc:99) For utterance PN00M01U058, best cost 45.7288 + 2237.7 = 2283.43 over 656 frames.
PN00M01U058 tinn chaar chaar panj panj chhe chaar 
LOG (lattice-best-path[5.3]:main():lattice-best-path.cc:99) For utterance PN00M01U059, best cost 48.787 + 2498.82 = 2547.61 over 630 frames.
PN00M01U059 athth athth athth sifar sifar sifar sifar 
LOG (lattice-best-path[5.3]:main():lattice-best-path.cc:99) For utterance PN00M01U060, best cost 43.6919 + 2309.89 = 2353.58 over 630 frames.
PN00M01U060 athth chhe satt athth athth naun sifar 
LOG (lattice-best-path[5.3]:main():lattice-best-path.cc:99) For utterance PN00M01U061, best cost 40.6195 + 2267.59 = 2308.21 over 630 frames.
PN00M01U061 sifar naun naun athth satt chhe panj 
LOG (lattice-best-path[5.3]:main():lattice-best-path.cc:99) For utterance PN00M01U062, best cost 41.8718 + 2213.06 = 2254.93 over 630 frames.
PN00M01U062 panj chaar tinn do ikk sifar athth 
LOG (lattice-best-path[5.3]:main():lattice-best-path.cc:99) For utterance PN00M01U063, best cost 40.942 + 2223.09 = 2264.03 over 630 frames.
PN00M01U063 athth naun satt panj tinn ikk satt 
LOG (lattice-best-path[5.3]:main():lattice-best-path.cc:99) For utterance PN00M01U064, best cost 40.8837 + 2166.89 = 2207.78 over 630 frames.
PN00M01U064 satt naun chhe chaar do sifar chhe 
LOG (lattice-best-path[5.3]:main():lattice-best-path.cc:99) For utterance PN00M01U065, best cost 41.6337 + 2060.43 = 2102.06 over 629 frames.
PN00M01U065 chhe naun panj do panj naun chaar 
LOG (lattice-best-path[5.3]:main():lattice-best-path.cc:99) For utterance PN00M01U066, best cost 45.7617 + 2133.39 = 2179.15 over 630 frames.
PN00M01U066 chaar ikk chaar naun tinn sifar tinn 
LOG (lattice-best-path[5.3]:main():lattice-best-path.cc:99) For utterance PN00M01U067, best cost 45 + 2106.46 = 2151.46 over 630 frames.
PN00M01U067 tinn naun do do naun ikk ikk 
LOG (lattice-best-path[5.3]:main():lattice-best-path.cc:99) For utterance PN00M01U068, best cost 46.0473 + 2305.02 = 2351.07 over 630 frames.
PN00M01U068 ikk naun sifar sifar satt chaar sifar 
LOG (lattice-best-path[5.3]:main():lattice-best-path.cc:99) For utterance PN00M01U069, best cost 50.2553 + 2296.03 = 2346.28 over 630 frames.
PN00M01U069 sifar ikk athth chhe tinn athth athth 
LOG (lattice-best-path[5.3]:main():lattice-best-path.cc:99) For utterance PN00M01U070, best cost 42.2749 + 2224.97 = 2267.25 over 630 frames.
PN00M01U070 athth panj ikk chhe do chhe athth 
LOG (lattice-best-path[5.3]:main():lattice-best-path.cc:99) For utterance PN00M01U071, best cost 47.4978 + 2256.54 = 2304.04 over 630 frames.
PN00M01U071 athth chaar panj athth tinn chaar athth 
LOG (lattice-best-path[5.3]:main():lattice-best-path.cc:99) For utterance PN00M01U072, best cost 42.9363 + 2216.58 = 2259.51 over 630 frames.
PN00M01U072 athth do tinn satt tinn chhe ikk 
LOG (lattice-best-path[5.3]:main():lattice-best-path.cc:99) For utterance PN00M01U073, best cost 44.7494 + 2230.66 = 2275.41 over 630 frames.
PN00M01U073 ikk panj sifar panj chhe satt do 
LOG (lattice-best-path[5.3]:main():lattice-best-path.cc:99) For utterance PN00M01U074, best cost 47.4553 + 2221.69 = 2269.14 over 629 frames.
PN00M01U074 do athth ikk tinn panj panj satt 
LOG (lattice-best-path[5.3]:main():lattice-best-path.cc:99) For utterance PN00M01U075, best cost 47.1897 + 2306.21 = 2353.4 over 629 frames.
PN00M01U075 satt ikk do satt sifar do chaar 
LOG (lattice-best-path[5.3]:main():lattice-best-path.cc:99) For utterance PN00M01U076, best cost 46.2298 + 2234.18 = 2280.41 over 630 frames.
PN00M01U076 chaar satt athth sifar ikk do tinn 
LOG (lattice-best-path[5.3]:main():lattice-best-path.cc:99) For utterance PN00M01U077, best cost 46.1519 + 2174.46 = 2220.61 over 630 frames.
PN00M01U077 tinn tinn chaar chhe sifar chaar chaar 
LOG (lattice-best-path[5.3]:main():lattice-best-path.cc:99) For utterance PN00M01U078, best cost 46.5182 + 2269.5 = 2316.02 over 630 frames.
PN00M01U078 chaar panj chhe chhe satt satt athth 
LOG (lattice-best-path[5.3]:main():lattice-best-path.cc:99) For utterance PN00M01U079, best cost 44.394 + 2157.93 = 2202.33 over 629 frames.
PN00M01U079 naun naun ikk tinn panj satt naun 
LOG (lattice-best-path[5.3]:main():lattice-best-path.cc:99) For utterance PN00M01U080, best cost 48.0563 + 2206.53 = 2254.59 over 630 frames.
PN00M01U080 do chhe naun ikk do chaar tinn 
LOG (lattice-best-path[5.3]:main():lattice-best-path.cc:99) For utterance PN00M03U001, best cost 41.0755 + 2259.02 = 2300.1 over 629 frames.
PN00M03U001 sifar sifar naun athth satt chhe panj 
LOG (lattice-best-path[5.3]:main():lattice-best-path.cc:99) For utterance PN00M03U002, best cost 39.2108 + 2227.52 = 2266.73 over 630 frames.
PN00M03U002 panj chaar tinn do ikk sifar ikk 
LOG (lattice-best-path[5.3]:main():lattice-best-path.cc:99) For utterance PN00M03U003, best cost 38.862 + 2116.23 = 2155.09 over 630 frames.
PN00M03U003 ikk naun satt panj tinn ikk do 
LOG (lattice-best-path[5.3]:main():lattice-best-path.cc:99) For utterance PN00M03U004, best cost 41.3102 + 2170.52 = 2211.83 over 630 frames.
PN00M03U004 do naun chhe chaar do sifar tinn 
LOG (lattice-best-path[5.3]:main():lattice-best-path.cc:99) For utterance PN00M03U005, best cost 42.0904 + 2132.76 = 2174.85 over 629 frames.
PN00M03U005 tinn naun panj do chaar naun chaar 
LOG (lattice-best-path[5.3]:main():lattice-best-path.cc:99) For utterance PN00M03U006, best cost 41.1651 + 2129.16 = 2170.33 over 630 frames.
PN00M03U006 chaar ikk panj naun tinn sifar chhe 
LOG (lattice-best-path[5.3]:main():lattice-best-path.cc:99) For utterance PN00M03U007, best cost 42.0918 + 2146.12 = 2188.21 over 630 frames.
PN00M03U007 chhe naun do satt naun ikk athth 
LOG (lattice-best-path[5.3]:main():lattice-best-path.cc:99) For utterance PN00M03U008, best cost 43.437 + 2211.99 = 2255.43 over 630 frames.
PN00M03U008 athth naun sifar athth chhe tinn chaar 
LOG (lattice-best-path[5.3]:main():lattice-best-path.cc:99) For utterance PN00M03U009, best cost 43.3053 + 2193.19 = 2236.49 over 630 frames.
PN00M03U009 chaar sifar satt chaar athth panj ikk 
LOG (lattice-best-path[5.3]:main():lattice-best-path.cc:99) For utterance PN00M03U010, best cost 44.3079 + 2184.84 = 2229.15 over 630 frames.
PN00M03U010 ikk satt tinn tinn athth chaar chaar 
LOG (lattice-best-path[5.3]:main():lattice-best-path.cc:99) For utterance PN00M03U011, best cost 44.8599 + 2261.13 = 2305.99 over 630 frames.
PN00M03U011 chhe satt do panj athth tinn chhe 
LOG (lattice-best-path[5.3]:main():lattice-best-path.cc:99) For utterance PN00M03U012, best cost 40.1519 + 2062.54 = 2102.7 over 630 frames.
PN00M03U012 chhe athth do athth ikk chhe do 
LOG (lattice-best-path[5.3]:main():lattice-best-path.cc:99) For utterance PN00M03U013, best cost 41.6881 + 2072.77 = 2114.46 over 630 frames.
PN00M03U013 do chhe ikk do tinn satt ikk 
LOG (lattice-best-path[5.3]:main():lattice-best-path.cc:99) For utterance PN00M03U014, best cost 44.0661 + 2106.69 = 2150.76 over 630 frames.
PN00M03U014 ikk chaar chhe sifar chaar panj sifar 
LOG (lattice-best-path[5.3]:main():lattice-best-path.cc:99) For utterance PN00M03U015, best cost 45.6221 + 2163.6 = 2209.22 over 630 frames.
PN00M03U015 sifar panj satt sifar do do tinn 
LOG (lattice-best-path[5.3]:main():lattice-best-path.cc:99) For utterance PN00M03U016, best cost 43.8684 + 2110.89 = 2154.76 over 630 frames.
PN00M03U016 tinn panj chhe satt athth sifar ikk 
LOG (lattice-best-path[5.3]:main():lattice-best-path.cc:99) For utterance PN00M03U017, best cost 45.0352 + 2066.3 = 2111.33 over 630 frames.
PN00M03U017 ikk tinn chaar panj panj chhe chhe 
LOG (lattice-best-path[5.3]:main():lattice-best-path.cc:99) For utterance PN00M03U018, best cost 42.0432 + 2066.9 = 2108.94 over 630 frames.
PN00M03U018 chhe satt satt athth athth naun naun 
LOG (lattice-best-path[5.3]:main():lattice-best-path.cc:99) For utterance PN00M03U019, best cost 43.1186 + 2061.46 = 2104.58 over 629 frames.
PN00M03U019 naun sifar ikk ikk do ikk satt 
LOG (lattice-best-path[5.3]:main():lattice-best-path.cc:99) For utterance PN00M03U020, best cost 39.6491 + 2071.73 = 2111.37 over 630 frames.
PN00M03U020 satt naun ikk tinn panj satt naun 
LOG (lattice-best-path[5.3]:main():lattice-best-path.cc:99) For utterance PN00M03U021, best cost 48.3268 + 2408.65 = 2456.97 over 630 frames.
PN00M03U021 sifar sifar ikk do tinn chaar panj 
LOG (lattice-best-path[5.3]:main():lattice-best-path.cc:99) For utterance PN00M03U022, best cost 43.7965 + 2207.77 = 2251.57 over 630 frames.
PN00M03U022 panj chhe satt athth naun ikk sifar 
LOG (lattice-best-path[5.3]:main():lattice-best-path.cc:99) For utterance PN00M03U023, best cost 42.3793 + 2231.17 = 2273.55 over 629 frames.
PN00M03U023 sifar do chaar chhe athth do sifar 
LOG (lattice-best-path[5.3]:main():lattice-best-path.cc:99) For utterance PN00M03U024, best cost 43.3963 + 2164.09 = 2207.49 over 630 frames.
PN00M03U024 sifar tinn panj satt naun tinn sifar 
LOG (lattice-best-path[5.3]:main():lattice-best-path.cc:99) For utterance PN00M03U025, best cost 45.9142 + 2180.57 = 2226.48 over 630 frames.
PN00M03U025 sifar chaar satt chaar sifar panj athth 
LOG (lattice-best-path[5.3]:main():lattice-best-path.cc:99) For utterance PN00M03U026, best cost 44.08 + 2213.46 = 2257.54 over 629 frames.
PN00M03U026 athth panj sifar chhe naun chhe sifar 
LOG (lattice-best-path[5.3]:main():lattice-best-path.cc:99) For utterance PN00M03U027, best cost 45.4233 + 2228.59 = 2274.01 over 629 frames.
PN00M03U027 sifar satt satt sifar athth athth sifar 
LOG (lattice-best-path[5.3]:main():lattice-best-path.cc:99) For utterance PN00M03U028, best cost 42.7442 + 2109.26 = 2152.01 over 630 frames.
PN00M03U028 sifar naun naun sifar ikk ikk tinn 
LOG (lattice-best-path[5.3]:main():lattice-best-path.cc:99) For utterance PN00M03U029, best cost 40.1325 + 2055.46 = 2095.6 over 630 frames.
PN00M03U029 tinn chhe ikk chaar athth ikk panj 
LOG (lattice-best-path[5.3]:main():lattice-best-path.cc:99) For utterance PN00M03U030, best cost 40.9899 + 2050.05 = 2091.04 over 630 frames.
PN00M03U030 panj naun do panj chaar ikk chhe 
LOG (lattice-best-path[5.3]:main():lattice-best-path.cc:99) For utterance PN00M03U031, best cost 40.9943 + 2053.38 = 2094.38 over 629 frames.
PN00M03U031 chhe panj ikk satt chhe do chhe 
LOG (lattice-best-path[5.3]:main():lattice-best-path.cc:99) For utterance PN00M03U032, best cost 42.2666 + 2202.53 = 2244.8 over 629 frames.
PN00M03U032 chhe tinn satt ikk athth tinn athth 
LOG (lattice-best-path[5.3]:main():lattice-best-path.cc:99) For utterance PN00M03U033, best cost 40.1113 + 2116.71 = 2156.82 over 630 frames.
PN00M03U033 athth naun chaar naun panj do ikk 
LOG (lattice-best-path[5.3]:main():lattice-best-path.cc:99) For utterance PN00M03U034, best cost 40.9059 + 2024.51 = 2065.42 over 630 frames.
PN00M03U034 ikk naun satt do satt panj tinn 
LOG (lattice-best-path[5.3]:main():lattice-best-path.cc:99) For utterance PN00M03U035, best cost 39.9153 + 2006.63 = 2046.54 over 630 frames.
PN00M03U035 tinn naun athth satt tinn ikk do 
LOG (lattice-best-path[5.3]:main():lattice-best-path.cc:99) For utterance PN00M03U036, best cost 43.8987 + 2147.8 = 2191.69 over 629 frames.
PN00M03U036 do do athth chaar do naun sifar 
LOG (lattice-best-path[5.3]:main():lattice-best-path.cc:99) For utterance PN00M03U037, best cost 43.7671 + 2137.95 = 2181.71 over 629 frames.
PN00M03U037 sifar ikk do tinn do tinn tinn 
LOG (lattice-best-path[5.3]:main():lattice-best-path.cc:99) For utterance PN00M03U038, best cost 45.4112 + 2452.65 = 2498.06 over 630 frames.
PN00M03U038 tinn chaar tinn chaar chaar panj panj 
LOG (lattice-best-path[5.3]:main():lattice-best-path.cc:99) For utterance PN00M03U039, best cost 42.5413 + 2086.05 = 2128.59 over 630 frames.
PN00M03U039 panj chhe chaar panj chhe chhe satt 
LOG (lattice-best-path[5.3]:main():lattice-best-path.cc:99) For utterance PN00M03U040, best cost 44.5833 + 2099.87 = 2144.45 over 630 frames.
PN00M03U040 satt athth chhe satt ikk do chaar 
LOG (lattice-best-path[5.3]:main():lattice-best-path.cc:99) For utterance PN00M03U041, best cost 42.6954 + 2236.73 = 2279.43 over 629 frames.
PN00M03U041 sifar naun sifar ikk do tinn chaar 
LOG (lattice-best-path[5.3]:main():lattice-best-path.cc:99) For utterance PN00M03U042, best cost 42.3808 + 2105.16 = 2147.54 over 630 frames.
PN00M03U042 chaar panj chhe satt athth naun athth 
LOG (lattice-best-path[5.3]:main():lattice-best-path.cc:99) For utterance PN00M03U043, best cost 41.9041 + 2225.73 = 2267.64 over 629 frames.
PN00M03U043 athth sifar do chaar chhe athth satt 
LOG (lattice-best-path[5.3]:main():lattice-best-path.cc:99) For utterance PN00M03U044, best cost 42.0331 + 2094.76 = 2136.8 over 629 frames.
PN00M03U044 satt sifar tinn panj satt naun chhe 
LOG (lattice-scale[5.3]:main():lattice-scale.cc:90) Done 320 lattices.
LOG (lattice-best-path[5.3]:main():lattice-best-path.cc:99) For utterance PN00M03U045, best cost 42.2981 + 2150.71 = 2193.01 over 630 frames.
PN00M03U045 chhe sifar chaar satt panj sifar panj 
LOG (lattice-best-path[5.3]:main():lattice-best-path.cc:99) For utterance PN00M03U046, best cost 43.0169 + 2017.7 = 2060.72 over 629 frames.
PN00M03U046 panj athth chaar sifar chhe naun tinn 
LOG (lattice-best-path[5.3]:main():lattice-best-path.cc:99) For utterance PN00M03U047, best cost 44.612 + 2104.32 = 2148.93 over 630 frames.
PN00M03U047 tinn sifar satt do sifar athth ikk 
LOG (lattice-best-path[5.3]:main():lattice-best-path.cc:99) For utterance PN00M03U048, best cost 43.7301 + 2105.85 = 2149.58 over 630 frames.
PN00M03U048 ikk sifar sifar ikk naun ikk tinn 
LOG (lattice-best-path[5.3]:main():lattice-best-path.cc:99) For utterance PN00M03U049, best cost 41.1216 + 2079.93 = 2121.05 over 630 frames.
PN00M03U049 tinn chhe ikk chaar athth do panj 
LOG (lattice-best-path[5.3]:main():lattice-best-path.cc:99) For utterance PN00M03U050, best cost 41.2291 + 2004.71 = 2045.94 over 630 frames.
PN00M03U050 panj naun do chhe panj ikk panj 
LOG (lattice-best-path[5.3]:main():lattice-best-path.cc:99) For utterance PN00M03U051, best cost 40.3535 + 2006.78 = 2047.13 over 629 frames.
PN00M03U051 panj chaar ikk chhe tinn ikk satt 
LOG (lattice-best-path[5.3]:main():lattice-best-path.cc:99) For utterance PN00M03U052, best cost 41.8779 + 2085.71 = 2127.58 over 632 frames.
PN00M03U052 satt ikk athth tinn satt tinn athth 
LOG (lattice-best-path[5.3]:main():lattice-best-path.cc:99) For utterance PN00M03U053, best cost 39.7519 + 2140.4 = 2180.15 over 653 frames.
PN00M03U053 athth naun naun chaar naun panj do 
LOG (lattice-best-path[5.3]:main():lattice-best-path.cc:99) For utterance PN00M03U054, best cost 42.4439 + 2177.41 = 2219.86 over 651 frames.
PN00M03U054 do satt chhe do athth panj tinn 
LOG (lattice-best-path[5.3]:main():lattice-best-path.cc:99) For utterance PN00M03U055, best cost 42.5533 + 2120.54 = 2163.1 over 654 frames.
PN00M03U055 tinn naun satt chaar do ikk ikk 
LOG (lattice-best-path[5.3]:main():lattice-best-path.cc:99) For utterance PN00M03U056, best cost 44.3405 + 2053.92 = 2098.26 over 629 frames.
PN00M03U056 ikk do naun sifar ikk do do 
LOG (lattice-best-path[5.3]:main():lattice-best-path.cc:99) For utterance PN00M03U057, best cost 46.4755 + 2291.85 = 2338.33 over 623 frames.
PN00M03U057 do tinn do tinn tinn chaar tinn 
LOG (lattice-best-path[5.3]:main():lattice-best-path.cc:99) For utterance PN00M03U058, best cost 44.301 + 2150.88 = 2195.18 over 622 frames.
PN00M03U058 tinn chaar chaar panj panj chhe chaar 
LOG (lattice-best-path[5.3]:main():lattice-best-path.cc:99) For utterance PN00M03U059, best cost 47.4917 + 2313.72 = 2361.21 over 625 frames.
PN00M03U059 athth athth athth sifar sifar sifar sifar 
LOG (lattice-best-path[5.3]:main():lattice-best-path.cc:99) For utterance PN00M03U060, best cost 42.6324 + 2236.24 = 2278.87 over 628 frames.
PN00M03U060 athth chhe satt athth athth naun sifar 
LOG (lattice-best-path[5.3]:main():lattice-best-path.cc:99) For utterance PN00M03U061, best cost 40.0059 + 2198.55 = 2238.56 over 629 frames.
PN00M03U061 sifar naun naun athth satt chhe panj 
LOG (lattice-best-path[5.3]:main():lattice-best-path.cc:99) For utterance PN00M03U062, best cost 40.9022 + 2167 = 2207.91 over 630 frames.
PN00M03U062 panj chaar tinn do ikk sifar athth 
LOG (lattice-add-penalty[5.3]:main():lattice-add-penalty.cc:62) Done adding word insertion penalty to 320 lattices.
LOG (lattice-best-path[5.3]:main():lattice-best-path.cc:99) For utterance PN00M03U063, best cost 38.7742 + 2107.02 = 2145.79 over 629 frames.
PN00M03U063 athth naun satt panj tinn ikk satt 
LOG (lattice-best-path[5.3]:main():lattice-best-path.cc:99) For utterance PN00M03U064, best cost 41.4542 + 2256.22 = 2297.68 over 629 frames.
PN00M03U064 satt naun chhe chaar do sifar chhe 
LOG (lattice-best-path[5.3]:main():lattice-best-path.cc:99) For utterance PN00M03U065, best cost 41.7999 + 2114.4 = 2156.2 over 629 frames.
PN00M03U065 chhe naun panj do panj naun chaar 
LOG (lattice-best-path[5.3]:main():lattice-best-path.cc:99) For utterance PN00M03U066, best cost 42.647 + 2094.81 = 2137.45 over 630 frames.
PN00M03U066 chaar ikk chaar naun tinn sifar tinn 
LOG (lattice-best-path[5.3]:main():lattice-best-path.cc:99) For utterance PN00M03U067, best cost 42.4487 + 2058.27 = 2100.72 over 627 frames.
PN00M03U067 tinn naun do do naun ikk ikk 
LOG (lattice-best-path[5.3]:main():lattice-best-path.cc:99) For utterance PN00M03U068, best cost 46.3498 + 2374.98 = 2421.33 over 630 frames.
PN00M03U068 ikk naun sifar sifar satt chaar sifar 
LOG (lattice-best-path[5.3]:main():lattice-best-path.cc:99) For utterance PN00M03U069, best cost 39.6909 + 2227.64 = 2267.33 over 629 frames.
PN00M03U069 sifar ikk athth chhe tinn athth 
LOG (lattice-best-path[5.3]:main():lattice-best-path.cc:99) For utterance PN00M03U070, best cost 40.6267 + 2207.7 = 2248.33 over 630 frames.
PN00M03U070 athth panj ikk chhe do chhe athth 
LOG (lattice-best-path[5.3]:main():lattice-best-path.cc:99) For utterance PN00M03U071, best cost 45.7749 + 2128.39 = 2174.17 over 630 frames.
PN00M03U071 athth chaar panj athth tinn chaar athth 
LOG (lattice-best-path[5.3]:main():lattice-best-path.cc:99) For utterance PN00M03U072, best cost 41.5213 + 2157.49 = 2199.01 over 629 frames.
PN00M03U072 athth do tinn satt tinn chhe ikk 
LOG (lattice-best-path[5.3]:main():lattice-best-path.cc:99) For utterance PN00M03U073, best cost 44.1407 + 2148.32 = 2192.46 over 630 frames.
PN00M03U073 ikk panj sifar panj chhe satt do 
LOG (lattice-best-path[5.3]:main():lattice-best-path.cc:99) For utterance PN00M03U074, best cost 45.1776 + 2160.51 = 2205.69 over 630 frames.
PN00M03U074 do athth ikk tinn panj panj satt 
LOG (lattice-best-path[5.3]:main():lattice-best-path.cc:99) For utterance PN00M03U075, best cost 42.5543 + 2380.81 = 2423.37 over 630 frames.
PN00M03U075 satt ikk do satt sifar do chaar 
LOG (lattice-best-path[5.3]:main():lattice-best-path.cc:99) For utterance PN00M03U076, best cost 42.7671 + 2198.39 = 2241.16 over 620 frames.
PN00M03U076 chaar satt athth sifar ikk do tinn 
LOG (lattice-best-path[5.3]:main():lattice-best-path.cc:99) For utterance PN00M03U077, best cost 44.7106 + 2203.13 = 2247.84 over 624 frames.
PN00M03U077 tinn tinn chaar chhe sifar chaar chaar 
LOG (lattice-best-path[5.3]:main():lattice-best-path.cc:99) For utterance PN00M03U078, best cost 42.4584 + 2303.84 = 2346.3 over 627 frames.
PN00M03U078 chaar panj chhe chhe satt satt athth 
LOG (lattice-best-path[5.3]:main():lattice-best-path.cc:99) For utterance PN00M03U079, best cost 42.0858 + 2186.02 = 2228.11 over 629 frames.
PN00M03U079 naun naun ikk tinn panj satt naun 
LOG (lattice-best-path[5.3]:main():lattice-best-path.cc:99) For utterance PN00M03U080, best cost 45.0892 + 2162.48 = 2207.57 over 629 frames.
PN00M03U080 do chhe naun ikk do chaar tinn 
LOG (lattice-best-path[5.3]:main():lattice-best-path.cc:124) Overall cost per frame is 3.54761 = 0.0703442 [graph] + 3.47727 [acoustic] over 201866 frames.
LOG (lattice-best-path[5.3]:main():lattice-best-path.cc:128) Done 320 lattices, failed for 0
# Accounting: time=1 threads=1
# Ended (code 0) at Tue Dec 18 09:46:50 IST 2018, elapsed time 1 seconds
