# ali-to-post "ark:gunzip -c exp/tri4_ali/pre_ali.4.gz|" ark:- | weight-silence-post 0.0 1:2:3:4:5 exp/tri4/final.alimdl ark:- ark:- | gmm-post-to-gpost exp/tri4/final.alimdl "ark,s,cs:apply-cmvn  --utt2spk=ark:data/train/split4/4/utt2spk scp:data/train/split4/4/cmvn.scp scp:data/train/split4/4/feats.scp ark:- | splice-feats  ark:- ark:- | transform-feats exp/tri4/final.mat ark:- ark:- |" ark:- ark:- | gmm-est-fmllr-gpost --fmllr-update-type=full --spk2utt=ark:data/train/split4/4/spk2utt exp/tri4/final.mdl "ark,s,cs:apply-cmvn  --utt2spk=ark:data/train/split4/4/utt2spk scp:data/train/split4/4/cmvn.scp scp:data/train/split4/4/feats.scp ark:- | splice-feats  ark:- ark:- | transform-feats exp/tri4/final.mat ark:- ark:- |" ark,s,cs:- ark:exp/tri4_ali/trans.4 
# Started at Tue Dec 18 10:26:27 IST 2018
#
ali-to-post 'ark:gunzip -c exp/tri4_ali/pre_ali.4.gz|' ark:- 
weight-silence-post 0.0 1:2:3:4:5 exp/tri4/final.alimdl ark:- ark:- 
gmm-post-to-gpost exp/tri4/final.alimdl 'ark,s,cs:apply-cmvn  --utt2spk=ark:data/train/split4/4/utt2spk scp:data/train/split4/4/cmvn.scp scp:data/train/split4/4/feats.scp ark:- | splice-feats  ark:- ark:- | transform-feats exp/tri4/final.mat ark:- ark:- |' ark:- ark:- 
gmm-est-fmllr-gpost --fmllr-update-type=full --spk2utt=ark:data/train/split4/4/spk2utt exp/tri4/final.mdl 'ark,s,cs:apply-cmvn  --utt2spk=ark:data/train/split4/4/utt2spk scp:data/train/split4/4/cmvn.scp scp:data/train/split4/4/feats.scp ark:- | splice-feats  ark:- ark:- | transform-feats exp/tri4/final.mat ark:- ark:- |' ark,s,cs:- ark:exp/tri4_ali/trans.4 
apply-cmvn --utt2spk=ark:data/train/split4/4/utt2spk scp:data/train/split4/4/cmvn.scp scp:data/train/split4/4/feats.scp ark:- 
transform-feats exp/tri4/final.mat ark:- ark:- 
splice-feats ark:- ark:- 
transform-feats exp/tri4/final.mat ark:- ark:- 
splice-feats ark:- ark:- 
apply-cmvn --utt2spk=ark:data/train/split4/4/utt2spk scp:data/train/split4/4/cmvn.scp scp:data/train/split4/4/feats.scp ark:- 
LOG (ali-to-post[5.3]:main():ali-to-post.cc:73) Converted 80 alignments.
LOG (weight-silence-post[5.3]:main():weight-silence-post.cc:95) Done 80 posteriors.
LOG (apply-cmvn[5.3]:main():apply-cmvn.cc:162) Applied cepstral mean normalization to 80 utterances, errors on 0
LOG (apply-cmvn[5.3]:main():apply-cmvn.cc:162) Applied cepstral mean normalization to 80 utterances, errors on 0
LOG (transform-feats[5.3]:main():transform-feats.cc:158) Overall average [pseudo-]logdet is -54.2093 over 50402 frames.
LOG (transform-feats[5.3]:main():transform-feats.cc:161) Applied transform to 80 utterances; 0 had errors.
LOG (gmm-post-to-gpost[5.3]:main():gmm-post-to-gpost.cc:124) Done 80 files, 0 with no posteriors, 0 with other errors.
LOG (gmm-post-to-gpost[5.3]:main():gmm-post-to-gpost.cc:128) Overall avg like per frame (Gaussian only) = -44.2858 over 21048 frames.
LOG (gmm-post-to-gpost[5.3]:main():gmm-post-to-gpost.cc:131) Done converting post to gpost
LOG (transform-feats[5.3]:main():transform-feats.cc:158) Overall average [pseudo-]logdet is -54.2093 over 50402 frames.
LOG (transform-feats[5.3]:main():transform-feats.cc:161) Applied transform to 80 utterances; 0 had errors.
LOG (gmm-est-fmllr-gpost[5.3]:ComputeFmllrMatrixDiagGmmFull():fmllr-diag-gmm.cc:262) fMLLR objf improvement is 10.2901 per frame over 21048 frames.
LOG (gmm-est-fmllr-gpost[5.3]:main():gmm-est-fmllr-gpost.cc:141) For speaker PN00M03, auxf-impr from fMLLR is 10.2901, over 21048 frames.
LOG (gmm-est-fmllr-gpost[5.3]:main():gmm-est-fmllr-gpost.cc:186) Done 80 files, 0 with no gposts, 0 with other errors.
LOG (gmm-est-fmllr-gpost[5.3]:main():gmm-est-fmllr-gpost.cc:188) Overall fMLLR auxf impr per frame is 10.2901 over 21048 frames.
# Accounting: time=3 threads=1
# Ended (code 0) at Tue Dec 18 10:26:30 IST 2018, elapsed time 3 seconds
