# gmm-gselect --n=25 "--gselect=ark,s,cs:gunzip -c exp/ubm/gselect.2.gz|" "fgmm-global-to-gmm exp/ubm/0.ubm - |" "ark,s,cs:apply-cmvn  --utt2spk=ark:data/train/split4/2/utt2spk scp:data/train/split4/2/cmvn.scp scp:data/train/split4/2/feats.scp ark:- | splice-feats  ark:- ark:- | transform-feats exp/tri4_ali/final.mat ark:- ark:- | transform-feats --utt2spk=ark:data/train/split4/2/utt2spk ark,s,cs:exp/tri4_ali/trans.2 ark:- ark:- |" ark:- | fgmm-global-acc-stats --gselect=ark,s,cs:- exp/ubm/0.ubm "ark,s,cs:apply-cmvn  --utt2spk=ark:data/train/split4/2/utt2spk scp:data/train/split4/2/cmvn.scp scp:data/train/split4/2/feats.scp ark:- | splice-feats  ark:- ark:- | transform-feats exp/tri4_ali/final.mat ark:- ark:- | transform-feats --utt2spk=ark:data/train/split4/2/utt2spk ark,s,cs:exp/tri4_ali/trans.2 ark:- ark:- |" exp/ubm/0.2.acc 
# Started at Tue Dec 18 10:31:04 IST 2018
#
gmm-gselect --n=25 '--gselect=ark,s,cs:gunzip -c exp/ubm/gselect.2.gz|' 'fgmm-global-to-gmm exp/ubm/0.ubm - |' 'ark,s,cs:apply-cmvn  --utt2spk=ark:data/train/split4/2/utt2spk scp:data/train/split4/2/cmvn.scp scp:data/train/split4/2/feats.scp ark:- | splice-feats  ark:- ark:- | transform-feats exp/tri4_ali/final.mat ark:- ark:- | transform-feats --utt2spk=ark:data/train/split4/2/utt2spk ark,s,cs:exp/tri4_ali/trans.2 ark:- ark:- |' ark:- 
fgmm-global-to-gmm exp/ubm/0.ubm - 
fgmm-global-acc-stats --gselect=ark,s,cs:- exp/ubm/0.ubm 'ark,s,cs:apply-cmvn  --utt2spk=ark:data/train/split4/2/utt2spk scp:data/train/split4/2/cmvn.scp scp:data/train/split4/2/feats.scp ark:- | splice-feats  ark:- ark:- | transform-feats exp/tri4_ali/final.mat ark:- ark:- | transform-feats --utt2spk=ark:data/train/split4/2/utt2spk ark,s,cs:exp/tri4_ali/trans.2 ark:- ark:- |' exp/ubm/0.2.acc 
apply-cmvn --utt2spk=ark:data/train/split4/2/utt2spk scp:data/train/split4/2/cmvn.scp scp:data/train/split4/2/feats.scp ark:- 
splice-feats ark:- ark:- 
transform-feats exp/tri4_ali/final.mat ark:- ark:- 
transform-feats --utt2spk=ark:data/train/split4/2/utt2spk ark,s,cs:exp/tri4_ali/trans.2 ark:- ark:- 
LOG (fgmm-global-to-gmm[5.3]:main():fgmm-global-to-gmm.cc:58) Written diagonal GMM to -
transform-feats exp/tri4_ali/final.mat ark:- ark:- 
transform-feats --utt2spk=ark:data/train/split4/2/utt2spk ark,s,cs:exp/tri4_ali/trans.2 ark:- ark:- 
apply-cmvn --utt2spk=ark:data/train/split4/2/utt2spk scp:data/train/split4/2/cmvn.scp scp:data/train/split4/2/feats.scp ark:- 
splice-feats ark:- ark:- 
LOG (gmm-gselect[5.3]:main():gmm-gselect.cc:114) For 0'th file, average UBM likelihood over 630 frames is -46.7083
LOG (gmm-gselect[5.3]:main():gmm-gselect.cc:114) For 10'th file, average UBM likelihood over 629 frames is -45.4154
LOG (gmm-gselect[5.3]:main():gmm-gselect.cc:114) For 20'th file, average UBM likelihood over 630 frames is -44.5003
LOG (gmm-gselect[5.3]:main():gmm-gselect.cc:114) For 30'th file, average UBM likelihood over 629 frames is -44.2691
LOG (gmm-gselect[5.3]:main():gmm-gselect.cc:114) For 40'th file, average UBM likelihood over 630 frames is -45.7977
LOG (gmm-gselect[5.3]:main():gmm-gselect.cc:114) For 50'th file, average UBM likelihood over 630 frames is -43.5659
LOG (gmm-gselect[5.3]:main():gmm-gselect.cc:114) For 60'th file, average UBM likelihood over 630 frames is -41.2088
LOG (gmm-gselect[5.3]:main():gmm-gselect.cc:114) For 70'th file, average UBM likelihood over 629 frames is -43.0304
LOG (apply-cmvn[5.3]:main():apply-cmvn.cc:162) Applied cepstral mean normalization to 80 utterances, errors on 0
LOG (apply-cmvn[5.3]:main():apply-cmvn.cc:162) Applied cepstral mean normalization to 80 utterances, errors on 0
LOG (transform-feats[5.3]:main():transform-feats.cc:158) Overall average [pseudo-]logdet is -54.2093 over 50389 frames.
LOG (transform-feats[5.3]:main():transform-feats.cc:161) Applied transform to 80 utterances; 0 had errors.
LOG (transform-feats[5.3]:main():transform-feats.cc:158) Overall average [pseudo-]logdet is -54.2093 over 50389 frames.
LOG (transform-feats[5.3]:main():transform-feats.cc:161) Applied transform to 80 utterances; 0 had errors.
LOG (transform-feats[5.3]:main():transform-feats.cc:158) Overall average logdet is 4.00095 over 50389 frames.
LOG (transform-feats[5.3]:main():transform-feats.cc:161) Applied transform to 80 utterances; 0 had errors.
LOG (transform-feats[5.3]:main():transform-feats.cc:158) Overall average logdet is 4.00095 over 50389 frames.
LOG (transform-feats[5.3]:main():transform-feats.cc:161) Applied transform to 80 utterances; 0 had errors.
LOG (gmm-gselect[5.3]:main():gmm-gselect.cc:125) Done 80 files, 0 with errors, average UBM log-likelihood is -43.2421 over 50389 frames.
LOG (fgmm-global-acc-stats[5.3]:main():fgmm-global-acc-stats.cc:148) Done 80 files; 0 with errors.
LOG (fgmm-global-acc-stats[5.3]:main():fgmm-global-acc-stats.cc:150) Overall likelihood per frame = -43.2418 over 50389 (weighted) frames.
LOG (fgmm-global-acc-stats[5.3]:main():fgmm-global-acc-stats.cc:155) Written accs to exp/ubm/0.2.acc
# Accounting: time=8 threads=1
# Ended (code 0) at Tue Dec 18 10:31:12 IST 2018, elapsed time 8 seconds
