# gmm-gselect --n=25 "--gselect=ark,s,cs:gunzip -c exp/ubm/gselect.3.gz|" "fgmm-global-to-gmm exp/ubm/0.ubm - |" "ark,s,cs:apply-cmvn  --utt2spk=ark:data/train/split4/3/utt2spk scp:data/train/split4/3/cmvn.scp scp:data/train/split4/3/feats.scp ark:- | splice-feats  ark:- ark:- | transform-feats exp/tri4_ali/final.mat ark:- ark:- | transform-feats --utt2spk=ark:data/train/split4/3/utt2spk ark,s,cs:exp/tri4_ali/trans.3 ark:- ark:- |" ark:- | fgmm-global-acc-stats --gselect=ark,s,cs:- exp/ubm/0.ubm "ark,s,cs:apply-cmvn  --utt2spk=ark:data/train/split4/3/utt2spk scp:data/train/split4/3/cmvn.scp scp:data/train/split4/3/feats.scp ark:- | splice-feats  ark:- ark:- | transform-feats exp/tri4_ali/final.mat ark:- ark:- | transform-feats --utt2spk=ark:data/train/split4/3/utt2spk ark,s,cs:exp/tri4_ali/trans.3 ark:- ark:- |" exp/ubm/0.3.acc 
# Started at Tue Dec 18 10:31:04 IST 2018
#
gmm-gselect --n=25 '--gselect=ark,s,cs:gunzip -c exp/ubm/gselect.3.gz|' 'fgmm-global-to-gmm exp/ubm/0.ubm - |' 'ark,s,cs:apply-cmvn  --utt2spk=ark:data/train/split4/3/utt2spk scp:data/train/split4/3/cmvn.scp scp:data/train/split4/3/feats.scp ark:- | splice-feats  ark:- ark:- | transform-feats exp/tri4_ali/final.mat ark:- ark:- | transform-feats --utt2spk=ark:data/train/split4/3/utt2spk ark,s,cs:exp/tri4_ali/trans.3 ark:- ark:- |' ark:- 
fgmm-global-to-gmm exp/ubm/0.ubm - 
fgmm-global-acc-stats --gselect=ark,s,cs:- exp/ubm/0.ubm 'ark,s,cs:apply-cmvn  --utt2spk=ark:data/train/split4/3/utt2spk scp:data/train/split4/3/cmvn.scp scp:data/train/split4/3/feats.scp ark:- | splice-feats  ark:- ark:- | transform-feats exp/tri4_ali/final.mat ark:- ark:- | transform-feats --utt2spk=ark:data/train/split4/3/utt2spk ark,s,cs:exp/tri4_ali/trans.3 ark:- ark:- |' exp/ubm/0.3.acc 
splice-feats ark:- ark:- 
transform-feats --utt2spk=ark:data/train/split4/3/utt2spk ark,s,cs:exp/tri4_ali/trans.3 ark:- ark:- 
transform-feats exp/tri4_ali/final.mat ark:- ark:- 
apply-cmvn --utt2spk=ark:data/train/split4/3/utt2spk scp:data/train/split4/3/cmvn.scp scp:data/train/split4/3/feats.scp ark:- 
LOG (fgmm-global-to-gmm[5.3]:main():fgmm-global-to-gmm.cc:58) Written diagonal GMM to -
transform-feats exp/tri4_ali/final.mat ark:- ark:- 
apply-cmvn --utt2spk=ark:data/train/split4/3/utt2spk scp:data/train/split4/3/cmvn.scp scp:data/train/split4/3/feats.scp ark:- 
transform-feats --utt2spk=ark:data/train/split4/3/utt2spk ark,s,cs:exp/tri4_ali/trans.3 ark:- ark:- 
splice-feats ark:- ark:- 
LOG (gmm-gselect[5.3]:main():gmm-gselect.cc:114) For 0'th file, average UBM likelihood over 630 frames is -48.0731
LOG (gmm-gselect[5.3]:main():gmm-gselect.cc:114) For 10'th file, average UBM likelihood over 577 frames is -47.4356
LOG (gmm-gselect[5.3]:main():gmm-gselect.cc:114) For 20'th file, average UBM likelihood over 630 frames is -48.7998
LOG (gmm-gselect[5.3]:main():gmm-gselect.cc:114) For 30'th file, average UBM likelihood over 629 frames is -44.9332
LOG (gmm-gselect[5.3]:main():gmm-gselect.cc:114) For 40'th file, average UBM likelihood over 630 frames is -45.9825
LOG (gmm-gselect[5.3]:main():gmm-gselect.cc:114) For 50'th file, average UBM likelihood over 629 frames is -46.2689
LOG (gmm-gselect[5.3]:main():gmm-gselect.cc:114) For 60'th file, average UBM likelihood over 630 frames is -45.4391
LOG (gmm-gselect[5.3]:main():gmm-gselect.cc:114) For 70'th file, average UBM likelihood over 630 frames is -44.7312
LOG (apply-cmvn[5.3]:main():apply-cmvn.cc:162) Applied cepstral mean normalization to 80 utterances, errors on 0
LOG (apply-cmvn[5.3]:main():apply-cmvn.cc:162) Applied cepstral mean normalization to 80 utterances, errors on 0
LOG (transform-feats[5.3]:main():transform-feats.cc:158) Overall average [pseudo-]logdet is -54.2093 over 50435 frames.
LOG (transform-feats[5.3]:main():transform-feats.cc:161) Applied transform to 80 utterances; 0 had errors.
LOG (transform-feats[5.3]:main():transform-feats.cc:158) Overall average [pseudo-]logdet is -54.2093 over 50435 frames.
LOG (transform-feats[5.3]:main():transform-feats.cc:161) Applied transform to 80 utterances; 0 had errors.
LOG (transform-feats[5.3]:main():transform-feats.cc:158) Overall average logdet is 3.7788 over 50435 frames.
LOG (transform-feats[5.3]:main():transform-feats.cc:161) Applied transform to 80 utterances; 0 had errors.
LOG (transform-feats[5.3]:main():transform-feats.cc:158) Overall average logdet is 3.7788 over 50435 frames.
LOG (transform-feats[5.3]:main():transform-feats.cc:161) Applied transform to 80 utterances; 0 had errors.
LOG (gmm-gselect[5.3]:main():gmm-gselect.cc:125) Done 80 files, 0 with errors, average UBM log-likelihood is -45.5922 over 50435 frames.
LOG (fgmm-global-acc-stats[5.3]:main():fgmm-global-acc-stats.cc:148) Done 80 files; 0 with errors.
LOG (fgmm-global-acc-stats[5.3]:main():fgmm-global-acc-stats.cc:150) Overall likelihood per frame = -45.592 over 50435 (weighted) frames.
LOG (fgmm-global-acc-stats[5.3]:main():fgmm-global-acc-stats.cc:155) Written accs to exp/ubm/0.3.acc
# Accounting: time=8 threads=1
# Ended (code 0) at Tue Dec 18 10:31:12 IST 2018, elapsed time 8 seconds
