# fgmm-global-est --verbose=2 exp/ubm/2.ubm "fgmm-global-sum-accs - exp/ubm/2.*.acc |" exp/ubm/3.ubm 
# Started at Tue Dec 18 10:31:33 IST 2018
#
fgmm-global-est --verbose=2 exp/ubm/2.ubm 'fgmm-global-sum-accs - exp/ubm/2.*.acc |' exp/ubm/3.ubm 
fgmm-global-sum-accs - exp/ubm/2.1.acc exp/ubm/2.2.acc exp/ubm/2.3.acc exp/ubm/2.4.acc 
LOG (fgmm-global-sum-accs[5.3]:main():fgmm-global-sum-accs.cc:59) Written stats to -
WARNING (fgmm-global-est[5.3]:MleFullGmmUpdate():mle-full-gmm.cc:365) Too little data - removing Gaussian (weight 0.000211, occupation count 42.620991, vector size 40)
WARNING (fgmm-global-est[5.3]:MleFullGmmUpdate():mle-full-gmm.cc:365) Too little data - removing Gaussian (weight 0.000383, occupation count 77.248245, vector size 40)
WARNING (fgmm-global-est[5.3]:MleFullGmmUpdate():mle-full-gmm.cc:365) Too little data - removing Gaussian (weight 0.000249, occupation count 50.306431, vector size 40)
WARNING (fgmm-global-est[5.3]:MleFullGmmUpdate():mle-full-gmm.cc:365) Too little data - removing Gaussian (weight 0.000296, occupation count 59.663990, vector size 40)
WARNING (fgmm-global-est[5.3]:MleFullGmmUpdate():mle-full-gmm.cc:365) Too little data - removing Gaussian (weight 0.000421, occupation count 84.904137, vector size 40)
WARNING (fgmm-global-est[5.3]:MleFullGmmUpdate():mle-full-gmm.cc:365) Too little data - removing Gaussian (weight 0.000380, occupation count 76.717957, vector size 40)
WARNING (fgmm-global-est[5.3]:MleFullGmmUpdate():mle-full-gmm.cc:365) Too little data - removing Gaussian (weight 0.000277, occupation count 55.921974, vector size 40)
WARNING (fgmm-global-est[5.3]:MleFullGmmUpdate():mle-full-gmm.cc:365) Too little data - removing Gaussian (weight 0.000320, occupation count 64.528358, vector size 40)
WARNING (fgmm-global-est[5.3]:MleFullGmmUpdate():mle-full-gmm.cc:365) Too little data - removing Gaussian (weight 0.000391, occupation count 78.919868, vector size 40)
WARNING (fgmm-global-est[5.3]:MleFullGmmUpdate():mle-full-gmm.cc:365) Too little data - removing Gaussian (weight 0.000361, occupation count 72.816864, vector size 40)
WARNING (fgmm-global-est[5.3]:MleFullGmmUpdate():mle-full-gmm.cc:365) Too little data - removing Gaussian (weight 0.000308, occupation count 62.093384, vector size 40)
WARNING (fgmm-global-est[5.3]:MleFullGmmUpdate():mle-full-gmm.cc:365) Too little data - removing Gaussian (weight 0.000190, occupation count 38.366222, vector size 40)
WARNING (fgmm-global-est[5.3]:MleFullGmmUpdate():mle-full-gmm.cc:365) Too little data - removing Gaussian (weight 0.000336, occupation count 67.868828, vector size 40)
WARNING (fgmm-global-est[5.3]:MleFullGmmUpdate():mle-full-gmm.cc:365) Too little data - removing Gaussian (weight 0.000438, occupation count 88.379875, vector size 40)
WARNING (fgmm-global-est[5.3]:MleFullGmmUpdate():mle-full-gmm.cc:365) Too little data - removing Gaussian (weight 0.000388, occupation count 78.266273, vector size 40)
WARNING (fgmm-global-est[5.3]:MleFullGmmUpdate():mle-full-gmm.cc:365) Too little data - removing Gaussian (weight 0.000250, occupation count 50.541424, vector size 40)
WARNING (fgmm-global-est[5.3]:MleFullGmmUpdate():mle-full-gmm.cc:365) Too little data - removing Gaussian (weight 0.000246, occupation count 49.697407, vector size 40)
WARNING (fgmm-global-est[5.3]:MleFullGmmUpdate():mle-full-gmm.cc:365) Too little data - removing Gaussian (weight 0.000274, occupation count 55.250267, vector size 40)
WARNING (fgmm-global-est[5.3]:MleFullGmmUpdate():mle-full-gmm.cc:365) Too little data - removing Gaussian (weight 0.000373, occupation count 75.261177, vector size 40)
WARNING (fgmm-global-est[5.3]:MleFullGmmUpdate():mle-full-gmm.cc:365) Too little data - removing Gaussian (weight 0.000094, occupation count 19.000000, vector size 40)
WARNING (fgmm-global-est[5.3]:MleFullGmmUpdate():mle-full-gmm.cc:365) Too little data - removing Gaussian (weight 0.000418, occupation count 84.409248, vector size 40)
WARNING (fgmm-global-est[5.3]:MleFullGmmUpdate():mle-full-gmm.cc:365) Too little data - removing Gaussian (weight 0.000277, occupation count 55.935455, vector size 40)
WARNING (fgmm-global-est[5.3]:MleFullGmmUpdate():mle-full-gmm.cc:365) Too little data - removing Gaussian (weight 0.000421, occupation count 84.895920, vector size 40)
WARNING (fgmm-global-est[5.3]:MleFullGmmUpdate():mle-full-gmm.cc:365) Too little data - removing Gaussian (weight 0.000179, occupation count 36.139870, vector size 40)
WARNING (fgmm-global-est[5.3]:MleFullGmmUpdate():mle-full-gmm.cc:365) Too little data - removing Gaussian (weight 0.000288, occupation count 58.178806, vector size 40)
WARNING (fgmm-global-est[5.3]:MleFullGmmUpdate():mle-full-gmm.cc:365) Too little data - removing Gaussian (weight 0.000274, occupation count 55.254036, vector size 40)
WARNING (fgmm-global-est[5.3]:MleFullGmmUpdate():mle-full-gmm.cc:365) Too little data - removing Gaussian (weight 0.000191, occupation count 38.517536, vector size 40)
WARNING (fgmm-global-est[5.3]:MleFullGmmUpdate():mle-full-gmm.cc:365) Too little data - removing Gaussian (weight 0.000337, occupation count 67.932137, vector size 40)
WARNING (fgmm-global-est[5.3]:MleFullGmmUpdate():mle-full-gmm.cc:365) Too little data - removing Gaussian (weight 0.000306, occupation count 61.785027, vector size 40)
WARNING (fgmm-global-est[5.3]:MleFullGmmUpdate():mle-full-gmm.cc:365) Too little data - removing Gaussian (weight 0.000285, occupation count 57.544174, vector size 40)
WARNING (fgmm-global-est[5.3]:MleFullGmmUpdate():mle-full-gmm.cc:365) Too little data - removing Gaussian (weight 0.000183, occupation count 36.956753, vector size 40)
WARNING (fgmm-global-est[5.3]:MleFullGmmUpdate():mle-full-gmm.cc:365) Too little data - removing Gaussian (weight 0.000413, occupation count 83.349937, vector size 40)
WARNING (fgmm-global-est[5.3]:MleFullGmmUpdate():mle-full-gmm.cc:365) Too little data - removing Gaussian (weight 0.000171, occupation count 34.492279, vector size 40)
WARNING (fgmm-global-est[5.3]:MleFullGmmUpdate():mle-full-gmm.cc:365) Too little data - removing Gaussian (weight 0.000259, occupation count 52.318764, vector size 40)
WARNING (fgmm-global-est[5.3]:MleFullGmmUpdate():mle-full-gmm.cc:365) Too little data - removing Gaussian (weight 0.000181, occupation count 36.470970, vector size 40)
WARNING (fgmm-global-est[5.3]:MleFullGmmUpdate():mle-full-gmm.cc:365) Too little data - removing Gaussian (weight 0.000313, occupation count 63.157364, vector size 40)
WARNING (fgmm-global-est[5.3]:MleFullGmmUpdate():mle-full-gmm.cc:365) Too little data - removing Gaussian (weight 0.000209, occupation count 42.270397, vector size 40)
WARNING (fgmm-global-est[5.3]:MleFullGmmUpdate():mle-full-gmm.cc:365) Too little data - removing Gaussian (weight 0.000313, occupation count 63.279514, vector size 40)
WARNING (fgmm-global-est[5.3]:MleFullGmmUpdate():mle-full-gmm.cc:365) Too little data - removing Gaussian (weight 0.000205, occupation count 41.294094, vector size 40)
WARNING (fgmm-global-est[5.3]:MleFullGmmUpdate():mle-full-gmm.cc:365) Too little data - removing Gaussian (weight 0.000358, occupation count 72.249512, vector size 40)
LOG (fgmm-global-est[5.3]:main():fgmm-global-est.cc:78) Overall objective function improvement is 0.119654 per frame over 201866 frames.
LOG (fgmm-global-est[5.3]:main():fgmm-global-est.cc:88) Written model to exp/ubm/3.ubm
# Accounting: time=1 threads=1
# Ended (code 0) at Tue Dec 18 10:31:34 IST 2018, elapsed time 1 seconds
