# gmm-est --power=0.2 --write-occs=exp/tri4/27.occs --mix-up=16000 exp/tri4/26.mdl "gmm-sum-accs - exp/tri4/26.*.acc |" exp/tri4/27.mdl 
# Started at Tue Dec 18 10:17:23 IST 2018
#
gmm-est --power=0.2 --write-occs=exp/tri4/27.occs --mix-up=16000 exp/tri4/26.mdl 'gmm-sum-accs - exp/tri4/26.*.acc |' exp/tri4/27.mdl 
gmm-sum-accs - exp/tri4/26.1.acc exp/tri4/26.2.acc exp/tri4/26.3.acc exp/tri4/26.4.acc 
LOG (gmm-sum-accs[5.3]:main():gmm-sum-accs.cc:63) Summed 4 stats, total count 201866, avg like/frame -36.7151
LOG (gmm-sum-accs[5.3]:main():gmm-sum-accs.cc:66) Total count of stats is 201866
LOG (gmm-sum-accs[5.3]:main():gmm-sum-accs.cc:67) Written stats to -
LOG (gmm-est[5.3]:MleUpdate():transition-model.cc:517) TransitionModel::Update, objf change is 0 per frame over 201866 frames. 
LOG (gmm-est[5.3]:MleUpdate():transition-model.cc:520) 13 probabilities floored, 518 out of 703 transition-states skipped due to insuffient data (it is normal to have some skipped.)
LOG (gmm-est[5.3]:main():gmm-est.cc:102) Transition model update: Overall 0 log-like improvement per frame over 201866 frames.
WARNING (gmm-est[5.3]:MleDiagGmmUpdate():mle-diag-gmm.cc:359) Too little data - removing Gaussian (weight 0.000141, occupation count 9.949018, vector size 40)
WARNING (gmm-est[5.3]:MleDiagGmmUpdate():mle-diag-gmm.cc:359) Too little data - removing Gaussian (weight 0.000140, occupation count 9.882117, vector size 40)
WARNING (gmm-est[5.3]:MleDiagGmmUpdate():mle-diag-gmm.cc:359) Too little data - removing Gaussian (weight 0.000426, occupation count 9.787464, vector size 40)
WARNING (gmm-est[5.3]:MleDiagGmmUpdate():mle-diag-gmm.cc:359) Too little data - removing Gaussian (weight 0.000423, occupation count 9.725211, vector size 40)
LOG (gmm-est[5.3]:MleAmDiagGmmUpdate():mle-am-diag-gmm.cc:225) 0 variance elements floored in 0 Gaussians, out of 10016
LOG (gmm-est[5.3]:MleAmDiagGmmUpdate():mle-am-diag-gmm.cc:229) Removed 4 Gaussians due to counts < --min-gaussian-occupancy=10 and --remove-low-count-gaussians=true
LOG (gmm-est[5.3]:main():gmm-est.cc:113) GMM update: Overall 0.0181596 objective function improvement per frame over 201866 frames
LOG (gmm-est[5.3]:main():gmm-est.cc:116) GMM update: Overall avg like per frame = -36.7151 over 201866 frames.
WARNING (gmm-est[5.3]:GetSplitTargets():model-common.cc:134) Could not split up to 16000 due to min-count = 20 (or no counts at all)
LOG (gmm-est[5.3]:SplitByCount():am-diag-gmm.cc:116) Split 168 states with target = 16000, power = 0.2, perturb_factor = 0.01 and min_count = 20, split #Gauss from 10016 to 10020
LOG (gmm-est[5.3]:main():gmm-est.cc:146) Written model to exp/tri4/27.mdl
# Accounting: time=1 threads=1
# Ended (code 0) at Tue Dec 18 10:17:24 IST 2018, elapsed time 1 seconds
