# compute-mfcc-feats --verbose=2 --config=conf/mfcc.conf scp,p:exp/make_mfcc/train/wav_train.2.scp ark:- | copy-feats --write-num-frames=ark,t:exp/make_mfcc/train/utt2num_frames.2 --compress=true ark:- ark,scp:/home/Kaldi-Workspace/kaldi-master/egs/pdigits/mfcc_feats/train/raw_mfcc_train.2.ark,/home/Kaldi-Workspace/kaldi-master/egs/pdigits/mfcc_feats/train/raw_mfcc_train.2.scp 
# Started at Tue Dec 18 09:31:09 IST 2018
#
compute-mfcc-feats --verbose=2 --config=conf/mfcc.conf scp,p:exp/make_mfcc/train/wav_train.2.scp ark:- 
copy-feats --write-num-frames=ark,t:exp/make_mfcc/train/utt2num_frames.2 --compress=true ark:- ark,scp:/home/Kaldi-Workspace/kaldi-master/egs/pdigits/mfcc_feats/train/raw_mfcc_train.2.ark,/home/Kaldi-Workspace/kaldi-master/egs/pdigits/mfcc_feats/train/raw_mfcc_train.2.scp 
VLOG[2] (compute-mfcc-feats[5.3]:main():compute-mfcc-feats.cc:173) Processed features for key PN00F04U001
VLOG[2] (compute-mfcc-feats[5.3]:main():compute-mfcc-feats.cc:173) Processed features for key PN00F04U002
VLOG[2] (compute-mfcc-feats[5.3]:main():compute-mfcc-feats.cc:173) Processed features for key PN00F04U003
VLOG[2] (compute-mfcc-feats[5.3]:main():compute-mfcc-feats.cc:173) Processed features for key PN00F04U004
VLOG[2] (compute-mfcc-feats[5.3]:main():compute-mfcc-feats.cc:173) Processed features for key PN00F04U005
VLOG[2] (compute-mfcc-feats[5.3]:main():compute-mfcc-feats.cc:173) Processed features for key PN00F04U006
VLOG[2] (compute-mfcc-feats[5.3]:main():compute-mfcc-feats.cc:173) Processed features for key PN00F04U007
VLOG[2] (compute-mfcc-feats[5.3]:main():compute-mfcc-feats.cc:173) Processed features for key PN00F04U008
VLOG[2] (compute-mfcc-feats[5.3]:main():compute-mfcc-feats.cc:173) Processed features for key PN00F04U009
LOG (compute-mfcc-feats[5.3]:main():compute-mfcc-feats.cc:172) Processed 10 utterances
VLOG[2] (compute-mfcc-feats[5.3]:main():compute-mfcc-feats.cc:173) Processed features for key PN00F04U010
VLOG[2] (compute-mfcc-feats[5.3]:main():compute-mfcc-feats.cc:173) Processed features for key PN00F04U011
VLOG[2] (compute-mfcc-feats[5.3]:main():compute-mfcc-feats.cc:173) Processed features for key PN00F04U012
VLOG[2] (compute-mfcc-feats[5.3]:main():compute-mfcc-feats.cc:173) Processed features for key PN00F04U013
VLOG[2] (compute-mfcc-feats[5.3]:main():compute-mfcc-feats.cc:173) Processed features for key PN00F04U014
VLOG[2] (compute-mfcc-feats[5.3]:main():compute-mfcc-feats.cc:173) Processed features for key PN00F04U015
VLOG[2] (compute-mfcc-feats[5.3]:main():compute-mfcc-feats.cc:173) Processed features for key PN00F04U016
VLOG[2] (compute-mfcc-feats[5.3]:main():compute-mfcc-feats.cc:173) Processed features for key PN00F04U017
VLOG[2] (compute-mfcc-feats[5.3]:main():compute-mfcc-feats.cc:173) Processed features for key PN00F04U018
VLOG[2] (compute-mfcc-feats[5.3]:main():compute-mfcc-feats.cc:173) Processed features for key PN00F04U019
LOG (compute-mfcc-feats[5.3]:main():compute-mfcc-feats.cc:172) Processed 20 utterances
VLOG[2] (compute-mfcc-feats[5.3]:main():compute-mfcc-feats.cc:173) Processed features for key PN00F04U020
VLOG[2] (compute-mfcc-feats[5.3]:main():compute-mfcc-feats.cc:173) Processed features for key PN00F04U021
VLOG[2] (compute-mfcc-feats[5.3]:main():compute-mfcc-feats.cc:173) Processed features for key PN00F04U022
VLOG[2] (compute-mfcc-feats[5.3]:main():compute-mfcc-feats.cc:173) Processed features for key PN00F04U023
VLOG[2] (compute-mfcc-feats[5.3]:main():compute-mfcc-feats.cc:173) Processed features for key PN00F04U024
VLOG[2] (compute-mfcc-feats[5.3]:main():compute-mfcc-feats.cc:173) Processed features for key PN00F04U025
VLOG[2] (compute-mfcc-feats[5.3]:main():compute-mfcc-feats.cc:173) Processed features for key PN00F04U026
VLOG[2] (compute-mfcc-feats[5.3]:main():compute-mfcc-feats.cc:173) Processed features for key PN00F04U027
VLOG[2] (compute-mfcc-feats[5.3]:main():compute-mfcc-feats.cc:173) Processed features for key PN00F04U028
VLOG[2] (compute-mfcc-feats[5.3]:main():compute-mfcc-feats.cc:173) Processed features for key PN00F04U029
LOG (compute-mfcc-feats[5.3]:main():compute-mfcc-feats.cc:172) Processed 30 utterances
VLOG[2] (compute-mfcc-feats[5.3]:main():compute-mfcc-feats.cc:173) Processed features for key PN00F04U030
VLOG[2] (compute-mfcc-feats[5.3]:main():compute-mfcc-feats.cc:173) Processed features for key PN00F04U031
VLOG[2] (compute-mfcc-feats[5.3]:main():compute-mfcc-feats.cc:173) Processed features for key PN00F04U032
VLOG[2] (compute-mfcc-feats[5.3]:main():compute-mfcc-feats.cc:173) Processed features for key PN00F04U033
VLOG[2] (compute-mfcc-feats[5.3]:main():compute-mfcc-feats.cc:173) Processed features for key PN00F04U034
VLOG[2] (compute-mfcc-feats[5.3]:main():compute-mfcc-feats.cc:173) Processed features for key PN00F04U035
VLOG[2] (compute-mfcc-feats[5.3]:main():compute-mfcc-feats.cc:173) Processed features for key PN00F04U036
VLOG[2] (compute-mfcc-feats[5.3]:main():compute-mfcc-feats.cc:173) Processed features for key PN00F04U037
VLOG[2] (compute-mfcc-feats[5.3]:main():compute-mfcc-feats.cc:173) Processed features for key PN00F04U038
VLOG[2] (compute-mfcc-feats[5.3]:main():compute-mfcc-feats.cc:173) Processed features for key PN00F04U039
LOG (compute-mfcc-feats[5.3]:main():compute-mfcc-feats.cc:172) Processed 40 utterances
VLOG[2] (compute-mfcc-feats[5.3]:main():compute-mfcc-feats.cc:173) Processed features for key PN00F04U040
VLOG[2] (compute-mfcc-feats[5.3]:main():compute-mfcc-feats.cc:173) Processed features for key PN00F04U041
VLOG[2] (compute-mfcc-feats[5.3]:main():compute-mfcc-feats.cc:173) Processed features for key PN00F04U042
VLOG[2] (compute-mfcc-feats[5.3]:main():compute-mfcc-feats.cc:173) Processed features for key PN00F04U043
VLOG[2] (compute-mfcc-feats[5.3]:main():compute-mfcc-feats.cc:173) Processed features for key PN00F04U044
VLOG[2] (compute-mfcc-feats[5.3]:main():compute-mfcc-feats.cc:173) Processed features for key PN00F04U045
VLOG[2] (compute-mfcc-feats[5.3]:main():compute-mfcc-feats.cc:173) Processed features for key PN00F04U046
VLOG[2] (compute-mfcc-feats[5.3]:main():compute-mfcc-feats.cc:173) Processed features for key PN00F04U047
VLOG[2] (compute-mfcc-feats[5.3]:main():compute-mfcc-feats.cc:173) Processed features for key PN00F04U048
VLOG[2] (compute-mfcc-feats[5.3]:main():compute-mfcc-feats.cc:173) Processed features for key PN00F04U049
LOG (compute-mfcc-feats[5.3]:main():compute-mfcc-feats.cc:172) Processed 50 utterances
VLOG[2] (compute-mfcc-feats[5.3]:main():compute-mfcc-feats.cc:173) Processed features for key PN00F04U050
VLOG[2] (compute-mfcc-feats[5.3]:main():compute-mfcc-feats.cc:173) Processed features for key PN00F04U051
VLOG[2] (compute-mfcc-feats[5.3]:main():compute-mfcc-feats.cc:173) Processed features for key PN00F04U052
VLOG[2] (compute-mfcc-feats[5.3]:main():compute-mfcc-feats.cc:173) Processed features for key PN00F04U053
VLOG[2] (compute-mfcc-feats[5.3]:main():compute-mfcc-feats.cc:173) Processed features for key PN00F04U054
VLOG[2] (compute-mfcc-feats[5.3]:main():compute-mfcc-feats.cc:173) Processed features for key PN00F04U055
VLOG[2] (compute-mfcc-feats[5.3]:main():compute-mfcc-feats.cc:173) Processed features for key PN00F04U056
VLOG[2] (compute-mfcc-feats[5.3]:main():compute-mfcc-feats.cc:173) Processed features for key PN00F04U057
VLOG[2] (compute-mfcc-feats[5.3]:main():compute-mfcc-feats.cc:173) Processed features for key PN00F04U058
VLOG[2] (compute-mfcc-feats[5.3]:main():compute-mfcc-feats.cc:173) Processed features for key PN00F04U059
LOG (compute-mfcc-feats[5.3]:main():compute-mfcc-feats.cc:172) Processed 60 utterances
VLOG[2] (compute-mfcc-feats[5.3]:main():compute-mfcc-feats.cc:173) Processed features for key PN00F04U060
VLOG[2] (compute-mfcc-feats[5.3]:main():compute-mfcc-feats.cc:173) Processed features for key PN00F04U061
VLOG[2] (compute-mfcc-feats[5.3]:main():compute-mfcc-feats.cc:173) Processed features for key PN00F04U062
VLOG[2] (compute-mfcc-feats[5.3]:main():compute-mfcc-feats.cc:173) Processed features for key PN00F04U063
VLOG[2] (compute-mfcc-feats[5.3]:main():compute-mfcc-feats.cc:173) Processed features for key PN00F04U064
VLOG[2] (compute-mfcc-feats[5.3]:main():compute-mfcc-feats.cc:173) Processed features for key PN00F04U065
VLOG[2] (compute-mfcc-feats[5.3]:main():compute-mfcc-feats.cc:173) Processed features for key PN00F04U066
VLOG[2] (compute-mfcc-feats[5.3]:main():compute-mfcc-feats.cc:173) Processed features for key PN00F04U067
VLOG[2] (compute-mfcc-feats[5.3]:main():compute-mfcc-feats.cc:173) Processed features for key PN00F04U068
VLOG[2] (compute-mfcc-feats[5.3]:main():compute-mfcc-feats.cc:173) Processed features for key PN00F04U069
LOG (compute-mfcc-feats[5.3]:main():compute-mfcc-feats.cc:172) Processed 70 utterances
VLOG[2] (compute-mfcc-feats[5.3]:main():compute-mfcc-feats.cc:173) Processed features for key PN00F04U070
VLOG[2] (compute-mfcc-feats[5.3]:main():compute-mfcc-feats.cc:173) Processed features for key PN00F04U071
VLOG[2] (compute-mfcc-feats[5.3]:main():compute-mfcc-feats.cc:173) Processed features for key PN00F04U072
VLOG[2] (compute-mfcc-feats[5.3]:main():compute-mfcc-feats.cc:173) Processed features for key PN00F04U073
VLOG[2] (compute-mfcc-feats[5.3]:main():compute-mfcc-feats.cc:173) Processed features for key PN00F04U074
VLOG[2] (compute-mfcc-feats[5.3]:main():compute-mfcc-feats.cc:173) Processed features for key PN00F04U075
VLOG[2] (compute-mfcc-feats[5.3]:main():compute-mfcc-feats.cc:173) Processed features for key PN00F04U076
VLOG[2] (compute-mfcc-feats[5.3]:main():compute-mfcc-feats.cc:173) Processed features for key PN00F04U077
VLOG[2] (compute-mfcc-feats[5.3]:main():compute-mfcc-feats.cc:173) Processed features for key PN00F04U078
VLOG[2] (compute-mfcc-feats[5.3]:main():compute-mfcc-feats.cc:173) Processed features for key PN00F04U079
LOG (compute-mfcc-feats[5.3]:main():compute-mfcc-feats.cc:172) Processed 80 utterances
VLOG[2] (compute-mfcc-feats[5.3]:main():compute-mfcc-feats.cc:173) Processed features for key PN00F04U080
LOG (compute-mfcc-feats[5.3]:main():compute-mfcc-feats.cc:176)  Done 80 out of 80 utterances.
LOG (copy-feats[5.3]:main():copy-feats.cc:143) Copied 80 feature matrices.
# Accounting: time=12 threads=1
# Ended (code 0) at Tue Dec 18 09:31:21 IST 2018, elapsed time 12 seconds
