# build-tree --verbose=1 --max-leaves=2000 --cluster-thresh=-1 exp/tri3/treeacc data/lang_bigram/phones/roots.int exp/tri3/questions.qst data/lang_bigram/topo exp/tri3/tree 
# Started at Tue Dec 18 10:00:52 IST 2018
#
build-tree --verbose=1 --max-leaves=2000 --cluster-thresh=-1 exp/tri3/treeacc data/lang_bigram/phones/roots.int exp/tri3/questions.qst data/lang_bigram/topo exp/tri3/tree 
LOG (build-tree[5.3]:main():build-tree.cc:104) Number of separate statistics is 573
LOG (build-tree[5.3]:BuildTree():build-tree.cc:161) BuildTree: before building trees, map has 19 leaves.
LOG (build-tree[5.3]:SplitDecisionTree():build-tree-utils.cc:577) DoDecisionTreeSplit: split 142 times, #leaves now 161
LOG (build-tree[5.3]:BuildTree():build-tree.cc:187) Setting clustering threshold to smallest split 301.381
VLOG[1] (build-tree[5.3]:BuildTree():build-tree.cc:196) After decision tree split, num-leaves = 161, like-impr = 3.48592 per frame over 201866 frames.
VLOG[1] (build-tree[5.3]:BuildTree():build-tree.cc:200) Including just phones that were split, improvement is 3.48592 per frame over 201866 frames.
LOG (build-tree[5.3]:BuildTree():build-tree.cc:215) BuildTree: removed 5 leaves.
VLOG[1] (build-tree[5.3]:ClusterEventMapToNClustersRestrictedByMap():build-tree-utils.cc:916) Number of non-empty clusters in map = 19
VLOG[1] (build-tree[5.3]:ClusterEventMapToNClustersRestrictedByMap():build-tree-utils.cc:917) Number of non-empty clusters = 156
LOG (build-tree[5.3]:BuildTree():build-tree.cc:231) BuildTree: Rounded num leaves to multiple of 8 by removing 4 leaves.
VLOG[1] (build-tree[5.3]:BuildTree():build-tree.cc:256) Objf change due to clustering -0.0112253 per frame.
VLOG[1] (build-tree[5.3]:BuildTree():build-tree.cc:259) Normalizing over only split phones, this is: -0.0112253 per frame.
VLOG[1] (build-tree[5.3]:BuildTree():build-tree.cc:262) Num-leaves is now 152
VLOG[1] (build-tree[5.3]:main():build-tree.cc:143) For pdf-id 63, low count 72
VLOG[1] (build-tree[5.3]:main():build-tree.cc:143) For pdf-id 81, low count 79
VLOG[1] (build-tree[5.3]:main():build-tree.cc:143) For pdf-id 101, low count 84
VLOG[1] (build-tree[5.3]:main():build-tree.cc:143) For pdf-id 118, low count 94
VLOG[1] (build-tree[5.3]:main():build-tree.cc:143) For pdf-id 124, low count 55
VLOG[1] (build-tree[5.3]:main():build-tree.cc:143) For pdf-id 125, low count 96
VLOG[1] (build-tree[5.3]:main():build-tree.cc:143) For pdf-id 127, low count 75
VLOG[1] (build-tree[5.3]:main():build-tree.cc:143) For pdf-id 139, low count 57
VLOG[1] (build-tree[5.3]:main():build-tree.cc:143) For pdf-id 145, low count 81
WARNING (build-tree[5.3]:main():build-tree.cc:185) Saw no stats for following phones: 2 3 4 5 7 8 9 11 13 14 15 17 19 21 22 24 25 26 28 29 31 32 33 34 37 40 41 42 43 45 49 51 52 53 54 55 57 59 60 61 62 64 65 67 68 69 70 72 73 74 76 77 
LOG (build-tree[5.3]:main():build-tree.cc:189) Wrote tree
# Accounting: time=0 threads=1
# Ended (code 0) at Tue Dec 18 10:00:52 IST 2018, elapsed time 0 seconds
