# ali-to-post "ark:gunzip -c exp/tri3/ali.4.gz|" ark:- | weight-silence-post 0.0 1:2:3:4:5 exp/tri3/6.mdl ark:- ark:- | gmm-acc-mllt --rand-prune=4.0 exp/tri3/6.mdl "ark,s,cs:apply-cmvn  --utt2spk=ark:data/train/split4/4/utt2spk scp:data/train/split4/4/cmvn.scp scp:data/train/split4/4/feats.scp ark:- | splice-feats  ark:- ark:- | transform-feats exp/tri3/4.mat ark:- ark:- |" ark:- exp/tri3/6.4.macc 
# Started at Tue Dec 18 10:00:59 IST 2018
#
gmm-acc-mllt --rand-prune=4.0 exp/tri3/6.mdl 'ark,s,cs:apply-cmvn  --utt2spk=ark:data/train/split4/4/utt2spk scp:data/train/split4/4/cmvn.scp scp:data/train/split4/4/feats.scp ark:- | splice-feats  ark:- ark:- | transform-feats exp/tri3/4.mat ark:- ark:- |' ark:- exp/tri3/6.4.macc 
weight-silence-post 0.0 1:2:3:4:5 exp/tri3/6.mdl ark:- ark:- 
ali-to-post 'ark:gunzip -c exp/tri3/ali.4.gz|' ark:- 
splice-feats ark:- ark:- 
apply-cmvn --utt2spk=ark:data/train/split4/4/utt2spk scp:data/train/split4/4/cmvn.scp scp:data/train/split4/4/feats.scp ark:- 
transform-feats exp/tri3/4.mat ark:- ark:- 
LOG (gmm-acc-mllt[5.3]:main():gmm-acc-mllt.cc:108) Average like for this file is -49.5001 over 271 frames.
LOG (gmm-acc-mllt[5.3]:main():gmm-acc-mllt.cc:108) Average like for this file is -48.9872 over 244 frames.
LOG (gmm-acc-mllt[5.3]:main():gmm-acc-mllt.cc:108) Average like for this file is -45.0703 over 246 frames.
LOG (gmm-acc-mllt[5.3]:main():gmm-acc-mllt.cc:108) Average like for this file is -47.1613 over 267 frames.
LOG (gmm-acc-mllt[5.3]:main():gmm-acc-mllt.cc:108) Average like for this file is -45.0374 over 247 frames.
LOG (gmm-acc-mllt[5.3]:main():gmm-acc-mllt.cc:108) Average like for this file is -46.8231 over 246 frames.
LOG (gmm-acc-mllt[5.3]:main():gmm-acc-mllt.cc:108) Average like for this file is -48.3935 over 248 frames.
LOG (gmm-acc-mllt[5.3]:main():gmm-acc-mllt.cc:108) Average like for this file is -47.4321 over 269 frames.
LOG (gmm-acc-mllt[5.3]:main():gmm-acc-mllt.cc:108) Average like for this file is -49.7974 over 267 frames.
LOG (gmm-acc-mllt[5.3]:main():gmm-acc-mllt.cc:108) Average like for this file is -50.9609 over 239 frames.
LOG (gmm-acc-mllt[5.3]:main():gmm-acc-mllt.cc:114) Avg like per frame so far is -47.9268
LOG (gmm-acc-mllt[5.3]:main():gmm-acc-mllt.cc:108) Average like for this file is -50.3532 over 270 frames.
LOG (gmm-acc-mllt[5.3]:main():gmm-acc-mllt.cc:108) Average like for this file is -44.8847 over 249 frames.
LOG (gmm-acc-mllt[5.3]:main():gmm-acc-mllt.cc:108) Average like for this file is -44.8369 over 230 frames.
LOG (gmm-acc-mllt[5.3]:main():gmm-acc-mllt.cc:108) Average like for this file is -47.9117 over 261 frames.
LOG (gmm-acc-mllt[5.3]:main():gmm-acc-mllt.cc:108) Average like for this file is -45.8751 over 281 frames.
LOG (gmm-acc-mllt[5.3]:main():gmm-acc-mllt.cc:108) Average like for this file is -49.0663 over 232 frames.
LOG (gmm-acc-mllt[5.3]:main():gmm-acc-mllt.cc:108) Average like for this file is -45.8427 over 237 frames.
LOG (gmm-acc-mllt[5.3]:main():gmm-acc-mllt.cc:108) Average like for this file is -44.2481 over 266 frames.
LOG (gmm-acc-mllt[5.3]:main():gmm-acc-mllt.cc:108) Average like for this file is -46.9016 over 212 frames.
LOG (gmm-acc-mllt[5.3]:main():gmm-acc-mllt.cc:108) Average like for this file is -43.3644 over 236 frames.
LOG (gmm-acc-mllt[5.3]:main():gmm-acc-mllt.cc:114) Avg like per frame so far is -47.1505
LOG (gmm-acc-mllt[5.3]:main():gmm-acc-mllt.cc:108) Average like for this file is -48.6259 over 287 frames.
LOG (gmm-acc-mllt[5.3]:main():gmm-acc-mllt.cc:108) Average like for this file is -47.2736 over 251 frames.
LOG (gmm-acc-mllt[5.3]:main():gmm-acc-mllt.cc:108) Average like for this file is -50.2306 over 258 frames.
LOG (gmm-acc-mllt[5.3]:main():gmm-acc-mllt.cc:108) Average like for this file is -49.0545 over 279 frames.
LOG (gmm-acc-mllt[5.3]:main():gmm-acc-mllt.cc:108) Average like for this file is -46.8612 over 286 frames.
LOG (gmm-acc-mllt[5.3]:main():gmm-acc-mllt.cc:108) Average like for this file is -50.8778 over 288 frames.
LOG (gmm-acc-mllt[5.3]:main():gmm-acc-mllt.cc:108) Average like for this file is -50.0392 over 295 frames.
LOG (gmm-acc-mllt[5.3]:main():gmm-acc-mllt.cc:108) Average like for this file is -46.7335 over 241 frames.
LOG (gmm-acc-mllt[5.3]:main():gmm-acc-mllt.cc:108) Average like for this file is -45.8179 over 227 frames.
LOG (gmm-acc-mllt[5.3]:main():gmm-acc-mllt.cc:108) Average like for this file is -47.563 over 241 frames.
LOG (gmm-acc-mllt[5.3]:main():gmm-acc-mllt.cc:114) Avg like per frame so far is -47.5832
LOG (gmm-acc-mllt[5.3]:main():gmm-acc-mllt.cc:108) Average like for this file is -47.0086 over 239 frames.
LOG (gmm-acc-mllt[5.3]:main():gmm-acc-mllt.cc:108) Average like for this file is -46.3078 over 265 frames.
LOG (gmm-acc-mllt[5.3]:main():gmm-acc-mllt.cc:108) Average like for this file is -43.9167 over 251 frames.
LOG (gmm-acc-mllt[5.3]:main():gmm-acc-mllt.cc:108) Average like for this file is -43.4238 over 251 frames.
LOG (gmm-acc-mllt[5.3]:main():gmm-acc-mllt.cc:108) Average like for this file is -44.2939 over 226 frames.
LOG (gmm-acc-mllt[5.3]:main():gmm-acc-mllt.cc:108) Average like for this file is -46.5131 over 259 frames.
LOG (gmm-acc-mllt[5.3]:main():gmm-acc-mllt.cc:108) Average like for this file is -45.3534 over 254 frames.
LOG (gmm-acc-mllt[5.3]:main():gmm-acc-mllt.cc:108) Average like for this file is -61.9709 over 285 frames.
LOG (gmm-acc-mllt[5.3]:main():gmm-acc-mllt.cc:108) Average like for this file is -46.0931 over 259 frames.
LOG (gmm-acc-mllt[5.3]:main():gmm-acc-mllt.cc:108) Average like for this file is -44.8621 over 239 frames.
LOG (gmm-acc-mllt[5.3]:main():gmm-acc-mllt.cc:114) Avg like per frame so far is -47.4889
LOG (gmm-acc-mllt[5.3]:main():gmm-acc-mllt.cc:108) Average like for this file is -46.0597 over 274 frames.
LOG (gmm-acc-mllt[5.3]:main():gmm-acc-mllt.cc:108) Average like for this file is -44.0986 over 293 frames.
LOG (gmm-acc-mllt[5.3]:main():gmm-acc-mllt.cc:108) Average like for this file is -49.3193 over 277 frames.
LOG (gmm-acc-mllt[5.3]:main():gmm-acc-mllt.cc:108) Average like for this file is -45.5427 over 279 frames.
LOG (gmm-acc-mllt[5.3]:main():gmm-acc-mllt.cc:108) Average like for this file is -49.8433 over 263 frames.
LOG (gmm-acc-mllt[5.3]:main():gmm-acc-mllt.cc:108) Average like for this file is -45.9422 over 247 frames.
LOG (gmm-acc-mllt[5.3]:main():gmm-acc-mllt.cc:108) Average like for this file is -46.8791 over 279 frames.
LOG (gmm-acc-mllt[5.3]:main():gmm-acc-mllt.cc:108) Average like for this file is -47.1989 over 251 frames.
LOG (gmm-acc-mllt[5.3]:main():gmm-acc-mllt.cc:108) Average like for this file is -48.1492 over 237 frames.
LOG (gmm-acc-mllt[5.3]:main():gmm-acc-mllt.cc:108) Average like for this file is -44.3102 over 249 frames.
LOG (gmm-acc-mllt[5.3]:main():gmm-acc-mllt.cc:114) Avg like per frame so far is -47.3284
LOG (gmm-acc-mllt[5.3]:main():gmm-acc-mllt.cc:108) Average like for this file is -44.1021 over 230 frames.
LOG (gmm-acc-mllt[5.3]:main():gmm-acc-mllt.cc:108) Average like for this file is -50.0759 over 217 frames.
LOG (gmm-acc-mllt[5.3]:main():gmm-acc-mllt.cc:108) Average like for this file is -44.9177 over 261 frames.
LOG (gmm-acc-mllt[5.3]:main():gmm-acc-mllt.cc:108) Average like for this file is -48.242 over 239 frames.
LOG (gmm-acc-mllt[5.3]:main():gmm-acc-mllt.cc:108) Average like for this file is -42.445 over 270 frames.
LOG (gmm-acc-mllt[5.3]:main():gmm-acc-mllt.cc:108) Average like for this file is -46.3018 over 220 frames.
LOG (gmm-acc-mllt[5.3]:main():gmm-acc-mllt.cc:108) Average like for this file is -48.7804 over 275 frames.
LOG (gmm-acc-mllt[5.3]:main():gmm-acc-mllt.cc:108) Average like for this file is -48.2913 over 261 frames.
LOG (gmm-acc-mllt[5.3]:main():gmm-acc-mllt.cc:108) Average like for this file is -51.2687 over 319 frames.
LOG (gmm-acc-mllt[5.3]:main():gmm-acc-mllt.cc:108) Average like for this file is -52.7254 over 265 frames.
LOG (gmm-acc-mllt[5.3]:main():gmm-acc-mllt.cc:114) Avg like per frame so far is -47.4087
LOG (gmm-acc-mllt[5.3]:main():gmm-acc-mllt.cc:108) Average like for this file is -49.8159 over 277 frames.
LOG (gmm-acc-mllt[5.3]:main():gmm-acc-mllt.cc:108) Average like for this file is -51.227 over 245 frames.
LOG (gmm-acc-mllt[5.3]:main():gmm-acc-mllt.cc:108) Average like for this file is -46.5709 over 233 frames.
LOG (ali-to-post[5.3]:main():ali-to-post.cc:73) Converted 80 alignments.
LOG (gmm-acc-mllt[5.3]:main():gmm-acc-mllt.cc:108) Average like for this file is -53.6597 over 279 frames.
LOG (gmm-acc-mllt[5.3]:main():gmm-acc-mllt.cc:108) Average like for this file is -47.12 over 248 frames.
LOG (gmm-acc-mllt[5.3]:main():gmm-acc-mllt.cc:108) Average like for this file is -51.6883 over 231 frames.
LOG (gmm-acc-mllt[5.3]:main():gmm-acc-mllt.cc:108) Average like for this file is -43.5234 over 265 frames.
LOG (gmm-acc-mllt[5.3]:main():gmm-acc-mllt.cc:108) Average like for this file is -51.0974 over 326 frames.
LOG (gmm-acc-mllt[5.3]:main():gmm-acc-mllt.cc:108) Average like for this file is -52.7016 over 248 frames.
LOG (gmm-acc-mllt[5.3]:main():gmm-acc-mllt.cc:108) Average like for this file is -51.3863 over 268 frames.
LOG (gmm-acc-mllt[5.3]:main():gmm-acc-mllt.cc:114) Avg like per frame so far is -47.7759
LOG (gmm-acc-mllt[5.3]:main():gmm-acc-mllt.cc:108) Average like for this file is -50.3253 over 250 frames.
LOG (weight-silence-post[5.3]:main():weight-silence-post.cc:95) Done 80 posteriors.
LOG (gmm-acc-mllt[5.3]:main():gmm-acc-mllt.cc:108) Average like for this file is -50.3847 over 244 frames.
LOG (gmm-acc-mllt[5.3]:main():gmm-acc-mllt.cc:108) Average like for this file is -50.7279 over 259 frames.
LOG (gmm-acc-mllt[5.3]:main():gmm-acc-mllt.cc:108) Average like for this file is -48.4383 over 247 frames.
LOG (gmm-acc-mllt[5.3]:main():gmm-acc-mllt.cc:108) Average like for this file is -53.8336 over 278 frames.
LOG (apply-cmvn[5.3]:main():apply-cmvn.cc:162) Applied cepstral mean normalization to 80 utterances, errors on 0
LOG (gmm-acc-mllt[5.3]:main():gmm-acc-mllt.cc:108) Average like for this file is -51.9861 over 273 frames.
LOG (gmm-acc-mllt[5.3]:main():gmm-acc-mllt.cc:108) Average like for this file is -50.7302 over 286 frames.
LOG (gmm-acc-mllt[5.3]:main():gmm-acc-mllt.cc:108) Average like for this file is -53.572 over 282 frames.
LOG (gmm-acc-mllt[5.3]:main():gmm-acc-mllt.cc:108) Average like for this file is -48.7254 over 253 frames.
LOG (transform-feats[5.3]:main():transform-feats.cc:158) Overall average [pseudo-]logdet is -56.0991 over 50402 frames.
LOG (transform-feats[5.3]:main():transform-feats.cc:161) Applied transform to 80 utterances; 0 had errors.
LOG (gmm-acc-mllt[5.3]:main():gmm-acc-mllt.cc:108) Average like for this file is -48.9227 over 260 frames.
LOG (gmm-acc-mllt[5.3]:main():gmm-acc-mllt.cc:114) Avg like per frame so far is -48.1658
LOG (gmm-acc-mllt[5.3]:main():gmm-acc-mllt.cc:119) Done 80 files, 0 with no posteriors, 0 with other errors.
LOG (gmm-acc-mllt[5.3]:main():gmm-acc-mllt.cc:123) Overall avg like per frame (Gaussian only) = -48.1658 over 20657 frames.
LOG (gmm-acc-mllt[5.3]:main():gmm-acc-mllt.cc:127) Written accs.
# Accounting: time=1 threads=1
# Ended (code 0) at Tue Dec 18 10:01:00 IST 2018, elapsed time 1 seconds
