# ali-to-post "ark:gunzip -c exp/tri3/ali.4.gz|" ark:- | weight-silence-post 0.0 1:2:3:4:5 exp/tri3/12.mdl ark:- ark:- | gmm-acc-mllt --rand-prune=4.0 exp/tri3/12.mdl "ark,s,cs:apply-cmvn  --utt2spk=ark:data/train/split4/4/utt2spk scp:data/train/split4/4/cmvn.scp scp:data/train/split4/4/feats.scp ark:- | splice-feats  ark:- ark:- | transform-feats exp/tri3/6.mat ark:- ark:- |" ark:- exp/tri3/12.4.macc 
# Started at Tue Dec 18 10:01:25 IST 2018
#
weight-silence-post 0.0 1:2:3:4:5 exp/tri3/12.mdl ark:- ark:- 
gmm-acc-mllt --rand-prune=4.0 exp/tri3/12.mdl 'ark,s,cs:apply-cmvn  --utt2spk=ark:data/train/split4/4/utt2spk scp:data/train/split4/4/cmvn.scp scp:data/train/split4/4/feats.scp ark:- | splice-feats  ark:- ark:- | transform-feats exp/tri3/6.mat ark:- ark:- |' ark:- exp/tri3/12.4.macc 
ali-to-post 'ark:gunzip -c exp/tri3/ali.4.gz|' ark:- 
transform-feats exp/tri3/6.mat ark:- ark:- 
splice-feats ark:- ark:- 
apply-cmvn --utt2spk=ark:data/train/split4/4/utt2spk scp:data/train/split4/4/cmvn.scp scp:data/train/split4/4/feats.scp ark:- 
LOG (gmm-acc-mllt[5.3]:main():gmm-acc-mllt.cc:108) Average like for this file is -46.3222 over 277 frames.
LOG (gmm-acc-mllt[5.3]:main():gmm-acc-mllt.cc:108) Average like for this file is -46.1302 over 244 frames.
LOG (gmm-acc-mllt[5.3]:main():gmm-acc-mllt.cc:108) Average like for this file is -42.5953 over 249 frames.
LOG (gmm-acc-mllt[5.3]:main():gmm-acc-mllt.cc:108) Average like for this file is -43.7818 over 264 frames.
LOG (gmm-acc-mllt[5.3]:main():gmm-acc-mllt.cc:108) Average like for this file is -41.1384 over 248 frames.
LOG (gmm-acc-mllt[5.3]:main():gmm-acc-mllt.cc:108) Average like for this file is -42.8367 over 251 frames.
LOG (gmm-acc-mllt[5.3]:main():gmm-acc-mllt.cc:108) Average like for this file is -43.4677 over 249 frames.
LOG (gmm-acc-mllt[5.3]:main():gmm-acc-mllt.cc:108) Average like for this file is -43.7898 over 273 frames.
LOG (gmm-acc-mllt[5.3]:main():gmm-acc-mllt.cc:108) Average like for this file is -46.7198 over 270 frames.
LOG (gmm-acc-mllt[5.3]:main():gmm-acc-mllt.cc:108) Average like for this file is -47.75 over 240 frames.
LOG (gmm-acc-mllt[5.3]:main():gmm-acc-mllt.cc:114) Avg like per frame so far is -44.4672
LOG (gmm-acc-mllt[5.3]:main():gmm-acc-mllt.cc:108) Average like for this file is -46.6703 over 275 frames.
LOG (gmm-acc-mllt[5.3]:main():gmm-acc-mllt.cc:108) Average like for this file is -42.155 over 251 frames.
LOG (gmm-acc-mllt[5.3]:main():gmm-acc-mllt.cc:108) Average like for this file is -40.9336 over 233 frames.
LOG (gmm-acc-mllt[5.3]:main():gmm-acc-mllt.cc:108) Average like for this file is -43.0365 over 266 frames.
LOG (gmm-acc-mllt[5.3]:main():gmm-acc-mllt.cc:108) Average like for this file is -42.3477 over 284 frames.
LOG (gmm-acc-mllt[5.3]:main():gmm-acc-mllt.cc:108) Average like for this file is -44.2418 over 236 frames.
LOG (gmm-acc-mllt[5.3]:main():gmm-acc-mllt.cc:108) Average like for this file is -41.9817 over 246 frames.
LOG (gmm-acc-mllt[5.3]:main():gmm-acc-mllt.cc:108) Average like for this file is -40.7586 over 272 frames.
LOG (gmm-acc-mllt[5.3]:main():gmm-acc-mllt.cc:108) Average like for this file is -43.6256 over 215 frames.
LOG (gmm-acc-mllt[5.3]:main():gmm-acc-mllt.cc:108) Average like for this file is -39.4989 over 240 frames.
LOG (gmm-acc-mllt[5.3]:main():gmm-acc-mllt.cc:114) Avg like per frame so far is -43.5176
LOG (gmm-acc-mllt[5.3]:main():gmm-acc-mllt.cc:108) Average like for this file is -44.7308 over 289 frames.
LOG (gmm-acc-mllt[5.3]:main():gmm-acc-mllt.cc:108) Average like for this file is -43.021 over 253 frames.
LOG (gmm-acc-mllt[5.3]:main():gmm-acc-mllt.cc:108) Average like for this file is -45.6117 over 261 frames.
LOG (gmm-acc-mllt[5.3]:main():gmm-acc-mllt.cc:108) Average like for this file is -43.9349 over 285 frames.
LOG (gmm-acc-mllt[5.3]:main():gmm-acc-mllt.cc:108) Average like for this file is -41.9619 over 293 frames.
LOG (gmm-acc-mllt[5.3]:main():gmm-acc-mllt.cc:108) Average like for this file is -46.4826 over 289 frames.
LOG (gmm-acc-mllt[5.3]:main():gmm-acc-mllt.cc:108) Average like for this file is -45.1106 over 299 frames.
LOG (gmm-acc-mllt[5.3]:main():gmm-acc-mllt.cc:108) Average like for this file is -42.7057 over 249 frames.
LOG (gmm-acc-mllt[5.3]:main():gmm-acc-mllt.cc:108) Average like for this file is -42.15 over 232 frames.
LOG (gmm-acc-mllt[5.3]:main():gmm-acc-mllt.cc:108) Average like for this file is -42.8472 over 241 frames.
LOG (gmm-acc-mllt[5.3]:main():gmm-acc-mllt.cc:114) Avg like per frame so far is -43.6574
LOG (gmm-acc-mllt[5.3]:main():gmm-acc-mllt.cc:108) Average like for this file is -42.7875 over 242 frames.
LOG (gmm-acc-mllt[5.3]:main():gmm-acc-mllt.cc:108) Average like for this file is -42.0931 over 273 frames.
LOG (gmm-acc-mllt[5.3]:main():gmm-acc-mllt.cc:108) Average like for this file is -40.6517 over 253 frames.
LOG (gmm-acc-mllt[5.3]:main():gmm-acc-mllt.cc:108) Average like for this file is -39.9526 over 253 frames.
LOG (gmm-acc-mllt[5.3]:main():gmm-acc-mllt.cc:108) Average like for this file is -39.4332 over 227 frames.
LOG (gmm-acc-mllt[5.3]:main():gmm-acc-mllt.cc:108) Average like for this file is -43.3263 over 264 frames.
LOG (gmm-acc-mllt[5.3]:main():gmm-acc-mllt.cc:108) Average like for this file is -41.6292 over 263 frames.
LOG (gmm-acc-mllt[5.3]:main():gmm-acc-mllt.cc:108) Average like for this file is -55.9774 over 282 frames.
LOG (gmm-acc-mllt[5.3]:main():gmm-acc-mllt.cc:108) Average like for this file is -41.6454 over 259 frames.
LOG (gmm-acc-mllt[5.3]:main():gmm-acc-mllt.cc:108) Average like for this file is -40.6234 over 247 frames.
LOG (gmm-acc-mllt[5.3]:main():gmm-acc-mllt.cc:114) Avg like per frame so far is -43.4918
LOG (gmm-acc-mllt[5.3]:main():gmm-acc-mllt.cc:108) Average like for this file is -42.2485 over 277 frames.
LOG (gmm-acc-mllt[5.3]:main():gmm-acc-mllt.cc:108) Average like for this file is -40.262 over 299 frames.
LOG (gmm-acc-mllt[5.3]:main():gmm-acc-mllt.cc:108) Average like for this file is -45.0217 over 280 frames.
LOG (gmm-acc-mllt[5.3]:main():gmm-acc-mllt.cc:108) Average like for this file is -40.9975 over 281 frames.
LOG (gmm-acc-mllt[5.3]:main():gmm-acc-mllt.cc:108) Average like for this file is -44.673 over 268 frames.
LOG (gmm-acc-mllt[5.3]:main():gmm-acc-mllt.cc:108) Average like for this file is -41.2218 over 250 frames.
LOG (gmm-acc-mllt[5.3]:main():gmm-acc-mllt.cc:108) Average like for this file is -43.0074 over 281 frames.
LOG (gmm-acc-mllt[5.3]:main():gmm-acc-mllt.cc:108) Average like for this file is -42.1716 over 258 frames.
LOG (gmm-acc-mllt[5.3]:main():gmm-acc-mllt.cc:108) Average like for this file is -43.0733 over 242 frames.
LOG (gmm-acc-mllt[5.3]:main():gmm-acc-mllt.cc:108) Average like for this file is -40.2794 over 256 frames.
LOG (gmm-acc-mllt[5.3]:main():gmm-acc-mllt.cc:114) Avg like per frame so far is -43.2436
LOG (gmm-acc-mllt[5.3]:main():gmm-acc-mllt.cc:108) Average like for this file is -39.3216 over 237 frames.
LOG (gmm-acc-mllt[5.3]:main():gmm-acc-mllt.cc:108) Average like for this file is -44.0457 over 225 frames.
LOG (gmm-acc-mllt[5.3]:main():gmm-acc-mllt.cc:108) Average like for this file is -40.6893 over 265 frames.
LOG (gmm-acc-mllt[5.3]:main():gmm-acc-mllt.cc:108) Average like for this file is -44.0059 over 242 frames.
LOG (gmm-acc-mllt[5.3]:main():gmm-acc-mllt.cc:108) Average like for this file is -38.0076 over 273 frames.
LOG (gmm-acc-mllt[5.3]:main():gmm-acc-mllt.cc:108) Average like for this file is -42.8057 over 223 frames.
LOG (gmm-acc-mllt[5.3]:main():gmm-acc-mllt.cc:108) Average like for this file is -44.779 over 277 frames.
LOG (gmm-acc-mllt[5.3]:main():gmm-acc-mllt.cc:108) Average like for this file is -45.0541 over 264 frames.
LOG (gmm-acc-mllt[5.3]:main():gmm-acc-mllt.cc:108) Average like for this file is -46.8729 over 320 frames.
LOG (gmm-acc-mllt[5.3]:main():gmm-acc-mllt.cc:108) Average like for this file is -47.3418 over 266 frames.
LOG (gmm-acc-mllt[5.3]:main():gmm-acc-mllt.cc:114) Avg like per frame so far is -43.2683
LOG (gmm-acc-mllt[5.3]:main():gmm-acc-mllt.cc:108) Average like for this file is -45.9671 over 280 frames.
LOG (gmm-acc-mllt[5.3]:main():gmm-acc-mllt.cc:108) Average like for this file is -46.6805 over 248 frames.
LOG (gmm-acc-mllt[5.3]:main():gmm-acc-mllt.cc:108) Average like for this file is -41.3979 over 240 frames.
LOG (ali-to-post[5.3]:main():ali-to-post.cc:73) Converted 80 alignments.
LOG (gmm-acc-mllt[5.3]:main():gmm-acc-mllt.cc:108) Average like for this file is -47.988 over 285 frames.
LOG (gmm-acc-mllt[5.3]:main():gmm-acc-mllt.cc:108) Average like for this file is -42.9921 over 250 frames.
LOG (gmm-acc-mllt[5.3]:main():gmm-acc-mllt.cc:108) Average like for this file is -46.5308 over 234 frames.
LOG (gmm-acc-mllt[5.3]:main():gmm-acc-mllt.cc:108) Average like for this file is -38.8498 over 268 frames.
LOG (gmm-acc-mllt[5.3]:main():gmm-acc-mllt.cc:108) Average like for this file is -47.6938 over 326 frames.
LOG (gmm-acc-mllt[5.3]:main():gmm-acc-mllt.cc:108) Average like for this file is -48.3343 over 249 frames.
LOG (gmm-acc-mllt[5.3]:main():gmm-acc-mllt.cc:108) Average like for this file is -46.6415 over 268 frames.
LOG (gmm-acc-mllt[5.3]:main():gmm-acc-mllt.cc:114) Avg like per frame so far is -43.5758
LOG (gmm-acc-mllt[5.3]:main():gmm-acc-mllt.cc:108) Average like for this file is -45.4644 over 255 frames.
LOG (weight-silence-post[5.3]:main():weight-silence-post.cc:95) Done 80 posteriors.
LOG (gmm-acc-mllt[5.3]:main():gmm-acc-mllt.cc:108) Average like for this file is -45.861 over 247 frames.
LOG (gmm-acc-mllt[5.3]:main():gmm-acc-mllt.cc:108) Average like for this file is -45.405 over 264 frames.
LOG (gmm-acc-mllt[5.3]:main():gmm-acc-mllt.cc:108) Average like for this file is -45.1863 over 254 frames.
LOG (gmm-acc-mllt[5.3]:main():gmm-acc-mllt.cc:108) Average like for this file is -49.3719 over 278 frames.
LOG (apply-cmvn[5.3]:main():apply-cmvn.cc:162) Applied cepstral mean normalization to 80 utterances, errors on 0
LOG (gmm-acc-mllt[5.3]:main():gmm-acc-mllt.cc:108) Average like for this file is -46.2585 over 274 frames.
LOG (gmm-acc-mllt[5.3]:main():gmm-acc-mllt.cc:108) Average like for this file is -46.2426 over 286 frames.
LOG (gmm-acc-mllt[5.3]:main():gmm-acc-mllt.cc:108) Average like for this file is -48.9428 over 283 frames.
LOG (gmm-acc-mllt[5.3]:main():gmm-acc-mllt.cc:108) Average like for this file is -44.089 over 257 frames.
LOG (transform-feats[5.3]:main():transform-feats.cc:158) Overall average [pseudo-]logdet is -54.4637 over 50402 frames.
LOG (transform-feats[5.3]:main():transform-feats.cc:161) Applied transform to 80 utterances; 0 had errors.
LOG (gmm-acc-mllt[5.3]:main():gmm-acc-mllt.cc:108) Average like for this file is -44.2719 over 264 frames.
LOG (gmm-acc-mllt[5.3]:main():gmm-acc-mllt.cc:114) Avg like per frame so far is -43.9046
LOG (gmm-acc-mllt[5.3]:main():gmm-acc-mllt.cc:119) Done 80 files, 0 with no posteriors, 0 with other errors.
LOG (gmm-acc-mllt[5.3]:main():gmm-acc-mllt.cc:123) Overall avg like per frame (Gaussian only) = -43.9046 over 20931 frames.
LOG (gmm-acc-mllt[5.3]:main():gmm-acc-mllt.cc:127) Written accs.
# Accounting: time=1 threads=1
# Ended (code 0) at Tue Dec 18 10:01:26 IST 2018, elapsed time 1 seconds
