# ali-to-post "ark:gunzip -c exp/tri3/ali.2.gz|" ark:- | weight-silence-post 0.0 1:2:3:4:5 exp/tri3/2.mdl ark:- ark:- | gmm-acc-mllt --rand-prune=4.0 exp/tri3/2.mdl "ark,s,cs:apply-cmvn  --utt2spk=ark:data/train/split4/2/utt2spk scp:data/train/split4/2/cmvn.scp scp:data/train/split4/2/feats.scp ark:- | splice-feats  ark:- ark:- | transform-feats exp/tri3/0.mat ark:- ark:- |" ark:- exp/tri3/2.2.macc 
# Started at Tue Dec 18 10:00:53 IST 2018
#
ali-to-post 'ark:gunzip -c exp/tri3/ali.2.gz|' ark:- 
weight-silence-post 0.0 1:2:3:4:5 exp/tri3/2.mdl ark:- ark:- 
gmm-acc-mllt --rand-prune=4.0 exp/tri3/2.mdl 'ark,s,cs:apply-cmvn  --utt2spk=ark:data/train/split4/2/utt2spk scp:data/train/split4/2/cmvn.scp scp:data/train/split4/2/feats.scp ark:- | splice-feats  ark:- ark:- | transform-feats exp/tri3/0.mat ark:- ark:- |' ark:- exp/tri3/2.2.macc 
transform-feats exp/tri3/0.mat ark:- ark:- 
splice-feats ark:- ark:- 
apply-cmvn --utt2spk=ark:data/train/split4/2/utt2spk scp:data/train/split4/2/cmvn.scp scp:data/train/split4/2/feats.scp ark:- 
LOG (gmm-acc-mllt[5.3]:main():gmm-acc-mllt.cc:108) Average like for this file is -56.676 over 313 frames.
LOG (gmm-acc-mllt[5.3]:main():gmm-acc-mllt.cc:108) Average like for this file is -53.7444 over 272 frames.
LOG (gmm-acc-mllt[5.3]:main():gmm-acc-mllt.cc:108) Average like for this file is -55.6157 over 303 frames.
LOG (gmm-acc-mllt[5.3]:main():gmm-acc-mllt.cc:108) Average like for this file is -55.1086 over 303 frames.
LOG (gmm-acc-mllt[5.3]:main():gmm-acc-mllt.cc:108) Average like for this file is -52.9354 over 297 frames.
LOG (gmm-acc-mllt[5.3]:main():gmm-acc-mllt.cc:108) Average like for this file is -60.05 over 293 frames.
LOG (gmm-acc-mllt[5.3]:main():gmm-acc-mllt.cc:108) Average like for this file is -54.1098 over 314 frames.
LOG (gmm-acc-mllt[5.3]:main():gmm-acc-mllt.cc:108) Average like for this file is -53.648 over 311 frames.
LOG (gmm-acc-mllt[5.3]:main():gmm-acc-mllt.cc:108) Average like for this file is -55.6035 over 316 frames.
LOG (gmm-acc-mllt[5.3]:main():gmm-acc-mllt.cc:108) Average like for this file is -56.1722 over 298 frames.
LOG (gmm-acc-mllt[5.3]:main():gmm-acc-mllt.cc:114) Avg like per frame so far is -55.3672
LOG (gmm-acc-mllt[5.3]:main():gmm-acc-mllt.cc:108) Average like for this file is -57.6408 over 292 frames.
LOG (gmm-acc-mllt[5.3]:main():gmm-acc-mllt.cc:108) Average like for this file is -53.9911 over 274 frames.
LOG (gmm-acc-mllt[5.3]:main():gmm-acc-mllt.cc:108) Average like for this file is -55.696 over 273 frames.
LOG (gmm-acc-mllt[5.3]:main():gmm-acc-mllt.cc:108) Average like for this file is -54.8478 over 323 frames.
LOG (gmm-acc-mllt[5.3]:main():gmm-acc-mllt.cc:108) Average like for this file is -54.1845 over 313 frames.
LOG (gmm-acc-mllt[5.3]:main():gmm-acc-mllt.cc:108) Average like for this file is -54.9267 over 289 frames.
LOG (gmm-acc-mllt[5.3]:main():gmm-acc-mllt.cc:108) Average like for this file is -55.5513 over 285 frames.
LOG (gmm-acc-mllt[5.3]:main():gmm-acc-mllt.cc:108) Average like for this file is -53.9128 over 281 frames.
LOG (gmm-acc-mllt[5.3]:main():gmm-acc-mllt.cc:108) Average like for this file is -53.4579 over 303 frames.
LOG (gmm-acc-mllt[5.3]:main():gmm-acc-mllt.cc:108) Average like for this file is -53.5063 over 281 frames.
LOG (gmm-acc-mllt[5.3]:main():gmm-acc-mllt.cc:114) Avg like per frame so far is -55.0729
LOG (gmm-acc-mllt[5.3]:main():gmm-acc-mllt.cc:108) Average like for this file is -57.3139 over 301 frames.
LOG (gmm-acc-mllt[5.3]:main():gmm-acc-mllt.cc:108) Average like for this file is -56.0611 over 313 frames.
LOG (gmm-acc-mllt[5.3]:main():gmm-acc-mllt.cc:108) Average like for this file is -56.4008 over 326 frames.
LOG (gmm-acc-mllt[5.3]:main():gmm-acc-mllt.cc:108) Average like for this file is -57.1785 over 337 frames.
LOG (gmm-acc-mllt[5.3]:main():gmm-acc-mllt.cc:108) Average like for this file is -57.9977 over 332 frames.
LOG (gmm-acc-mllt[5.3]:main():gmm-acc-mllt.cc:108) Average like for this file is -57.2396 over 359 frames.
LOG (gmm-acc-mllt[5.3]:main():gmm-acc-mllt.cc:108) Average like for this file is -59.9245 over 367 frames.
LOG (gmm-acc-mllt[5.3]:main():gmm-acc-mllt.cc:108) Average like for this file is -56.2997 over 296 frames.
LOG (gmm-acc-mllt[5.3]:main():gmm-acc-mllt.cc:108) Average like for this file is -57.0941 over 287 frames.
LOG (gmm-acc-mllt[5.3]:main():gmm-acc-mllt.cc:108) Average like for this file is -53.55 over 297 frames.
LOG (gmm-acc-mllt[5.3]:main():gmm-acc-mllt.cc:114) Avg like per frame so far is -55.7447
LOG (gmm-acc-mllt[5.3]:main():gmm-acc-mllt.cc:108) Average like for this file is -56.7909 over 287 frames.
LOG (gmm-acc-mllt[5.3]:main():gmm-acc-mllt.cc:108) Average like for this file is -57.794 over 273 frames.
LOG (gmm-acc-mllt[5.3]:main():gmm-acc-mllt.cc:108) Average like for this file is -52.2163 over 278 frames.
LOG (gmm-acc-mllt[5.3]:main():gmm-acc-mllt.cc:108) Average like for this file is -53.4367 over 291 frames.
LOG (gmm-acc-mllt[5.3]:main():gmm-acc-mllt.cc:108) Average like for this file is -55.8775 over 248 frames.
LOG (gmm-acc-mllt[5.3]:main():gmm-acc-mllt.cc:108) Average like for this file is -52.663 over 301 frames.
LOG (gmm-acc-mllt[5.3]:main():gmm-acc-mllt.cc:108) Average like for this file is -55.4734 over 324 frames.
LOG (gmm-acc-mllt[5.3]:main():gmm-acc-mllt.cc:108) Average like for this file is -53.7827 over 306 frames.
LOG (gmm-acc-mllt[5.3]:main():gmm-acc-mllt.cc:108) Average like for this file is -55.5571 over 313 frames.
LOG (gmm-acc-mllt[5.3]:main():gmm-acc-mllt.cc:108) Average like for this file is -56.045 over 293 frames.
LOG (gmm-acc-mllt[5.3]:main():gmm-acc-mllt.cc:114) Avg like per frame so far is -55.5502
LOG (gmm-acc-mllt[5.3]:main():gmm-acc-mllt.cc:108) Average like for this file is -54.7928 over 341 frames.
LOG (gmm-acc-mllt[5.3]:main():gmm-acc-mllt.cc:108) Average like for this file is -54.868 over 292 frames.
LOG (gmm-acc-mllt[5.3]:main():gmm-acc-mllt.cc:108) Average like for this file is -54.6935 over 316 frames.
LOG (gmm-acc-mllt[5.3]:main():gmm-acc-mllt.cc:108) Average like for this file is -57.9162 over 342 frames.
LOG (gmm-acc-mllt[5.3]:main():gmm-acc-mllt.cc:108) Average like for this file is -57.6698 over 306 frames.
LOG (gmm-acc-mllt[5.3]:main():gmm-acc-mllt.cc:108) Average like for this file is -55.723 over 275 frames.
LOG (gmm-acc-mllt[5.3]:main():gmm-acc-mllt.cc:108) Average like for this file is -56.5421 over 294 frames.
LOG (gmm-acc-mllt[5.3]:main():gmm-acc-mllt.cc:108) Average like for this file is -58.3506 over 309 frames.
LOG (gmm-acc-mllt[5.3]:main():gmm-acc-mllt.cc:108) Average like for this file is -54.987 over 271 frames.
LOG (gmm-acc-mllt[5.3]:main():gmm-acc-mllt.cc:108) Average like for this file is -53.9275 over 294 frames.
LOG (gmm-acc-mllt[5.3]:main():gmm-acc-mllt.cc:114) Avg like per frame so far is -55.6366
LOG (gmm-acc-mllt[5.3]:main():gmm-acc-mllt.cc:108) Average like for this file is -55.3199 over 283 frames.
LOG (gmm-acc-mllt[5.3]:main():gmm-acc-mllt.cc:108) Average like for this file is -55.948 over 279 frames.
LOG (gmm-acc-mllt[5.3]:main():gmm-acc-mllt.cc:108) Average like for this file is -50.9923 over 289 frames.
LOG (gmm-acc-mllt[5.3]:main():gmm-acc-mllt.cc:108) Average like for this file is -54.725 over 276 frames.
LOG (gmm-acc-mllt[5.3]:main():gmm-acc-mllt.cc:108) Average like for this file is -52.7823 over 285 frames.
LOG (gmm-acc-mllt[5.3]:main():gmm-acc-mllt.cc:108) Average like for this file is -53.6662 over 254 frames.
LOG (gmm-acc-mllt[5.3]:main():gmm-acc-mllt.cc:108) Average like for this file is -48.3415 over 259 frames.
LOG (gmm-acc-mllt[5.3]:main():gmm-acc-mllt.cc:108) Average like for this file is -51.2262 over 285 frames.
LOG (gmm-acc-mllt[5.3]:main():gmm-acc-mllt.cc:108) Average like for this file is -56.62 over 316 frames.
LOG (gmm-acc-mllt[5.3]:main():gmm-acc-mllt.cc:108) Average like for this file is -53.1799 over 297 frames.
LOG (gmm-acc-mllt[5.3]:main():gmm-acc-mllt.cc:114) Avg like per frame so far is -55.2753
LOG (gmm-acc-mllt[5.3]:main():gmm-acc-mllt.cc:108) Average like for this file is -51.6531 over 301 frames.
LOG (gmm-acc-mllt[5.3]:main():gmm-acc-mllt.cc:108) Average like for this file is -52.2817 over 279 frames.
LOG (gmm-acc-mllt[5.3]:main():gmm-acc-mllt.cc:108) Average like for this file is -53.6323 over 293 frames.
LOG (ali-to-post[5.3]:main():ali-to-post.cc:73) Converted 80 alignments.
LOG (gmm-acc-mllt[5.3]:main():gmm-acc-mllt.cc:108) Average like for this file is -52.9806 over 324 frames.
LOG (gmm-acc-mllt[5.3]:main():gmm-acc-mllt.cc:108) Average like for this file is -48.8658 over 279 frames.
LOG (gmm-acc-mllt[5.3]:main():gmm-acc-mllt.cc:108) Average like for this file is -53.9653 over 297 frames.
LOG (gmm-acc-mllt[5.3]:main():gmm-acc-mllt.cc:108) Average like for this file is -48.5485 over 265 frames.
LOG (gmm-acc-mllt[5.3]:main():gmm-acc-mllt.cc:108) Average like for this file is -54.306 over 330 frames.
LOG (gmm-acc-mllt[5.3]:main():gmm-acc-mllt.cc:108) Average like for this file is -58.0846 over 274 frames.
LOG (gmm-acc-mllt[5.3]:main():gmm-acc-mllt.cc:108) Average like for this file is -52.5321 over 283 frames.
LOG (gmm-acc-mllt[5.3]:main():gmm-acc-mllt.cc:114) Avg like per frame so far is -54.9187
LOG (gmm-acc-mllt[5.3]:main():gmm-acc-mllt.cc:108) Average like for this file is -55.1208 over 274 frames.
LOG (weight-silence-post[5.3]:main():weight-silence-post.cc:95) Done 80 posteriors.
LOG (gmm-acc-mllt[5.3]:main():gmm-acc-mllt.cc:108) Average like for this file is -52.1197 over 262 frames.
LOG (gmm-acc-mllt[5.3]:main():gmm-acc-mllt.cc:108) Average like for this file is -54.7387 over 281 frames.
LOG (gmm-acc-mllt[5.3]:main():gmm-acc-mllt.cc:108) Average like for this file is -55.2834 over 278 frames.
LOG (gmm-acc-mllt[5.3]:main():gmm-acc-mllt.cc:108) Average like for this file is -52.7127 over 290 frames.
LOG (apply-cmvn[5.3]:main():apply-cmvn.cc:162) Applied cepstral mean normalization to 80 utterances, errors on 0
LOG (gmm-acc-mllt[5.3]:main():gmm-acc-mllt.cc:108) Average like for this file is -53.5446 over 264 frames.
LOG (gmm-acc-mllt[5.3]:main():gmm-acc-mllt.cc:108) Average like for this file is -53.7493 over 299 frames.
LOG (gmm-acc-mllt[5.3]:main():gmm-acc-mllt.cc:108) Average like for this file is -53.9621 over 307 frames.
LOG (gmm-acc-mllt[5.3]:main():gmm-acc-mllt.cc:108) Average like for this file is -50.7702 over 251 frames.
LOG (transform-feats[5.3]:main():transform-feats.cc:158) Overall average [pseudo-]logdet is -59.545 over 50389 frames.
LOG (transform-feats[5.3]:main():transform-feats.cc:161) Applied transform to 80 utterances; 0 had errors.
LOG (gmm-acc-mllt[5.3]:main():gmm-acc-mllt.cc:108) Average like for this file is -50.5511 over 292 frames.
LOG (gmm-acc-mllt[5.3]:main():gmm-acc-mllt.cc:114) Avg like per frame so far is -54.7246
LOG (gmm-acc-mllt[5.3]:main():gmm-acc-mllt.cc:119) Done 80 files, 0 with no posteriors, 0 with other errors.
LOG (gmm-acc-mllt[5.3]:main():gmm-acc-mllt.cc:123) Overall avg like per frame (Gaussian only) = -54.7246 over 23649 frames.
LOG (gmm-acc-mllt[5.3]:main():gmm-acc-mllt.cc:127) Written accs.
# Accounting: time=1 threads=1
# Ended (code 0) at Tue Dec 18 10:00:54 IST 2018, elapsed time 1 seconds
