# ali-to-post "ark:gunzip -c exp/tri3/ali.2.gz|" ark:- | weight-silence-post 0.0 1:2:3:4:5 exp/tri3/12.mdl ark:- ark:- | gmm-acc-mllt --rand-prune=4.0 exp/tri3/12.mdl "ark,s,cs:apply-cmvn  --utt2spk=ark:data/train/split4/2/utt2spk scp:data/train/split4/2/cmvn.scp scp:data/train/split4/2/feats.scp ark:- | splice-feats  ark:- ark:- | transform-feats exp/tri3/6.mat ark:- ark:- |" ark:- exp/tri3/12.2.macc 
# Started at Tue Dec 18 10:01:25 IST 2018
#
ali-to-post 'ark:gunzip -c exp/tri3/ali.2.gz|' ark:- 
weight-silence-post 0.0 1:2:3:4:5 exp/tri3/12.mdl ark:- ark:- 
gmm-acc-mllt --rand-prune=4.0 exp/tri3/12.mdl 'ark,s,cs:apply-cmvn  --utt2spk=ark:data/train/split4/2/utt2spk scp:data/train/split4/2/cmvn.scp scp:data/train/split4/2/feats.scp ark:- | splice-feats  ark:- ark:- | transform-feats exp/tri3/6.mat ark:- ark:- |' ark:- exp/tri3/12.2.macc 
splice-feats ark:- ark:- 
apply-cmvn --utt2spk=ark:data/train/split4/2/utt2spk scp:data/train/split4/2/cmvn.scp scp:data/train/split4/2/feats.scp ark:- 
transform-feats exp/tri3/6.mat ark:- ark:- 
LOG (gmm-acc-mllt[5.3]:main():gmm-acc-mllt.cc:108) Average like for this file is -45.1454 over 318 frames.
LOG (gmm-acc-mllt[5.3]:main():gmm-acc-mllt.cc:108) Average like for this file is -42.0589 over 273 frames.
LOG (gmm-acc-mllt[5.3]:main():gmm-acc-mllt.cc:108) Average like for this file is -42.7019 over 306 frames.
LOG (gmm-acc-mllt[5.3]:main():gmm-acc-mllt.cc:108) Average like for this file is -41.5309 over 305 frames.
LOG (gmm-acc-mllt[5.3]:main():gmm-acc-mllt.cc:108) Average like for this file is -41.3506 over 300 frames.
LOG (gmm-acc-mllt[5.3]:main():gmm-acc-mllt.cc:108) Average like for this file is -47.1675 over 295 frames.
LOG (gmm-acc-mllt[5.3]:main():gmm-acc-mllt.cc:108) Average like for this file is -41.642 over 317 frames.
LOG (gmm-acc-mllt[5.3]:main():gmm-acc-mllt.cc:108) Average like for this file is -40.9451 over 314 frames.
LOG (gmm-acc-mllt[5.3]:main():gmm-acc-mllt.cc:108) Average like for this file is -42.0038 over 319 frames.
LOG (gmm-acc-mllt[5.3]:main():gmm-acc-mllt.cc:108) Average like for this file is -43.4568 over 299 frames.
LOG (gmm-acc-mllt[5.3]:main():gmm-acc-mllt.cc:114) Avg like per frame so far is -42.7911
LOG (gmm-acc-mllt[5.3]:main():gmm-acc-mllt.cc:108) Average like for this file is -46.4797 over 291 frames.
LOG (gmm-acc-mllt[5.3]:main():gmm-acc-mllt.cc:108) Average like for this file is -41.141 over 272 frames.
LOG (gmm-acc-mllt[5.3]:main():gmm-acc-mllt.cc:108) Average like for this file is -42.49 over 278 frames.
LOG (gmm-acc-mllt[5.3]:main():gmm-acc-mllt.cc:108) Average like for this file is -41.7639 over 326 frames.
LOG (gmm-acc-mllt[5.3]:main():gmm-acc-mllt.cc:108) Average like for this file is -39.774 over 315 frames.
LOG (gmm-acc-mllt[5.3]:main():gmm-acc-mllt.cc:108) Average like for this file is -40.3061 over 293 frames.
LOG (gmm-acc-mllt[5.3]:main():gmm-acc-mllt.cc:108) Average like for this file is -41.8332 over 289 frames.
LOG (gmm-acc-mllt[5.3]:main():gmm-acc-mllt.cc:108) Average like for this file is -40.6949 over 284 frames.
LOG (gmm-acc-mllt[5.3]:main():gmm-acc-mllt.cc:108) Average like for this file is -39.8382 over 304 frames.
LOG (gmm-acc-mllt[5.3]:main():gmm-acc-mllt.cc:108) Average like for this file is -39.2013 over 285 frames.
LOG (gmm-acc-mllt[5.3]:main():gmm-acc-mllt.cc:114) Avg like per frame so far is -42.0782
LOG (gmm-acc-mllt[5.3]:main():gmm-acc-mllt.cc:108) Average like for this file is -42.5718 over 304 frames.
LOG (gmm-acc-mllt[5.3]:main():gmm-acc-mllt.cc:108) Average like for this file is -42.6863 over 316 frames.
LOG (gmm-acc-mllt[5.3]:main():gmm-acc-mllt.cc:108) Average like for this file is -42.4233 over 328 frames.
LOG (gmm-acc-mllt[5.3]:main():gmm-acc-mllt.cc:108) Average like for this file is -44.5931 over 338 frames.
LOG (gmm-acc-mllt[5.3]:main():gmm-acc-mllt.cc:108) Average like for this file is -45.0926 over 333 frames.
LOG (gmm-acc-mllt[5.3]:main():gmm-acc-mllt.cc:108) Average like for this file is -43.0066 over 361 frames.
LOG (gmm-acc-mllt[5.3]:main():gmm-acc-mllt.cc:108) Average like for this file is -47.6037 over 369 frames.
LOG (gmm-acc-mllt[5.3]:main():gmm-acc-mllt.cc:108) Average like for this file is -43.2393 over 298 frames.
LOG (gmm-acc-mllt[5.3]:main():gmm-acc-mllt.cc:108) Average like for this file is -43.3056 over 289 frames.
LOG (gmm-acc-mllt[5.3]:main():gmm-acc-mllt.cc:108) Average like for this file is -41.6305 over 303 frames.
LOG (gmm-acc-mllt[5.3]:main():gmm-acc-mllt.cc:114) Avg like per frame so far is -42.6473
LOG (gmm-acc-mllt[5.3]:main():gmm-acc-mllt.cc:108) Average like for this file is -43.9643 over 289 frames.
LOG (gmm-acc-mllt[5.3]:main():gmm-acc-mllt.cc:108) Average like for this file is -44.3304 over 277 frames.
LOG (gmm-acc-mllt[5.3]:main():gmm-acc-mllt.cc:108) Average like for this file is -39.1123 over 283 frames.
LOG (gmm-acc-mllt[5.3]:main():gmm-acc-mllt.cc:108) Average like for this file is -39.5562 over 295 frames.
LOG (gmm-acc-mllt[5.3]:main():gmm-acc-mllt.cc:108) Average like for this file is -44.034 over 250 frames.
LOG (gmm-acc-mllt[5.3]:main():gmm-acc-mllt.cc:108) Average like for this file is -39.1296 over 306 frames.
LOG (gmm-acc-mllt[5.3]:main():gmm-acc-mllt.cc:108) Average like for this file is -42.6823 over 328 frames.
LOG (gmm-acc-mllt[5.3]:main():gmm-acc-mllt.cc:108) Average like for this file is -39.4327 over 308 frames.
LOG (gmm-acc-mllt[5.3]:main():gmm-acc-mllt.cc:108) Average like for this file is -41.9791 over 316 frames.
LOG (gmm-acc-mllt[5.3]:main():gmm-acc-mllt.cc:108) Average like for this file is -40.536 over 298 frames.
LOG (gmm-acc-mllt[5.3]:main():gmm-acc-mllt.cc:114) Avg like per frame so far is -42.3504
LOG (gmm-acc-mllt[5.3]:main():gmm-acc-mllt.cc:108) Average like for this file is -41.7438 over 346 frames.
LOG (gmm-acc-mllt[5.3]:main():gmm-acc-mllt.cc:108) Average like for this file is -41.3082 over 299 frames.
LOG (gmm-acc-mllt[5.3]:main():gmm-acc-mllt.cc:108) Average like for this file is -40.3722 over 316 frames.
LOG (gmm-acc-mllt[5.3]:main():gmm-acc-mllt.cc:108) Average like for this file is -46.629 over 347 frames.
LOG (gmm-acc-mllt[5.3]:main():gmm-acc-mllt.cc:108) Average like for this file is -44.5246 over 312 frames.
LOG (gmm-acc-mllt[5.3]:main():gmm-acc-mllt.cc:108) Average like for this file is -41.4481 over 278 frames.
LOG (gmm-acc-mllt[5.3]:main():gmm-acc-mllt.cc:108) Average like for this file is -42.6772 over 295 frames.
LOG (gmm-acc-mllt[5.3]:main():gmm-acc-mllt.cc:108) Average like for this file is -44.3015 over 313 frames.
LOG (gmm-acc-mllt[5.3]:main():gmm-acc-mllt.cc:108) Average like for this file is -38.9486 over 275 frames.
LOG (gmm-acc-mllt[5.3]:main():gmm-acc-mllt.cc:108) Average like for this file is -40.583 over 295 frames.
LOG (gmm-acc-mllt[5.3]:main():gmm-acc-mllt.cc:114) Avg like per frame so far is -42.3514
LOG (gmm-acc-mllt[5.3]:main():gmm-acc-mllt.cc:108) Average like for this file is -41.7541 over 284 frames.
LOG (gmm-acc-mllt[5.3]:main():gmm-acc-mllt.cc:108) Average like for this file is -42.0306 over 284 frames.
LOG (gmm-acc-mllt[5.3]:main():gmm-acc-mllt.cc:108) Average like for this file is -35.8568 over 294 frames.
LOG (gmm-acc-mllt[5.3]:main():gmm-acc-mllt.cc:108) Average like for this file is -39.2645 over 279 frames.
LOG (gmm-acc-mllt[5.3]:main():gmm-acc-mllt.cc:108) Average like for this file is -37.1499 over 288 frames.
LOG (gmm-acc-mllt[5.3]:main():gmm-acc-mllt.cc:108) Average like for this file is -37.9394 over 254 frames.
LOG (gmm-acc-mllt[5.3]:main():gmm-acc-mllt.cc:108) Average like for this file is -34.9471 over 259 frames.
LOG (gmm-acc-mllt[5.3]:main():gmm-acc-mllt.cc:108) Average like for this file is -38.413 over 289 frames.
LOG (gmm-acc-mllt[5.3]:main():gmm-acc-mllt.cc:108) Average like for this file is -41.9128 over 321 frames.
LOG (gmm-acc-mllt[5.3]:main():gmm-acc-mllt.cc:108) Average like for this file is -39.2846 over 300 frames.
LOG (gmm-acc-mllt[5.3]:main():gmm-acc-mllt.cc:114) Avg like per frame so far is -41.8118
LOG (gmm-acc-mllt[5.3]:main():gmm-acc-mllt.cc:108) Average like for this file is -38.5738 over 301 frames.
LOG (gmm-acc-mllt[5.3]:main():gmm-acc-mllt.cc:108) Average like for this file is -37.3665 over 279 frames.
LOG (gmm-acc-mllt[5.3]:main():gmm-acc-mllt.cc:108) Average like for this file is -39.2846 over 298 frames.
LOG (ali-to-post[5.3]:main():ali-to-post.cc:73) Converted 80 alignments.
LOG (gmm-acc-mllt[5.3]:main():gmm-acc-mllt.cc:108) Average like for this file is -38.4171 over 327 frames.
LOG (gmm-acc-mllt[5.3]:main():gmm-acc-mllt.cc:108) Average like for this file is -36.2984 over 282 frames.
LOG (gmm-acc-mllt[5.3]:main():gmm-acc-mllt.cc:108) Average like for this file is -38.6992 over 288 frames.
LOG (gmm-acc-mllt[5.3]:main():gmm-acc-mllt.cc:108) Average like for this file is -33.6092 over 267 frames.
LOG (gmm-acc-mllt[5.3]:main():gmm-acc-mllt.cc:108) Average like for this file is -40.7991 over 330 frames.
LOG (gmm-acc-mllt[5.3]:main():gmm-acc-mllt.cc:108) Average like for this file is -43.9008 over 280 frames.
LOG (gmm-acc-mllt[5.3]:main():gmm-acc-mllt.cc:108) Average like for this file is -37.5549 over 289 frames.
LOG (gmm-acc-mllt[5.3]:main():gmm-acc-mllt.cc:114) Avg like per frame so far is -41.3509
LOG (gmm-acc-mllt[5.3]:main():gmm-acc-mllt.cc:108) Average like for this file is -42.538 over 275 frames.
LOG (weight-silence-post[5.3]:main():weight-silence-post.cc:95) Done 80 posteriors.
LOG (gmm-acc-mllt[5.3]:main():gmm-acc-mllt.cc:108) Average like for this file is -38.0965 over 263 frames.
LOG (gmm-acc-mllt[5.3]:main():gmm-acc-mllt.cc:108) Average like for this file is -42.5059 over 284 frames.
LOG (gmm-acc-mllt[5.3]:main():gmm-acc-mllt.cc:108) Average like for this file is -42.0143 over 281 frames.
LOG (gmm-acc-mllt[5.3]:main():gmm-acc-mllt.cc:108) Average like for this file is -40.2054 over 296 frames.
LOG (apply-cmvn[5.3]:main():apply-cmvn.cc:162) Applied cepstral mean normalization to 80 utterances, errors on 0
LOG (gmm-acc-mllt[5.3]:main():gmm-acc-mllt.cc:108) Average like for this file is -39.2572 over 269 frames.
LOG (gmm-acc-mllt[5.3]:main():gmm-acc-mllt.cc:108) Average like for this file is -41.0208 over 300 frames.
LOG (gmm-acc-mllt[5.3]:main():gmm-acc-mllt.cc:108) Average like for this file is -40.7324 over 308 frames.
LOG (gmm-acc-mllt[5.3]:main():gmm-acc-mllt.cc:108) Average like for this file is -37.35 over 255 frames.
LOG (transform-feats[5.3]:main():transform-feats.cc:158) Overall average [pseudo-]logdet is -54.4637 over 50389 frames.
LOG (transform-feats[5.3]:main():transform-feats.cc:161) Applied transform to 80 utterances; 0 had errors.
LOG (gmm-acc-mllt[5.3]:main():gmm-acc-mllt.cc:108) Average like for this file is -37.1127 over 295 frames.
LOG (gmm-acc-mllt[5.3]:main():gmm-acc-mllt.cc:114) Avg like per frame so far is -41.2052
LOG (gmm-acc-mllt[5.3]:main():gmm-acc-mllt.cc:119) Done 80 files, 0 with no posteriors, 0 with other errors.
LOG (gmm-acc-mllt[5.3]:main():gmm-acc-mllt.cc:123) Overall avg like per frame (Gaussian only) = -41.2052 over 23867 frames.
LOG (gmm-acc-mllt[5.3]:main():gmm-acc-mllt.cc:127) Written accs.
# Accounting: time=1 threads=1
# Ended (code 0) at Tue Dec 18 10:01:26 IST 2018, elapsed time 1 seconds
