# gmm-est --write-occs=exp/tri3/13.occs --mix-up=8160 --power=0.25 exp/tri3/12.mdl "gmm-sum-accs - exp/tri3/12.*.acc |" exp/tri3/13.mdl 
# Started at Tue Dec 18 10:01:32 IST 2018
#
gmm-est --write-occs=exp/tri3/13.occs --mix-up=8160 --power=0.25 exp/tri3/12.mdl 'gmm-sum-accs - exp/tri3/12.*.acc |' exp/tri3/13.mdl 
gmm-sum-accs - exp/tri3/12.1.acc exp/tri3/12.2.acc exp/tri3/12.3.acc exp/tri3/12.4.acc 
LOG (gmm-sum-accs[5.3]:main():gmm-sum-accs.cc:63) Summed 4 stats, total count 201866, avg like/frame -34.5409
LOG (gmm-sum-accs[5.3]:main():gmm-sum-accs.cc:66) Total count of stats is 201866
LOG (gmm-sum-accs[5.3]:main():gmm-sum-accs.cc:67) Written stats to -
LOG (gmm-est[5.3]:MleUpdate():transition-model.cc:517) TransitionModel::Update, objf change is 0 per frame over 201866 frames. 
LOG (gmm-est[5.3]:MleUpdate():transition-model.cc:520) 13 probabilities floored, 491 out of 658 transition-states skipped due to insuffient data (it is normal to have some skipped.)
LOG (gmm-est[5.3]:main():gmm-est.cc:102) Transition model update: Overall 0 log-like improvement per frame over 201866 frames.
WARNING (gmm-est[5.3]:MleDiagGmmUpdate():mle-diag-gmm.cc:359) Too little data - removing Gaussian (weight 0.000951, occupation count 9.582097, vector size 40)
WARNING (gmm-est[5.3]:MleDiagGmmUpdate():mle-diag-gmm.cc:359) Too little data - removing Gaussian (weight 0.000744, occupation count 7.502443, vector size 40)
WARNING (gmm-est[5.3]:MleDiagGmmUpdate():mle-diag-gmm.cc:359) Too little data - removing Gaussian (weight 0.005296, occupation count 9.294940, vector size 40)
WARNING (gmm-est[5.3]:MleDiagGmmUpdate():mle-diag-gmm.cc:359) Too little data - removing Gaussian (weight 0.003625, occupation count 9.130645, vector size 40)
WARNING (gmm-est[5.3]:MleDiagGmmUpdate():mle-diag-gmm.cc:359) Too little data - removing Gaussian (weight 0.006244, occupation count 9.996528, vector size 40)
WARNING (gmm-est[5.3]:MleDiagGmmUpdate():mle-diag-gmm.cc:359) Too little data - removing Gaussian (weight 0.005474, occupation count 8.763936, vector size 40)
WARNING (gmm-est[5.3]:MleDiagGmmUpdate():mle-diag-gmm.cc:359) Too little data - removing Gaussian (weight 0.005768, occupation count 9.235158, vector size 40)
WARNING (gmm-est[5.3]:MleDiagGmmUpdate():mle-diag-gmm.cc:359) Too little data - removing Gaussian (weight 0.004090, occupation count 9.485688, vector size 40)
WARNING (gmm-est[5.3]:MleDiagGmmUpdate():mle-diag-gmm.cc:359) Too little data - removing Gaussian (weight 0.004188, occupation count 9.713124, vector size 40)
WARNING (gmm-est[5.3]:MleDiagGmmUpdate():mle-diag-gmm.cc:359) Too little data - removing Gaussian (weight 0.017432, occupation count 9.378412, vector size 40)
WARNING (gmm-est[5.3]:MleDiagGmmUpdate():mle-diag-gmm.cc:359) Too little data - removing Gaussian (weight 0.006751, occupation count 8.925418, vector size 40)
WARNING (gmm-est[5.3]:MleDiagGmmUpdate():mle-diag-gmm.cc:359) Too little data - removing Gaussian (weight 0.008394, occupation count 9.879537, vector size 40)
WARNING (gmm-est[5.3]:MleDiagGmmUpdate():mle-diag-gmm.cc:359) Too little data - removing Gaussian (weight 0.007135, occupation count 9.825455, vector size 40)
WARNING (gmm-est[5.3]:MleDiagGmmUpdate():mle-diag-gmm.cc:359) Too little data - removing Gaussian (weight 0.004944, occupation count 9.976329, vector size 40)
WARNING (gmm-est[5.3]:MleDiagGmmUpdate():mle-diag-gmm.cc:359) Too little data - removing Gaussian (weight 0.009896, occupation count 9.253028, vector size 40)
WARNING (gmm-est[5.3]:MleDiagGmmUpdate():mle-diag-gmm.cc:359) Too little data - removing Gaussian (weight 0.025834, occupation count 9.868474, vector size 40)
WARNING (gmm-est[5.3]:MleDiagGmmUpdate():mle-diag-gmm.cc:359) Too little data - removing Gaussian (weight 0.004756, occupation count 9.103518, vector size 40)
WARNING (gmm-est[5.3]:MleDiagGmmUpdate():mle-diag-gmm.cc:359) Too little data - removing Gaussian (weight 0.011441, occupation count 9.873812, vector size 40)
WARNING (gmm-est[5.3]:MleDiagGmmUpdate():mle-diag-gmm.cc:359) Too little data - removing Gaussian (weight 0.015585, occupation count 9.382172, vector size 40)
WARNING (gmm-est[5.3]:MleDiagGmmUpdate():mle-diag-gmm.cc:359) Too little data - removing Gaussian (weight 0.006824, occupation count 9.062427, vector size 40)
LOG (gmm-est[5.3]:MleAmDiagGmmUpdate():mle-am-diag-gmm.cc:225) 0 variance elements floored in 0 Gaussians, out of 7589
LOG (gmm-est[5.3]:MleAmDiagGmmUpdate():mle-am-diag-gmm.cc:229) Removed 20 Gaussians due to counts < --min-gaussian-occupancy=10 and --remove-low-count-gaussians=true
LOG (gmm-est[5.3]:main():gmm-est.cc:113) GMM update: Overall 0.177608 objective function improvement per frame over 201866 frames
LOG (gmm-est[5.3]:main():gmm-est.cc:116) GMM update: Overall avg like per frame = -34.5409 over 201866 frames.
LOG (gmm-est[5.3]:SplitByCount():am-diag-gmm.cc:116) Split 152 states with target = 8160, power = 0.25, perturb_factor = 0.01 and min_count = 20, split #Gauss from 7589 to 8167
LOG (gmm-est[5.3]:main():gmm-est.cc:146) Written model to exp/tri3/13.mdl
# Accounting: time=0 threads=1
# Ended (code 0) at Tue Dec 18 10:01:32 IST 2018, elapsed time 0 seconds
