# gmm-est --mix-up=5800 --power=0.25 --write-occs=exp/tri2/5.occs exp/tri2/4.mdl "gmm-sum-accs - exp/tri2/4.*.acc |" exp/tri2/5.mdl 
# Started at Tue Dec 18 09:47:19 IST 2018
#
gmm-est --mix-up=5800 --power=0.25 --write-occs=exp/tri2/5.occs exp/tri2/4.mdl 'gmm-sum-accs - exp/tri2/4.*.acc |' exp/tri2/5.mdl 
gmm-sum-accs - exp/tri2/4.1.acc exp/tri2/4.2.acc exp/tri2/4.3.acc exp/tri2/4.4.acc 
LOG (gmm-sum-accs[5.3]:main():gmm-sum-accs.cc:63) Summed 4 stats, total count 201866, avg like/frame -53.4297
LOG (gmm-sum-accs[5.3]:main():gmm-sum-accs.cc:66) Total count of stats is 201866
LOG (gmm-sum-accs[5.3]:main():gmm-sum-accs.cc:67) Written stats to -
LOG (gmm-est[5.3]:MleUpdate():transition-model.cc:517) TransitionModel::Update, objf change is 0 per frame over 201866 frames. 
LOG (gmm-est[5.3]:MleUpdate():transition-model.cc:520) 5 probabilities floored, 432 out of 587 transition-states skipped due to insuffient data (it is normal to have some skipped.)
LOG (gmm-est[5.3]:main():gmm-est.cc:102) Transition model update: Overall 0 log-like improvement per frame over 201866 frames.
WARNING (gmm-est[5.3]:MleDiagGmmUpdate():mle-diag-gmm.cc:359) Too little data - removing Gaussian (weight 0.002885, occupation count 4.792294, vector size 39)
WARNING (gmm-est[5.3]:MleDiagGmmUpdate():mle-diag-gmm.cc:359) Too little data - removing Gaussian (weight 0.005332, occupation count 8.857014, vector size 39)
WARNING (gmm-est[5.3]:MleDiagGmmUpdate():mle-diag-gmm.cc:359) Too little data - removing Gaussian (weight 0.003687, occupation count 6.124706, vector size 39)
WARNING (gmm-est[5.3]:MleDiagGmmUpdate():mle-diag-gmm.cc:359) Too little data - removing Gaussian (weight 0.004739, occupation count 7.872289, vector size 39)
WARNING (gmm-est[5.3]:MleDiagGmmUpdate():mle-diag-gmm.cc:359) Too little data - removing Gaussian (weight 0.002771, occupation count 4.602736, vector size 39)
WARNING (gmm-est[5.3]:MleDiagGmmUpdate():mle-diag-gmm.cc:359) Too little data - removing Gaussian (weight 0.005371, occupation count 8.921127, vector size 39)
WARNING (gmm-est[5.3]:MleDiagGmmUpdate():mle-diag-gmm.cc:359) Too little data - removing Gaussian (weight 0.004521, occupation count 7.509940, vector size 39)
WARNING (gmm-est[5.3]:MleDiagGmmUpdate():mle-diag-gmm.cc:359) Too little data - removing Gaussian (weight 0.007382, occupation count 9.957965, vector size 39)
WARNING (gmm-est[5.3]:MleDiagGmmUpdate():mle-diag-gmm.cc:359) Too little data - removing Gaussian (weight 0.007244, occupation count 9.772049, vector size 39)
WARNING (gmm-est[5.3]:MleDiagGmmUpdate():mle-diag-gmm.cc:359) Too little data - removing Gaussian (weight 0.007293, occupation count 9.838361, vector size 39)
WARNING (gmm-est[5.3]:MleDiagGmmUpdate():mle-diag-gmm.cc:359) Too little data - removing Gaussian (weight 0.007063, occupation count 8.037912, vector size 39)
WARNING (gmm-est[5.3]:MleDiagGmmUpdate():mle-diag-gmm.cc:359) Too little data - removing Gaussian (weight 0.006521, occupation count 7.420589, vector size 39)
WARNING (gmm-est[5.3]:MleDiagGmmUpdate():mle-diag-gmm.cc:359) Too little data - removing Gaussian (weight 0.010897, occupation count 8.564663, vector size 39)
WARNING (gmm-est[5.3]:MleDiagGmmUpdate():mle-diag-gmm.cc:359) Too little data - removing Gaussian (weight 0.010722, occupation count 8.427261, vector size 39)
WARNING (gmm-est[5.3]:MleDiagGmmUpdate():mle-diag-gmm.cc:359) Too little data - removing Gaussian (weight 0.008586, occupation count 8.611574, vector size 39)
WARNING (gmm-est[5.3]:MleDiagGmmUpdate():mle-diag-gmm.cc:359) Too little data - removing Gaussian (weight 0.009354, occupation count 7.417975, vector size 39)
WARNING (gmm-est[5.3]:MleDiagGmmUpdate():mle-diag-gmm.cc:359) Too little data - removing Gaussian (weight 0.012502, occupation count 9.914181, vector size 39)
WARNING (gmm-est[5.3]:MleDiagGmmUpdate():mle-diag-gmm.cc:359) Too little data - removing Gaussian (weight 0.010949, occupation count 8.682395, vector size 39)
WARNING (gmm-est[5.3]:MleDiagGmmUpdate():mle-diag-gmm.cc:359) Too little data - removing Gaussian (weight 0.012566, occupation count 9.964622, vector size 39)
WARNING (gmm-est[5.3]:MleDiagGmmUpdate():mle-diag-gmm.cc:359) Too little data - removing Gaussian (weight 0.008977, occupation count 6.445375, vector size 39)
WARNING (gmm-est[5.3]:MleDiagGmmUpdate():mle-diag-gmm.cc:359) Too little data - removing Gaussian (weight 0.008794, occupation count 6.313806, vector size 39)
WARNING (gmm-est[5.3]:MleDiagGmmUpdate():mle-diag-gmm.cc:359) Too little data - removing Gaussian (weight 0.010742, occupation count 7.712734, vector size 39)
WARNING (gmm-est[5.3]:MleDiagGmmUpdate():mle-diag-gmm.cc:359) Too little data - removing Gaussian (weight 0.007025, occupation count 5.043798, vector size 39)
WARNING (gmm-est[5.3]:MleDiagGmmUpdate():mle-diag-gmm.cc:359) Too little data - removing Gaussian (weight 0.008653, occupation count 6.212831, vector size 39)
WARNING (gmm-est[5.3]:MleDiagGmmUpdate():mle-diag-gmm.cc:359) Too little data - removing Gaussian (weight 0.001518, occupation count 2.799372, vector size 39)
WARNING (gmm-est[5.3]:MleDiagGmmUpdate():mle-diag-gmm.cc:359) Too little data - removing Gaussian (weight 0.001706, occupation count 3.146444, vector size 39)
WARNING (gmm-est[5.3]:MleDiagGmmUpdate():mle-diag-gmm.cc:359) Too little data - removing Gaussian (weight 0.005362, occupation count 9.887847, vector size 39)
WARNING (gmm-est[5.3]:MleDiagGmmUpdate():mle-diag-gmm.cc:359) Too little data - removing Gaussian (weight 0.009479, occupation count 5.203987, vector size 39)
WARNING (gmm-est[5.3]:MleDiagGmmUpdate():mle-diag-gmm.cc:359) Too little data - removing Gaussian (weight 0.014310, occupation count 7.855988, vector size 39)
WARNING (gmm-est[5.3]:MleDiagGmmUpdate():mle-diag-gmm.cc:359) Too little data - removing Gaussian (weight 0.010783, occupation count 8.572234, vector size 39)
WARNING (gmm-est[5.3]:MleDiagGmmUpdate():mle-diag-gmm.cc:359) Too little data - removing Gaussian (weight 0.006114, occupation count 9.690475, vector size 39)
WARNING (gmm-est[5.3]:MleDiagGmmUpdate():mle-diag-gmm.cc:359) Too little data - removing Gaussian (weight 0.006146, occupation count 9.741392, vector size 39)
WARNING (gmm-est[5.3]:MleDiagGmmUpdate():mle-diag-gmm.cc:359) Too little data - removing Gaussian (weight 0.006106, occupation count 9.677294, vector size 39)
WARNING (gmm-est[5.3]:MleDiagGmmUpdate():mle-diag-gmm.cc:359) Too little data - removing Gaussian (weight 0.019163, occupation count 9.983700, vector size 39)
WARNING (gmm-est[5.3]:MleDiagGmmUpdate():mle-diag-gmm.cc:359) Too little data - removing Gaussian (weight 0.007524, occupation count 9.962273, vector size 39)
WARNING (gmm-est[5.3]:MleDiagGmmUpdate():mle-diag-gmm.cc:359) Too little data - removing Gaussian (weight 0.002193, occupation count 2.903184, vector size 39)
WARNING (gmm-est[5.3]:MleDiagGmmUpdate():mle-diag-gmm.cc:359) Too little data - removing Gaussian (weight 0.002726, occupation count 3.609182, vector size 39)
WARNING (gmm-est[5.3]:MleDiagGmmUpdate():mle-diag-gmm.cc:359) Too little data - removing Gaussian (weight 0.007123, occupation count 9.430408, vector size 39)
WARNING (gmm-est[5.3]:MleDiagGmmUpdate():mle-diag-gmm.cc:359) Too little data - removing Gaussian (weight 0.002436, occupation count 3.225553, vector size 39)
WARNING (gmm-est[5.3]:MleDiagGmmUpdate():mle-diag-gmm.cc:359) Too little data - removing Gaussian (weight 0.005586, occupation count 6.585324, vector size 39)
WARNING (gmm-est[5.3]:MleDiagGmmUpdate():mle-diag-gmm.cc:359) Too little data - removing Gaussian (weight 0.003807, occupation count 4.488282, vector size 39)
WARNING (gmm-est[5.3]:MleDiagGmmUpdate():mle-diag-gmm.cc:359) Too little data - removing Gaussian (weight 0.006677, occupation count 7.872041, vector size 39)
WARNING (gmm-est[5.3]:MleDiagGmmUpdate():mle-diag-gmm.cc:359) Too little data - removing Gaussian (weight 0.002083, occupation count 2.456115, vector size 39)
WARNING (gmm-est[5.3]:MleDiagGmmUpdate():mle-diag-gmm.cc:359) Too little data - removing Gaussian (weight 0.006209, occupation count 7.320529, vector size 39)
WARNING (gmm-est[5.3]:MleDiagGmmUpdate():mle-diag-gmm.cc:359) Too little data - removing Gaussian (weight 0.003879, occupation count 4.573178, vector size 39)
WARNING (gmm-est[5.3]:MleDiagGmmUpdate():mle-diag-gmm.cc:359) Too little data - removing Gaussian (weight 0.006148, occupation count 7.248456, vector size 39)
WARNING (gmm-est[5.3]:MleDiagGmmUpdate():mle-diag-gmm.cc:359) Too little data - removing Gaussian (weight 0.005280, occupation count 6.225229, vector size 39)
WARNING (gmm-est[5.3]:MleDiagGmmUpdate():mle-diag-gmm.cc:359) Too little data - removing Gaussian (weight 0.005235, occupation count 6.172342, vector size 39)
WARNING (gmm-est[5.3]:MleDiagGmmUpdate():mle-diag-gmm.cc:359) Too little data - removing Gaussian (weight 0.054198, occupation count 8.725834, vector size 39)
WARNING (gmm-est[5.3]:MleDiagGmmUpdate():mle-diag-gmm.cc:359) Too little data - removing Gaussian (weight 0.003142, occupation count 8.366375, vector size 39)
WARNING (gmm-est[5.3]:MleDiagGmmUpdate():mle-diag-gmm.cc:359) Too little data - removing Gaussian (weight 0.006863, occupation count 9.396104, vector size 39)
WARNING (gmm-est[5.3]:MleDiagGmmUpdate():mle-diag-gmm.cc:359) Too little data - removing Gaussian (weight 0.006616, occupation count 9.056852, vector size 39)
WARNING (gmm-est[5.3]:MleDiagGmmUpdate():mle-diag-gmm.cc:359) Too little data - removing Gaussian (weight 0.006434, occupation count 5.977550, vector size 39)
WARNING (gmm-est[5.3]:MleDiagGmmUpdate():mle-diag-gmm.cc:359) Too little data - removing Gaussian (weight 0.010439, occupation count 9.697957, vector size 39)
WARNING (gmm-est[5.3]:MleDiagGmmUpdate():mle-diag-gmm.cc:359) Too little data - removing Gaussian (weight 0.010752, occupation count 9.988804, vector size 39)
WARNING (gmm-est[5.3]:MleDiagGmmUpdate():mle-diag-gmm.cc:359) Too little data - removing Gaussian (weight 0.009947, occupation count 8.613669, vector size 39)
WARNING (gmm-est[5.3]:MleDiagGmmUpdate():mle-diag-gmm.cc:359) Too little data - removing Gaussian (weight 0.010127, occupation count 8.770063, vector size 39)
WARNING (gmm-est[5.3]:MleDiagGmmUpdate():mle-diag-gmm.cc:359) Too little data - removing Gaussian (weight 0.021503, occupation count 7.741228, vector size 39)
WARNING (gmm-est[5.3]:MleDiagGmmUpdate():mle-diag-gmm.cc:359) Too little data - removing Gaussian (weight 0.008842, occupation count 7.798312, vector size 39)
WARNING (gmm-est[5.3]:MleDiagGmmUpdate():mle-diag-gmm.cc:359) Too little data - removing Gaussian (weight 0.005456, occupation count 4.811830, vector size 39)
WARNING (gmm-est[5.3]:MleDiagGmmUpdate():mle-diag-gmm.cc:359) Too little data - removing Gaussian (weight 0.003431, occupation count 3.026013, vector size 39)
WARNING (gmm-est[5.3]:MleDiagGmmUpdate():mle-diag-gmm.cc:359) Too little data - removing Gaussian (weight 0.011040, occupation count 9.737024, vector size 39)
WARNING (gmm-est[5.3]:MleDiagGmmUpdate():mle-diag-gmm.cc:359) Too little data - removing Gaussian (weight 0.004914, occupation count 4.334493, vector size 39)
WARNING (gmm-est[5.3]:MleDiagGmmUpdate():mle-diag-gmm.cc:359) Too little data - removing Gaussian (weight 0.009424, occupation count 8.312238, vector size 39)
WARNING (gmm-est[5.3]:MleDiagGmmUpdate():mle-diag-gmm.cc:359) Too little data - removing Gaussian (weight 0.006824, occupation count 6.018739, vector size 39)
WARNING (gmm-est[5.3]:MleDiagGmmUpdate():mle-diag-gmm.cc:359) Too little data - removing Gaussian (weight 0.006135, occupation count 5.411139, vector size 39)
WARNING (gmm-est[5.3]:MleDiagGmmUpdate():mle-diag-gmm.cc:359) Too little data - removing Gaussian (weight 0.002386, occupation count 2.104346, vector size 39)
WARNING (gmm-est[5.3]:MleDiagGmmUpdate():mle-diag-gmm.cc:359) Too little data - removing Gaussian (weight 0.010101, occupation count 8.908946, vector size 39)
WARNING (gmm-est[5.3]:MleDiagGmmUpdate():mle-diag-gmm.cc:359) Too little data - removing Gaussian (weight 0.003669, occupation count 3.236481, vector size 39)
WARNING (gmm-est[5.3]:MleDiagGmmUpdate():mle-diag-gmm.cc:359) Too little data - removing Gaussian (weight 0.010054, occupation count 8.867390, vector size 39)
WARNING (gmm-est[5.3]:MleDiagGmmUpdate():mle-diag-gmm.cc:359) Too little data - removing Gaussian (weight 0.006411, occupation count 5.654755, vector size 39)
WARNING (gmm-est[5.3]:MleDiagGmmUpdate():mle-diag-gmm.cc:359) Too little data - removing Gaussian (weight 0.005514, occupation count 4.863311, vector size 39)
WARNING (gmm-est[5.3]:MleDiagGmmUpdate():mle-diag-gmm.cc:359) Too little data - removing Gaussian (weight 0.002003, occupation count 4.326800, vector size 39)
WARNING (gmm-est[5.3]:MleDiagGmmUpdate():mle-diag-gmm.cc:359) Too little data - removing Gaussian (weight 0.004349, occupation count 9.392766, vector size 39)
WARNING (gmm-est[5.3]:MleDiagGmmUpdate():mle-diag-gmm.cc:359) Too little data - removing Gaussian (weight 0.002654, occupation count 5.733336, vector size 39)
WARNING (gmm-est[5.3]:MleDiagGmmUpdate():mle-diag-gmm.cc:359) Too little data - removing Gaussian (weight 0.002127, occupation count 4.594647, vector size 39)
WARNING (gmm-est[5.3]:MleDiagGmmUpdate():mle-diag-gmm.cc:359) Too little data - removing Gaussian (weight 0.002507, occupation count 5.415860, vector size 39)
WARNING (gmm-est[5.3]:MleDiagGmmUpdate():mle-diag-gmm.cc:359) Too little data - removing Gaussian (weight 0.024106, occupation count 7.304235, vector size 39)
WARNING (gmm-est[5.3]:MleDiagGmmUpdate():mle-diag-gmm.cc:359) Too little data - removing Gaussian (weight 0.008308, occupation count 8.208615, vector size 39)
WARNING (gmm-est[5.3]:MleDiagGmmUpdate():mle-diag-gmm.cc:359) Too little data - removing Gaussian (weight 0.006594, occupation count 6.514528, vector size 39)
WARNING (gmm-est[5.3]:MleDiagGmmUpdate():mle-diag-gmm.cc:359) Too little data - removing Gaussian (weight 0.009878, occupation count 9.759346, vector size 39)
WARNING (gmm-est[5.3]:MleDiagGmmUpdate():mle-diag-gmm.cc:359) Too little data - removing Gaussian (weight 0.009658, occupation count 9.541799, vector size 39)
WARNING (gmm-est[5.3]:MleDiagGmmUpdate():mle-diag-gmm.cc:359) Too little data - removing Gaussian (weight 0.016146, occupation count 8.331554, vector size 39)
WARNING (gmm-est[5.3]:MleDiagGmmUpdate():mle-diag-gmm.cc:359) Too little data - removing Gaussian (weight 0.014511, occupation count 7.487767, vector size 39)
WARNING (gmm-est[5.3]:MleDiagGmmUpdate():mle-diag-gmm.cc:359) Too little data - removing Gaussian (weight 0.015319, occupation count 7.904576, vector size 39)
WARNING (gmm-est[5.3]:MleDiagGmmUpdate():mle-diag-gmm.cc:359) Too little data - removing Gaussian (weight 0.010303, occupation count 4.842228, vector size 39)
WARNING (gmm-est[5.3]:MleDiagGmmUpdate():mle-diag-gmm.cc:359) Too little data - removing Gaussian (weight 0.026609, occupation count 9.472914, vector size 39)
WARNING (gmm-est[5.3]:MleDiagGmmUpdate():mle-diag-gmm.cc:359) Too little data - removing Gaussian (weight 0.002955, occupation count 5.693517, vector size 39)
WARNING (gmm-est[5.3]:MleDiagGmmUpdate():mle-diag-gmm.cc:359) Too little data - removing Gaussian (weight 0.002231, occupation count 4.299676, vector size 39)
WARNING (gmm-est[5.3]:MleDiagGmmUpdate():mle-diag-gmm.cc:359) Too little data - removing Gaussian (weight 0.003689, occupation count 7.109469, vector size 39)
WARNING (gmm-est[5.3]:MleDiagGmmUpdate():mle-diag-gmm.cc:359) Too little data - removing Gaussian (weight 0.003143, occupation count 6.056981, vector size 39)
WARNING (gmm-est[5.3]:MleDiagGmmUpdate():mle-diag-gmm.cc:359) Too little data - removing Gaussian (weight 0.003713, occupation count 7.155878, vector size 39)
WARNING (gmm-est[5.3]:MleDiagGmmUpdate():mle-diag-gmm.cc:359) Too little data - removing Gaussian (weight 0.005741, occupation count 6.568130, vector size 39)
WARNING (gmm-est[5.3]:MleDiagGmmUpdate():mle-diag-gmm.cc:359) Too little data - removing Gaussian (weight 0.006855, occupation count 7.842353, vector size 39)
WARNING (gmm-est[5.3]:MleDiagGmmUpdate():mle-diag-gmm.cc:359) Too little data - removing Gaussian (weight 0.006966, occupation count 7.969446, vector size 39)
WARNING (gmm-est[5.3]:MleDiagGmmUpdate():mle-diag-gmm.cc:359) Too little data - removing Gaussian (weight 0.015782, occupation count 7.480879, vector size 39)
WARNING (gmm-est[5.3]:MleDiagGmmUpdate():mle-diag-gmm.cc:359) Too little data - removing Gaussian (weight 0.016334, occupation count 7.742353, vector size 39)
WARNING (gmm-est[5.3]:MleDiagGmmUpdate():mle-diag-gmm.cc:359) Too little data - removing Gaussian (weight 0.009632, occupation count 3.217088, vector size 39)
WARNING (gmm-est[5.3]:MleDiagGmmUpdate():mle-diag-gmm.cc:359) Too little data - removing Gaussian (weight 0.005186, occupation count 1.732250, vector size 39)
WARNING (gmm-est[5.3]:MleDiagGmmUpdate():mle-diag-gmm.cc:359) Too little data - removing Gaussian (weight 0.008082, occupation count 7.508632, vector size 39)
WARNING (gmm-est[5.3]:MleDiagGmmUpdate():mle-diag-gmm.cc:359) Too little data - removing Gaussian (weight 0.005258, occupation count 4.884448, vector size 39)
WARNING (gmm-est[5.3]:MleDiagGmmUpdate():mle-diag-gmm.cc:359) Too little data - removing Gaussian (weight 0.009763, occupation count 9.069501, vector size 39)
WARNING (gmm-est[5.3]:MleDiagGmmUpdate():mle-diag-gmm.cc:359) Too little data - removing Gaussian (weight 0.008332, occupation count 7.740522, vector size 39)
WARNING (gmm-est[5.3]:MleDiagGmmUpdate():mle-diag-gmm.cc:359) Too little data - removing Gaussian (weight 0.009306, occupation count 8.645483, vector size 39)
WARNING (gmm-est[5.3]:MleDiagGmmUpdate():mle-diag-gmm.cc:359) Too little data - removing Gaussian (weight 0.010460, occupation count 9.717527, vector size 39)
WARNING (gmm-est[5.3]:MleDiagGmmUpdate():mle-diag-gmm.cc:359) Too little data - removing Gaussian (weight 0.009366, occupation count 9.778071, vector size 39)
WARNING (gmm-est[5.3]:MleDiagGmmUpdate():mle-diag-gmm.cc:359) Too little data - removing Gaussian (weight 0.007997, occupation count 8.348651, vector size 39)
WARNING (gmm-est[5.3]:MleDiagGmmUpdate():mle-diag-gmm.cc:359) Too little data - removing Gaussian (weight 0.009171, occupation count 9.574464, vector size 39)
WARNING (gmm-est[5.3]:MleDiagGmmUpdate():mle-diag-gmm.cc:359) Too little data - removing Gaussian (weight 0.007552, occupation count 7.884649, vector size 39)
WARNING (gmm-est[5.3]:MleDiagGmmUpdate():mle-diag-gmm.cc:359) Too little data - removing Gaussian (weight 0.008793, occupation count 9.180346, vector size 39)
WARNING (gmm-est[5.3]:MleDiagGmmUpdate():mle-diag-gmm.cc:359) Too little data - removing Gaussian (weight 0.017153, occupation count 9.948998, vector size 39)
WARNING (gmm-est[5.3]:MleDiagGmmUpdate():mle-diag-gmm.cc:359) Too little data - removing Gaussian (weight 0.013738, occupation count 7.500981, vector size 39)
WARNING (gmm-est[5.3]:MleDiagGmmUpdate():mle-diag-gmm.cc:359) Too little data - removing Gaussian (weight 0.018168, occupation count 9.919865, vector size 39)
WARNING (gmm-est[5.3]:MleDiagGmmUpdate():mle-diag-gmm.cc:359) Too little data - removing Gaussian (weight 0.018107, occupation count 7.604770, vector size 39)
WARNING (gmm-est[5.3]:MleDiagGmmUpdate():mle-diag-gmm.cc:359) Too little data - removing Gaussian (weight 0.019228, occupation count 8.075590, vector size 39)
WARNING (gmm-est[5.3]:MleDiagGmmUpdate():mle-diag-gmm.cc:359) Too little data - removing Gaussian (weight 0.002782, occupation count 4.331630, vector size 39)
WARNING (gmm-est[5.3]:MleDiagGmmUpdate():mle-diag-gmm.cc:359) Too little data - removing Gaussian (weight 0.002867, occupation count 4.464338, vector size 39)
WARNING (gmm-est[5.3]:MleDiagGmmUpdate():mle-diag-gmm.cc:359) Too little data - removing Gaussian (weight 0.002914, occupation count 4.537358, vector size 39)
WARNING (gmm-est[5.3]:MleDiagGmmUpdate():mle-diag-gmm.cc:359) Too little data - removing Gaussian (weight 0.002755, occupation count 4.289460, vector size 39)
WARNING (gmm-est[5.3]:MleDiagGmmUpdate():mle-diag-gmm.cc:359) Too little data - removing Gaussian (weight 0.014575, occupation count 6.281724, vector size 39)
WARNING (gmm-est[5.3]:MleDiagGmmUpdate():mle-diag-gmm.cc:359) Too little data - removing Gaussian (weight 0.009284, occupation count 9.739101, vector size 39)
WARNING (gmm-est[5.3]:MleDiagGmmUpdate():mle-diag-gmm.cc:359) Too little data - removing Gaussian (weight 0.007775, occupation count 8.155979, vector size 39)
WARNING (gmm-est[5.3]:MleDiagGmmUpdate():mle-diag-gmm.cc:359) Too little data - removing Gaussian (weight 0.008605, occupation count 9.026575, vector size 39)
WARNING (gmm-est[5.3]:MleDiagGmmUpdate():mle-diag-gmm.cc:359) Too little data - removing Gaussian (weight 0.007200, occupation count 7.552750, vector size 39)
WARNING (gmm-est[5.3]:MleDiagGmmUpdate():mle-diag-gmm.cc:359) Too little data - removing Gaussian (weight 0.009003, occupation count 9.443859, vector size 39)
WARNING (gmm-est[5.3]:MleDiagGmmUpdate():mle-diag-gmm.cc:359) Too little data - removing Gaussian (weight 0.008651, occupation count 6.851828, vector size 39)
WARNING (gmm-est[5.3]:MleDiagGmmUpdate():mle-diag-gmm.cc:359) Too little data - removing Gaussian (weight 0.010879, occupation count 8.616464, vector size 39)
WARNING (gmm-est[5.3]:MleDiagGmmUpdate():mle-diag-gmm.cc:359) Too little data - removing Gaussian (weight 0.008095, occupation count 6.411115, vector size 39)
WARNING (gmm-est[5.3]:MleDiagGmmUpdate():mle-diag-gmm.cc:359) Too little data - removing Gaussian (weight 0.011738, occupation count 9.296797, vector size 39)
WARNING (gmm-est[5.3]:MleDiagGmmUpdate():mle-diag-gmm.cc:359) Too little data - removing Gaussian (weight 0.011465, occupation count 9.079937, vector size 39)
WARNING (gmm-est[5.3]:MleDiagGmmUpdate():mle-diag-gmm.cc:359) Too little data - removing Gaussian (weight 0.015526, occupation count 9.144854, vector size 39)
WARNING (gmm-est[5.3]:MleDiagGmmUpdate():mle-diag-gmm.cc:359) Too little data - removing Gaussian (weight 0.015793, occupation count 9.301822, vector size 39)
WARNING (gmm-est[5.3]:MleDiagGmmUpdate():mle-diag-gmm.cc:359) Too little data - removing Gaussian (weight 0.014237, occupation count 8.385872, vector size 39)
WARNING (gmm-est[5.3]:MleDiagGmmUpdate():mle-diag-gmm.cc:359) Too little data - removing Gaussian (weight 0.015562, occupation count 9.165825, vector size 39)
WARNING (gmm-est[5.3]:MleDiagGmmUpdate():mle-diag-gmm.cc:359) Too little data - removing Gaussian (weight 0.008342, occupation count 6.256154, vector size 39)
WARNING (gmm-est[5.3]:MleDiagGmmUpdate():mle-diag-gmm.cc:359) Too little data - removing Gaussian (weight 0.012181, occupation count 9.135642, vector size 39)
WARNING (gmm-est[5.3]:MleDiagGmmUpdate():mle-diag-gmm.cc:359) Too little data - removing Gaussian (weight 0.012767, occupation count 9.575608, vector size 39)
WARNING (gmm-est[5.3]:MleDiagGmmUpdate():mle-diag-gmm.cc:359) Too little data - removing Gaussian (weight 0.012336, occupation count 9.251845, vector size 39)
WARNING (gmm-est[5.3]:MleDiagGmmUpdate():mle-diag-gmm.cc:359) Too little data - removing Gaussian (weight 0.008502, occupation count 6.376444, vector size 39)
WARNING (gmm-est[5.3]:MleDiagGmmUpdate():mle-diag-gmm.cc:359) Too little data - removing Gaussian (weight 0.005105, occupation count 6.099939, vector size 39)
WARNING (gmm-est[5.3]:MleDiagGmmUpdate():mle-diag-gmm.cc:359) Too little data - removing Gaussian (weight 0.005567, occupation count 6.652362, vector size 39)
WARNING (gmm-est[5.3]:MleDiagGmmUpdate():mle-diag-gmm.cc:359) Too little data - removing Gaussian (weight 0.006418, occupation count 7.669392, vector size 39)
WARNING (gmm-est[5.3]:MleDiagGmmUpdate():mle-diag-gmm.cc:359) Too little data - removing Gaussian (weight 0.007122, occupation count 8.510822, vector size 39)
WARNING (gmm-est[5.3]:MleDiagGmmUpdate():mle-diag-gmm.cc:359) Too little data - removing Gaussian (weight 0.004778, occupation count 5.709264, vector size 39)
WARNING (gmm-est[5.3]:MleDiagGmmUpdate():mle-diag-gmm.cc:359) Too little data - removing Gaussian (weight 0.004512, occupation count 5.392332, vector size 39)
WARNING (gmm-est[5.3]:MleDiagGmmUpdate():mle-diag-gmm.cc:359) Too little data - removing Gaussian (weight 0.005028, occupation count 6.008543, vector size 39)
WARNING (gmm-est[5.3]:MleDiagGmmUpdate():mle-diag-gmm.cc:359) Too little data - removing Gaussian (weight 0.004791, occupation count 5.725428, vector size 39)
WARNING (gmm-est[5.3]:MleDiagGmmUpdate():mle-diag-gmm.cc:359) Too little data - removing Gaussian (weight 0.006903, occupation count 8.249624, vector size 39)
WARNING (gmm-est[5.3]:MleDiagGmmUpdate():mle-diag-gmm.cc:359) Too little data - removing Gaussian (weight 0.006365, occupation count 7.606516, vector size 39)
WARNING (gmm-est[5.3]:MleDiagGmmUpdate():mle-diag-gmm.cc:359) Too little data - removing Gaussian (weight 0.004498, occupation count 5.978238, vector size 39)
WARNING (gmm-est[5.3]:MleDiagGmmUpdate():mle-diag-gmm.cc:359) Too little data - removing Gaussian (weight 0.006592, occupation count 8.760563, vector size 39)
WARNING (gmm-est[5.3]:MleDiagGmmUpdate():mle-diag-gmm.cc:359) Too little data - removing Gaussian (weight 0.005694, occupation count 7.567953, vector size 39)
WARNING (gmm-est[5.3]:MleDiagGmmUpdate():mle-diag-gmm.cc:359) Too little data - removing Gaussian (weight 0.007429, occupation count 9.872792, vector size 39)
WARNING (gmm-est[5.3]:MleDiagGmmUpdate():mle-diag-gmm.cc:359) Too little data - removing Gaussian (weight 0.007370, occupation count 9.794456, vector size 39)
WARNING (gmm-est[5.3]:MleDiagGmmUpdate():mle-diag-gmm.cc:359) Too little data - removing Gaussian (weight 0.005464, occupation count 7.261111, vector size 39)
WARNING (gmm-est[5.3]:MleDiagGmmUpdate():mle-diag-gmm.cc:359) Too little data - removing Gaussian (weight 0.004201, occupation count 3.667357, vector size 39)
WARNING (gmm-est[5.3]:MleDiagGmmUpdate():mle-diag-gmm.cc:359) Too little data - removing Gaussian (weight 0.005950, occupation count 5.194709, vector size 39)
WARNING (gmm-est[5.3]:MleDiagGmmUpdate():mle-diag-gmm.cc:359) Too little data - removing Gaussian (weight 0.004005, occupation count 3.496108, vector size 39)
WARNING (gmm-est[5.3]:MleDiagGmmUpdate():mle-diag-gmm.cc:359) Too little data - removing Gaussian (weight 0.008025, occupation count 7.005818, vector size 39)
WARNING (gmm-est[5.3]:MleDiagGmmUpdate():mle-diag-gmm.cc:359) Too little data - removing Gaussian (weight 0.005348, occupation count 4.668993, vector size 39)
WARNING (gmm-est[5.3]:MleDiagGmmUpdate():mle-diag-gmm.cc:359) Too little data - removing Gaussian (weight 0.005346, occupation count 4.666821, vector size 39)
WARNING (gmm-est[5.3]:MleDiagGmmUpdate():mle-diag-gmm.cc:359) Too little data - removing Gaussian (weight 0.009683, occupation count 8.453304, vector size 39)
WARNING (gmm-est[5.3]:MleDiagGmmUpdate():mle-diag-gmm.cc:359) Too little data - removing Gaussian (weight 0.004569, occupation count 3.988827, vector size 39)
WARNING (gmm-est[5.3]:MleDiagGmmUpdate():mle-diag-gmm.cc:359) Too little data - removing Gaussian (weight 0.005000, occupation count 4.365351, vector size 39)
WARNING (gmm-est[5.3]:MleDiagGmmUpdate():mle-diag-gmm.cc:359) Too little data - removing Gaussian (weight 0.004838, occupation count 4.223335, vector size 39)
WARNING (gmm-est[5.3]:MleDiagGmmUpdate():mle-diag-gmm.cc:359) Too little data - removing Gaussian (weight 0.010013, occupation count 8.741655, vector size 39)
WARNING (gmm-est[5.3]:MleDiagGmmUpdate():mle-diag-gmm.cc:359) Too little data - removing Gaussian (weight 0.009432, occupation count 6.941804, vector size 39)
WARNING (gmm-est[5.3]:MleDiagGmmUpdate():mle-diag-gmm.cc:359) Too little data - removing Gaussian (weight 0.011924, occupation count 8.776325, vector size 39)
WARNING (gmm-est[5.3]:MleDiagGmmUpdate():mle-diag-gmm.cc:359) Too little data - removing Gaussian (weight 0.011282, occupation count 8.303405, vector size 39)
WARNING (gmm-est[5.3]:MleDiagGmmUpdate():mle-diag-gmm.cc:359) Too little data - removing Gaussian (weight 0.013389, occupation count 9.854155, vector size 39)
WARNING (gmm-est[5.3]:MleDiagGmmUpdate():mle-diag-gmm.cc:359) Too little data - removing Gaussian (weight 0.009079, occupation count 7.063537, vector size 39)
WARNING (gmm-est[5.3]:MleDiagGmmUpdate():mle-diag-gmm.cc:359) Too little data - removing Gaussian (weight 0.009077, occupation count 7.061604, vector size 39)
WARNING (gmm-est[5.3]:MleDiagGmmUpdate():mle-diag-gmm.cc:359) Too little data - removing Gaussian (weight 0.011872, occupation count 9.236702, vector size 39)
WARNING (gmm-est[5.3]:MleDiagGmmUpdate():mle-diag-gmm.cc:359) Too little data - removing Gaussian (weight 0.010164, occupation count 7.907926, vector size 39)
WARNING (gmm-est[5.3]:MleDiagGmmUpdate():mle-diag-gmm.cc:359) Too little data - removing Gaussian (weight 0.007062, occupation count 5.494311, vector size 39)
WARNING (gmm-est[5.3]:MleDiagGmmUpdate():mle-diag-gmm.cc:359) Too little data - removing Gaussian (weight 0.007109, occupation count 5.531135, vector size 39)
WARNING (gmm-est[5.3]:MleDiagGmmUpdate():mle-diag-gmm.cc:359) Too little data - removing Gaussian (weight 0.010076, occupation count 7.839419, vector size 39)
WARNING (gmm-est[5.3]:MleDiagGmmUpdate():mle-diag-gmm.cc:359) Too little data - removing Gaussian (weight 0.009587, occupation count 7.458797, vector size 39)
WARNING (gmm-est[5.3]:MleDiagGmmUpdate():mle-diag-gmm.cc:359) Too little data - removing Gaussian (weight 0.007078, occupation count 5.506636, vector size 39)
WARNING (gmm-est[5.3]:MleDiagGmmUpdate():mle-diag-gmm.cc:359) Too little data - removing Gaussian (weight 0.006248, occupation count 4.861231, vector size 39)
WARNING (gmm-est[5.3]:MleDiagGmmUpdate():mle-diag-gmm.cc:359) Too little data - removing Gaussian (weight 0.007766, occupation count 6.041983, vector size 39)
WARNING (gmm-est[5.3]:MleDiagGmmUpdate():mle-diag-gmm.cc:359) Too little data - removing Gaussian (weight 0.013648, occupation count 7.356441, vector size 39)
WARNING (gmm-est[5.3]:MleDiagGmmUpdate():mle-diag-gmm.cc:359) Too little data - removing Gaussian (weight 0.005786, occupation count 7.602217, vector size 39)
WARNING (gmm-est[5.3]:MleDiagGmmUpdate():mle-diag-gmm.cc:359) Too little data - removing Gaussian (weight 0.007541, occupation count 9.908525, vector size 39)
WARNING (gmm-est[5.3]:MleDiagGmmUpdate():mle-diag-gmm.cc:359) Too little data - removing Gaussian (weight 0.001390, occupation count 1.826611, vector size 39)
WARNING (gmm-est[5.3]:MleDiagGmmUpdate():mle-diag-gmm.cc:359) Too little data - removing Gaussian (weight 0.005920, occupation count 7.778311, vector size 39)
WARNING (gmm-est[5.3]:MleDiagGmmUpdate():mle-diag-gmm.cc:359) Too little data - removing Gaussian (weight 0.006179, occupation count 8.118646, vector size 39)
WARNING (gmm-est[5.3]:MleDiagGmmUpdate():mle-diag-gmm.cc:359) Too little data - removing Gaussian (weight 0.001254, occupation count 1.647819, vector size 39)
WARNING (gmm-est[5.3]:MleDiagGmmUpdate():mle-diag-gmm.cc:359) Too little data - removing Gaussian (weight 0.006263, occupation count 8.229191, vector size 39)
WARNING (gmm-est[5.3]:MleDiagGmmUpdate():mle-diag-gmm.cc:359) Too little data - removing Gaussian (weight 0.005277, occupation count 6.933522, vector size 39)
WARNING (gmm-est[5.3]:MleDiagGmmUpdate():mle-diag-gmm.cc:359) Too little data - removing Gaussian (weight 0.005912, occupation count 3.511467, vector size 39)
WARNING (gmm-est[5.3]:MleDiagGmmUpdate():mle-diag-gmm.cc:359) Too little data - removing Gaussian (weight 0.014157, occupation count 8.409109, vector size 39)
WARNING (gmm-est[5.3]:MleDiagGmmUpdate():mle-diag-gmm.cc:359) Too little data - removing Gaussian (weight 0.009207, occupation count 5.469117, vector size 39)
WARNING (gmm-est[5.3]:MleDiagGmmUpdate():mle-diag-gmm.cc:359) Too little data - removing Gaussian (weight 0.011881, occupation count 7.057204, vector size 39)
WARNING (gmm-est[5.3]:MleDiagGmmUpdate():mle-diag-gmm.cc:359) Too little data - removing Gaussian (weight 0.016523, occupation count 9.814816, vector size 39)
WARNING (gmm-est[5.3]:MleDiagGmmUpdate():mle-diag-gmm.cc:359) Too little data - removing Gaussian (weight 0.008195, occupation count 4.867880, vector size 39)
WARNING (gmm-est[5.3]:MleDiagGmmUpdate():mle-diag-gmm.cc:359) Too little data - removing Gaussian (weight 0.016273, occupation count 9.666068, vector size 39)
WARNING (gmm-est[5.3]:MleDiagGmmUpdate():mle-diag-gmm.cc:359) Too little data - removing Gaussian (weight 0.014124, occupation count 8.389477, vector size 39)
WARNING (gmm-est[5.3]:MleDiagGmmUpdate():mle-diag-gmm.cc:359) Too little data - removing Gaussian (weight 0.013039, occupation count 9.740458, vector size 39)
WARNING (gmm-est[5.3]:MleDiagGmmUpdate():mle-diag-gmm.cc:359) Too little data - removing Gaussian (weight 0.007260, occupation count 6.758727, vector size 39)
WARNING (gmm-est[5.3]:MleDiagGmmUpdate():mle-diag-gmm.cc:359) Too little data - removing Gaussian (weight 0.009961, occupation count 9.273233, vector size 39)
WARNING (gmm-est[5.3]:MleDiagGmmUpdate():mle-diag-gmm.cc:359) Too little data - removing Gaussian (weight 0.010023, occupation count 9.331307, vector size 39)
WARNING (gmm-est[5.3]:MleDiagGmmUpdate():mle-diag-gmm.cc:359) Too little data - removing Gaussian (weight 0.009077, occupation count 8.450758, vector size 39)
WARNING (gmm-est[5.3]:MleDiagGmmUpdate():mle-diag-gmm.cc:359) Too little data - removing Gaussian (weight 0.007232, occupation count 6.733096, vector size 39)
WARNING (gmm-est[5.3]:MleDiagGmmUpdate():mle-diag-gmm.cc:359) Too little data - removing Gaussian (weight 0.011840, occupation count 7.104159, vector size 39)
WARNING (gmm-est[5.3]:MleDiagGmmUpdate():mle-diag-gmm.cc:359) Too little data - removing Gaussian (weight 0.014563, occupation count 8.737803, vector size 39)
WARNING (gmm-est[5.3]:MleDiagGmmUpdate():mle-diag-gmm.cc:359) Too little data - removing Gaussian (weight 0.064243, occupation count 8.480107, vector size 39)
WARNING (gmm-est[5.3]:MleDiagGmmUpdate():mle-diag-gmm.cc:359) Too little data - removing Gaussian (weight 0.006070, occupation count 8.388425, vector size 39)
WARNING (gmm-est[5.3]:MleDiagGmmUpdate():mle-diag-gmm.cc:359) Too little data - removing Gaussian (weight 0.004511, occupation count 6.234802, vector size 39)
WARNING (gmm-est[5.3]:MleDiagGmmUpdate():mle-diag-gmm.cc:359) Too little data - removing Gaussian (weight 0.005979, occupation count 8.263395, vector size 39)
WARNING (gmm-est[5.3]:MleDiagGmmUpdate():mle-diag-gmm.cc:359) Too little data - removing Gaussian (weight 0.005752, occupation count 7.949273, vector size 39)
WARNING (gmm-est[5.3]:MleDiagGmmUpdate():mle-diag-gmm.cc:359) Too little data - removing Gaussian (weight 0.004591, occupation count 6.344657, vector size 39)
WARNING (gmm-est[5.3]:MleDiagGmmUpdate():mle-diag-gmm.cc:359) Too little data - removing Gaussian (weight 0.006302, occupation count 8.710041, vector size 39)
WARNING (gmm-est[5.3]:MleDiagGmmUpdate():mle-diag-gmm.cc:359) Too little data - removing Gaussian (weight 0.043217, occupation count 9.032395, vector size 39)
WARNING (gmm-est[5.3]:MleDiagGmmUpdate():mle-diag-gmm.cc:359) Too little data - removing Gaussian (weight 0.045291, occupation count 9.465900, vector size 39)
WARNING (gmm-est[5.3]:MleDiagGmmUpdate():mle-diag-gmm.cc:359) Too little data - removing Gaussian (weight 0.010436, occupation count 9.611674, vector size 39)
WARNING (gmm-est[5.3]:MleDiagGmmUpdate():mle-diag-gmm.cc:359) Too little data - removing Gaussian (weight 0.010754, occupation count 9.904044, vector size 39)
WARNING (gmm-est[5.3]:MleDiagGmmUpdate():mle-diag-gmm.cc:359) Too little data - removing Gaussian (weight 0.010815, occupation count 9.960962, vector size 39)
WARNING (gmm-est[5.3]:MleDiagGmmUpdate():mle-diag-gmm.cc:359) Too little data - removing Gaussian (weight 0.008502, occupation count 7.830135, vector size 39)
WARNING (gmm-est[5.3]:MleDiagGmmUpdate():mle-diag-gmm.cc:359) Too little data - removing Gaussian (weight 0.010471, occupation count 9.643877, vector size 39)
WARNING (gmm-est[5.3]:MleDiagGmmUpdate():mle-diag-gmm.cc:359) Too little data - removing Gaussian (weight 0.010763, occupation count 9.912942, vector size 39)
WARNING (gmm-est[5.3]:MleDiagGmmUpdate():mle-diag-gmm.cc:359) Too little data - removing Gaussian (weight 0.010829, occupation count 9.973060, vector size 39)
WARNING (gmm-est[5.3]:MleDiagGmmUpdate():mle-diag-gmm.cc:359) Too little data - removing Gaussian (weight 0.010665, occupation count 9.822214, vector size 39)
WARNING (gmm-est[5.3]:MleDiagGmmUpdate():mle-diag-gmm.cc:359) Too little data - removing Gaussian (weight 0.008431, occupation count 7.764605, vector size 39)
WARNING (gmm-est[5.3]:MleDiagGmmUpdate():mle-diag-gmm.cc:359) Too little data - removing Gaussian (weight 0.028148, occupation count 9.260738, vector size 39)
WARNING (gmm-est[5.3]:MleDiagGmmUpdate():mle-diag-gmm.cc:359) Too little data - removing Gaussian (weight 0.020982, occupation count 8.959474, vector size 39)
WARNING (gmm-est[5.3]:MleDiagGmmUpdate():mle-diag-gmm.cc:359) Too little data - removing Gaussian (weight 0.017544, occupation count 8.105350, vector size 39)
WARNING (gmm-est[5.3]:MleDiagGmmUpdate():mle-diag-gmm.cc:359) Too little data - removing Gaussian (weight 0.045125, occupation count 8.799322, vector size 39)
WARNING (gmm-est[5.3]:MleDiagGmmUpdate():mle-diag-gmm.cc:359) Too little data - removing Gaussian (weight 0.013992, occupation count 8.297312, vector size 39)
WARNING (gmm-est[5.3]:MleDiagGmmUpdate():mle-diag-gmm.cc:359) Too little data - removing Gaussian (weight 0.016049, occupation count 9.517131, vector size 39)
WARNING (gmm-est[5.3]:MleDiagGmmUpdate():mle-diag-gmm.cc:359) Too little data - removing Gaussian (weight 0.012903, occupation count 7.651319, vector size 39)
WARNING (gmm-est[5.3]:MleDiagGmmUpdate():mle-diag-gmm.cc:359) Too little data - removing Gaussian (weight 0.032845, occupation count 7.127308, vector size 39)
WARNING (gmm-est[5.3]:MleDiagGmmUpdate():mle-diag-gmm.cc:359) Too little data - removing Gaussian (weight 0.010100, occupation count 6.262108, vector size 39)
WARNING (gmm-est[5.3]:MleDiagGmmUpdate():mle-diag-gmm.cc:359) Too little data - removing Gaussian (weight 0.011495, occupation count 7.126778, vector size 39)
WARNING (gmm-est[5.3]:MleDiagGmmUpdate():mle-diag-gmm.cc:359) Too little data - removing Gaussian (weight 0.024851, occupation count 8.648043, vector size 39)
WARNING (gmm-est[5.3]:MleDiagGmmUpdate():mle-diag-gmm.cc:359) Too little data - removing Gaussian (weight 0.005823, occupation count 7.156305, vector size 39)
WARNING (gmm-est[5.3]:MleDiagGmmUpdate():mle-diag-gmm.cc:359) Too little data - removing Gaussian (weight 0.005693, occupation count 6.997310, vector size 39)
WARNING (gmm-est[5.3]:MleDiagGmmUpdate():mle-diag-gmm.cc:359) Too little data - removing Gaussian (weight 0.006862, occupation count 8.433100, vector size 39)
WARNING (gmm-est[5.3]:MleDiagGmmUpdate():mle-diag-gmm.cc:359) Too little data - removing Gaussian (weight 0.007587, occupation count 9.323848, vector size 39)
WARNING (gmm-est[5.3]:MleDiagGmmUpdate():mle-diag-gmm.cc:359) Too little data - removing Gaussian (weight 0.004924, occupation count 6.052006, vector size 39)
WARNING (gmm-est[5.3]:MleDiagGmmUpdate():mle-diag-gmm.cc:359) Too little data - removing Gaussian (weight 0.004761, occupation count 5.851066, vector size 39)
WARNING (gmm-est[5.3]:MleDiagGmmUpdate():mle-diag-gmm.cc:359) Too little data - removing Gaussian (weight 0.024767, occupation count 8.767479, vector size 39)
WARNING (gmm-est[5.3]:MleDiagGmmUpdate():mle-diag-gmm.cc:359) Too little data - removing Gaussian (weight 0.026500, occupation count 9.380835, vector size 39)
WARNING (gmm-est[5.3]:MleDiagGmmUpdate():mle-diag-gmm.cc:359) Too little data - removing Gaussian (weight 0.042503, occupation count 7.735484, vector size 39)
WARNING (gmm-est[5.3]:MleDiagGmmUpdate():mle-diag-gmm.cc:359) Too little data - removing Gaussian (weight 0.006095, occupation count 6.917739, vector size 39)
WARNING (gmm-est[5.3]:MleDiagGmmUpdate():mle-diag-gmm.cc:359) Too little data - removing Gaussian (weight 0.007073, occupation count 8.027364, vector size 39)
WARNING (gmm-est[5.3]:MleDiagGmmUpdate():mle-diag-gmm.cc:359) Too little data - removing Gaussian (weight 0.008741, occupation count 9.921115, vector size 39)
WARNING (gmm-est[5.3]:MleDiagGmmUpdate():mle-diag-gmm.cc:359) Too little data - removing Gaussian (weight 0.008311, occupation count 9.433161, vector size 39)
WARNING (gmm-est[5.3]:MleDiagGmmUpdate():mle-diag-gmm.cc:359) Too little data - removing Gaussian (weight 0.004063, occupation count 4.612070, vector size 39)
WARNING (gmm-est[5.3]:MleDiagGmmUpdate():mle-diag-gmm.cc:359) Too little data - removing Gaussian (weight 0.007132, occupation count 8.095287, vector size 39)
LOG (gmm-est[5.3]:MleAmDiagGmmUpdate():mle-am-diag-gmm.cc:225) 0 variance elements floored in 0 Gaussians, out of 4450
LOG (gmm-est[5.3]:MleAmDiagGmmUpdate():mle-am-diag-gmm.cc:229) Removed 250 Gaussians due to counts < --min-gaussian-occupancy=10 and --remove-low-count-gaussians=true
LOG (gmm-est[5.3]:main():gmm-est.cc:113) GMM update: Overall 1.04266 objective function improvement per frame over 201866 frames
LOG (gmm-est[5.3]:main():gmm-est.cc:116) GMM update: Overall avg like per frame = -53.4297 over 201866 frames.
LOG (gmm-est[5.3]:SplitByCount():am-diag-gmm.cc:116) Split 144 states with target = 5800, power = 0.25, perturb_factor = 0.01 and min_count = 20, split #Gauss from 4450 to 5800
LOG (gmm-est[5.3]:main():gmm-est.cc:146) Written model to exp/tri2/5.mdl
# Accounting: time=0 threads=1
# Ended (code 0) at Tue Dec 18 09:47:19 IST 2018, elapsed time 0 seconds
