# gmm-est --mix-up=30000 --power=0.25 --write-occs=exp/tri2/28.occs exp/tri2/27.mdl "gmm-sum-accs - exp/tri2/27.*.acc |" exp/tri2/28.mdl 
# Started at Tue Dec 18 09:56:29 IST 2018
#
gmm-est --mix-up=30000 --power=0.25 --write-occs=exp/tri2/28.occs exp/tri2/27.mdl 'gmm-sum-accs - exp/tri2/27.*.acc |' exp/tri2/28.mdl 
gmm-sum-accs - exp/tri2/27.1.acc exp/tri2/27.2.acc exp/tri2/27.3.acc exp/tri2/27.4.acc 
LOG (gmm-sum-accs[5.3]:main():gmm-sum-accs.cc:63) Summed 4 stats, total count 201866, avg like/frame -45.2331
LOG (gmm-sum-accs[5.3]:main():gmm-sum-accs.cc:66) Total count of stats is 201866
LOG (gmm-sum-accs[5.3]:main():gmm-sum-accs.cc:67) Written stats to -
LOG (gmm-est[5.3]:MleUpdate():transition-model.cc:517) TransitionModel::Update, objf change is 0 per frame over 201866 frames. 
LOG (gmm-est[5.3]:MleUpdate():transition-model.cc:520) 5 probabilities floored, 432 out of 587 transition-states skipped due to insuffient data (it is normal to have some skipped.)
LOG (gmm-est[5.3]:main():gmm-est.cc:102) Transition model update: Overall 0 log-like improvement per frame over 201866 frames.
WARNING (gmm-est[5.3]:MleDiagGmmUpdate():mle-diag-gmm.cc:359) Too little data - removing Gaussian (weight 0.000421, occupation count 9.998888, vector size 39)
LOG (gmm-est[5.3]:MleAmDiagGmmUpdate():mle-am-diag-gmm.cc:225) 1132 variance elements floored in 1123 Gaussians, out of 10034
LOG (gmm-est[5.3]:MleAmDiagGmmUpdate():mle-am-diag-gmm.cc:229) Removed 1 Gaussians due to counts < --min-gaussian-occupancy=10 and --remove-low-count-gaussians=true
LOG (gmm-est[5.3]:main():gmm-est.cc:113) GMM update: Overall 0.00629024 objective function improvement per frame over 201866 frames
LOG (gmm-est[5.3]:main():gmm-est.cc:116) GMM update: Overall avg like per frame = -45.2331 over 201866 frames.
WARNING (gmm-est[5.3]:GetSplitTargets():model-common.cc:134) Could not split up to 30000 due to min-count = 20 (or no counts at all)
LOG (gmm-est[5.3]:SplitByCount():am-diag-gmm.cc:116) Split 144 states with target = 30000, power = 0.25, perturb_factor = 0.01 and min_count = 20, split #Gauss from 10034 to 10035
LOG (gmm-est[5.3]:main():gmm-est.cc:146) Written model to exp/tri2/28.mdl
# Accounting: time=0 threads=1
# Ended (code 0) at Tue Dec 18 09:56:29 IST 2018, elapsed time 0 seconds
