# lattice-scale --inv-acoustic-scale=12 "ark:gunzip -c exp/tri4/decode/lat.*.gz|" ark:- | lattice-add-penalty --word-ins-penalty=0.0 ark:- ark:- | lattice-best-path --word-symbol-table=exp/tri4/graph/words.txt ark:- ark,t:- | utils/int2sym.pl -f 2- exp/tri4/graph/words.txt | local/wer_hyp_filter > exp/tri4/decode/scoring_kaldi/penalty_0.0/12.txt 
# Started at Tue Dec 18 10:25:54 IST 2018
#
lattice-add-penalty --word-ins-penalty=0.0 ark:- ark:- 
lattice-best-path --word-symbol-table=exp/tri4/graph/words.txt ark:- ark,t:- 
lattice-scale --inv-acoustic-scale=12 'ark:gunzip -c exp/tri4/decode/lat.*.gz|' ark:- 
LOG (lattice-best-path[5.3]:main():lattice-best-path.cc:99) For utterance PN00F02U001, best cost 41.2475 + 2226.77 = 2268.02 over 630 frames.
PN00F02U001 sifar sifar naun athth satt chhe panj 
LOG (lattice-best-path[5.3]:main():lattice-best-path.cc:99) For utterance PN00F02U002, best cost 39.5511 + 2021.13 = 2060.68 over 656 frames.
PN00F02U002 panj chaar tinn do ikk sifar ikk 
LOG (lattice-best-path[5.3]:main():lattice-best-path.cc:99) For utterance PN00F02U003, best cost 37.6384 + 1944.16 = 1981.79 over 630 frames.
PN00F02U003 ikk naun satt panj tinn ikk do 
LOG (lattice-best-path[5.3]:main():lattice-best-path.cc:99) For utterance PN00F02U004, best cost 39.6516 + 1937.4 = 1977.05 over 629 frames.
PN00F02U004 do naun chhe chaar do sifar tinn 
LOG (lattice-best-path[5.3]:main():lattice-best-path.cc:99) For utterance PN00F02U005, best cost 39.9351 + 1831.98 = 1871.91 over 628 frames.
PN00F02U005 tinn naun panj do chaar naun chaar 
LOG (lattice-best-path[5.3]:main():lattice-best-path.cc:99) For utterance PN00F02U006, best cost 42.0753 + 1975.41 = 2017.49 over 629 frames.
PN00F02U006 chaar ikk panj naun tinn sifar chhe 
LOG (lattice-best-path[5.3]:main():lattice-best-path.cc:99) For utterance PN00F02U007, best cost 41.2293 + 1936.61 = 1977.84 over 630 frames.
PN00F02U007 chhe naun do satt naun ikk athth 
LOG (lattice-best-path[5.3]:main():lattice-best-path.cc:99) For utterance PN00F02U008, best cost 41.5861 + 1954.39 = 1995.98 over 629 frames.
PN00F02U008 athth naun sifar athth chhe tinn chaar 
LOG (lattice-best-path[5.3]:main():lattice-best-path.cc:99) For utterance PN00F02U009, best cost 42.0973 + 2038.04 = 2080.14 over 626 frames.
PN00F02U009 chaar sifar satt chaar athth panj ikk 
LOG (lattice-best-path[5.3]:main():lattice-best-path.cc:99) For utterance PN00F02U010, best cost 41.7048 + 2001.44 = 2043.14 over 628 frames.
PN00F02U010 ikk satt tinn tinn athth chaar chaar 
LOG (lattice-best-path[5.3]:main():lattice-best-path.cc:99) For utterance PN00F02U011, best cost 41.1691 + 2020.85 = 2062.01 over 630 frames.
PN00F02U011 chhe satt do panj athth tinn chhe 
LOG (lattice-best-path[5.3]:main():lattice-best-path.cc:99) For utterance PN00F02U012, best cost 39.1563 + 1902.66 = 1941.81 over 656 frames.
PN00F02U012 chhe athth do athth ikk chhe do 
LOG (lattice-best-path[5.3]:main():lattice-best-path.cc:99) For utterance PN00F02U013, best cost 39.6901 + 1892.24 = 1931.93 over 630 frames.
PN00F02U013 do chhe ikk do tinn satt ikk 
LOG (lattice-best-path[5.3]:main():lattice-best-path.cc:99) For utterance PN00F02U014, best cost 43.2999 + 2131.03 = 2174.33 over 629 frames.
PN00F02U014 ikk chaar chhe sifar chaar panj sifar 
LOG (lattice-best-path[5.3]:main():lattice-best-path.cc:99) For utterance PN00F02U015, best cost 44.4035 + 2108.67 = 2153.08 over 630 frames.
PN00F02U015 sifar panj satt sifar do do tinn 
LOG (lattice-best-path[5.3]:main():lattice-best-path.cc:99) For utterance PN00F02U016, best cost 41.6752 + 2030.62 = 2072.3 over 629 frames.
PN00F02U016 tinn panj chhe satt athth sifar ikk 
LOG (lattice-best-path[5.3]:main():lattice-best-path.cc:99) For utterance PN00F02U017, best cost 41.9304 + 2092.39 = 2134.32 over 657 frames.
PN00F02U017 ikk tinn chaar panj panj chhe chhe 
LOG (lattice-best-path[5.3]:main():lattice-best-path.cc:99) For utterance PN00F02U018, best cost 39.6602 + 2000.46 = 2040.12 over 652 frames.
PN00F02U018 chhe satt satt athth athth naun naun 
LOG (lattice-best-path[5.3]:main():lattice-best-path.cc:99) For utterance PN00F02U019, best cost 41.9448 + 1998.07 = 2040.02 over 653 frames.
PN00F02U019 naun sifar ikk ikk do ikk satt 
LOG (lattice-best-path[5.3]:main():lattice-best-path.cc:99) For utterance PN00F02U020, best cost 38.3332 + 1882.08 = 1920.41 over 628 frames.
PN00F02U020 satt naun ikk tinn panj satt naun 
LOG (lattice-best-path[5.3]:main():lattice-best-path.cc:99) For utterance PN00F02U021, best cost 51.2322 + 2366.13 = 2417.36 over 629 frames.
PN00F02U021 sifar sifar sifar ikk tinn chaar panj 
LOG (lattice-best-path[5.3]:main():lattice-best-path.cc:99) For utterance PN00F02U022, best cost 42.0964 + 1981.5 = 2023.6 over 656 frames.
PN00F02U022 panj chhe satt athth naun ikk sifar 
LOG (lattice-best-path[5.3]:main():lattice-best-path.cc:99) For utterance PN00F02U023, best cost 40.0608 + 1931.71 = 1971.77 over 630 frames.
PN00F02U023 sifar do chaar chhe athth do sifar 
LOG (lattice-best-path[5.3]:main():lattice-best-path.cc:99) For utterance PN00F02U024, best cost 42.6776 + 2080.87 = 2123.55 over 630 frames.
PN00F02U024 sifar tinn panj satt naun tinn sifar 
LOG (lattice-best-path[5.3]:main():lattice-best-path.cc:99) For utterance PN00F02U025, best cost 43.5519 + 2098.03 = 2141.58 over 630 frames.
PN00F02U025 sifar chaar satt chaar sifar panj athth 
LOG (lattice-best-path[5.3]:main():lattice-best-path.cc:99) For utterance PN00F02U026, best cost 42.366 + 2135.67 = 2178.03 over 630 frames.
PN00F02U026 athth panj sifar chhe naun chhe sifar 
LOG (lattice-best-path[5.3]:main():lattice-best-path.cc:99) For utterance PN00F02U027, best cost 44.3792 + 2067.47 = 2111.85 over 656 frames.
PN00F02U027 sifar satt satt sifar athth athth sifar 
LOG (lattice-best-path[5.3]:main():lattice-best-path.cc:99) For utterance PN00F02U028, best cost 40.2261 + 2057.75 = 2097.97 over 629 frames.
PN00F02U028 sifar naun naun sifar ikk ikk tinn 
LOG (lattice-best-path[5.3]:main():lattice-best-path.cc:99) For utterance PN00F02U029, best cost 37.8485 + 2010.54 = 2048.39 over 630 frames.
PN00F02U029 tinn chhe ikk chaar athth ikk panj 
LOG (lattice-best-path[5.3]:main():lattice-best-path.cc:99) For utterance PN00F02U030, best cost 40.3092 + 2003.34 = 2043.65 over 630 frames.
PN00F02U030 panj naun do panj chaar ikk chhe 
LOG (lattice-best-path[5.3]:main():lattice-best-path.cc:99) For utterance PN00F02U031, best cost 39.5415 + 2031.36 = 2070.9 over 630 frames.
PN00F02U031 chhe panj ikk satt chhe do chhe 
LOG (lattice-best-path[5.3]:main():lattice-best-path.cc:99) For utterance PN00F02U032, best cost 37.8085 + 1885.53 = 1923.34 over 629 frames.
PN00F02U032 chhe tinn satt ikk athth tinn athth 
LOG (lattice-best-path[5.3]:main():lattice-best-path.cc:99) For utterance PN00F02U033, best cost 38.5819 + 1952.16 = 1990.74 over 630 frames.
PN00F02U033 athth naun chaar naun panj do ikk 
LOG (lattice-best-path[5.3]:main():lattice-best-path.cc:99) For utterance PN00F02U034, best cost 38.2994 + 1976.72 = 2015.02 over 630 frames.
PN00F02U034 ikk naun satt do satt panj tinn 
LOG (lattice-best-path[5.3]:main():lattice-best-path.cc:99) For utterance PN00F02U035, best cost 38.5097 + 1971.64 = 2010.15 over 630 frames.
PN00F02U035 tinn naun athth satt tinn ikk do 
LOG (lattice-best-path[5.3]:main():lattice-best-path.cc:99) For utterance PN00F02U036, best cost 41.305 + 2060.37 = 2101.68 over 630 frames.
PN00F02U036 do do athth chaar do naun sifar 
LOG (lattice-best-path[5.3]:main():lattice-best-path.cc:99) For utterance PN00F02U037, best cost 39.8618 + 1936.87 = 1976.73 over 655 frames.
PN00F02U037 sifar ikk do tinn do tinn tinn 
LOG (lattice-best-path[5.3]:main():lattice-best-path.cc:99) For utterance PN00F02U038, best cost 43.1646 + 1899.07 = 1942.23 over 630 frames.
PN00F02U038 tinn chaar tinn chaar chaar panj panj 
LOG (lattice-best-path[5.3]:main():lattice-best-path.cc:99) For utterance PN00F02U039, best cost 41.2552 + 1947.54 = 1988.79 over 629 frames.
PN00F02U039 panj chhe chaar panj chhe chhe satt 
LOG (lattice-best-path[5.3]:main():lattice-best-path.cc:99) For utterance PN00F02U040, best cost 41.8013 + 1840.54 = 1882.34 over 629 frames.
PN00F02U040 satt athth chhe satt ikk do chaar 
LOG (lattice-best-path[5.3]:main():lattice-best-path.cc:99) For utterance PN00F02U041, best cost 40.0396 + 2049.03 = 2089.07 over 630 frames.
PN00F02U041 sifar naun sifar ikk do tinn chaar 
LOG (lattice-best-path[5.3]:main():lattice-best-path.cc:99) For utterance PN00F02U042, best cost 40.4949 + 2019.08 = 2059.58 over 648 frames.
PN00F02U042 chaar panj chhe satt athth naun athth 
LOG (lattice-best-path[5.3]:main():lattice-best-path.cc:99) For utterance PN00F02U043, best cost 39.2929 + 1981.16 = 2020.45 over 630 frames.
PN00F02U043 athth sifar do chaar chhe athth satt 
LOG (lattice-best-path[5.3]:main():lattice-best-path.cc:99) For utterance PN00F02U044, best cost 40.2629 + 1880.83 = 1921.1 over 630 frames.
PN00F02U044 satt sifar tinn panj satt naun chhe 
LOG (lattice-best-path[5.3]:main():lattice-best-path.cc:99) For utterance PN00F02U045, best cost 42.2808 + 2058.89 = 2101.17 over 630 frames.
PN00F02U045 chhe sifar chaar satt panj sifar panj 
LOG (lattice-best-path[5.3]:main():lattice-best-path.cc:99) For utterance PN00F02U046, best cost 42.8223 + 1885.64 = 1928.46 over 630 frames.
PN00F02U046 panj athth chaar sifar chhe naun tinn 
LOG (lattice-best-path[5.3]:main():lattice-best-path.cc:99) For utterance PN00F02U047, best cost 42.5556 + 1944.69 = 1987.25 over 630 frames.
PN00F02U047 tinn sifar satt do sifar athth ikk 
LOG (lattice-best-path[5.3]:main():lattice-best-path.cc:99) For utterance PN00F02U048, best cost 42.7439 + 1909.49 = 1952.23 over 630 frames.
PN00F02U048 ikk sifar sifar ikk naun ikk tinn 
LOG (lattice-best-path[5.3]:main():lattice-best-path.cc:99) For utterance PN00F02U049, best cost 39.0348 + 1942.55 = 1981.59 over 630 frames.
PN00F02U049 tinn chhe ikk chaar athth do panj 
LOG (lattice-best-path[5.3]:main():lattice-best-path.cc:99) For utterance PN00F02U050, best cost 39.8435 + 1897.67 = 1937.51 over 629 frames.
PN00F02U050 panj naun do chhe panj ikk panj 
LOG (lattice-best-path[5.3]:main():lattice-best-path.cc:99) For utterance PN00F02U051, best cost 38.438 + 1898.27 = 1936.7 over 630 frames.
PN00F02U051 panj chaar ikk chhe tinn ikk satt 
LOG (lattice-best-path[5.3]:main():lattice-best-path.cc:99) For utterance PN00F02U052, best cost 38.5315 + 1893.4 = 1931.94 over 629 frames.
PN00F02U052 satt ikk athth tinn satt tinn athth 
LOG (lattice-best-path[5.3]:main():lattice-best-path.cc:99) For utterance PN00F02U053, best cost 38.3141 + 1835.91 = 1874.23 over 630 frames.
PN00F02U053 athth naun naun chaar naun panj do 
LOG (lattice-best-path[5.3]:main():lattice-best-path.cc:99) For utterance PN00F02U054, best cost 39.8836 + 1963.83 = 2003.71 over 630 frames.
PN00F02U054 do satt chhe do athth panj tinn 
LOG (lattice-best-path[5.3]:main():lattice-best-path.cc:99) For utterance PN00F02U055, best cost 39.1378 + 1944.43 = 1983.57 over 630 frames.
PN00F02U055 tinn naun satt chaar do ikk ikk 
LOG (lattice-best-path[5.3]:main():lattice-best-path.cc:99) For utterance PN00F02U056, best cost 42.4974 + 1947.27 = 1989.77 over 656 frames.
PN00F02U056 ikk do naun sifar ikk do do 
LOG (lattice-best-path[5.3]:main():lattice-best-path.cc:99) For utterance PN00F02U057, best cost 41.4351 + 1826.97 = 1868.41 over 629 frames.
PN00F02U057 do tinn do tinn tinn chaar tinn 
LOG (lattice-best-path[5.3]:main():lattice-best-path.cc:99) For utterance PN00F02U058, best cost 41.7577 + 1979.09 = 2020.85 over 630 frames.
PN00F02U058 tinn chaar chaar panj panj chhe chaar 
LOG (lattice-best-path[5.3]:main():lattice-best-path.cc:99) For utterance PN00F02U059, best cost 44.4478 + 2044.04 = 2088.49 over 629 frames.
PN00F02U059 athth athth athth sifar sifar sifar sifar 
LOG (lattice-best-path[5.3]:main():lattice-best-path.cc:99) For utterance PN00F02U060, best cost 39.903 + 1939.83 = 1979.74 over 629 frames.
PN00F02U060 athth chhe satt athth athth naun sifar 
LOG (lattice-best-path[5.3]:main():lattice-best-path.cc:99) For utterance PN00F02U061, best cost 38.7307 + 2036.3 = 2075.03 over 630 frames.
PN00F02U061 sifar naun naun athth satt chhe panj 
LOG (lattice-best-path[5.3]:main():lattice-best-path.cc:99) For utterance PN00F02U062, best cost 39.1752 + 1902.08 = 1941.26 over 630 frames.
PN00F02U062 panj chaar tinn do ikk sifar athth 
LOG (lattice-best-path[5.3]:main():lattice-best-path.cc:99) For utterance PN00F02U063, best cost 37.8551 + 1862.11 = 1899.96 over 629 frames.
PN00F02U063 athth naun satt panj tinn ikk satt 
LOG (lattice-best-path[5.3]:main():lattice-best-path.cc:99) For utterance PN00F02U064, best cost 38.7018 + 1921.86 = 1960.56 over 630 frames.
PN00F02U064 satt naun chhe chaar do sifar chhe 
LOG (lattice-best-path[5.3]:main():lattice-best-path.cc:99) For utterance PN00F02U065, best cost 39.3628 + 1840.32 = 1879.68 over 630 frames.
PN00F02U065 chhe naun panj do panj naun chaar 
LOG (lattice-best-path[5.3]:main():lattice-best-path.cc:99) For utterance PN00F02U066, best cost 41.3174 + 1879.9 = 1921.21 over 630 frames.
PN00F02U066 chaar ikk chaar naun tinn sifar tinn 
LOG (lattice-best-path[5.3]:main():lattice-best-path.cc:99) For utterance PN00F02U067, best cost 39.5223 + 1820.15 = 1859.68 over 630 frames.
PN00F02U067 tinn naun do do naun ikk ikk 
LOG (lattice-best-path[5.3]:main():lattice-best-path.cc:99) For utterance PN00F02U068, best cost 43.4064 + 2069.65 = 2113.06 over 629 frames.
PN00F02U068 ikk naun sifar sifar satt chaar sifar 
LOG (lattice-best-path[5.3]:main():lattice-best-path.cc:99) For utterance PN00F02U069, best cost 36.9103 + 2007.77 = 2044.68 over 630 frames.
PN00F02U069 sifar ikk athth chhe tinn athth 
LOG (lattice-best-path[5.3]:main():lattice-best-path.cc:99) For utterance PN00F02U070, best cost 38.6555 + 1965.86 = 2004.51 over 656 frames.
PN00F02U070 athth panj ikk chhe do chhe athth 
LOG (lattice-best-path[5.3]:main():lattice-best-path.cc:99) For utterance PN00F02U071, best cost 44.4437 + 1926.93 = 1971.37 over 630 frames.
PN00F02U071 athth chaar panj athth tinn chaar athth 
LOG (lattice-best-path[5.3]:main():lattice-best-path.cc:99) For utterance PN00F02U072, best cost 39.8764 + 1883.97 = 1923.84 over 630 frames.
PN00F02U072 athth do tinn satt tinn chhe ikk 
LOG (lattice-best-path[5.3]:main():lattice-best-path.cc:99) For utterance PN00F02U073, best cost 42.1617 + 1914.05 = 1956.21 over 630 frames.
PN00F02U073 ikk panj sifar panj chhe satt do 
LOG (lattice-best-path[5.3]:main():lattice-best-path.cc:99) For utterance PN00F02U074, best cost 42.4478 + 1902.3 = 1944.74 over 630 frames.
PN00F02U074 do athth ikk tinn panj panj satt 
LOG (lattice-best-path[5.3]:main():lattice-best-path.cc:99) For utterance PN00F02U075, best cost 40.5442 + 1899.56 = 1940.11 over 630 frames.
PN00F02U075 satt ikk do satt sifar do chaar 
LOG (lattice-best-path[5.3]:main():lattice-best-path.cc:99) For utterance PN00F02U076, best cost 40.847 + 1959.2 = 2000.04 over 629 frames.
PN00F02U076 chaar satt athth sifar ikk do tinn 
LOG (lattice-best-path[5.3]:main():lattice-best-path.cc:99) For utterance PN00F02U077, best cost 41.7158 + 1927.03 = 1968.74 over 630 frames.
PN00F02U077 tinn tinn chaar chhe sifar chaar chaar 
LOG (lattice-best-path[5.3]:main():lattice-best-path.cc:99) For utterance PN00F02U078, best cost 40.1441 + 1859.03 = 1899.17 over 629 frames.
PN00F02U078 chaar panj chhe chhe satt satt athth 
LOG (lattice-best-path[5.3]:main():lattice-best-path.cc:99) For utterance PN00F02U079, best cost 40.4491 + 1827.21 = 1867.65 over 629 frames.
PN00F02U079 naun naun ikk tinn panj satt naun 
LOG (lattice-best-path[5.3]:main():lattice-best-path.cc:99) For utterance PN00F02U080, best cost 45.9441 + 1974.03 = 2019.98 over 629 frames.
PN00F02U080 do chhe naun ikk do chaar tinn 
LOG (lattice-best-path[5.3]:main():lattice-best-path.cc:99) For utterance PN00F04U001, best cost 35.5058 + 2031.35 = 2066.86 over 630 frames.
PN00F04U001 sifar sifar naun athth satt chhe panj 
LOG (lattice-best-path[5.3]:main():lattice-best-path.cc:99) For utterance PN00F04U002, best cost 33.7276 + 1849.38 = 1883.1 over 630 frames.
PN00F04U002 panj chaar tinn do ikk sifar ikk 
LOG (lattice-best-path[5.3]:main():lattice-best-path.cc:99) For utterance PN00F04U003, best cost 33.9216 + 1922.54 = 1956.46 over 630 frames.
PN00F04U003 ikk naun satt panj tinn ikk do 
LOG (lattice-best-path[5.3]:main():lattice-best-path.cc:99) For utterance PN00F04U004, best cost 35.243 + 1893.77 = 1929.01 over 629 frames.
PN00F04U004 do naun chhe chaar do sifar tinn 
LOG (lattice-best-path[5.3]:main():lattice-best-path.cc:99) For utterance PN00F04U005, best cost 34.2467 + 1887.01 = 1921.26 over 630 frames.
PN00F04U005 tinn naun panj do chaar naun chaar 
LOG (lattice-best-path[5.3]:main():lattice-best-path.cc:99) For utterance PN00F04U006, best cost 36.2603 + 2081.97 = 2118.23 over 630 frames.
PN00F04U006 chaar ikk panj naun tinn sifar chhe 
LOG (lattice-best-path[5.3]:main():lattice-best-path.cc:99) For utterance PN00F04U007, best cost 36.8093 + 1883.44 = 1920.25 over 630 frames.
PN00F04U007 chhe naun do satt naun ikk athth 
LOG (lattice-best-path[5.3]:main():lattice-best-path.cc:99) For utterance PN00F04U008, best cost 36.778 + 1883.11 = 1919.89 over 629 frames.
PN00F04U008 athth naun sifar athth chhe tinn chaar 
LOG (lattice-best-path[5.3]:main():lattice-best-path.cc:99) For utterance PN00F04U009, best cost 38.0204 + 1929.91 = 1967.93 over 630 frames.
PN00F04U009 chaar sifar satt chaar athth panj ikk 
LOG (lattice-best-path[5.3]:main():lattice-best-path.cc:99) For utterance PN00F04U010, best cost 38.603 + 1941.9 = 1980.5 over 630 frames.
PN00F04U010 ikk satt tinn tinn athth chaar chaar 
LOG (lattice-best-path[5.3]:main():lattice-best-path.cc:99) For utterance PN00F04U011, best cost 36.801 + 2008.09 = 2044.89 over 629 frames.
PN00F04U011 chhe satt do panj athth tinn chhe 
LOG (lattice-best-path[5.3]:main():lattice-best-path.cc:99) For utterance PN00F04U012, best cost 33.5957 + 1839.54 = 1873.14 over 630 frames.
PN00F04U012 chhe athth do athth ikk chhe do 
LOG (lattice-best-path[5.3]:main():lattice-best-path.cc:99) For utterance PN00F04U013, best cost 34.6119 + 1906.08 = 1940.69 over 630 frames.
PN00F04U013 do chhe ikk do tinn satt ikk 
LOG (lattice-best-path[5.3]:main():lattice-best-path.cc:99) For utterance PN00F04U014, best cost 38.2416 + 1859.05 = 1897.29 over 630 frames.
PN00F04U014 ikk chaar chhe sifar chaar panj sifar 
LOG (lattice-best-path[5.3]:main():lattice-best-path.cc:99) For utterance PN00F04U015, best cost 39.0126 + 1816.27 = 1855.28 over 630 frames.
PN00F04U015 sifar panj satt sifar do do tinn 
LOG (lattice-best-path[5.3]:main():lattice-best-path.cc:99) For utterance PN00F04U016, best cost 36.2627 + 1791.69 = 1827.95 over 629 frames.
PN00F04U016 tinn panj chhe satt athth sifar ikk 
LOG (lattice-best-path[5.3]:main():lattice-best-path.cc:99) For utterance PN00F04U017, best cost 36.4953 + 1839.77 = 1876.27 over 630 frames.
PN00F04U017 ikk tinn chaar panj panj chhe chhe 
LOG (lattice-best-path[5.3]:main():lattice-best-path.cc:99) For utterance PN00F04U018, best cost 34.9863 + 1755.65 = 1790.64 over 630 frames.
PN00F04U018 chhe satt satt athth athth naun naun 
LOG (lattice-best-path[5.3]:main():lattice-best-path.cc:99) For utterance PN00F04U019, best cost 37.4919 + 1830.95 = 1868.44 over 630 frames.
PN00F04U019 naun sifar ikk ikk do ikk satt 
LOG (lattice-best-path[5.3]:main():lattice-best-path.cc:99) For utterance PN00F04U020, best cost 34.4184 + 1740.41 = 1774.83 over 630 frames.
PN00F04U020 satt naun ikk tinn panj satt naun 
LOG (lattice-best-path[5.3]:main():lattice-best-path.cc:99) For utterance PN00F04U021, best cost 38.4933 + 1871.73 = 1910.22 over 630 frames.
PN00F04U021 sifar sifar ikk do tinn chaar panj 
LOG (lattice-best-path[5.3]:main():lattice-best-path.cc:99) For utterance PN00F04U022, best cost 37.8443 + 1885.4 = 1923.24 over 630 frames.
PN00F04U022 panj chhe satt athth naun ikk sifar 
LOG (lattice-best-path[5.3]:main():lattice-best-path.cc:99) For utterance PN00F04U023, best cost 35.8251 + 1848 = 1883.83 over 629 frames.
PN00F04U023 sifar do chaar chhe athth do sifar 
LOG (lattice-best-path[5.3]:main():lattice-best-path.cc:99) For utterance PN00F04U024, best cost 37.1482 + 1942.55 = 1979.7 over 630 frames.
PN00F04U024 sifar tinn panj satt naun tinn sifar 
LOG (lattice-best-path[5.3]:main():lattice-best-path.cc:99) For utterance PN00F04U025, best cost 38.3483 + 1959.06 = 1997.41 over 630 frames.
PN00F04U025 sifar chaar satt chaar sifar panj athth 
LOG (lattice-best-path[5.3]:main():lattice-best-path.cc:99) For utterance PN00F04U026, best cost 37.8672 + 2010.01 = 2047.88 over 630 frames.
PN00F04U026 athth panj sifar chhe naun chhe sifar 
LOG (lattice-best-path[5.3]:main():lattice-best-path.cc:99) For utterance PN00F04U027, best cost 39.6164 + 2082.2 = 2121.82 over 630 frames.
PN00F04U027 sifar satt satt sifar athth athth sifar 
LOG (lattice-best-path[5.3]:main():lattice-best-path.cc:99) For utterance PN00F04U028, best cost 36.229 + 1898.44 = 1934.66 over 630 frames.
PN00F04U028 sifar naun naun sifar ikk ikk tinn 
LOG (lattice-best-path[5.3]:main():lattice-best-path.cc:99) For utterance PN00F04U029, best cost 33.4498 + 1870.02 = 1903.47 over 630 frames.
PN00F04U029 tinn chhe ikk chaar athth ikk panj 
LOG (lattice-best-path[5.3]:main():lattice-best-path.cc:99) For utterance PN00F04U030, best cost 35.6323 + 1816.87 = 1852.5 over 630 frames.
PN00F04U030 panj naun do panj chaar ikk chhe 
LOG (lattice-best-path[5.3]:main():lattice-best-path.cc:99) For utterance PN00F04U031, best cost 34.445 + 1890.76 = 1925.21 over 629 frames.
PN00F04U031 chhe panj ikk satt chhe do chhe 
LOG (lattice-best-path[5.3]:main():lattice-best-path.cc:99) For utterance PN00F04U032, best cost 35.0476 + 1882.46 = 1917.5 over 630 frames.
PN00F04U032 chhe tinn satt ikk athth tinn athth 
LOG (lattice-best-path[5.3]:main():lattice-best-path.cc:99) For utterance PN00F04U033, best cost 33.2843 + 1713.17 = 1746.45 over 630 frames.
PN00F04U033 athth naun chaar naun panj do ikk 
LOG (lattice-best-path[5.3]:main():lattice-best-path.cc:99) For utterance PN00F04U034, best cost 34.7531 + 1765.98 = 1800.73 over 630 frames.
PN00F04U034 ikk naun satt do satt panj tinn 
LOG (lattice-best-path[5.3]:main():lattice-best-path.cc:99) For utterance PN00F04U035, best cost 33.8816 + 1814.6 = 1848.48 over 630 frames.
PN00F04U035 tinn naun athth satt tinn ikk do 
LOG (lattice-best-path[5.3]:main():lattice-best-path.cc:99) For utterance PN00F04U036, best cost 37.3495 + 1777.06 = 1814.41 over 630 frames.
PN00F04U036 do do athth chaar do naun sifar 
LOG (lattice-best-path[5.3]:main():lattice-best-path.cc:99) For utterance PN00F04U037, best cost 36.8593 + 1891.94 = 1928.8 over 630 frames.
PN00F04U037 sifar ikk do tinn do tinn tinn 
LOG (lattice-best-path[5.3]:main():lattice-best-path.cc:99) For utterance PN00F04U038, best cost 37.8758 + 1778.25 = 1816.12 over 630 frames.
PN00F04U038 tinn chaar tinn chaar chaar panj panj 
LOG (lattice-best-path[5.3]:main():lattice-best-path.cc:99) For utterance PN00F04U039, best cost 35.18 + 1869.32 = 1904.5 over 630 frames.
PN00F04U039 panj chhe chaar panj chhe chhe satt 
LOG (lattice-best-path[5.3]:main():lattice-best-path.cc:99) For utterance PN00F04U040, best cost 37.3111 + 1802.17 = 1839.48 over 629 frames.
PN00F04U040 satt athth chhe satt ikk do chaar 
LOG (lattice-best-path[5.3]:main():lattice-best-path.cc:99) For utterance PN00F04U041, best cost 36.878 + 1904.68 = 1941.56 over 630 frames.
PN00F04U041 sifar naun sifar ikk do tinn chaar 
LOG (lattice-best-path[5.3]:main():lattice-best-path.cc:99) For utterance PN00F04U042, best cost 35.5306 + 1809.39 = 1844.92 over 630 frames.
PN00F04U042 chaar panj chhe satt athth naun athth 
LOG (lattice-best-path[5.3]:main():lattice-best-path.cc:99) For utterance PN00F04U043, best cost 35.8028 + 1839.95 = 1875.76 over 630 frames.
PN00F04U043 athth sifar do chaar chhe athth satt 
LOG (lattice-best-path[5.3]:main():lattice-best-path.cc:99) For utterance PN00F04U044, best cost 36.7583 + 2070.37 = 2107.13 over 630 frames.
PN00F04U044 satt sifar tinn panj satt naun chhe 
LOG (lattice-best-path[5.3]:main():lattice-best-path.cc:99) For utterance PN00F04U045, best cost 36.6688 + 1932.87 = 1969.54 over 630 frames.
PN00F04U045 chhe sifar chaar satt panj sifar panj 
LOG (lattice-best-path[5.3]:main():lattice-best-path.cc:99) For utterance PN00F04U046, best cost 37.086 + 1867.67 = 1904.75 over 630 frames.
PN00F04U046 panj athth chaar sifar chhe naun tinn 
LOG (lattice-best-path[5.3]:main():lattice-best-path.cc:99) For utterance PN00F04U047, best cost 38.0191 + 1921.19 = 1959.2 over 630 frames.
PN00F04U047 tinn sifar satt do sifar athth ikk 
LOG (lattice-best-path[5.3]:main():lattice-best-path.cc:99) For utterance PN00F04U048, best cost 39.9131 + 2009.5 = 2049.42 over 630 frames.
PN00F04U048 ikk sifar sifar ikk naun ikk tinn 
LOG (lattice-best-path[5.3]:main():lattice-best-path.cc:99) For utterance PN00F04U049, best cost 33.7156 + 1729.58 = 1763.29 over 630 frames.
PN00F04U049 tinn chhe ikk chaar athth do panj 
LOG (lattice-best-path[5.3]:main():lattice-best-path.cc:99) For utterance PN00F04U050, best cost 36.0456 + 1806.58 = 1842.62 over 630 frames.
PN00F04U050 panj naun do chhe panj ikk panj 
LOG (lattice-best-path[5.3]:main():lattice-best-path.cc:99) For utterance PN00F04U051, best cost 33.9145 + 1852.08 = 1886 over 630 frames.
PN00F04U051 panj chaar ikk chhe tinn ikk satt 
LOG (lattice-best-path[5.3]:main():lattice-best-path.cc:99) For utterance PN00F04U052, best cost 35.105 + 1858.95 = 1894.05 over 630 frames.
PN00F04U052 satt ikk athth tinn satt tinn athth 
LOG (lattice-best-path[5.3]:main():lattice-best-path.cc:99) For utterance PN00F04U053, best cost 33.1237 + 1637.13 = 1670.26 over 630 frames.
PN00F04U053 athth naun naun chaar naun panj do 
LOG (lattice-best-path[5.3]:main():lattice-best-path.cc:99) For utterance PN00F04U054, best cost 34.9236 + 1718.35 = 1753.27 over 630 frames.
PN00F04U054 do satt chhe do athth panj tinn 
LOG (lattice-best-path[5.3]:main():lattice-best-path.cc:99) For utterance PN00F04U055, best cost 35.3775 + 1735.53 = 1770.9 over 630 frames.
PN00F04U055 tinn naun satt chaar do ikk ikk 
LOG (lattice-best-path[5.3]:main():lattice-best-path.cc:99) For utterance PN00F04U056, best cost 36.3283 + 1654.61 = 1690.94 over 630 frames.
PN00F04U056 ikk do naun sifar ikk do do 
LOG (lattice-best-path[5.3]:main():lattice-best-path.cc:99) For utterance PN00F04U057, best cost 36.4563 + 1705.44 = 1741.9 over 630 frames.
PN00F04U057 do tinn do tinn tinn chaar tinn 
LOG (lattice-best-path[5.3]:main():lattice-best-path.cc:99) For utterance PN00F04U058, best cost 36.2863 + 1688.17 = 1724.45 over 630 frames.
PN00F04U058 tinn chaar chaar panj panj chhe chaar 
LOG (lattice-best-path[5.3]:main():lattice-best-path.cc:99) For utterance PN00F04U059, best cost 39.5367 + 1885.34 = 1924.87 over 630 frames.
PN00F04U059 athth athth athth sifar sifar sifar sifar 
LOG (lattice-best-path[5.3]:main():lattice-best-path.cc:99) For utterance PN00F04U060, best cost 35.7306 + 1735.09 = 1770.83 over 630 frames.
PN00F04U060 athth chhe satt athth athth naun sifar 
LOG (lattice-best-path[5.3]:main():lattice-best-path.cc:99) For utterance PN00F04U061, best cost 33.1661 + 1743.08 = 1776.25 over 630 frames.
PN00F04U061 sifar naun naun athth satt chhe panj 
LOG (lattice-best-path[5.3]:main():lattice-best-path.cc:99) For utterance PN00F04U062, best cost 34.1035 + 1751.17 = 1785.27 over 629 frames.
PN00F04U062 panj chaar tinn do ikk sifar athth 
LOG (lattice-best-path[5.3]:main():lattice-best-path.cc:99) For utterance PN00F04U063, best cost 32.8381 + 1773.71 = 1806.55 over 630 frames.
PN00F04U063 athth naun satt panj tinn ikk satt 
LOG (lattice-best-path[5.3]:main():lattice-best-path.cc:99) For utterance PN00F04U064, best cost 33.3298 + 1773.17 = 1806.5 over 630 frames.
PN00F04U064 satt naun chhe chaar do sifar chhe 
LOG (lattice-best-path[5.3]:main():lattice-best-path.cc:99) For utterance PN00F04U065, best cost 34.8307 + 1649.95 = 1684.78 over 630 frames.
PN00F04U065 chhe naun panj do panj naun chaar 
LOG (lattice-best-path[5.3]:main():lattice-best-path.cc:99) For utterance PN00F04U066, best cost 35.4978 + 1786.74 = 1822.24 over 630 frames.
PN00F04U066 chaar ikk chaar naun tinn sifar tinn 
LOG (lattice-best-path[5.3]:main():lattice-best-path.cc:99) For utterance PN00F04U067, best cost 34.5825 + 1575.2 = 1609.79 over 630 frames.
PN00F04U067 tinn naun do do naun ikk ikk 
LOG (lattice-best-path[5.3]:main():lattice-best-path.cc:99) For utterance PN00F04U068, best cost 36.7969 + 1842.85 = 1879.65 over 630 frames.
PN00F04U068 ikk naun sifar sifar satt chaar sifar 
LOG (lattice-best-path[5.3]:main():lattice-best-path.cc:99) For utterance PN00F04U069, best cost 32.9453 + 1851.94 = 1884.89 over 630 frames.
PN00F04U069 sifar ikk athth chhe tinn athth 
LOG (lattice-best-path[5.3]:main():lattice-best-path.cc:99) For utterance PN00F04U070, best cost 33.8033 + 1686.6 = 1720.4 over 629 frames.
PN00F04U070 athth panj ikk chhe do chhe athth 
LOG (lattice-best-path[5.3]:main():lattice-best-path.cc:99) For utterance PN00F04U071, best cost 38.3857 + 1846.16 = 1884.55 over 629 frames.
PN00F04U071 athth chaar panj athth tinn chaar athth 
LOG (lattice-best-path[5.3]:main():lattice-best-path.cc:99) For utterance PN00F04U072, best cost 34.3416 + 1683.63 = 1717.97 over 630 frames.
PN00F04U072 athth do tinn satt tinn chhe ikk 
LOG (lattice-best-path[5.3]:main():lattice-best-path.cc:99) For utterance PN00F04U073, best cost 37.6144 + 1872.1 = 1909.72 over 630 frames.
PN00F04U073 ikk panj sifar panj chhe satt do 
LOG (lattice-best-path[5.3]:main():lattice-best-path.cc:99) For utterance PN00F04U074, best cost 37.8024 + 1756.21 = 1794.01 over 629 frames.
PN00F04U074 do athth ikk tinn panj panj satt 
LOG (lattice-best-path[5.3]:main():lattice-best-path.cc:99) For utterance PN00F04U075, best cost 35.935 + 1780.5 = 1816.43 over 630 frames.
PN00F04U075 satt ikk do satt sifar do chaar 
LOG (lattice-best-path[5.3]:main():lattice-best-path.cc:99) For utterance PN00F04U076, best cost 35.5051 + 1669.26 = 1704.77 over 630 frames.
PN00F04U076 chaar satt athth sifar ikk do tinn 
LOG (lattice-best-path[5.3]:main():lattice-best-path.cc:99) For utterance PN00F04U077, best cost 35.1852 + 1813.55 = 1848.74 over 630 frames.
PN00F04U077 tinn tinn chaar chhe sifar chaar chaar 
LOG (lattice-best-path[5.3]:main():lattice-best-path.cc:99) For utterance PN00F04U078, best cost 34.8958 + 1839.76 = 1874.66 over 630 frames.
PN00F04U078 chaar panj chhe chhe satt satt athth 
LOG (lattice-best-path[5.3]:main():lattice-best-path.cc:99) For utterance PN00F04U079, best cost 34.3336 + 1647.07 = 1681.4 over 630 frames.
PN00F04U079 naun naun ikk tinn panj satt naun 
LOG (lattice-best-path[5.3]:main():lattice-best-path.cc:99) For utterance PN00F04U080, best cost 36.7231 + 1670.44 = 1707.17 over 630 frames.
PN00F04U080 do chhe naun ikk do chaar tinn 
LOG (lattice-best-path[5.3]:main():lattice-best-path.cc:99) For utterance PN00M01U001, best cost 39.487 + 2100.06 = 2139.55 over 630 frames.
PN00M01U001 sifar sifar naun athth satt chhe panj 
LOG (lattice-best-path[5.3]:main():lattice-best-path.cc:99) For utterance PN00M01U002, best cost 35.4143 + 1877.62 = 1913.03 over 630 frames.
PN00M01U002 panj chaar tinn do ikk sifar ikk 
LOG (lattice-best-path[5.3]:main():lattice-best-path.cc:99) For utterance PN00M01U003, best cost 34.7735 + 1907.45 = 1942.23 over 630 frames.
PN00M01U003 ikk naun satt panj tinn ikk do 
LOG (lattice-best-path[5.3]:main():lattice-best-path.cc:99) For utterance PN00M01U004, best cost 35.0243 + 1781.59 = 1816.61 over 630 frames.
PN00M01U004 do naun chhe chaar do sifar tinn 
LOG (lattice-best-path[5.3]:main():lattice-best-path.cc:99) For utterance PN00M01U005, best cost 35.4096 + 1745.09 = 1780.5 over 630 frames.
PN00M01U005 tinn naun panj do chaar naun chaar 
LOG (lattice-best-path[5.3]:main():lattice-best-path.cc:99) For utterance PN00M01U006, best cost 36.443 + 1851.32 = 1887.76 over 630 frames.
PN00M01U006 chaar ikk panj naun tinn sifar chhe 
LOG (lattice-best-path[5.3]:main():lattice-best-path.cc:99) For utterance PN00M01U007, best cost 37.2488 + 1941.18 = 1978.43 over 629 frames.
PN00M01U007 chhe naun do satt naun ikk athth 
LOG (lattice-best-path[5.3]:main():lattice-best-path.cc:99) For utterance PN00M01U008, best cost 37.4702 + 1928.04 = 1965.51 over 630 frames.
PN00M01U008 athth naun sifar athth chhe tinn chaar 
LOG (lattice-best-path[5.3]:main():lattice-best-path.cc:99) For utterance PN00M01U009, best cost 38.9018 + 2052.35 = 2091.25 over 630 frames.
PN00M01U009 chaar sifar satt chaar athth panj ikk 
LOG (lattice-best-path[5.3]:main():lattice-best-path.cc:99) For utterance PN00M01U010, best cost 38.9394 + 1984.68 = 2023.61 over 630 frames.
PN00M01U010 ikk satt tinn tinn athth chaar chaar 
LOG (lattice-best-path[5.3]:main():lattice-best-path.cc:99) For utterance PN00M01U011, best cost 41.3972 + 1912.96 = 1954.35 over 577 frames.
PN00M01U011 chaar satt do panj athth tinn chhe 
LOG (lattice-best-path[5.3]:main():lattice-best-path.cc:99) For utterance PN00M01U012, best cost 32.6752 + 2055.22 = 2087.9 over 630 frames.
PN00M01U012 chhe athth do athth ikk chhe do 
LOG (lattice-best-path[5.3]:main():lattice-best-path.cc:99) For utterance PN00M01U013, best cost 38.3443 + 2111.31 = 2149.66 over 630 frames.
PN00M01U013 do chhe ikk do tinn satt ikk 
LOG (lattice-best-path[5.3]:main():lattice-best-path.cc:99) For utterance PN00M01U014, best cost 36.6566 + 2100.59 = 2137.25 over 630 frames.
PN00M01U014 ikk chaar chhe sifar chaar panj sifar 
LOG (lattice-best-path[5.3]:main():lattice-best-path.cc:99) For utterance PN00M01U015, best cost 39.4514 + 2078.05 = 2117.5 over 630 frames.
PN00M01U015 sifar panj satt sifar do do tinn 
LOG (lattice-best-path[5.3]:main():lattice-best-path.cc:99) For utterance PN00M01U016, best cost 36.9237 + 2039.06 = 2075.98 over 630 frames.
PN00M01U016 tinn panj chhe satt athth sifar ikk 
LOG (lattice-best-path[5.3]:main():lattice-best-path.cc:99) For utterance PN00M01U017, best cost 37.7155 + 1958.62 = 1996.33 over 630 frames.
PN00M01U017 ikk tinn chaar panj panj chhe chhe 
LOG (lattice-best-path[5.3]:main():lattice-best-path.cc:99) For utterance PN00M01U018, best cost 33.9712 + 1962.92 = 1996.89 over 630 frames.
PN00M01U018 chhe satt satt athth athth naun naun 
LOG (lattice-best-path[5.3]:main():lattice-best-path.cc:99) For utterance PN00M01U019, best cost 38.4629 + 2048.5 = 2086.96 over 630 frames.
PN00M01U019 naun sifar ikk ikk do ikk satt 
LOG (lattice-best-path[5.3]:main():lattice-best-path.cc:99) For utterance PN00M01U020, best cost 34.5655 + 2014.48 = 2049.04 over 630 frames.
PN00M01U020 satt naun ikk tinn panj satt naun 
LOG (lattice-best-path[5.3]:main():lattice-best-path.cc:99) For utterance PN00M01U021, best cost 38.2368 + 2120.86 = 2159.1 over 630 frames.
PN00M01U021 sifar sifar ikk do tinn chaar panj 
LOG (lattice-best-path[5.3]:main():lattice-best-path.cc:99) For utterance PN00M01U022, best cost 39.9316 + 2019.73 = 2059.67 over 655 frames.
PN00M01U022 panj chhe satt athth naun ikk sifar 
LOG (lattice-best-path[5.3]:main():lattice-best-path.cc:99) For utterance PN00M01U023, best cost 35.8354 + 1956.27 = 1992.1 over 629 frames.
PN00M01U023 sifar do chaar chhe athth do sifar 
LOG (lattice-best-path[5.3]:main():lattice-best-path.cc:99) For utterance PN00M01U024, best cost 37.2759 + 2036.92 = 2074.19 over 630 frames.
PN00M01U024 sifar tinn panj satt naun tinn sifar 
LOG (lattice-best-path[5.3]:main():lattice-best-path.cc:99) For utterance PN00M01U025, best cost 40.663 + 2174.1 = 2214.76 over 630 frames.
PN00M01U025 sifar chaar satt chaar sifar panj athth 
LOG (lattice-best-path[5.3]:main():lattice-best-path.cc:99) For utterance PN00M01U026, best cost 38.2458 + 1991.13 = 2029.37 over 630 frames.
PN00M01U026 athth panj sifar chhe naun chhe sifar 
LOG (lattice-best-path[5.3]:main():lattice-best-path.cc:99) For utterance PN00M01U027, best cost 40.0235 + 1998.81 = 2038.83 over 630 frames.
PN00M01U027 sifar satt satt sifar athth athth sifar 
LOG (lattice-best-path[5.3]:main():lattice-best-path.cc:99) For utterance PN00M01U028, best cost 36.6261 + 1991.17 = 2027.8 over 629 frames.
PN00M01U028 sifar naun naun sifar ikk ikk tinn 
LOG (lattice-best-path[5.3]:main():lattice-best-path.cc:99) For utterance PN00M01U029, best cost 34.6464 + 2035.55 = 2070.2 over 630 frames.
PN00M01U029 tinn chhe ikk chaar athth ikk panj 
LOG (lattice-best-path[5.3]:main():lattice-best-path.cc:99) For utterance PN00M01U030, best cost 35.3643 + 1955.76 = 1991.13 over 630 frames.
PN00M01U030 panj naun do panj chaar ikk chhe 
LOG (lattice-best-path[5.3]:main():lattice-best-path.cc:99) For utterance PN00M01U031, best cost 34.5739 + 1914.56 = 1949.14 over 629 frames.
PN00M01U031 chhe panj ikk satt chhe do chhe 
LOG (lattice-best-path[5.3]:main():lattice-best-path.cc:99) For utterance PN00M01U032, best cost 37.302 + 1995.26 = 2032.56 over 629 frames.
PN00M01U032 chhe tinn satt ikk athth tinn athth 
LOG (lattice-best-path[5.3]:main():lattice-best-path.cc:99) For utterance PN00M01U033, best cost 33.4875 + 1881.33 = 1914.82 over 656 frames.
PN00M01U033 athth naun chaar naun panj do ikk 
LOG (lattice-best-path[5.3]:main():lattice-best-path.cc:99) For utterance PN00M01U034, best cost 36.7012 + 1848.77 = 1885.47 over 630 frames.
PN00M01U034 ikk naun satt do satt panj tinn 
LOG (lattice-best-path[5.3]:main():lattice-best-path.cc:99) For utterance PN00M01U035, best cost 37.2078 + 1860.01 = 1897.22 over 630 frames.
PN00M01U035 tinn naun athth satt tinn ikk do 
LOG (lattice-best-path[5.3]:main():lattice-best-path.cc:99) For utterance PN00M01U036, best cost 38.4699 + 1905.2 = 1943.67 over 630 frames.
PN00M01U036 do do athth chaar do naun sifar 
LOG (lattice-best-path[5.3]:main():lattice-best-path.cc:99) For utterance PN00M01U037, best cost 37.7122 + 1944.87 = 1982.58 over 630 frames.
PN00M01U037 sifar ikk do tinn do tinn tinn 
LOG (lattice-best-path[5.3]:main():lattice-best-path.cc:99) For utterance PN00M01U038, best cost 39.0522 + 1881.71 = 1920.77 over 629 frames.
PN00M01U038 tinn chaar tinn chaar chaar panj panj 
LOG (lattice-best-path[5.3]:main():lattice-best-path.cc:99) For utterance PN00M01U039, best cost 39.5377 + 1957.17 = 1996.71 over 630 frames.
PN00M01U039 panj chhe chaar panj chhe chhe satt 
LOG (lattice-best-path[5.3]:main():lattice-best-path.cc:99) For utterance PN00M01U040, best cost 38.9464 + 1950.01 = 1988.95 over 630 frames.
PN00M01U040 satt athth chhe satt ikk do chaar 
LOG (lattice-best-path[5.3]:main():lattice-best-path.cc:99) For utterance PN00M01U041, best cost 39.1659 + 1979.63 = 2018.8 over 630 frames.
PN00M01U041 sifar naun sifar ikk do tinn chaar 
LOG (lattice-best-path[5.3]:main():lattice-best-path.cc:99) For utterance PN00M01U042, best cost 38.6351 + 1952.81 = 1991.44 over 630 frames.
PN00M01U042 chaar panj chhe satt athth naun athth 
LOG (lattice-best-path[5.3]:main():lattice-best-path.cc:99) For utterance PN00M01U043, best cost 37.5981 + 2049.9 = 2087.5 over 629 frames.
PN00M01U043 athth sifar do chaar chhe athth satt 
LOG (lattice-best-path[5.3]:main():lattice-best-path.cc:99) For utterance PN00M01U044, best cost 39.9422 + 2090.96 = 2130.91 over 656 frames.
PN00M01U044 satt sifar tinn panj satt naun chhe 
LOG (lattice-best-path[5.3]:main():lattice-best-path.cc:99) For utterance PN00M01U045, best cost 37.5378 + 2032.99 = 2070.53 over 630 frames.
PN00M01U045 chhe sifar chaar satt panj sifar panj 
LOG (lattice-best-path[5.3]:main():lattice-best-path.cc:99) For utterance PN00M01U046, best cost 38.6309 + 1980.36 = 2018.99 over 630 frames.
PN00M01U046 panj athth chaar sifar chhe naun tinn 
LOG (lattice-best-path[5.3]:main():lattice-best-path.cc:99) For utterance PN00M01U047, best cost 42.5311 + 2086.34 = 2128.87 over 630 frames.
PN00M01U047 tinn sifar satt do sifar athth ikk 
LOG (lattice-best-path[5.3]:main():lattice-best-path.cc:99) For utterance PN00M01U048, best cost 42.1715 + 2066 = 2108.17 over 630 frames.
PN00M01U048 ikk sifar sifar ikk naun ikk tinn 
LOG (lattice-best-path[5.3]:main():lattice-best-path.cc:99) For utterance PN00M01U049, best cost 36.6659 + 1932.86 = 1969.53 over 630 frames.
PN00M01U049 tinn chhe ikk chaar athth do panj 
LOG (lattice-best-path[5.3]:main():lattice-best-path.cc:99) For utterance PN00M01U050, best cost 36.4641 + 1889.6 = 1926.07 over 630 frames.
PN00M01U050 panj naun do chhe panj ikk panj 
LOG (lattice-best-path[5.3]:main():lattice-best-path.cc:99) For utterance PN00M01U051, best cost 35.1619 + 2000.8 = 2035.96 over 629 frames.
PN00M01U051 panj chaar ikk chhe tinn ikk satt 
LOG (lattice-best-path[5.3]:main():lattice-best-path.cc:99) For utterance PN00M01U052, best cost 37.9552 + 2074.57 = 2112.53 over 630 frames.
PN00M01U052 satt ikk athth tinn satt tinn athth 
LOG (lattice-best-path[5.3]:main():lattice-best-path.cc:99) For utterance PN00M01U053, best cost 33.3454 + 1894.94 = 1928.28 over 629 frames.
PN00M01U053 athth naun naun chaar naun panj do 
LOG (lattice-best-path[5.3]:main():lattice-best-path.cc:99) For utterance PN00M01U054, best cost 36.2204 + 2047.27 = 2083.49 over 629 frames.
PN00M01U054 do satt chhe do athth panj tinn 
LOG (lattice-best-path[5.3]:main():lattice-best-path.cc:99) For utterance PN00M01U055, best cost 37.1285 + 2067.12 = 2104.25 over 629 frames.
PN00M01U055 tinn naun satt chaar do ikk ikk 
LOG (lattice-best-path[5.3]:main():lattice-best-path.cc:99) For utterance PN00M01U056, best cost 37.2014 + 1959.71 = 1996.91 over 630 frames.
PN00M01U056 ikk do naun sifar ikk do do 
LOG (lattice-best-path[5.3]:main():lattice-best-path.cc:99) For utterance PN00M01U057, best cost 40.5392 + 1781.52 = 1822.06 over 630 frames.
PN00M01U057 do tinn do tinn tinn chaar tinn 
LOG (lattice-best-path[5.3]:main():lattice-best-path.cc:99) For utterance PN00M01U058, best cost 39.2662 + 1865.93 = 1905.2 over 656 frames.
PN00M01U058 tinn chaar chaar panj panj chhe chaar 
LOG (lattice-best-path[5.3]:main():lattice-best-path.cc:99) For utterance PN00M01U059, best cost 42.0024 + 2169.74 = 2211.74 over 630 frames.
PN00M01U059 athth athth athth sifar sifar sifar sifar 
LOG (lattice-best-path[5.3]:main():lattice-best-path.cc:99) For utterance PN00M01U060, best cost 36.8333 + 2007.29 = 2044.12 over 630 frames.
PN00M01U060 athth chhe satt athth athth naun sifar 
LOG (lattice-best-path[5.3]:main():lattice-best-path.cc:99) For utterance PN00M01U061, best cost 33.7668 + 1958.37 = 1992.13 over 630 frames.
PN00M01U061 sifar naun naun athth satt chhe panj 
LOG (lattice-best-path[5.3]:main():lattice-best-path.cc:99) For utterance PN00M01U062, best cost 35.2053 + 1917.57 = 1952.77 over 630 frames.
PN00M01U062 panj chaar tinn do ikk sifar athth 
LOG (lattice-best-path[5.3]:main():lattice-best-path.cc:99) For utterance PN00M01U063, best cost 34.3427 + 1895.46 = 1929.8 over 630 frames.
PN00M01U063 athth naun satt panj tinn ikk satt 
LOG (lattice-best-path[5.3]:main():lattice-best-path.cc:99) For utterance PN00M01U064, best cost 34.2968 + 1866.8 = 1901.1 over 630 frames.
PN00M01U064 satt naun chhe chaar do sifar chhe 
LOG (lattice-best-path[5.3]:main():lattice-best-path.cc:99) For utterance PN00M01U065, best cost 34.6848 + 1738.31 = 1772.99 over 629 frames.
PN00M01U065 chhe naun panj do panj naun chaar 
LOG (lattice-best-path[5.3]:main():lattice-best-path.cc:99) For utterance PN00M01U066, best cost 39.0132 + 1828.82 = 1867.84 over 630 frames.
PN00M01U066 chaar ikk chaar naun tinn sifar tinn 
LOG (lattice-best-path[5.3]:main():lattice-best-path.cc:99) For utterance PN00M01U067, best cost 37.8067 + 1812.05 = 1849.86 over 630 frames.
PN00M01U067 tinn naun do do naun ikk ikk 
LOG (lattice-best-path[5.3]:main():lattice-best-path.cc:99) For utterance PN00M01U068, best cost 39.2946 + 2026.24 = 2065.53 over 630 frames.
PN00M01U068 ikk naun sifar sifar satt chaar sifar 
LOG (lattice-best-path[5.3]:main():lattice-best-path.cc:99) For utterance PN00M01U069, best cost 43.3652 + 1994.38 = 2037.74 over 630 frames.
PN00M01U069 sifar ikk athth chhe tinn athth athth 
LOG (lattice-best-path[5.3]:main():lattice-best-path.cc:99) For utterance PN00M01U070, best cost 35.4507 + 1913.45 = 1948.9 over 630 frames.
PN00M01U070 athth panj ikk chhe do chhe athth 
LOG (lattice-best-path[5.3]:main():lattice-best-path.cc:99) For utterance PN00M01U071, best cost 40.8413 + 1932.82 = 1973.66 over 630 frames.
PN00M01U071 athth chaar panj athth tinn chaar athth 
LOG (lattice-best-path[5.3]:main():lattice-best-path.cc:99) For utterance PN00M01U072, best cost 35.9403 + 1894.79 = 1930.73 over 630 frames.
PN00M01U072 athth do tinn satt tinn chhe ikk 
LOG (lattice-best-path[5.3]:main():lattice-best-path.cc:99) For utterance PN00M01U073, best cost 37.694 + 1940.55 = 1978.24 over 630 frames.
PN00M01U073 ikk panj sifar panj chhe satt do 
LOG (lattice-best-path[5.3]:main():lattice-best-path.cc:99) For utterance PN00M01U074, best cost 40.1787 + 1884.96 = 1925.14 over 629 frames.
PN00M01U074 do athth ikk tinn panj panj satt 
LOG (lattice-best-path[5.3]:main():lattice-best-path.cc:99) For utterance PN00M01U075, best cost 40.1869 + 1954.97 = 1995.15 over 629 frames.
PN00M01U075 satt ikk do satt sifar do chaar 
LOG (lattice-best-path[5.3]:main():lattice-best-path.cc:99) For utterance PN00M01U076, best cost 39.2467 + 1935.34 = 1974.59 over 630 frames.
PN00M01U076 chaar satt athth sifar ikk do tinn 
LOG (lattice-best-path[5.3]:main():lattice-best-path.cc:99) For utterance PN00M01U077, best cost 39.5508 + 1823.97 = 1863.52 over 630 frames.
PN00M01U077 tinn tinn chaar chhe sifar chaar chaar 
LOG (lattice-best-path[5.3]:main():lattice-best-path.cc:99) For utterance PN00M01U078, best cost 39.6428 + 1951.96 = 1991.6 over 630 frames.
PN00M01U078 chaar panj chhe chhe satt satt athth 
LOG (lattice-best-path[5.3]:main():lattice-best-path.cc:99) For utterance PN00M01U079, best cost 38.1492 + 1856.19 = 1894.33 over 629 frames.
PN00M01U079 naun naun ikk tinn panj satt naun 
LOG (lattice-best-path[5.3]:main():lattice-best-path.cc:99) For utterance PN00M01U080, best cost 41.0739 + 1864.72 = 1905.8 over 630 frames.
PN00M01U080 do chhe naun ikk do chaar tinn 
LOG (lattice-best-path[5.3]:main():lattice-best-path.cc:99) For utterance PN00M03U001, best cost 34.4207 + 2031.96 = 2066.38 over 629 frames.
PN00M03U001 sifar sifar naun athth satt chhe panj 
LOG (lattice-best-path[5.3]:main():lattice-best-path.cc:99) For utterance PN00M03U002, best cost 33.0248 + 1986.98 = 2020.01 over 630 frames.
PN00M03U002 panj chaar tinn do ikk sifar ikk 
LOG (lattice-best-path[5.3]:main():lattice-best-path.cc:99) For utterance PN00M03U003, best cost 32.0209 + 1857.27 = 1889.29 over 630 frames.
PN00M03U003 ikk naun satt panj tinn ikk do 
LOG (lattice-best-path[5.3]:main():lattice-best-path.cc:99) For utterance PN00M03U004, best cost 34.5446 + 1928.04 = 1962.59 over 630 frames.
PN00M03U004 do naun chhe chaar do sifar tinn 
LOG (lattice-best-path[5.3]:main():lattice-best-path.cc:99) For utterance PN00M03U005, best cost 34.8838 + 1851.41 = 1886.3 over 629 frames.
PN00M03U005 tinn naun panj do chaar naun chaar 
LOG (lattice-best-path[5.3]:main():lattice-best-path.cc:99) For utterance PN00M03U006, best cost 34.3963 + 1838.03 = 1872.42 over 630 frames.
PN00M03U006 chaar ikk panj naun tinn sifar chhe 
LOG (lattice-best-path[5.3]:main():lattice-best-path.cc:99) For utterance PN00M03U007, best cost 35.6163 + 1849.34 = 1884.96 over 630 frames.
PN00M03U007 chhe naun do satt naun ikk athth 
LOG (lattice-best-path[5.3]:main():lattice-best-path.cc:99) For utterance PN00M03U008, best cost 36.4238 + 1962.14 = 1998.57 over 630 frames.
PN00M03U008 athth naun sifar athth chhe tinn chaar 
LOG (lattice-best-path[5.3]:main():lattice-best-path.cc:99) For utterance PN00M03U009, best cost 36.3843 + 1947.93 = 1984.31 over 630 frames.
PN00M03U009 chaar sifar satt chaar athth panj ikk 
LOG (lattice-best-path[5.3]:main():lattice-best-path.cc:99) For utterance PN00M03U010, best cost 37.3028 + 1948.87 = 1986.18 over 630 frames.
PN00M03U010 ikk satt tinn tinn athth chaar chaar 
LOG (lattice-best-path[5.3]:main():lattice-best-path.cc:99) For utterance PN00M03U011, best cost 37.902 + 1968.31 = 2006.21 over 630 frames.
PN00M03U011 chhe satt do panj athth tinn chhe 
LOG (lattice-best-path[5.3]:main():lattice-best-path.cc:99) For utterance PN00M03U012, best cost 32.9278 + 1799.57 = 1832.5 over 630 frames.
PN00M03U012 chhe athth do athth ikk chhe do 
LOG (lattice-best-path[5.3]:main():lattice-best-path.cc:99) For utterance PN00M03U013, best cost 34.8066 + 1783.11 = 1817.92 over 630 frames.
PN00M03U013 do chhe ikk do tinn satt ikk 
LOG (lattice-best-path[5.3]:main():lattice-best-path.cc:99) For utterance PN00M03U014, best cost 36.9659 + 1835.01 = 1871.98 over 630 frames.
PN00M03U014 ikk chaar chhe sifar chaar panj sifar 
LOG (lattice-best-path[5.3]:main():lattice-best-path.cc:99) For utterance PN00M03U015, best cost 38.7184 + 1885.03 = 1923.75 over 630 frames.
PN00M03U015 sifar panj satt sifar do do tinn 
LOG (lattice-best-path[5.3]:main():lattice-best-path.cc:99) For utterance PN00M03U016, best cost 37.2292 + 1850.92 = 1888.15 over 630 frames.
PN00M03U016 tinn panj chhe satt athth sifar ikk 
LOG (lattice-best-path[5.3]:main():lattice-best-path.cc:99) For utterance PN00M03U017, best cost 37.4265 + 1772.04 = 1809.47 over 630 frames.
PN00M03U017 ikk tinn chaar panj panj chhe chhe 
LOG (lattice-best-path[5.3]:main():lattice-best-path.cc:99) For utterance PN00M03U018, best cost 34.8724 + 1804.43 = 1839.3 over 630 frames.
PN00M03U018 chhe satt satt athth athth naun naun 
LOG (lattice-best-path[5.3]:main():lattice-best-path.cc:99) For utterance PN00M03U019, best cost 36.0905 + 1749.47 = 1785.56 over 629 frames.
PN00M03U019 naun sifar ikk ikk do ikk satt 
LOG (lattice-best-path[5.3]:main():lattice-best-path.cc:99) For utterance PN00M03U020, best cost 33.5933 + 1812.75 = 1846.34 over 630 frames.
PN00M03U020 satt naun ikk tinn panj satt naun 
LOG (lattice-best-path[5.3]:main():lattice-best-path.cc:99) For utterance PN00M03U021, best cost 41.1672 + 2082.14 = 2123.31 over 630 frames.
PN00M03U021 sifar sifar ikk do tinn chaar panj 
LOG (lattice-best-path[5.3]:main():lattice-best-path.cc:99) For utterance PN00M03U022, best cost 37.3652 + 1927.19 = 1964.56 over 630 frames.
PN00M03U022 panj chhe satt athth naun ikk sifar 
LOG (lattice-best-path[5.3]:main():lattice-best-path.cc:99) For utterance PN00M03U023, best cost 35.6966 + 1917.37 = 1953.07 over 629 frames.
PN00M03U023 sifar do chaar chhe athth do sifar 
LOG (lattice-best-path[5.3]:main():lattice-best-path.cc:99) For utterance PN00M03U024, best cost 36.8675 + 1918.23 = 1955.09 over 630 frames.
PN00M03U024 sifar tinn panj satt naun tinn sifar 
LOG (lattice-best-path[5.3]:main():lattice-best-path.cc:99) For utterance PN00M03U025, best cost 38.5957 + 1906.21 = 1944.81 over 630 frames.
PN00M03U025 sifar chaar satt chaar sifar panj athth 
LOG (lattice-best-path[5.3]:main():lattice-best-path.cc:99) For utterance PN00M03U026, best cost 36.9416 + 1959.46 = 1996.4 over 629 frames.
PN00M03U026 athth panj sifar chhe naun chhe sifar 
LOG (lattice-best-path[5.3]:main():lattice-best-path.cc:99) For utterance PN00M03U027, best cost 38.4595 + 1960.91 = 1999.37 over 629 frames.
PN00M03U027 sifar satt satt sifar athth athth sifar 
LOG (lattice-best-path[5.3]:main():lattice-best-path.cc:99) For utterance PN00M03U028, best cost 35.915 + 1839.97 = 1875.88 over 630 frames.
PN00M03U028 sifar naun naun sifar ikk ikk tinn 
LOG (lattice-best-path[5.3]:main():lattice-best-path.cc:99) For utterance PN00M03U029, best cost 33.5899 + 1753.57 = 1787.16 over 630 frames.
PN00M03U029 tinn chhe ikk chaar athth ikk panj 
LOG (lattice-best-path[5.3]:main():lattice-best-path.cc:99) For utterance PN00M03U030, best cost 34.2584 + 1769.54 = 1803.8 over 630 frames.
PN00M03U030 panj naun do panj chaar ikk chhe 
LOG (lattice-best-path[5.3]:main():lattice-best-path.cc:99) For utterance PN00M03U031, best cost 34.2144 + 1758.39 = 1792.6 over 629 frames.
PN00M03U031 chhe panj ikk satt chhe do chhe 
LOG (lattice-best-path[5.3]:main():lattice-best-path.cc:99) For utterance PN00M03U032, best cost 35.9024 + 1894.49 = 1930.4 over 629 frames.
PN00M03U032 chhe tinn satt ikk athth tinn athth 
LOG (lattice-best-path[5.3]:main():lattice-best-path.cc:99) For utterance PN00M03U033, best cost 32.9884 + 1794.73 = 1827.72 over 630 frames.
PN00M03U033 athth naun chaar naun panj do ikk 
LOG (lattice-best-path[5.3]:main():lattice-best-path.cc:99) For utterance PN00M03U034, best cost 34.4655 + 1732.25 = 1766.71 over 630 frames.
PN00M03U034 ikk naun satt do satt panj tinn 
LOG (lattice-best-path[5.3]:main():lattice-best-path.cc:99) For utterance PN00M03U035, best cost 33.0654 + 1708.68 = 1741.75 over 630 frames.
PN00M03U035 tinn naun athth satt tinn ikk do 
LOG (lattice-best-path[5.3]:main():lattice-best-path.cc:99) For utterance PN00M03U036, best cost 37.3764 + 1878 = 1915.38 over 629 frames.
PN00M03U036 do do athth chaar do naun sifar 
LOG (lattice-best-path[5.3]:main():lattice-best-path.cc:99) For utterance PN00M03U037, best cost 36.8216 + 1806.69 = 1843.51 over 629 frames.
PN00M03U037 sifar ikk do tinn do tinn tinn 
LOG (lattice-best-path[5.3]:main():lattice-best-path.cc:99) For utterance PN00M03U038, best cost 39.0184 + 2267.94 = 2306.96 over 630 frames.
PN00M03U038 tinn chaar tinn chaar chaar panj panj 
LOG (lattice-best-path[5.3]:main():lattice-best-path.cc:99) For utterance PN00M03U039, best cost 35.8231 + 1811.5 = 1847.32 over 630 frames.
PN00M03U039 panj chhe chaar panj chhe chhe satt 
LOG (lattice-best-path[5.3]:main():lattice-best-path.cc:99) For utterance PN00M03U040, best cost 37.9783 + 1816.9 = 1854.88 over 630 frames.
PN00M03U040 satt athth chhe satt ikk do chaar 
LOG (lattice-best-path[5.3]:main():lattice-best-path.cc:99) For utterance PN00M03U041, best cost 36.9669 + 1999.51 = 2036.47 over 629 frames.
PN00M03U041 sifar naun sifar ikk do tinn chaar 
LOG (lattice-best-path[5.3]:main():lattice-best-path.cc:99) For utterance PN00M03U042, best cost 36.5686 + 1823.95 = 1860.52 over 630 frames.
PN00M03U042 chaar panj chhe satt athth naun athth 
LOG (lattice-best-path[5.3]:main():lattice-best-path.cc:99) For utterance PN00M03U043, best cost 34.9251 + 1936.07 = 1970.99 over 629 frames.
PN00M03U043 athth sifar do chaar chhe athth satt 
LOG (lattice-best-path[5.3]:main():lattice-best-path.cc:99) For utterance PN00M03U044, best cost 35.1822 + 1816.18 = 1851.36 over 629 frames.
PN00M03U044 satt sifar tinn panj satt naun chhe 
LOG (lattice-best-path[5.3]:main():lattice-best-path.cc:99) For utterance PN00M03U045, best cost 35.2541 + 1863.59 = 1898.85 over 630 frames.
PN00M03U045 chhe sifar chaar satt panj sifar panj 
LOG (lattice-scale[5.3]:main():lattice-scale.cc:90) Done 320 lattices.
LOG (lattice-best-path[5.3]:main():lattice-best-path.cc:99) For utterance PN00M03U046, best cost 36.5346 + 1710.02 = 1746.55 over 629 frames.
PN00M03U046 panj athth chaar sifar chhe naun tinn 
LOG (lattice-best-path[5.3]:main():lattice-best-path.cc:99) For utterance PN00M03U047, best cost 37.6754 + 1828.55 = 1866.22 over 630 frames.
PN00M03U047 tinn sifar satt do sifar athth ikk 
LOG (lattice-best-path[5.3]:main():lattice-best-path.cc:99) For utterance PN00M03U048, best cost 37.5516 + 1857.22 = 1894.77 over 630 frames.
PN00M03U048 ikk sifar sifar ikk naun ikk tinn 
LOG (lattice-best-path[5.3]:main():lattice-best-path.cc:99) For utterance PN00M03U049, best cost 34.3816 + 1778.1 = 1812.48 over 630 frames.
PN00M03U049 tinn chhe ikk chaar athth do panj 
LOG (lattice-best-path[5.3]:main():lattice-best-path.cc:99) For utterance PN00M03U050, best cost 34.5916 + 1684.58 = 1719.17 over 630 frames.
PN00M03U050 panj naun do chhe panj ikk panj 
LOG (lattice-best-path[5.3]:main():lattice-best-path.cc:99) For utterance PN00M03U051, best cost 33.6902 + 1679.31 = 1713 over 629 frames.
PN00M03U051 panj chaar ikk chhe tinn ikk satt 
LOG (lattice-best-path[5.3]:main():lattice-best-path.cc:99) For utterance PN00M03U052, best cost 35.1225 + 1832.57 = 1867.69 over 632 frames.
PN00M03U052 satt ikk athth tinn satt tinn athth 
LOG (lattice-best-path[5.3]:main():lattice-best-path.cc:99) For utterance PN00M03U053, best cost 33.1373 + 1821.8 = 1854.94 over 653 frames.
PN00M03U053 athth naun naun chaar naun panj do 
LOG (lattice-best-path[5.3]:main():lattice-best-path.cc:99) For utterance PN00M03U054, best cost 35.694 + 1894.07 = 1929.77 over 651 frames.
PN00M03U054 do satt chhe do athth panj tinn 
LOG (lattice-best-path[5.3]:main():lattice-best-path.cc:99) For utterance PN00M03U055, best cost 35.8358 + 1797.89 = 1833.73 over 654 frames.
PN00M03U055 tinn naun satt chaar do ikk ikk 
LOG (lattice-best-path[5.3]:main():lattice-best-path.cc:99) For utterance PN00M03U056, best cost 37.5274 + 1772.57 = 1810.1 over 629 frames.
PN00M03U056 ikk do naun sifar ikk do do 
LOG (lattice-best-path[5.3]:main():lattice-best-path.cc:99) For utterance PN00M03U057, best cost 39.1403 + 2021.09 = 2060.23 over 623 frames.
PN00M03U057 do tinn do tinn tinn chaar tinn 
LOG (lattice-best-path[5.3]:main():lattice-best-path.cc:99) For utterance PN00M03U058, best cost 37.1493 + 1860.27 = 1897.42 over 622 frames.
PN00M03U058 tinn chaar chaar panj panj chhe chaar 
LOG (lattice-best-path[5.3]:main():lattice-best-path.cc:99) For utterance PN00M03U059, best cost 40.9295 + 2076.96 = 2117.89 over 625 frames.
PN00M03U059 athth athth athth sifar sifar sifar sifar 
LOG (lattice-best-path[5.3]:main():lattice-best-path.cc:99) For utterance PN00M03U060, best cost 35.8363 + 1987.21 = 2023.05 over 628 frames.
PN00M03U060 athth chhe satt athth athth naun sifar 
LOG (lattice-best-path[5.3]:main():lattice-best-path.cc:99) For utterance PN00M03U061, best cost 33.3243 + 1935.52 = 1968.84 over 629 frames.
PN00M03U061 sifar naun naun athth satt chhe panj 
LOG (lattice-best-path[5.3]:main():lattice-best-path.cc:99) For utterance PN00M03U062, best cost 34.0392 + 1944.45 = 1978.49 over 630 frames.
PN00M03U062 panj chaar tinn do ikk sifar athth 
LOG (lattice-best-path[5.3]:main():lattice-best-path.cc:99) For utterance PN00M03U063, best cost 32.0094 + 1807.8 = 1839.81 over 629 frames.
PN00M03U063 athth naun satt panj tinn ikk satt 
LOG (lattice-add-penalty[5.3]:main():lattice-add-penalty.cc:62) Done adding word insertion penalty to 320 lattices.
LOG (lattice-best-path[5.3]:main():lattice-best-path.cc:99) For utterance PN00M03U064, best cost 34.1302 + 1977.62 = 2011.76 over 629 frames.
PN00M03U064 satt naun chhe chaar do sifar chhe 
LOG (lattice-best-path[5.3]:main():lattice-best-path.cc:99) For utterance PN00M03U065, best cost 34.9396 + 1814.14 = 1849.08 over 629 frames.
PN00M03U065 chhe naun panj do panj naun chaar 
LOG (lattice-best-path[5.3]:main():lattice-best-path.cc:99) For utterance PN00M03U066, best cost 35.0366 + 1805.56 = 1840.59 over 630 frames.
PN00M03U066 chaar ikk chaar naun tinn sifar tinn 
LOG (lattice-best-path[5.3]:main():lattice-best-path.cc:99) For utterance PN00M03U067, best cost 35.8305 + 1746.94 = 1782.77 over 627 frames.
PN00M03U067 tinn naun do do naun ikk ikk 
LOG (lattice-best-path[5.3]:main():lattice-best-path.cc:99) For utterance PN00M03U068, best cost 39.2536 + 2069.41 = 2108.66 over 630 frames.
PN00M03U068 ikk naun sifar sifar satt chaar sifar 
LOG (lattice-best-path[5.3]:main():lattice-best-path.cc:99) For utterance PN00M03U069, best cost 33.2549 + 1938.04 = 1971.3 over 629 frames.
PN00M03U069 sifar ikk athth chhe tinn athth 
LOG (lattice-best-path[5.3]:main():lattice-best-path.cc:99) For utterance PN00M03U070, best cost 33.7859 + 1915.07 = 1948.86 over 630 frames.
PN00M03U070 athth panj ikk chhe do chhe athth 
LOG (lattice-best-path[5.3]:main():lattice-best-path.cc:99) For utterance PN00M03U071, best cost 38.9252 + 1844.43 = 1883.35 over 630 frames.
PN00M03U071 athth chaar panj athth tinn chaar athth 
LOG (lattice-best-path[5.3]:main():lattice-best-path.cc:99) For utterance PN00M03U072, best cost 34.4783 + 1867.15 = 1901.62 over 629 frames.
PN00M03U072 athth do tinn satt tinn chhe ikk 
LOG (lattice-best-path[5.3]:main():lattice-best-path.cc:99) For utterance PN00M03U073, best cost 37.057 + 1890.18 = 1927.24 over 630 frames.
PN00M03U073 ikk panj sifar panj chhe satt do 
LOG (lattice-best-path[5.3]:main():lattice-best-path.cc:99) For utterance PN00M03U074, best cost 38.6299 + 1882.03 = 1920.66 over 630 frames.
PN00M03U074 do athth ikk tinn panj panj satt 
LOG (lattice-best-path[5.3]:main():lattice-best-path.cc:99) For utterance PN00M03U075, best cost 35.6828 + 2147.66 = 2183.34 over 630 frames.
PN00M03U075 satt ikk do satt sifar do chaar 
LOG (lattice-best-path[5.3]:main():lattice-best-path.cc:99) For utterance PN00M03U076, best cost 36.3729 + 1951.39 = 1987.77 over 620 frames.
PN00M03U076 chaar satt athth sifar ikk do tinn 
LOG (lattice-best-path[5.3]:main():lattice-best-path.cc:99) For utterance PN00M03U077, best cost 37.6828 + 1938.16 = 1975.84 over 624 frames.
PN00M03U077 tinn tinn chaar chhe sifar chaar chaar 
LOG (lattice-best-path[5.3]:main():lattice-best-path.cc:99) For utterance PN00M03U078, best cost 35.3916 + 2074.92 = 2110.31 over 627 frames.
PN00M03U078 chaar panj chhe chhe satt satt athth 
LOG (lattice-best-path[5.3]:main():lattice-best-path.cc:99) For utterance PN00M03U079, best cost 35.0056 + 1906.59 = 1941.59 over 629 frames.
PN00M03U079 naun naun ikk tinn panj satt naun 
LOG (lattice-best-path[5.3]:main():lattice-best-path.cc:99) For utterance PN00M03U080, best cost 38.2603 + 1867.44 = 1905.7 over 629 frames.
PN00M03U080 do chhe naun ikk do chaar tinn 
LOG (lattice-best-path[5.3]:main():lattice-best-path.cc:124) Overall cost per frame is 3.08608 = 0.0595879 [graph] + 3.02649 [acoustic] over 201866 frames.
LOG (lattice-best-path[5.3]:main():lattice-best-path.cc:128) Done 320 lattices, failed for 0
# Accounting: time=1 threads=1
# Ended (code 0) at Tue Dec 18 10:25:55 IST 2018, elapsed time 1 seconds
