# lattice-scale --inv-acoustic-scale=13 "ark:gunzip -c exp/tri2/decode/lat.*.gz|" ark:- | lattice-add-penalty --word-ins-penalty=0.5 ark:- ark:- | lattice-best-path --word-symbol-table=exp/tri2/graph/words.txt ark:- ark,t:- | utils/int2sym.pl -f 2- exp/tri2/graph/words.txt | local/wer_hyp_filter > exp/tri2/decode/scoring_kaldi/penalty_0.5/13.txt 
# Started at Tue Dec 18 10:00:29 IST 2018
#
lattice-best-path --word-symbol-table=exp/tri2/graph/words.txt ark:- ark,t:- 
lattice-scale --inv-acoustic-scale=13 'ark:gunzip -c exp/tri2/decode/lat.*.gz|' ark:- 
lattice-add-penalty --word-ins-penalty=0.5 ark:- ark:- 
LOG (lattice-best-path[5.3]:main():lattice-best-path.cc:99) For utterance PN00F02U001, best cost 44.2532 + 2456.39 = 2500.64 over 630 frames.
PN00F02U001 sifar sifar naun athth satt chhe panj 
LOG (lattice-best-path[5.3]:main():lattice-best-path.cc:99) For utterance PN00F02U002, best cost 42.4064 + 2252.79 = 2295.2 over 656 frames.
PN00F02U002 panj chaar tinn do ikk sifar ikk 
LOG (lattice-best-path[5.3]:main():lattice-best-path.cc:99) For utterance PN00F02U003, best cost 40.7449 + 2180.17 = 2220.91 over 630 frames.
PN00F02U003 ikk naun satt panj tinn ikk do 
LOG (lattice-best-path[5.3]:main():lattice-best-path.cc:99) For utterance PN00F02U004, best cost 42.853 + 2212.1 = 2254.96 over 629 frames.
PN00F02U004 do naun chhe chaar do sifar tinn 
LOG (lattice-best-path[5.3]:main():lattice-best-path.cc:99) For utterance PN00F02U005, best cost 42.761 + 2118.9 = 2161.66 over 628 frames.
PN00F02U005 tinn naun panj do chaar naun chaar 
LOG (lattice-best-path[5.3]:main():lattice-best-path.cc:99) For utterance PN00F02U006, best cost 45.772 + 2235.52 = 2281.29 over 629 frames.
PN00F02U006 chaar ikk panj naun tinn sifar chhe 
LOG (lattice-best-path[5.3]:main():lattice-best-path.cc:99) For utterance PN00F02U007, best cost 44.3003 + 2183.63 = 2227.93 over 630 frames.
PN00F02U007 chhe naun do satt naun ikk athth 
LOG (lattice-best-path[5.3]:main():lattice-best-path.cc:99) For utterance PN00F02U008, best cost 44.601 + 2191.7 = 2236.3 over 629 frames.
PN00F02U008 athth naun sifar athth chhe tinn chaar 
LOG (lattice-best-path[5.3]:main():lattice-best-path.cc:99) For utterance PN00F02U009, best cost 45.4265 + 2241.89 = 2287.32 over 626 frames.
PN00F02U009 chaar sifar satt chaar athth panj ikk 
LOG (lattice-best-path[5.3]:main():lattice-best-path.cc:99) For utterance PN00F02U010, best cost 44.6651 + 2197.23 = 2241.9 over 628 frames.
PN00F02U010 ikk satt tinn tinn athth chaar chaar 
LOG (lattice-best-path[5.3]:main():lattice-best-path.cc:99) For utterance PN00F02U011, best cost 47.7171 + 2216.1 = 2263.81 over 630 frames.
PN00F02U011 chaar satt do panj athth tinn chhe 
LOG (lattice-best-path[5.3]:main():lattice-best-path.cc:99) For utterance PN00F02U012, best cost 42.2376 + 2127.01 = 2169.24 over 656 frames.
PN00F02U012 chhe athth do athth ikk chhe do 
LOG (lattice-best-path[5.3]:main():lattice-best-path.cc:99) For utterance PN00F02U013, best cost 43.1739 + 2090.93 = 2134.1 over 630 frames.
PN00F02U013 do chhe ikk do tinn satt ikk 
LOG (lattice-best-path[5.3]:main():lattice-best-path.cc:99) For utterance PN00F02U014, best cost 47.3237 + 2318.15 = 2365.47 over 629 frames.
PN00F02U014 ikk chaar chhe sifar chaar panj sifar 
LOG (lattice-best-path[5.3]:main():lattice-best-path.cc:99) For utterance PN00F02U015, best cost 47.4318 + 2306.02 = 2353.45 over 630 frames.
PN00F02U015 sifar panj satt sifar do do tinn 
LOG (lattice-best-path[5.3]:main():lattice-best-path.cc:99) For utterance PN00F02U016, best cost 44.8083 + 2227.28 = 2272.09 over 629 frames.
PN00F02U016 tinn panj chhe satt athth sifar ikk 
LOG (lattice-best-path[5.3]:main():lattice-best-path.cc:99) For utterance PN00F02U017, best cost 45.0656 + 2325.97 = 2371.03 over 657 frames.
PN00F02U017 ikk tinn chaar panj panj chhe chhe 
LOG (lattice-best-path[5.3]:main():lattice-best-path.cc:99) For utterance PN00F02U018, best cost 42.8631 + 2177.1 = 2219.96 over 652 frames.
PN00F02U018 chhe satt satt athth athth naun naun 
LOG (lattice-best-path[5.3]:main():lattice-best-path.cc:99) For utterance PN00F02U019, best cost 45.2458 + 2182.55 = 2227.79 over 653 frames.
PN00F02U019 naun sifar ikk ikk do ikk satt 
LOG (lattice-best-path[5.3]:main():lattice-best-path.cc:99) For utterance PN00F02U020, best cost 40.5981 + 2091.37 = 2131.96 over 628 frames.
PN00F02U020 satt naun ikk tinn panj satt naun 
LOG (lattice-best-path[5.3]:main():lattice-best-path.cc:99) For utterance PN00F02U021, best cost 51.8417 + 2494.84 = 2546.68 over 629 frames.
PN00F02U021 sifar sifar sifar ikk do tinn chaar panj 
LOG (lattice-best-path[5.3]:main():lattice-best-path.cc:99) For utterance PN00F02U022, best cost 45.224 + 2209.61 = 2254.84 over 656 frames.
PN00F02U022 panj chhe satt athth naun ikk sifar 
LOG (lattice-best-path[5.3]:main():lattice-best-path.cc:99) For utterance PN00F02U023, best cost 43.1673 + 2150.69 = 2193.86 over 630 frames.
PN00F02U023 sifar do chaar chhe athth do sifar 
LOG (lattice-best-path[5.3]:main():lattice-best-path.cc:99) For utterance PN00F02U024, best cost 45.6773 + 2287.85 = 2333.53 over 630 frames.
PN00F02U024 sifar tinn panj satt naun tinn sifar 
LOG (lattice-best-path[5.3]:main():lattice-best-path.cc:99) For utterance PN00F02U025, best cost 46.3354 + 2275.05 = 2321.38 over 630 frames.
PN00F02U025 sifar chaar satt chaar sifar panj athth 
LOG (lattice-best-path[5.3]:main():lattice-best-path.cc:99) For utterance PN00F02U026, best cost 45.2728 + 2335.19 = 2380.46 over 630 frames.
PN00F02U026 athth panj sifar chhe naun chhe sifar 
LOG (lattice-best-path[5.3]:main():lattice-best-path.cc:99) For utterance PN00F02U027, best cost 47.6891 + 2302.71 = 2350.4 over 656 frames.
PN00F02U027 sifar satt satt sifar athth athth sifar 
LOG (lattice-best-path[5.3]:main():lattice-best-path.cc:99) For utterance PN00F02U028, best cost 43.9855 + 2273.03 = 2317.01 over 629 frames.
PN00F02U028 sifar naun naun sifar ikk ikk tinn 
LOG (lattice-best-path[5.3]:main():lattice-best-path.cc:99) For utterance PN00F02U029, best cost 40.4957 + 2211.97 = 2252.47 over 630 frames.
PN00F02U029 tinn chhe ikk chaar athth ikk panj 
LOG (lattice-best-path[5.3]:main():lattice-best-path.cc:99) For utterance PN00F02U030, best cost 43.0731 + 2194.92 = 2237.99 over 630 frames.
PN00F02U030 panj naun do panj chaar ikk chhe 
LOG (lattice-best-path[5.3]:main():lattice-best-path.cc:99) For utterance PN00F02U031, best cost 43.0644 + 2229.23 = 2272.29 over 630 frames.
PN00F02U031 chhe panj ikk satt chhe do chhe 
LOG (lattice-best-path[5.3]:main():lattice-best-path.cc:99) For utterance PN00F02U032, best cost 41.0825 + 2087.6 = 2128.68 over 629 frames.
PN00F02U032 chhe tinn satt ikk athth tinn athth 
LOG (lattice-best-path[5.3]:main():lattice-best-path.cc:99) For utterance PN00F02U033, best cost 41.6723 + 2160.29 = 2201.96 over 630 frames.
PN00F02U033 athth naun chaar naun panj do ikk 
LOG (lattice-best-path[5.3]:main():lattice-best-path.cc:99) For utterance PN00F02U034, best cost 41.1746 + 2156.89 = 2198.07 over 630 frames.
PN00F02U034 ikk naun satt do satt panj tinn 
LOG (lattice-best-path[5.3]:main():lattice-best-path.cc:99) For utterance PN00F02U035, best cost 41.5239 + 2174.41 = 2215.94 over 630 frames.
PN00F02U035 tinn naun athth satt tinn ikk do 
LOG (lattice-best-path[5.3]:main():lattice-best-path.cc:99) For utterance PN00F02U036, best cost 44.9963 + 2248.17 = 2293.17 over 630 frames.
PN00F02U036 do do athth chaar do naun sifar 
LOG (lattice-best-path[5.3]:main():lattice-best-path.cc:99) For utterance PN00F02U037, best cost 42.7868 + 2150.45 = 2193.23 over 655 frames.
PN00F02U037 sifar ikk do tinn do tinn tinn 
LOG (lattice-best-path[5.3]:main():lattice-best-path.cc:99) For utterance PN00F02U038, best cost 45.9764 + 2127.95 = 2173.93 over 630 frames.
PN00F02U038 tinn chaar tinn chaar chaar panj panj 
LOG (lattice-best-path[5.3]:main():lattice-best-path.cc:99) For utterance PN00F02U039, best cost 44.1958 + 2184.56 = 2228.76 over 629 frames.
PN00F02U039 panj chhe chaar panj chhe chhe satt 
LOG (lattice-best-path[5.3]:main():lattice-best-path.cc:99) For utterance PN00F02U040, best cost 44.66 + 2049.13 = 2093.79 over 629 frames.
PN00F02U040 satt athth chhe satt ikk do chaar 
LOG (lattice-best-path[5.3]:main():lattice-best-path.cc:99) For utterance PN00F02U041, best cost 42.9556 + 2271.46 = 2314.41 over 630 frames.
PN00F02U041 sifar naun sifar ikk do tinn chaar 
LOG (lattice-best-path[5.3]:main():lattice-best-path.cc:99) For utterance PN00F02U042, best cost 43.8667 + 2233.17 = 2277.04 over 648 frames.
PN00F02U042 chaar panj chhe satt athth naun athth 
LOG (lattice-best-path[5.3]:main():lattice-best-path.cc:99) For utterance PN00F02U043, best cost 42.8075 + 2173.07 = 2215.88 over 630 frames.
PN00F02U043 athth sifar do chaar chhe athth satt 
LOG (lattice-best-path[5.3]:main():lattice-best-path.cc:99) For utterance PN00F02U044, best cost 43.3778 + 2144.68 = 2188.06 over 630 frames.
PN00F02U044 satt sifar tinn panj satt naun chhe 
LOG (lattice-best-path[5.3]:main():lattice-best-path.cc:99) For utterance PN00F02U045, best cost 45.8388 + 2273.35 = 2319.19 over 630 frames.
PN00F02U045 chhe sifar chaar satt panj sifar panj 
LOG (lattice-best-path[5.3]:main():lattice-best-path.cc:99) For utterance PN00F02U046, best cost 45.4985 + 2123 = 2168.5 over 630 frames.
PN00F02U046 panj athth chaar sifar chhe naun tinn 
LOG (lattice-best-path[5.3]:main():lattice-best-path.cc:99) For utterance PN00F02U047, best cost 46.1449 + 2185.66 = 2231.8 over 630 frames.
PN00F02U047 tinn sifar satt do sifar athth ikk 
LOG (lattice-best-path[5.3]:main():lattice-best-path.cc:99) For utterance PN00F02U048, best cost 46.2961 + 2112.95 = 2159.25 over 630 frames.
PN00F02U048 ikk sifar sifar ikk naun ikk tinn 
LOG (lattice-best-path[5.3]:main():lattice-best-path.cc:99) For utterance PN00F02U049, best cost 41.6998 + 2209.42 = 2251.12 over 630 frames.
PN00F02U049 tinn chhe ikk chaar athth do panj 
LOG (lattice-best-path[5.3]:main():lattice-best-path.cc:99) For utterance PN00F02U050, best cost 43.2333 + 2151.7 = 2194.94 over 629 frames.
PN00F02U050 panj naun do chhe panj ikk panj 
LOG (lattice-best-path[5.3]:main():lattice-best-path.cc:99) For utterance PN00F02U051, best cost 41.5185 + 2151.65 = 2193.17 over 630 frames.
PN00F02U051 panj chaar ikk chhe tinn ikk satt 
LOG (lattice-best-path[5.3]:main():lattice-best-path.cc:99) For utterance PN00F02U052, best cost 41.7922 + 2109.05 = 2150.84 over 629 frames.
PN00F02U052 satt ikk athth tinn satt tinn athth 
LOG (lattice-best-path[5.3]:main():lattice-best-path.cc:99) For utterance PN00F02U053, best cost 41.5307 + 2046.04 = 2087.57 over 630 frames.
PN00F02U053 athth naun naun chaar naun panj do 
LOG (lattice-best-path[5.3]:main():lattice-best-path.cc:99) For utterance PN00F02U054, best cost 43.5202 + 2207.79 = 2251.31 over 630 frames.
PN00F02U054 do satt chhe do athth panj tinn 
LOG (lattice-best-path[5.3]:main():lattice-best-path.cc:99) For utterance PN00F02U055, best cost 42.3935 + 2175.97 = 2218.37 over 630 frames.
PN00F02U055 tinn naun satt chaar do ikk ikk 
LOG (lattice-best-path[5.3]:main():lattice-best-path.cc:99) For utterance PN00F02U056, best cost 45.8562 + 2175.98 = 2221.84 over 656 frames.
PN00F02U056 ikk do naun sifar ikk do do 
LOG (lattice-best-path[5.3]:main():lattice-best-path.cc:99) For utterance PN00F02U057, best cost 44.4375 + 2060.96 = 2105.4 over 629 frames.
PN00F02U057 do tinn do tinn tinn chaar tinn 
LOG (lattice-best-path[5.3]:main():lattice-best-path.cc:99) For utterance PN00F02U058, best cost 45.2184 + 2195.27 = 2240.49 over 630 frames.
PN00F02U058 tinn chaar chaar panj panj chhe chaar 
LOG (lattice-best-path[5.3]:main():lattice-best-path.cc:99) For utterance PN00F02U059, best cost 47.9082 + 2244.02 = 2291.93 over 629 frames.
PN00F02U059 athth athth athth sifar sifar sifar sifar 
LOG (lattice-best-path[5.3]:main():lattice-best-path.cc:99) For utterance PN00F02U060, best cost 43.2599 + 2182.21 = 2225.47 over 629 frames.
PN00F02U060 athth chhe satt athth athth naun sifar 
LOG (lattice-best-path[5.3]:main():lattice-best-path.cc:99) For utterance PN00F02U061, best cost 41.769 + 2242.89 = 2284.66 over 630 frames.
PN00F02U061 sifar naun naun athth satt chhe panj 
LOG (lattice-best-path[5.3]:main():lattice-best-path.cc:99) For utterance PN00F02U062, best cost 42.4417 + 2124 = 2166.44 over 630 frames.
PN00F02U062 panj chaar tinn do ikk sifar athth 
LOG (lattice-best-path[5.3]:main():lattice-best-path.cc:99) For utterance PN00F02U063, best cost 40.4579 + 2103.4 = 2143.86 over 629 frames.
PN00F02U063 athth naun satt panj tinn ikk satt 
LOG (lattice-best-path[5.3]:main():lattice-best-path.cc:99) For utterance PN00F02U064, best cost 42.0381 + 2167.7 = 2209.74 over 630 frames.
PN00F02U064 satt naun chhe chaar do sifar chhe 
LOG (lattice-best-path[5.3]:main():lattice-best-path.cc:99) For utterance PN00F02U065, best cost 42.5355 + 2088.43 = 2130.96 over 630 frames.
PN00F02U065 chhe naun panj do panj naun chaar 
LOG (lattice-best-path[5.3]:main():lattice-best-path.cc:99) For utterance PN00F02U066, best cost 44.3595 + 2094.91 = 2139.27 over 630 frames.
PN00F02U066 chaar ikk chaar naun tinn sifar tinn 
LOG (lattice-best-path[5.3]:main():lattice-best-path.cc:99) For utterance PN00F02U067, best cost 42.5081 + 2054.02 = 2096.53 over 630 frames.
PN00F02U067 tinn naun do do naun ikk ikk 
LOG (lattice-best-path[5.3]:main():lattice-best-path.cc:99) For utterance PN00F02U068, best cost 46.4223 + 2293.44 = 2339.86 over 629 frames.
PN00F02U068 ikk naun sifar sifar satt chaar sifar 
LOG (lattice-best-path[5.3]:main():lattice-best-path.cc:99) For utterance PN00F02U069, best cost 39.8475 + 2196.4 = 2236.25 over 630 frames.
PN00F02U069 sifar ikk athth chhe tinn athth 
LOG (lattice-best-path[5.3]:main():lattice-best-path.cc:99) For utterance PN00F02U070, best cost 41.9706 + 2213.12 = 2255.09 over 656 frames.
PN00F02U070 athth panj ikk chhe do chhe athth 
LOG (lattice-best-path[5.3]:main():lattice-best-path.cc:99) For utterance PN00F02U071, best cost 47.6149 + 2156.44 = 2204.06 over 630 frames.
PN00F02U071 athth chaar panj athth tinn chaar athth 
LOG (lattice-best-path[5.3]:main():lattice-best-path.cc:99) For utterance PN00F02U072, best cost 43.3755 + 2120.17 = 2163.55 over 630 frames.
PN00F02U072 athth do tinn satt tinn chhe ikk 
LOG (lattice-best-path[5.3]:main():lattice-best-path.cc:99) For utterance PN00F02U073, best cost 45.1378 + 2184.72 = 2229.86 over 630 frames.
PN00F02U073 ikk panj sifar panj chhe satt do 
LOG (lattice-best-path[5.3]:main():lattice-best-path.cc:99) For utterance PN00F02U074, best cost 45.8261 + 2142.55 = 2188.37 over 630 frames.
PN00F02U074 do athth ikk tinn panj panj satt 
LOG (lattice-best-path[5.3]:main():lattice-best-path.cc:99) For utterance PN00F02U075, best cost 43.3415 + 2168.37 = 2211.71 over 630 frames.
PN00F02U075 satt ikk do satt sifar do chaar 
LOG (lattice-best-path[5.3]:main():lattice-best-path.cc:99) For utterance PN00F02U076, best cost 44.5814 + 2197.23 = 2241.81 over 629 frames.
PN00F02U076 chaar satt athth sifar ikk do tinn 
LOG (lattice-best-path[5.3]:main():lattice-best-path.cc:99) For utterance PN00F02U077, best cost 45.8402 + 2149.39 = 2195.23 over 630 frames.
PN00F02U077 tinn tinn chaar chhe sifar chaar chaar 
LOG (lattice-best-path[5.3]:main():lattice-best-path.cc:99) For utterance PN00F02U078, best cost 43.3166 + 2111.29 = 2154.61 over 629 frames.
PN00F02U078 chaar panj chhe chhe satt satt athth 
LOG (lattice-best-path[5.3]:main():lattice-best-path.cc:99) For utterance PN00F02U079, best cost 43.4982 + 2071.42 = 2114.92 over 629 frames.
PN00F02U079 naun naun ikk tinn panj satt naun 
LOG (lattice-best-path[5.3]:main():lattice-best-path.cc:99) For utterance PN00F02U080, best cost 49.3689 + 2222.44 = 2271.81 over 629 frames.
PN00F02U080 do chhe naun ikk do chaar tinn 
LOG (lattice-best-path[5.3]:main():lattice-best-path.cc:99) For utterance PN00F04U001, best cost 38.6694 + 2312.09 = 2350.76 over 630 frames.
PN00F04U001 sifar sifar naun athth satt chhe panj 
LOG (lattice-best-path[5.3]:main():lattice-best-path.cc:99) For utterance PN00F04U002, best cost 37.3167 + 2144.06 = 2181.37 over 630 frames.
PN00F04U002 panj chaar tinn do ikk sifar ikk 
LOG (lattice-best-path[5.3]:main():lattice-best-path.cc:99) For utterance PN00F04U003, best cost 37.6578 + 2249.85 = 2287.51 over 630 frames.
PN00F04U003 ikk naun satt panj tinn ikk do 
LOG (lattice-best-path[5.3]:main():lattice-best-path.cc:99) For utterance PN00F04U004, best cost 38.5427 + 2190.93 = 2229.47 over 629 frames.
PN00F04U004 do naun chhe chaar do sifar tinn 
LOG (lattice-best-path[5.3]:main():lattice-best-path.cc:99) For utterance PN00F04U005, best cost 37.5099 + 2147.9 = 2185.41 over 630 frames.
PN00F04U005 tinn naun panj do chaar naun chaar 
LOG (lattice-best-path[5.3]:main():lattice-best-path.cc:99) For utterance PN00F04U006, best cost 39.761 + 2320.29 = 2360.05 over 630 frames.
PN00F04U006 chaar ikk panj naun tinn sifar chhe 
LOG (lattice-best-path[5.3]:main():lattice-best-path.cc:99) For utterance PN00F04U007, best cost 40.2694 + 2174.41 = 2214.68 over 630 frames.
PN00F04U007 chhe naun do satt naun ikk athth 
LOG (lattice-best-path[5.3]:main():lattice-best-path.cc:99) For utterance PN00F04U008, best cost 40.4784 + 2187.07 = 2227.55 over 629 frames.
PN00F04U008 athth naun sifar athth chhe tinn chaar 
LOG (lattice-best-path[5.3]:main():lattice-best-path.cc:99) For utterance PN00F04U009, best cost 41.4685 + 2221.41 = 2262.88 over 630 frames.
PN00F04U009 chaar sifar satt chaar athth panj ikk 
LOG (lattice-best-path[5.3]:main():lattice-best-path.cc:99) For utterance PN00F04U010, best cost 41.7524 + 2249.44 = 2291.19 over 630 frames.
PN00F04U010 ikk satt tinn tinn athth chaar chaar 
LOG (lattice-best-path[5.3]:main():lattice-best-path.cc:99) For utterance PN00F04U011, best cost 40.4876 + 2300.96 = 2341.44 over 629 frames.
PN00F04U011 chhe satt do panj athth tinn chhe 
LOG (lattice-best-path[5.3]:main():lattice-best-path.cc:99) For utterance PN00F04U012, best cost 36.9706 + 2127.12 = 2164.09 over 630 frames.
PN00F04U012 chhe athth do athth ikk chhe do 
LOG (lattice-best-path[5.3]:main():lattice-best-path.cc:99) For utterance PN00F04U013, best cost 38.0449 + 2172.3 = 2210.34 over 630 frames.
PN00F04U013 do chhe ikk do tinn satt ikk 
LOG (lattice-best-path[5.3]:main():lattice-best-path.cc:99) For utterance PN00F04U014, best cost 41.9603 + 2199 = 2240.96 over 630 frames.
PN00F04U014 ikk chaar chhe sifar chaar panj sifar 
LOG (lattice-best-path[5.3]:main():lattice-best-path.cc:99) For utterance PN00F04U015, best cost 42.7451 + 2141.86 = 2184.61 over 630 frames.
PN00F04U015 sifar panj satt sifar do do tinn 
LOG (lattice-best-path[5.3]:main():lattice-best-path.cc:99) For utterance PN00F04U016, best cost 39.4378 + 2107.08 = 2146.52 over 629 frames.
PN00F04U016 tinn panj chhe satt athth sifar ikk 
LOG (lattice-best-path[5.3]:main():lattice-best-path.cc:99) For utterance PN00F04U017, best cost 39.777 + 2156.97 = 2196.75 over 630 frames.
PN00F04U017 ikk tinn chaar panj panj chhe chhe 
LOG (lattice-best-path[5.3]:main():lattice-best-path.cc:99) For utterance PN00F04U018, best cost 38.3062 + 2086.69 = 2124.99 over 630 frames.
PN00F04U018 chhe satt satt athth athth naun naun 
LOG (lattice-best-path[5.3]:main():lattice-best-path.cc:99) For utterance PN00F04U019, best cost 40.7681 + 2177.04 = 2217.81 over 630 frames.
PN00F04U019 naun sifar ikk ikk do ikk satt 
LOG (lattice-best-path[5.3]:main():lattice-best-path.cc:99) For utterance PN00F04U020, best cost 37.8071 + 2057.73 = 2095.53 over 630 frames.
PN00F04U020 satt naun ikk tinn panj satt naun 
LOG (lattice-best-path[5.3]:main():lattice-best-path.cc:99) For utterance PN00F04U021, best cost 41.6495 + 2180.79 = 2222.44 over 630 frames.
PN00F04U021 sifar sifar ikk do tinn chaar panj 
LOG (lattice-best-path[5.3]:main():lattice-best-path.cc:99) For utterance PN00F04U022, best cost 41.111 + 2216.54 = 2257.65 over 630 frames.
PN00F04U022 panj chhe satt athth naun ikk sifar 
LOG (lattice-best-path[5.3]:main():lattice-best-path.cc:99) For utterance PN00F04U023, best cost 39.3636 + 2114.62 = 2153.98 over 629 frames.
PN00F04U023 sifar do chaar chhe athth do sifar 
LOG (lattice-best-path[5.3]:main():lattice-best-path.cc:99) For utterance PN00F04U024, best cost 40.9721 + 2277.27 = 2318.24 over 630 frames.
PN00F04U024 sifar tinn panj satt naun tinn sifar 
LOG (lattice-best-path[5.3]:main():lattice-best-path.cc:99) For utterance PN00F04U025, best cost 42.3714 + 2254.88 = 2297.25 over 630 frames.
PN00F04U025 sifar chaar satt chaar sifar panj athth 
LOG (lattice-best-path[5.3]:main():lattice-best-path.cc:99) For utterance PN00F04U026, best cost 41.527 + 2329.81 = 2371.34 over 630 frames.
PN00F04U026 athth panj sifar chhe naun chhe sifar 
LOG (lattice-best-path[5.3]:main():lattice-best-path.cc:99) For utterance PN00F04U027, best cost 42.2327 + 2401 = 2443.23 over 630 frames.
PN00F04U027 sifar satt satt sifar athth athth sifar 
LOG (lattice-best-path[5.3]:main():lattice-best-path.cc:99) For utterance PN00F04U028, best cost 39.1165 + 2168.33 = 2207.45 over 630 frames.
PN00F04U028 sifar naun naun sifar ikk ikk tinn 
LOG (lattice-best-path[5.3]:main():lattice-best-path.cc:99) For utterance PN00F04U029, best cost 36.6629 + 2160.48 = 2197.14 over 630 frames.
PN00F04U029 tinn chhe ikk chaar athth ikk panj 
LOG (lattice-best-path[5.3]:main():lattice-best-path.cc:99) For utterance PN00F04U030, best cost 39.5652 + 2127.69 = 2167.26 over 630 frames.
PN00F04U030 panj naun do panj chaar ikk chhe 
LOG (lattice-best-path[5.3]:main():lattice-best-path.cc:99) For utterance PN00F04U031, best cost 37.9992 + 2218.71 = 2256.71 over 629 frames.
PN00F04U031 chhe panj ikk satt chhe do chhe 
LOG (lattice-best-path[5.3]:main():lattice-best-path.cc:99) For utterance PN00F04U032, best cost 38.4078 + 2235.48 = 2273.88 over 630 frames.
PN00F04U032 chhe tinn satt ikk athth tinn athth 
LOG (lattice-best-path[5.3]:main():lattice-best-path.cc:99) For utterance PN00F04U033, best cost 37.0544 + 2033.22 = 2070.28 over 630 frames.
PN00F04U033 athth naun chaar naun panj do ikk 
LOG (lattice-best-path[5.3]:main():lattice-best-path.cc:99) For utterance PN00F04U034, best cost 37.843 + 2083.36 = 2121.2 over 630 frames.
PN00F04U034 ikk naun satt do satt panj tinn 
LOG (lattice-best-path[5.3]:main():lattice-best-path.cc:99) For utterance PN00F04U035, best cost 36.9147 + 2166.08 = 2203 over 630 frames.
PN00F04U035 tinn naun athth satt tinn ikk do 
LOG (lattice-best-path[5.3]:main():lattice-best-path.cc:99) For utterance PN00F04U036, best cost 40.7031 + 2101.65 = 2142.36 over 630 frames.
PN00F04U036 do do athth chaar do naun sifar 
LOG (lattice-best-path[5.3]:main():lattice-best-path.cc:99) For utterance PN00F04U037, best cost 40.4718 + 2230.64 = 2271.11 over 630 frames.
PN00F04U037 sifar ikk do tinn do tinn tinn 
LOG (lattice-best-path[5.3]:main():lattice-best-path.cc:99) For utterance PN00F04U038, best cost 41.3229 + 2093.43 = 2134.75 over 630 frames.
PN00F04U038 tinn chaar tinn chaar chaar panj panj 
LOG (lattice-best-path[5.3]:main():lattice-best-path.cc:99) For utterance PN00F04U039, best cost 39.2874 + 2190.58 = 2229.87 over 630 frames.
PN00F04U039 panj chhe chaar panj chhe chhe satt 
LOG (lattice-best-path[5.3]:main():lattice-best-path.cc:99) For utterance PN00F04U040, best cost 40.9531 + 2132 = 2172.95 over 629 frames.
PN00F04U040 satt athth chhe satt ikk do chaar 
LOG (lattice-best-path[5.3]:main():lattice-best-path.cc:99) For utterance PN00F04U041, best cost 40.477 + 2217.25 = 2257.73 over 630 frames.
PN00F04U041 sifar naun sifar ikk do tinn chaar 
LOG (lattice-best-path[5.3]:main():lattice-best-path.cc:99) For utterance PN00F04U042, best cost 38.9003 + 2103.83 = 2142.73 over 630 frames.
PN00F04U042 chaar panj chhe satt athth naun athth 
LOG (lattice-best-path[5.3]:main():lattice-best-path.cc:99) For utterance PN00F04U043, best cost 39.3156 + 2153.64 = 2192.96 over 630 frames.
PN00F04U043 athth sifar do chaar chhe athth satt 
LOG (lattice-best-path[5.3]:main():lattice-best-path.cc:99) For utterance PN00F04U044, best cost 40.1431 + 2362.31 = 2402.45 over 630 frames.
PN00F04U044 satt sifar tinn panj satt naun chhe 
LOG (lattice-best-path[5.3]:main():lattice-best-path.cc:99) For utterance PN00F04U045, best cost 39.9362 + 2263.04 = 2302.98 over 630 frames.
PN00F04U045 chhe sifar chaar satt panj sifar panj 
LOG (lattice-best-path[5.3]:main():lattice-best-path.cc:99) For utterance PN00F04U046, best cost 40.1686 + 2195.37 = 2235.54 over 630 frames.
PN00F04U046 panj athth chaar sifar chhe naun tinn 
LOG (lattice-best-path[5.3]:main():lattice-best-path.cc:99) For utterance PN00F04U047, best cost 41.7119 + 2239.32 = 2281.03 over 630 frames.
PN00F04U047 tinn sifar satt do sifar athth ikk 
LOG (lattice-best-path[5.3]:main():lattice-best-path.cc:99) For utterance PN00F04U048, best cost 42.9718 + 2315.02 = 2357.99 over 630 frames.
PN00F04U048 ikk sifar sifar ikk naun ikk tinn 
LOG (lattice-best-path[5.3]:main():lattice-best-path.cc:99) For utterance PN00F04U049, best cost 36.9101 + 2049.1 = 2086.01 over 630 frames.
PN00F04U049 tinn chhe ikk chaar athth do panj 
LOG (lattice-best-path[5.3]:main():lattice-best-path.cc:99) For utterance PN00F04U050, best cost 39.346 + 2164.82 = 2204.17 over 630 frames.
PN00F04U050 panj naun do chhe panj ikk panj 
LOG (lattice-best-path[5.3]:main():lattice-best-path.cc:99) For utterance PN00F04U051, best cost 37.0079 + 2172.62 = 2209.63 over 630 frames.
PN00F04U051 panj chaar ikk chhe tinn ikk satt 
LOG (lattice-best-path[5.3]:main():lattice-best-path.cc:99) For utterance PN00F04U052, best cost 38.0275 + 2182.74 = 2220.77 over 630 frames.
PN00F04U052 satt ikk athth tinn satt tinn athth 
LOG (lattice-best-path[5.3]:main():lattice-best-path.cc:99) For utterance PN00F04U053, best cost 36.6595 + 1993.4 = 2030.06 over 630 frames.
PN00F04U053 athth naun naun chaar naun panj do 
LOG (lattice-best-path[5.3]:main():lattice-best-path.cc:99) For utterance PN00F04U054, best cost 38.3634 + 2050.23 = 2088.6 over 630 frames.
PN00F04U054 do satt chhe do athth panj tinn 
LOG (lattice-best-path[5.3]:main():lattice-best-path.cc:99) For utterance PN00F04U055, best cost 38.8685 + 2052.39 = 2091.26 over 630 frames.
PN00F04U055 tinn naun satt chaar do ikk ikk 
LOG (lattice-best-path[5.3]:main():lattice-best-path.cc:99) For utterance PN00F04U056, best cost 39.7573 + 1994.46 = 2034.21 over 630 frames.
PN00F04U056 ikk do naun sifar ikk do do 
LOG (lattice-best-path[5.3]:main():lattice-best-path.cc:99) For utterance PN00F04U057, best cost 39.6198 + 2057.16 = 2096.78 over 630 frames.
PN00F04U057 do tinn do tinn tinn chaar tinn 
LOG (lattice-best-path[5.3]:main():lattice-best-path.cc:99) For utterance PN00F04U058, best cost 39.5047 + 2012.31 = 2051.82 over 630 frames.
PN00F04U058 tinn chaar chaar panj panj chhe chaar 
LOG (lattice-best-path[5.3]:main():lattice-best-path.cc:99) For utterance PN00F04U059, best cost 42.7666 + 2223.06 = 2265.83 over 630 frames.
PN00F04U059 athth athth athth sifar sifar sifar sifar 
LOG (lattice-best-path[5.3]:main():lattice-best-path.cc:99) For utterance PN00F04U060, best cost 38.9359 + 2084.39 = 2123.33 over 630 frames.
PN00F04U060 athth chhe satt athth athth naun sifar 
LOG (lattice-best-path[5.3]:main():lattice-best-path.cc:99) For utterance PN00F04U061, best cost 36.2168 + 2044.46 = 2080.67 over 630 frames.
PN00F04U061 sifar naun naun athth satt chhe panj 
LOG (lattice-best-path[5.3]:main():lattice-best-path.cc:99) For utterance PN00F04U062, best cost 37.391 + 2085.57 = 2122.96 over 629 frames.
PN00F04U062 panj chaar tinn do ikk sifar athth 
LOG (lattice-best-path[5.3]:main():lattice-best-path.cc:99) For utterance PN00F04U063, best cost 36.2649 + 2111.57 = 2147.83 over 630 frames.
PN00F04U063 athth naun satt panj tinn ikk satt 
LOG (lattice-best-path[5.3]:main():lattice-best-path.cc:99) For utterance PN00F04U064, best cost 36.721 + 2112.3 = 2149.02 over 630 frames.
PN00F04U064 satt naun chhe chaar do sifar chhe 
LOG (lattice-best-path[5.3]:main():lattice-best-path.cc:99) For utterance PN00F04U065, best cost 38.1769 + 1984.25 = 2022.43 over 630 frames.
PN00F04U065 chhe naun panj do panj naun chaar 
LOG (lattice-best-path[5.3]:main():lattice-best-path.cc:99) For utterance PN00F04U066, best cost 39.1935 + 2121.96 = 2161.15 over 630 frames.
PN00F04U066 chaar ikk chaar naun tinn sifar tinn 
LOG (lattice-best-path[5.3]:main():lattice-best-path.cc:99) For utterance PN00F04U067, best cost 37.7733 + 1914.02 = 1951.79 over 630 frames.
PN00F04U067 tinn naun do do naun ikk ikk 
LOG (lattice-best-path[5.3]:main():lattice-best-path.cc:99) For utterance PN00F04U068, best cost 40.4361 + 2171.07 = 2211.5 over 630 frames.
PN00F04U068 ikk naun sifar sifar satt chaar sifar 
LOG (lattice-best-path[5.3]:main():lattice-best-path.cc:99) For utterance PN00F04U069, best cost 45.1876 + 2151.73 = 2196.92 over 630 frames.
PN00F04U069 sifar ikk athth chhe tinn athth athth 
LOG (lattice-best-path[5.3]:main():lattice-best-path.cc:99) For utterance PN00F04U070, best cost 37.1414 + 2015.02 = 2052.16 over 629 frames.
PN00F04U070 athth panj ikk chhe do chhe athth 
LOG (lattice-best-path[5.3]:main():lattice-best-path.cc:99) For utterance PN00F04U071, best cost 41.731 + 2162.91 = 2204.64 over 629 frames.
PN00F04U071 athth chaar panj athth tinn chaar athth 
LOG (lattice-best-path[5.3]:main():lattice-best-path.cc:99) For utterance PN00F04U072, best cost 37.6047 + 2052.94 = 2090.54 over 630 frames.
PN00F04U072 athth do tinn satt tinn chhe ikk 
LOG (lattice-best-path[5.3]:main():lattice-best-path.cc:99) For utterance PN00F04U073, best cost 40.996 + 2191.31 = 2232.31 over 630 frames.
PN00F04U073 ikk panj sifar panj chhe satt do 
LOG (lattice-best-path[5.3]:main():lattice-best-path.cc:99) For utterance PN00F04U074, best cost 41.3241 + 2120.19 = 2161.51 over 629 frames.
PN00F04U074 do athth ikk tinn panj panj satt 
LOG (lattice-best-path[5.3]:main():lattice-best-path.cc:99) For utterance PN00F04U075, best cost 39.3604 + 2117.22 = 2156.58 over 630 frames.
PN00F04U075 satt ikk do satt sifar do chaar 
LOG (lattice-best-path[5.3]:main():lattice-best-path.cc:99) For utterance PN00F04U076, best cost 38.8257 + 2034.41 = 2073.24 over 630 frames.
PN00F04U076 chaar satt athth sifar ikk do tinn 
LOG (lattice-best-path[5.3]:main():lattice-best-path.cc:99) For utterance PN00F04U077, best cost 39.2711 + 2107.48 = 2146.75 over 630 frames.
PN00F04U077 tinn tinn chaar chhe sifar chaar chaar 
LOG (lattice-best-path[5.3]:main():lattice-best-path.cc:99) For utterance PN00F04U078, best cost 38.6132 + 2126.89 = 2165.51 over 630 frames.
PN00F04U078 chaar panj chhe chhe satt satt athth 
LOG (lattice-best-path[5.3]:main():lattice-best-path.cc:99) For utterance PN00F04U079, best cost 37.7863 + 1980.36 = 2018.15 over 630 frames.
PN00F04U079 naun naun ikk tinn panj satt naun 
LOG (lattice-best-path[5.3]:main():lattice-best-path.cc:99) For utterance PN00F04U080, best cost 40.2066 + 2026.85 = 2067.06 over 630 frames.
PN00F04U080 do chhe naun ikk do chaar tinn 
LOG (lattice-best-path[5.3]:main():lattice-best-path.cc:99) For utterance PN00M01U001, best cost 43.0294 + 2436.76 = 2479.79 over 630 frames.
PN00M01U001 sifar sifar naun athth satt chhe panj 
LOG (lattice-best-path[5.3]:main():lattice-best-path.cc:99) For utterance PN00M01U002, best cost 38.5125 + 2225.62 = 2264.13 over 630 frames.
PN00M01U002 panj chaar tinn do ikk sifar ikk 
LOG (lattice-best-path[5.3]:main():lattice-best-path.cc:99) For utterance PN00M01U003, best cost 38.2348 + 2299.21 = 2337.44 over 630 frames.
PN00M01U003 ikk naun satt panj tinn ikk do 
LOG (lattice-best-path[5.3]:main():lattice-best-path.cc:99) For utterance PN00M01U004, best cost 37.9201 + 2143.52 = 2181.44 over 630 frames.
PN00M01U004 do naun chhe chaar do sifar tinn 
LOG (lattice-best-path[5.3]:main():lattice-best-path.cc:99) For utterance PN00M01U005, best cost 38.6825 + 2135.27 = 2173.95 over 630 frames.
PN00M01U005 tinn naun panj do chaar naun chaar 
LOG (lattice-best-path[5.3]:main():lattice-best-path.cc:99) For utterance PN00M01U006, best cost 39.4979 + 2195.67 = 2235.17 over 630 frames.
PN00M01U006 chaar ikk panj naun tinn sifar chhe 
LOG (lattice-best-path[5.3]:main():lattice-best-path.cc:99) For utterance PN00M01U007, best cost 40.1 + 2299.38 = 2339.48 over 629 frames.
PN00M01U007 chhe naun do satt naun ikk athth 
LOG (lattice-best-path[5.3]:main():lattice-best-path.cc:99) For utterance PN00M01U008, best cost 40.8749 + 2299.82 = 2340.7 over 630 frames.
PN00M01U008 athth naun sifar athth chhe tinn chaar 
LOG (lattice-best-path[5.3]:main():lattice-best-path.cc:99) For utterance PN00M01U009, best cost 41.8526 + 2427.13 = 2468.98 over 630 frames.
PN00M01U009 chaar sifar satt chaar athth panj ikk 
LOG (lattice-best-path[5.3]:main():lattice-best-path.cc:99) For utterance PN00M01U010, best cost 42.4168 + 2322.38 = 2364.79 over 630 frames.
PN00M01U010 ikk satt tinn tinn athth chaar chaar 
LOG (lattice-best-path[5.3]:main():lattice-best-path.cc:99) For utterance PN00M01U011, best cost 45.4533 + 2184.49 = 2229.95 over 577 frames.
PN00M01U011 chaar satt do panj athth tinn chhe 
LOG (lattice-best-path[5.3]:main():lattice-best-path.cc:99) For utterance PN00M01U012, best cost 36.1493 + 2342.75 = 2378.9 over 630 frames.
PN00M01U012 chhe athth do athth ikk chhe do 
LOG (lattice-best-path[5.3]:main():lattice-best-path.cc:99) For utterance PN00M01U013, best cost 42.1081 + 2398.63 = 2440.74 over 630 frames.
PN00M01U013 do chhe ikk do tinn satt ikk 
LOG (lattice-best-path[5.3]:main():lattice-best-path.cc:99) For utterance PN00M01U014, best cost 40.1854 + 2399.58 = 2439.76 over 630 frames.
PN00M01U014 ikk chaar chhe sifar chaar panj sifar 
LOG (lattice-best-path[5.3]:main():lattice-best-path.cc:99) For utterance PN00M01U015, best cost 42.9665 + 2376.31 = 2419.28 over 630 frames.
PN00M01U015 sifar panj satt sifar do do tinn 
LOG (lattice-best-path[5.3]:main():lattice-best-path.cc:99) For utterance PN00M01U016, best cost 40.3017 + 2319.42 = 2359.72 over 630 frames.
PN00M01U016 tinn panj chhe satt athth sifar ikk 
LOG (lattice-best-path[5.3]:main():lattice-best-path.cc:99) For utterance PN00M01U017, best cost 41.0898 + 2216.03 = 2257.12 over 630 frames.
PN00M01U017 ikk tinn chaar panj panj chhe chhe 
LOG (lattice-best-path[5.3]:main():lattice-best-path.cc:99) For utterance PN00M01U018, best cost 37.4023 + 2266.91 = 2304.31 over 630 frames.
PN00M01U018 chhe satt satt athth athth naun naun 
LOG (lattice-best-path[5.3]:main():lattice-best-path.cc:99) For utterance PN00M01U019, best cost 41.7868 + 2361.53 = 2403.32 over 630 frames.
PN00M01U019 naun sifar ikk ikk do ikk satt 
LOG (lattice-best-path[5.3]:main():lattice-best-path.cc:99) For utterance PN00M01U020, best cost 38.0933 + 2323.56 = 2361.65 over 630 frames.
PN00M01U020 satt naun ikk tinn panj satt naun 
LOG (lattice-best-path[5.3]:main():lattice-best-path.cc:99) For utterance PN00M01U021, best cost 41.6618 + 2369.91 = 2411.57 over 630 frames.
PN00M01U021 sifar sifar ikk do tinn chaar panj 
LOG (lattice-best-path[5.3]:main():lattice-best-path.cc:99) For utterance PN00M01U022, best cost 42.9113 + 2353.04 = 2395.95 over 655 frames.
PN00M01U022 panj chhe satt athth naun ikk sifar 
LOG (lattice-best-path[5.3]:main():lattice-best-path.cc:99) For utterance PN00M01U023, best cost 39.1303 + 2254.12 = 2293.25 over 629 frames.
PN00M01U023 sifar do chaar chhe athth do sifar 
LOG (lattice-best-path[5.3]:main():lattice-best-path.cc:99) For utterance PN00M01U024, best cost 40.7414 + 2343.95 = 2384.69 over 630 frames.
PN00M01U024 sifar tinn panj satt naun tinn sifar 
LOG (lattice-best-path[5.3]:main():lattice-best-path.cc:99) For utterance PN00M01U025, best cost 43.6076 + 2414.9 = 2458.51 over 630 frames.
PN00M01U025 sifar chaar satt chaar sifar panj athth 
LOG (lattice-best-path[5.3]:main():lattice-best-path.cc:99) For utterance PN00M01U026, best cost 41.6879 + 2310.79 = 2352.47 over 630 frames.
PN00M01U026 athth panj sifar chhe naun chhe sifar 
LOG (lattice-best-path[5.3]:main():lattice-best-path.cc:99) For utterance PN00M01U027, best cost 43.676 + 2313.55 = 2357.23 over 630 frames.
PN00M01U027 sifar satt satt sifar athth athth sifar 
LOG (lattice-best-path[5.3]:main():lattice-best-path.cc:99) For utterance PN00M01U028, best cost 40.6036 + 2278.63 = 2319.24 over 629 frames.
PN00M01U028 sifar naun naun sifar ikk ikk tinn 
LOG (lattice-best-path[5.3]:main():lattice-best-path.cc:99) For utterance PN00M01U029, best cost 37.8158 + 2315.31 = 2353.12 over 630 frames.
PN00M01U029 tinn chhe ikk chaar athth ikk panj 
LOG (lattice-best-path[5.3]:main():lattice-best-path.cc:99) For utterance PN00M01U030, best cost 39.2434 + 2262.99 = 2302.24 over 630 frames.
PN00M01U030 panj naun do panj chaar ikk chhe 
LOG (lattice-best-path[5.3]:main():lattice-best-path.cc:99) For utterance PN00M01U031, best cost 38.0537 + 2214.77 = 2252.82 over 629 frames.
PN00M01U031 chhe panj ikk satt chhe do chhe 
LOG (lattice-best-path[5.3]:main():lattice-best-path.cc:99) For utterance PN00M01U032, best cost 40.9815 + 2266.33 = 2307.31 over 629 frames.
PN00M01U032 chhe tinn satt ikk athth tinn athth 
LOG (lattice-best-path[5.3]:main():lattice-best-path.cc:99) For utterance PN00M01U033, best cost 36.6778 + 2209.66 = 2246.34 over 656 frames.
PN00M01U033 athth naun chaar naun panj do ikk 
LOG (lattice-best-path[5.3]:main():lattice-best-path.cc:99) For utterance PN00M01U034, best cost 40.0391 + 2178.73 = 2218.77 over 630 frames.
PN00M01U034 ikk naun satt do satt panj tinn 
LOG (lattice-best-path[5.3]:main():lattice-best-path.cc:99) For utterance PN00M01U035, best cost 40.8633 + 2209.17 = 2250.04 over 630 frames.
PN00M01U035 tinn naun athth satt tinn ikk do 
LOG (lattice-best-path[5.3]:main():lattice-best-path.cc:99) For utterance PN00M01U036, best cost 41.5029 + 2234.54 = 2276.04 over 630 frames.
PN00M01U036 do do athth chaar do naun sifar 
LOG (lattice-best-path[5.3]:main():lattice-best-path.cc:99) For utterance PN00M01U037, best cost 41.189 + 2260.11 = 2301.3 over 630 frames.
PN00M01U037 sifar ikk do tinn do tinn tinn 
LOG (lattice-best-path[5.3]:main():lattice-best-path.cc:99) For utterance PN00M01U038, best cost 42.4451 + 2227.69 = 2270.13 over 629 frames.
PN00M01U038 tinn chaar tinn chaar chaar panj panj 
LOG (lattice-best-path[5.3]:main():lattice-best-path.cc:99) For utterance PN00M01U039, best cost 42.9248 + 2274.39 = 2317.31 over 630 frames.
PN00M01U039 panj chhe chaar panj chhe chhe satt 
LOG (lattice-best-path[5.3]:main():lattice-best-path.cc:99) For utterance PN00M01U040, best cost 42.3851 + 2282.8 = 2325.18 over 630 frames.
PN00M01U040 satt athth chhe satt ikk do chaar 
LOG (lattice-best-path[5.3]:main():lattice-best-path.cc:99) For utterance PN00M01U041, best cost 42.5806 + 2284.63 = 2327.21 over 630 frames.
PN00M01U041 sifar naun sifar ikk do tinn chaar 
LOG (lattice-best-path[5.3]:main():lattice-best-path.cc:99) For utterance PN00M01U042, best cost 42.1582 + 2289.97 = 2332.13 over 630 frames.
PN00M01U042 chaar panj chhe satt athth naun athth 
LOG (lattice-best-path[5.3]:main():lattice-best-path.cc:99) For utterance PN00M01U043, best cost 40.8644 + 2361.7 = 2402.56 over 629 frames.
PN00M01U043 athth sifar do chaar chhe athth satt 
LOG (lattice-best-path[5.3]:main():lattice-best-path.cc:99) For utterance PN00M01U044, best cost 43.0817 + 2427.58 = 2470.67 over 656 frames.
PN00M01U044 satt sifar tinn panj satt naun chhe 
LOG (lattice-best-path[5.3]:main():lattice-best-path.cc:99) For utterance PN00M01U045, best cost 40.8412 + 2350.63 = 2391.47 over 630 frames.
PN00M01U045 chhe sifar chaar satt panj sifar panj 
LOG (lattice-best-path[5.3]:main():lattice-best-path.cc:99) For utterance PN00M01U046, best cost 42.2514 + 2292.49 = 2334.75 over 630 frames.
PN00M01U046 panj athth chaar sifar chhe naun tinn 
LOG (lattice-best-path[5.3]:main():lattice-best-path.cc:99) For utterance PN00M01U047, best cost 46.3341 + 2402.96 = 2449.3 over 630 frames.
PN00M01U047 tinn sifar satt do sifar athth ikk 
LOG (lattice-best-path[5.3]:main():lattice-best-path.cc:99) For utterance PN00M01U048, best cost 45.2115 + 2369.63 = 2414.85 over 630 frames.
PN00M01U048 ikk sifar sifar ikk naun ikk tinn 
LOG (lattice-best-path[5.3]:main():lattice-best-path.cc:99) For utterance PN00M01U049, best cost 40.0716 + 2256.38 = 2296.45 over 630 frames.
PN00M01U049 tinn chhe ikk chaar athth do panj 
LOG (lattice-best-path[5.3]:main():lattice-best-path.cc:99) For utterance PN00M01U050, best cost 39.7741 + 2193.7 = 2233.48 over 630 frames.
PN00M01U050 panj naun do chhe panj ikk panj 
LOG (lattice-best-path[5.3]:main():lattice-best-path.cc:99) For utterance PN00M01U051, best cost 38.48 + 2295.59 = 2334.07 over 629 frames.
PN00M01U051 panj chaar ikk chhe tinn ikk satt 
LOG (lattice-best-path[5.3]:main():lattice-best-path.cc:99) For utterance PN00M01U052, best cost 41.4282 + 2371.69 = 2413.12 over 630 frames.
PN00M01U052 satt ikk athth tinn satt tinn athth 
LOG (lattice-best-path[5.3]:main():lattice-best-path.cc:99) For utterance PN00M01U053, best cost 36.372 + 2188.43 = 2224.81 over 629 frames.
PN00M01U053 athth naun naun chaar naun panj do 
LOG (lattice-best-path[5.3]:main():lattice-best-path.cc:99) For utterance PN00M01U054, best cost 39.4829 + 2311.61 = 2351.09 over 629 frames.
PN00M01U054 do satt chhe do athth panj tinn 
LOG (lattice-best-path[5.3]:main():lattice-best-path.cc:99) For utterance PN00M01U055, best cost 40.5727 + 2315.58 = 2356.15 over 629 frames.
PN00M01U055 tinn naun satt chaar do ikk ikk 
LOG (lattice-best-path[5.3]:main():lattice-best-path.cc:99) For utterance PN00M01U056, best cost 40.5221 + 2226.26 = 2266.78 over 630 frames.
PN00M01U056 ikk do naun sifar ikk do do 
LOG (lattice-best-path[5.3]:main():lattice-best-path.cc:99) For utterance PN00M01U057, best cost 43.935 + 2118.81 = 2162.74 over 630 frames.
PN00M01U057 do tinn do tinn tinn chaar tinn 
LOG (lattice-best-path[5.3]:main():lattice-best-path.cc:99) For utterance PN00M01U058, best cost 42.2977 + 2222.66 = 2264.96 over 656 frames.
PN00M01U058 tinn chaar chaar panj panj chhe chaar 
LOG (lattice-best-path[5.3]:main():lattice-best-path.cc:99) For utterance PN00M01U059, best cost 45.3635 + 2493.81 = 2539.17 over 630 frames.
PN00M01U059 athth athth athth sifar sifar sifar sifar 
LOG (lattice-best-path[5.3]:main():lattice-best-path.cc:99) For utterance PN00M01U060, best cost 40.3223 + 2301.95 = 2342.27 over 630 frames.
PN00M01U060 athth chhe satt athth athth naun sifar 
LOG (lattice-best-path[5.3]:main():lattice-best-path.cc:99) For utterance PN00M01U061, best cost 36.9813 + 2272.91 = 2309.89 over 630 frames.
PN00M01U061 sifar naun naun athth satt chhe panj 
LOG (lattice-best-path[5.3]:main():lattice-best-path.cc:99) For utterance PN00M01U062, best cost 38.4738 + 2199.31 = 2237.79 over 630 frames.
PN00M01U062 panj chaar tinn do ikk sifar athth 
LOG (lattice-best-path[5.3]:main():lattice-best-path.cc:99) For utterance PN00M01U063, best cost 37.4926 + 2205.89 = 2243.39 over 630 frames.
PN00M01U063 athth naun satt panj tinn ikk satt 
LOG (lattice-best-path[5.3]:main():lattice-best-path.cc:99) For utterance PN00M01U064, best cost 37.5609 + 2167.75 = 2205.31 over 630 frames.
PN00M01U064 satt naun chhe chaar do sifar chhe 
LOG (lattice-best-path[5.3]:main():lattice-best-path.cc:99) For utterance PN00M01U065, best cost 38.0663 + 2051.68 = 2089.75 over 629 frames.
PN00M01U065 chhe naun panj do panj naun chaar 
LOG (lattice-best-path[5.3]:main():lattice-best-path.cc:99) For utterance PN00M01U066, best cost 42.2655 + 2141.5 = 2183.76 over 630 frames.
PN00M01U066 chaar ikk chaar naun tinn sifar tinn 
LOG (lattice-best-path[5.3]:main():lattice-best-path.cc:99) For utterance PN00M01U067, best cost 41.5005 + 2096.67 = 2138.17 over 630 frames.
PN00M01U067 tinn naun do do naun ikk ikk 
LOG (lattice-best-path[5.3]:main():lattice-best-path.cc:99) For utterance PN00M01U068, best cost 42.6539 + 2308.88 = 2351.54 over 630 frames.
PN00M01U068 ikk naun sifar sifar satt chaar sifar 
LOG (lattice-best-path[5.3]:main():lattice-best-path.cc:99) For utterance PN00M01U069, best cost 46.8605 + 2294.26 = 2341.12 over 630 frames.
PN00M01U069 sifar ikk athth chhe tinn athth athth 
LOG (lattice-best-path[5.3]:main():lattice-best-path.cc:99) For utterance PN00M01U070, best cost 38.7506 + 2227.14 = 2265.89 over 630 frames.
PN00M01U070 athth panj ikk chhe do chhe athth 
LOG (lattice-best-path[5.3]:main():lattice-best-path.cc:99) For utterance PN00M01U071, best cost 43.9019 + 2253.07 = 2296.97 over 630 frames.
PN00M01U071 athth chaar panj athth tinn chaar athth 
LOG (lattice-best-path[5.3]:main():lattice-best-path.cc:99) For utterance PN00M01U072, best cost 39.3937 + 2220.81 = 2260.21 over 630 frames.
PN00M01U072 athth do tinn satt tinn chhe ikk 
LOG (lattice-best-path[5.3]:main():lattice-best-path.cc:99) For utterance PN00M01U073, best cost 41.2635 + 2232.48 = 2273.74 over 630 frames.
PN00M01U073 ikk panj sifar panj chhe satt do 
LOG (lattice-best-path[5.3]:main():lattice-best-path.cc:99) For utterance PN00M01U074, best cost 43.7414 + 2210.35 = 2254.09 over 629 frames.
PN00M01U074 do athth ikk tinn panj panj satt 
LOG (lattice-best-path[5.3]:main():lattice-best-path.cc:99) For utterance PN00M01U075, best cost 43.7635 + 2293.62 = 2337.39 over 629 frames.
PN00M01U075 satt ikk do satt sifar do chaar 
LOG (lattice-best-path[5.3]:main():lattice-best-path.cc:99) For utterance PN00M01U076, best cost 42.7022 + 2231.95 = 2274.65 over 630 frames.
PN00M01U076 chaar satt athth sifar ikk do tinn 
LOG (lattice-best-path[5.3]:main():lattice-best-path.cc:99) For utterance PN00M01U077, best cost 42.8648 + 2162.11 = 2204.97 over 630 frames.
PN00M01U077 tinn tinn chaar chhe sifar chaar chaar 
LOG (lattice-best-path[5.3]:main():lattice-best-path.cc:99) For utterance PN00M01U078, best cost 42.9905 + 2266.61 = 2309.6 over 630 frames.
PN00M01U078 chaar panj chhe chhe satt satt athth 
LOG (lattice-best-path[5.3]:main():lattice-best-path.cc:99) For utterance PN00M01U079, best cost 41.1345 + 2164.88 = 2206.01 over 629 frames.
PN00M01U079 naun naun ikk tinn panj satt naun 
LOG (lattice-best-path[5.3]:main():lattice-best-path.cc:99) For utterance PN00M01U080, best cost 44.551 + 2188.31 = 2232.86 over 630 frames.
PN00M01U080 do chhe naun ikk do chaar tinn 
LOG (lattice-best-path[5.3]:main():lattice-best-path.cc:99) For utterance PN00M03U001, best cost 37.5807 + 2266.43 = 2304.01 over 629 frames.
PN00M03U001 sifar sifar naun athth satt chhe panj 
LOG (lattice-best-path[5.3]:main():lattice-best-path.cc:99) For utterance PN00M03U002, best cost 35.7862 + 2204.74 = 2240.53 over 630 frames.
PN00M03U002 panj chaar tinn do ikk sifar ikk 
LOG (lattice-best-path[5.3]:main():lattice-best-path.cc:99) For utterance PN00M03U003, best cost 35.5974 + 2118.32 = 2153.92 over 630 frames.
PN00M03U003 ikk naun satt panj tinn ikk do 
LOG (lattice-best-path[5.3]:main():lattice-best-path.cc:99) For utterance PN00M03U004, best cost 37.8566 + 2149.92 = 2187.77 over 630 frames.
PN00M03U004 do naun chhe chaar do sifar tinn 
LOG (lattice-best-path[5.3]:main():lattice-best-path.cc:99) For utterance PN00M03U005, best cost 38.6312 + 2122.13 = 2160.76 over 629 frames.
PN00M03U005 tinn naun panj do chaar naun chaar 
LOG (lattice-best-path[5.3]:main():lattice-best-path.cc:99) For utterance PN00M03U006, best cost 37.6423 + 2128.6 = 2166.24 over 630 frames.
PN00M03U006 chaar ikk panj naun tinn sifar chhe 
LOG (lattice-best-path[5.3]:main():lattice-best-path.cc:99) For utterance PN00M03U007, best cost 38.8716 + 2140.89 = 2179.76 over 630 frames.
PN00M03U007 chhe naun do satt naun ikk athth 
LOG (lattice-best-path[5.3]:main():lattice-best-path.cc:99) For utterance PN00M03U008, best cost 40.0975 + 2200.68 = 2240.78 over 630 frames.
PN00M03U008 athth naun sifar athth chhe tinn chaar 
LOG (lattice-best-path[5.3]:main():lattice-best-path.cc:99) For utterance PN00M03U009, best cost 39.8969 + 2192.78 = 2232.68 over 630 frames.
PN00M03U009 chaar sifar satt chaar athth panj ikk 
LOG (lattice-best-path[5.3]:main():lattice-best-path.cc:99) For utterance PN00M03U010, best cost 41.0449 + 2164.85 = 2205.89 over 630 frames.
PN00M03U010 ikk satt tinn tinn athth chaar chaar 
LOG (lattice-best-path[5.3]:main():lattice-best-path.cc:99) For utterance PN00M03U011, best cost 41.3993 + 2255.04 = 2296.44 over 630 frames.
PN00M03U011 chhe satt do panj athth tinn chhe 
LOG (lattice-best-path[5.3]:main():lattice-best-path.cc:99) For utterance PN00M03U012, best cost 36.6286 + 2082.71 = 2119.34 over 630 frames.
PN00M03U012 chhe athth do athth ikk chhe do 
LOG (lattice-best-path[5.3]:main():lattice-best-path.cc:99) For utterance PN00M03U013, best cost 38.2496 + 2065.89 = 2104.14 over 630 frames.
PN00M03U013 do chhe ikk do tinn satt ikk 
LOG (lattice-best-path[5.3]:main():lattice-best-path.cc:99) For utterance PN00M03U014, best cost 40.4018 + 2122.76 = 2163.16 over 630 frames.
PN00M03U014 ikk chaar chhe sifar chaar panj sifar 
LOG (lattice-best-path[5.3]:main():lattice-best-path.cc:99) For utterance PN00M03U015, best cost 42.3721 + 2155.02 = 2197.39 over 630 frames.
PN00M03U015 sifar panj satt sifar do do tinn 
LOG (lattice-best-path[5.3]:main():lattice-best-path.cc:99) For utterance PN00M03U016, best cost 40.3752 + 2108.62 = 2149 over 630 frames.
PN00M03U016 tinn panj chhe satt athth sifar ikk 
LOG (lattice-best-path[5.3]:main():lattice-best-path.cc:99) For utterance PN00M03U017, best cost 41.9205 + 2059.58 = 2101.5 over 630 frames.
PN00M03U017 ikk tinn chaar panj panj chhe chhe 
LOG (lattice-best-path[5.3]:main():lattice-best-path.cc:99) For utterance PN00M03U018, best cost 38.3835 + 2061.58 = 2099.96 over 630 frames.
PN00M03U018 chhe satt satt athth athth naun naun 
LOG (lattice-best-path[5.3]:main():lattice-best-path.cc:99) For utterance PN00M03U019, best cost 39.7086 + 2069.96 = 2109.67 over 629 frames.
PN00M03U019 naun sifar ikk ikk do ikk satt 
LOG (lattice-best-path[5.3]:main():lattice-best-path.cc:99) For utterance PN00M03U020, best cost 36.1598 + 2080.83 = 2116.99 over 630 frames.
PN00M03U020 satt naun ikk tinn panj satt naun 
LOG (lattice-best-path[5.3]:main():lattice-best-path.cc:99) For utterance PN00M03U021, best cost 44.7875 + 2403.57 = 2448.35 over 630 frames.
PN00M03U021 sifar sifar ikk do tinn chaar panj 
LOG (lattice-best-path[5.3]:main():lattice-best-path.cc:99) For utterance PN00M03U022, best cost 40.3826 + 2198.79 = 2239.18 over 630 frames.
PN00M03U022 panj chhe satt athth naun ikk sifar 
LOG (lattice-best-path[5.3]:main():lattice-best-path.cc:99) For utterance PN00M03U023, best cost 39.1182 + 2218.12 = 2257.24 over 629 frames.
PN00M03U023 sifar do chaar chhe athth do sifar 
LOG (lattice-best-path[5.3]:main():lattice-best-path.cc:99) For utterance PN00M03U024, best cost 40.1755 + 2173.9 = 2214.08 over 630 frames.
PN00M03U024 sifar tinn panj satt naun tinn sifar 
LOG (lattice-best-path[5.3]:main():lattice-best-path.cc:99) For utterance PN00M03U025, best cost 42.343 + 2171.93 = 2214.28 over 630 frames.
PN00M03U025 sifar chaar satt chaar sifar panj athth 
LOG (lattice-best-path[5.3]:main():lattice-best-path.cc:99) For utterance PN00M03U026, best cost 40.6127 + 2213.99 = 2254.6 over 629 frames.
PN00M03U026 athth panj sifar chhe naun chhe sifar 
LOG (lattice-best-path[5.3]:main():lattice-best-path.cc:99) For utterance PN00M03U027, best cost 42.0372 + 2238.25 = 2280.29 over 629 frames.
PN00M03U027 sifar satt satt sifar athth athth sifar 
LOG (lattice-best-path[5.3]:main():lattice-best-path.cc:99) For utterance PN00M03U028, best cost 39.3287 + 2110.71 = 2150.04 over 630 frames.
PN00M03U028 sifar naun naun sifar ikk ikk tinn 
LOG (lattice-best-path[5.3]:main():lattice-best-path.cc:99) For utterance PN00M03U029, best cost 36.6936 + 2062.26 = 2098.95 over 630 frames.
PN00M03U029 tinn chhe ikk chaar athth ikk panj 
LOG (lattice-best-path[5.3]:main():lattice-best-path.cc:99) For utterance PN00M03U030, best cost 37.5347 + 2052.07 = 2089.6 over 630 frames.
PN00M03U030 panj naun do panj chaar ikk chhe 
LOG (lattice-best-path[5.3]:main():lattice-best-path.cc:99) For utterance PN00M03U031, best cost 37.6354 + 2061.61 = 2099.24 over 629 frames.
PN00M03U031 chhe panj ikk satt chhe do chhe 
LOG (lattice-best-path[5.3]:main():lattice-best-path.cc:99) For utterance PN00M03U032, best cost 38.7412 + 2199.17 = 2237.91 over 629 frames.
PN00M03U032 chhe tinn satt ikk athth tinn athth 
LOG (lattice-best-path[5.3]:main():lattice-best-path.cc:99) For utterance PN00M03U033, best cost 36.6653 + 2124.39 = 2161.06 over 630 frames.
PN00M03U033 athth naun chaar naun panj do ikk 
LOG (lattice-best-path[5.3]:main():lattice-best-path.cc:99) For utterance PN00M03U034, best cost 37.5067 + 2038.82 = 2076.33 over 630 frames.
PN00M03U034 ikk naun satt do satt panj tinn 
LOG (lattice-best-path[5.3]:main():lattice-best-path.cc:99) For utterance PN00M03U035, best cost 36.3134 + 2015.19 = 2051.5 over 630 frames.
PN00M03U035 tinn naun athth satt tinn ikk do 
LOG (lattice-best-path[5.3]:main():lattice-best-path.cc:99) For utterance PN00M03U036, best cost 40.4158 + 2137.72 = 2178.13 over 629 frames.
PN00M03U036 do do athth chaar do naun sifar 
LOG (lattice-best-path[5.3]:main():lattice-best-path.cc:99) For utterance PN00M03U037, best cost 40.272 + 2145.13 = 2185.4 over 629 frames.
PN00M03U037 sifar ikk do tinn do tinn tinn 
LOG (lattice-best-path[5.3]:main():lattice-best-path.cc:99) For utterance PN00M03U038, best cost 41.9423 + 2465.57 = 2507.51 over 630 frames.
PN00M03U038 tinn chaar tinn chaar chaar panj panj 
LOG (lattice-best-path[5.3]:main():lattice-best-path.cc:99) For utterance PN00M03U039, best cost 39.1117 + 2092.82 = 2131.93 over 630 frames.
PN00M03U039 panj chhe chaar panj chhe chhe satt 
LOG (lattice-best-path[5.3]:main():lattice-best-path.cc:99) For utterance PN00M03U040, best cost 41.1194 + 2078.54 = 2119.66 over 630 frames.
PN00M03U040 satt athth chhe satt ikk do chaar 
LOG (lattice-best-path[5.3]:main():lattice-best-path.cc:99) For utterance PN00M03U041, best cost 39.2569 + 2234.86 = 2274.12 over 629 frames.
PN00M03U041 sifar naun sifar ikk do tinn chaar 
LOG (lattice-best-path[5.3]:main():lattice-best-path.cc:99) For utterance PN00M03U042, best cost 39.0384 + 2116.61 = 2155.65 over 630 frames.
PN00M03U042 chaar panj chhe satt athth naun athth 
LOG (lattice-best-path[5.3]:main():lattice-best-path.cc:99) For utterance PN00M03U043, best cost 38.5215 + 2227.59 = 2266.11 over 629 frames.
PN00M03U043 athth sifar do chaar chhe athth satt 
LOG (lattice-best-path[5.3]:main():lattice-best-path.cc:99) For utterance PN00M03U044, best cost 38.7366 + 2096.03 = 2134.77 over 629 frames.
PN00M03U044 satt sifar tinn panj satt naun chhe 
LOG (lattice-best-path[5.3]:main():lattice-best-path.cc:99) For utterance PN00M03U045, best cost 38.7908 + 2149.06 = 2187.85 over 630 frames.
PN00M03U045 chhe sifar chaar satt panj sifar panj 
LOG (lattice-best-path[5.3]:main():lattice-best-path.cc:99) For utterance PN00M03U046, best cost 39.6005 + 2023.49 = 2063.09 over 629 frames.
PN00M03U046 panj athth chaar sifar chhe naun tinn 
LOG (lattice-scale[5.3]:main():lattice-scale.cc:90) Done 320 lattices.
LOG (lattice-best-path[5.3]:main():lattice-best-path.cc:99) For utterance PN00M03U047, best cost 41.144 + 2122.65 = 2163.79 over 630 frames.
PN00M03U047 tinn sifar satt do sifar athth ikk 
LOG (lattice-best-path[5.3]:main():lattice-best-path.cc:99) For utterance PN00M03U048, best cost 40.4061 + 2107.46 = 2147.87 over 630 frames.
PN00M03U048 ikk sifar sifar ikk naun ikk tinn 
LOG (lattice-best-path[5.3]:main():lattice-best-path.cc:99) For utterance PN00M03U049, best cost 37.6506 + 2074.89 = 2112.54 over 630 frames.
PN00M03U049 tinn chhe ikk chaar athth do panj 
LOG (lattice-best-path[5.3]:main():lattice-best-path.cc:99) For utterance PN00M03U050, best cost 37.8283 + 2017.39 = 2055.22 over 630 frames.
PN00M03U050 panj naun do chhe panj ikk panj 
LOG (lattice-best-path[5.3]:main():lattice-best-path.cc:99) For utterance PN00M03U051, best cost 36.9736 + 2000.36 = 2037.33 over 629 frames.
PN00M03U051 panj chaar ikk chhe tinn ikk satt 
LOG (lattice-best-path[5.3]:main():lattice-best-path.cc:99) For utterance PN00M03U052, best cost 38.6097 + 2094.34 = 2132.95 over 632 frames.
PN00M03U052 satt ikk athth tinn satt tinn athth 
LOG (lattice-best-path[5.3]:main():lattice-best-path.cc:99) For utterance PN00M03U053, best cost 36.1054 + 2141.31 = 2177.41 over 653 frames.
PN00M03U053 athth naun naun chaar naun panj do 
LOG (lattice-best-path[5.3]:main():lattice-best-path.cc:99) For utterance PN00M03U054, best cost 38.9878 + 2173.74 = 2212.72 over 651 frames.
PN00M03U054 do satt chhe do athth panj tinn 
LOG (lattice-best-path[5.3]:main():lattice-best-path.cc:99) For utterance PN00M03U055, best cost 38.985 + 2105.58 = 2144.56 over 654 frames.
PN00M03U055 tinn naun satt chaar do ikk ikk 
LOG (lattice-best-path[5.3]:main():lattice-best-path.cc:99) For utterance PN00M03U056, best cost 40.9221 + 2054.21 = 2095.14 over 629 frames.
PN00M03U056 ikk do naun sifar ikk do do 
LOG (lattice-best-path[5.3]:main():lattice-best-path.cc:99) For utterance PN00M03U057, best cost 43.1385 + 2279.32 = 2322.46 over 623 frames.
PN00M03U057 do tinn do tinn tinn chaar tinn 
LOG (lattice-best-path[5.3]:main():lattice-best-path.cc:99) For utterance PN00M03U058, best cost 40.7483 + 2142.19 = 2182.94 over 622 frames.
PN00M03U058 tinn chaar chaar panj panj chhe chaar 
LOG (lattice-best-path[5.3]:main():lattice-best-path.cc:99) For utterance PN00M03U059, best cost 44.3701 + 2318.85 = 2363.22 over 625 frames.
PN00M03U059 athth athth athth sifar sifar sifar sifar 
LOG (lattice-best-path[5.3]:main():lattice-best-path.cc:99) For utterance PN00M03U060, best cost 39.034 + 2240.15 = 2279.18 over 628 frames.
PN00M03U060 athth chhe satt athth athth naun sifar 
LOG (lattice-best-path[5.3]:main():lattice-best-path.cc:99) For utterance PN00M03U061, best cost 36.5456 + 2192.83 = 2229.37 over 629 frames.
PN00M03U061 sifar naun naun athth satt chhe panj 
LOG (lattice-best-path[5.3]:main():lattice-best-path.cc:99) For utterance PN00M03U062, best cost 37.4552 + 2181.01 = 2218.47 over 630 frames.
PN00M03U062 panj chaar tinn do ikk sifar athth 
LOG (lattice-best-path[5.3]:main():lattice-best-path.cc:99) For utterance PN00M03U063, best cost 35.5082 + 2118.73 = 2154.23 over 629 frames.
PN00M03U063 athth naun satt panj tinn ikk satt 
LOG (lattice-add-penalty[5.3]:main():lattice-add-penalty.cc:62) Done adding word insertion penalty to 320 lattices.
LOG (lattice-best-path[5.3]:main():lattice-best-path.cc:99) For utterance PN00M03U064, best cost 37.3764 + 2263.21 = 2300.59 over 629 frames.
PN00M03U064 satt naun chhe chaar do sifar chhe 
LOG (lattice-best-path[5.3]:main():lattice-best-path.cc:99) For utterance PN00M03U065, best cost 38.4471 + 2107.78 = 2146.23 over 629 frames.
PN00M03U065 chhe naun panj do panj naun chaar 
LOG (lattice-best-path[5.3]:main():lattice-best-path.cc:99) For utterance PN00M03U066, best cost 39.1331 + 2105.74 = 2144.87 over 630 frames.
PN00M03U066 chaar ikk chaar naun tinn sifar tinn 
LOG (lattice-best-path[5.3]:main():lattice-best-path.cc:99) For utterance PN00M03U067, best cost 38.9193 + 2062.73 = 2101.65 over 627 frames.
PN00M03U067 tinn naun do do naun ikk ikk 
LOG (lattice-best-path[5.3]:main():lattice-best-path.cc:99) For utterance PN00M03U068, best cost 42.8877 + 2382.14 = 2425.02 over 630 frames.
PN00M03U068 ikk naun sifar sifar satt chaar sifar 
LOG (lattice-best-path[5.3]:main():lattice-best-path.cc:99) For utterance PN00M03U069, best cost 36.7294 + 2212.62 = 2249.35 over 629 frames.
PN00M03U069 sifar ikk athth chhe tinn athth 
LOG (lattice-best-path[5.3]:main():lattice-best-path.cc:99) For utterance PN00M03U070, best cost 37.1001 + 2217.06 = 2254.16 over 630 frames.
PN00M03U070 athth panj ikk chhe do chhe athth 
LOG (lattice-best-path[5.3]:main():lattice-best-path.cc:99) For utterance PN00M03U071, best cost 42.2729 + 2130.31 = 2172.58 over 630 frames.
PN00M03U071 athth chaar panj athth tinn chaar athth 
LOG (lattice-best-path[5.3]:main():lattice-best-path.cc:99) For utterance PN00M03U072, best cost 38.0994 + 2154.67 = 2192.77 over 629 frames.
PN00M03U072 athth do tinn satt tinn chhe ikk 
LOG (lattice-best-path[5.3]:main():lattice-best-path.cc:99) For utterance PN00M03U073, best cost 40.5574 + 2146.99 = 2187.55 over 630 frames.
PN00M03U073 ikk panj sifar panj chhe satt do 
LOG (lattice-best-path[5.3]:main():lattice-best-path.cc:99) For utterance PN00M03U074, best cost 41.9572 + 2153.24 = 2195.2 over 630 frames.
PN00M03U074 do athth ikk tinn panj panj satt 
LOG (lattice-best-path[5.3]:main():lattice-best-path.cc:99) For utterance PN00M03U075, best cost 39.069 + 2357.95 = 2397.02 over 630 frames.
PN00M03U075 satt ikk do satt sifar do chaar 
LOG (lattice-best-path[5.3]:main():lattice-best-path.cc:99) For utterance PN00M03U076, best cost 39.4556 + 2185.58 = 2225.04 over 620 frames.
PN00M03U076 chaar satt athth sifar ikk do tinn 
LOG (lattice-best-path[5.3]:main():lattice-best-path.cc:99) For utterance PN00M03U077, best cost 41.1908 + 2189.64 = 2230.83 over 624 frames.
PN00M03U077 tinn tinn chaar chhe sifar chaar chaar 
LOG (lattice-best-path[5.3]:main():lattice-best-path.cc:99) For utterance PN00M03U078, best cost 39.1692 + 2302.49 = 2341.66 over 627 frames.
PN00M03U078 chaar panj chhe chhe satt satt athth 
LOG (lattice-best-path[5.3]:main():lattice-best-path.cc:99) For utterance PN00M03U079, best cost 38.6069 + 2178.39 = 2217 over 629 frames.
PN00M03U079 naun naun ikk tinn panj satt naun 
LOG (lattice-best-path[5.3]:main():lattice-best-path.cc:99) For utterance PN00M03U080, best cost 41.6988 + 2148.6 = 2190.3 over 629 frames.
PN00M03U080 do chhe naun ikk do chaar tinn 
LOG (lattice-best-path[5.3]:main():lattice-best-path.cc:124) Overall cost per frame is 3.53954 = 0.0649166 [graph] + 3.47462 [acoustic] over 201866 frames.
LOG (lattice-best-path[5.3]:main():lattice-best-path.cc:128) Done 320 lattices, failed for 0
# Accounting: time=0 threads=1
# Ended (code 0) at Tue Dec 18 10:00:29 IST 2018, elapsed time 0 seconds
