# gmm-latgen-faster --max-active=7000 --beam=13.0 --lattice-beam=6.0 --acoustic-scale=0.083333 --allow-partial=true --word-symbol-table=exp/tri1/graph/words.txt exp/tri1/final.mdl exp/tri1/graph/HCLG.fst "ark,s,cs:apply-cmvn  --utt2spk=ark:data/test/split4/1/utt2spk scp:data/test/split4/1/cmvn.scp scp:data/test/split4/1/feats.scp ark:- | add-deltas  ark:- ark:- |" "ark:|gzip -c > exp/tri1/decode/lat.1.gz" 
# Started at Tue Dec 18 09:45:56 IST 2018
#
gmm-latgen-faster --max-active=7000 --beam=13.0 --lattice-beam=6.0 --acoustic-scale=0.083333 --allow-partial=true --word-symbol-table=exp/tri1/graph/words.txt exp/tri1/final.mdl exp/tri1/graph/HCLG.fst 'ark,s,cs:apply-cmvn  --utt2spk=ark:data/test/split4/1/utt2spk scp:data/test/split4/1/cmvn.scp scp:data/test/split4/1/feats.scp ark:- | add-deltas  ark:- ark:- |' 'ark:|gzip -c > exp/tri1/decode/lat.1.gz' 
apply-cmvn --utt2spk=ark:data/test/split4/1/utt2spk scp:data/test/split4/1/cmvn.scp scp:data/test/split4/1/feats.scp ark:- 
add-deltas ark:- ark:- 
PN00F02U001 sifar sifar naun athth satt chhe panj 
LOG (gmm-latgen-faster[5.3]:DecodeUtteranceLatticeFaster():decoder-wrappers.cc:286) Log-like per frame for utterance PN00F02U001 is -4.3149 over 630 frames.
PN00F02U002 panj chaar tinn do ikk sifar ikk 
LOG (gmm-latgen-faster[5.3]:DecodeUtteranceLatticeFaster():decoder-wrappers.cc:286) Log-like per frame for utterance PN00F02U002 is -3.79834 over 656 frames.
PN00F02U003 ikk naun satt panj tinn ikk do 
LOG (gmm-latgen-faster[5.3]:DecodeUtteranceLatticeFaster():decoder-wrappers.cc:286) Log-like per frame for utterance PN00F02U003 is -3.80766 over 630 frames.
PN00F02U004 do naun chhe chaar do sifar tinn 
LOG (gmm-latgen-faster[5.3]:DecodeUtteranceLatticeFaster():decoder-wrappers.cc:286) Log-like per frame for utterance PN00F02U004 is -3.89804 over 629 frames.
PN00F02U005 tinn naun panj do chaar naun chaar 
LOG (gmm-latgen-faster[5.3]:DecodeUtteranceLatticeFaster():decoder-wrappers.cc:286) Log-like per frame for utterance PN00F02U005 is -3.70458 over 628 frames.
PN00F02U006 chaar ikk panj naun tinn sifar chhe 
LOG (gmm-latgen-faster[5.3]:DecodeUtteranceLatticeFaster():decoder-wrappers.cc:286) Log-like per frame for utterance PN00F02U006 is -3.93433 over 629 frames.
PN00F02U007 chhe naun do satt naun ikk athth 
LOG (gmm-latgen-faster[5.3]:DecodeUtteranceLatticeFaster():decoder-wrappers.cc:286) Log-like per frame for utterance PN00F02U007 is -3.82253 over 630 frames.
PN00F02U008 athth naun sifar athth chhe tinn chaar 
LOG (gmm-latgen-faster[5.3]:DecodeUtteranceLatticeFaster():decoder-wrappers.cc:286) Log-like per frame for utterance PN00F02U008 is -3.8573 over 629 frames.
PN00F02U009 chaar sifar satt chaar athth panj ikk 
LOG (gmm-latgen-faster[5.3]:DecodeUtteranceLatticeFaster():decoder-wrappers.cc:286) Log-like per frame for utterance PN00F02U009 is -3.9328 over 626 frames.
PN00F02U010 ikk satt tinn tinn athth chaar chaar 
LOG (gmm-latgen-faster[5.3]:DecodeUtteranceLatticeFaster():decoder-wrappers.cc:286) Log-like per frame for utterance PN00F02U010 is -3.84843 over 628 frames.
PN00F02U011 chaar satt do panj athth tinn chhe 
LOG (gmm-latgen-faster[5.3]:DecodeUtteranceLatticeFaster():decoder-wrappers.cc:286) Log-like per frame for utterance PN00F02U011 is -3.90968 over 630 frames.
PN00F02U012 chhe athth do athth ikk chhe do 
LOG (gmm-latgen-faster[5.3]:DecodeUtteranceLatticeFaster():decoder-wrappers.cc:286) Log-like per frame for utterance PN00F02U012 is -3.57238 over 656 frames.
PN00F02U013 do chhe ikk do tinn satt ikk 
LOG (gmm-latgen-faster[5.3]:DecodeUtteranceLatticeFaster():decoder-wrappers.cc:286) Log-like per frame for utterance PN00F02U013 is -3.67102 over 630 frames.
PN00F02U014 ikk chaar chhe sifar chaar panj sifar 
LOG (gmm-latgen-faster[5.3]:DecodeUtteranceLatticeFaster():decoder-wrappers.cc:286) Log-like per frame for utterance PN00F02U014 is -4.05894 over 629 frames.
PN00F02U015 sifar panj satt sifar do do tinn 
LOG (gmm-latgen-faster[5.3]:DecodeUtteranceLatticeFaster():decoder-wrappers.cc:286) Log-like per frame for utterance PN00F02U015 is -4.05534 over 630 frames.
PN00F02U016 tinn panj chhe satt athth sifar ikk 
LOG (gmm-latgen-faster[5.3]:DecodeUtteranceLatticeFaster():decoder-wrappers.cc:286) Log-like per frame for utterance PN00F02U016 is -3.91849 over 629 frames.
PN00F02U017 ikk tinn chaar panj panj chhe chhe 
LOG (gmm-latgen-faster[5.3]:DecodeUtteranceLatticeFaster():decoder-wrappers.cc:286) Log-like per frame for utterance PN00F02U017 is -3.88281 over 657 frames.
PN00F02U018 chhe satt satt athth athth naun naun 
LOG (gmm-latgen-faster[5.3]:DecodeUtteranceLatticeFaster():decoder-wrappers.cc:286) Log-like per frame for utterance PN00F02U018 is -3.69562 over 652 frames.
PN00F02U019 naun sifar ikk ikk do ikk satt 
LOG (gmm-latgen-faster[5.3]:DecodeUtteranceLatticeFaster():decoder-wrappers.cc:286) Log-like per frame for utterance PN00F02U019 is -3.70672 over 653 frames.
PN00F02U020 satt naun ikk tinn panj satt naun 
LOG (gmm-latgen-faster[5.3]:DecodeUtteranceLatticeFaster():decoder-wrappers.cc:286) Log-like per frame for utterance PN00F02U020 is -3.64262 over 628 frames.
PN00F02U021 sifar sifar sifar ikk tinn chaar panj 
LOG (gmm-latgen-faster[5.3]:DecodeUtteranceLatticeFaster():decoder-wrappers.cc:286) Log-like per frame for utterance PN00F02U021 is -4.33099 over 629 frames.
PN00F02U022 panj chhe satt athth naun ikk sifar 
LOG (gmm-latgen-faster[5.3]:DecodeUtteranceLatticeFaster():decoder-wrappers.cc:286) Log-like per frame for utterance PN00F02U022 is -3.69545 over 656 frames.
PN00F02U023 sifar do chaar chhe athth do sifar 
LOG (gmm-latgen-faster[5.3]:DecodeUtteranceLatticeFaster():decoder-wrappers.cc:286) Log-like per frame for utterance PN00F02U023 is -3.74498 over 630 frames.
PN00F02U024 sifar tinn panj satt naun tinn sifar 
LOG (gmm-latgen-faster[5.3]:DecodeUtteranceLatticeFaster():decoder-wrappers.cc:286) Log-like per frame for utterance PN00F02U024 is -3.98591 over 630 frames.
PN00F02U025 sifar chaar satt chaar sifar panj athth 
LOG (gmm-latgen-faster[5.3]:DecodeUtteranceLatticeFaster():decoder-wrappers.cc:286) Log-like per frame for utterance PN00F02U025 is -3.98275 over 630 frames.
PN00F02U026 athth panj sifar chhe naun chhe sifar 
LOG (gmm-latgen-faster[5.3]:DecodeUtteranceLatticeFaster():decoder-wrappers.cc:286) Log-like per frame for utterance PN00F02U026 is -4.08076 over 630 frames.
PN00F02U027 sifar satt satt sifar athth athth sifar 
LOG (gmm-latgen-faster[5.3]:DecodeUtteranceLatticeFaster():decoder-wrappers.cc:286) Log-like per frame for utterance PN00F02U027 is -3.87728 over 656 frames.
PN00F02U028 sifar naun naun sifar ikk ikk tinn 
LOG (gmm-latgen-faster[5.3]:DecodeUtteranceLatticeFaster():decoder-wrappers.cc:286) Log-like per frame for utterance PN00F02U028 is -3.95968 over 629 frames.
PN00F02U029 tinn chhe ikk chaar athth ikk panj 
LOG (gmm-latgen-faster[5.3]:DecodeUtteranceLatticeFaster():decoder-wrappers.cc:286) Log-like per frame for utterance PN00F02U029 is -3.8441 over 630 frames.
PN00F02U030 panj naun do panj chaar ikk chhe 
LOG (gmm-latgen-faster[5.3]:DecodeUtteranceLatticeFaster():decoder-wrappers.cc:286) Log-like per frame for utterance PN00F02U030 is -3.86402 over 630 frames.
PN00F02U031 chhe panj ikk satt chhe do chhe 
LOG (gmm-latgen-faster[5.3]:DecodeUtteranceLatticeFaster():decoder-wrappers.cc:286) Log-like per frame for utterance PN00F02U031 is -3.89761 over 630 frames.
PN00F02U032 chhe tinn satt ikk athth tinn athth 
LOG (gmm-latgen-faster[5.3]:DecodeUtteranceLatticeFaster():decoder-wrappers.cc:286) Log-like per frame for utterance PN00F02U032 is -3.67124 over 629 frames.
PN00F02U033 athth naun chaar naun panj do ikk 
LOG (gmm-latgen-faster[5.3]:DecodeUtteranceLatticeFaster():decoder-wrappers.cc:286) Log-like per frame for utterance PN00F02U033 is -3.7644 over 630 frames.
PN00F02U034 ikk naun satt do satt panj tinn 
LOG (gmm-latgen-faster[5.3]:DecodeUtteranceLatticeFaster():decoder-wrappers.cc:286) Log-like per frame for utterance PN00F02U034 is -3.78585 over 630 frames.
PN00F02U035 tinn naun athth satt tinn ikk do 
LOG (gmm-latgen-faster[5.3]:DecodeUtteranceLatticeFaster():decoder-wrappers.cc:286) Log-like per frame for utterance PN00F02U035 is -3.79187 over 630 frames.
PN00F02U036 do do athth chaar do naun sifar 
LOG (gmm-latgen-faster[5.3]:DecodeUtteranceLatticeFaster():decoder-wrappers.cc:286) Log-like per frame for utterance PN00F02U036 is -3.90831 over 630 frames.
PN00F02U037 sifar ikk do tinn do tinn tinn 
LOG (gmm-latgen-faster[5.3]:DecodeUtteranceLatticeFaster():decoder-wrappers.cc:286) Log-like per frame for utterance PN00F02U037 is -3.60181 over 655 frames.
PN00F02U038 tinn chaar tinn chaar chaar panj panj 
LOG (gmm-latgen-faster[5.3]:DecodeUtteranceLatticeFaster():decoder-wrappers.cc:286) Log-like per frame for utterance PN00F02U038 is -3.76026 over 630 frames.
PN00F02U039 panj chhe chaar panj chhe chhe satt 
LOG (gmm-latgen-faster[5.3]:DecodeUtteranceLatticeFaster():decoder-wrappers.cc:286) Log-like per frame for utterance PN00F02U039 is -3.82176 over 629 frames.
PN00F02U040 satt athth chhe satt ikk do chaar 
LOG (gmm-latgen-faster[5.3]:DecodeUtteranceLatticeFaster():decoder-wrappers.cc:286) Log-like per frame for utterance PN00F02U040 is -3.59415 over 629 frames.
PN00F02U041 sifar naun sifar ikk do tinn chaar 
LOG (gmm-latgen-faster[5.3]:DecodeUtteranceLatticeFaster():decoder-wrappers.cc:286) Log-like per frame for utterance PN00F02U041 is -3.96664 over 630 frames.
PN00F02U042 chaar panj chhe satt athth naun athth 
LOG (gmm-latgen-faster[5.3]:DecodeUtteranceLatticeFaster():decoder-wrappers.cc:286) Log-like per frame for utterance PN00F02U042 is -3.78153 over 648 frames.
PN00F02U043 athth sifar do chaar chhe athth satt 
LOG (gmm-latgen-faster[5.3]:DecodeUtteranceLatticeFaster():decoder-wrappers.cc:286) Log-like per frame for utterance PN00F02U043 is -3.83609 over 630 frames.
PN00F02U044 satt sifar tinn panj satt naun chhe 
LOG (gmm-latgen-faster[5.3]:DecodeUtteranceLatticeFaster():decoder-wrappers.cc:286) Log-like per frame for utterance PN00F02U044 is -3.73903 over 630 frames.
PN00F02U045 chhe sifar chaar satt panj sifar panj 
LOG (gmm-latgen-faster[5.3]:DecodeUtteranceLatticeFaster():decoder-wrappers.cc:286) Log-like per frame for utterance PN00F02U045 is -3.9719 over 630 frames.
PN00F02U046 panj athth chaar sifar chhe naun tinn 
LOG (gmm-latgen-faster[5.3]:DecodeUtteranceLatticeFaster():decoder-wrappers.cc:286) Log-like per frame for utterance PN00F02U046 is -3.72716 over 630 frames.
PN00F02U047 tinn sifar satt do sifar athth ikk 
LOG (gmm-latgen-faster[5.3]:DecodeUtteranceLatticeFaster():decoder-wrappers.cc:286) Log-like per frame for utterance PN00F02U047 is -3.8336 over 630 frames.
PN00F02U048 ikk sifar sifar ikk naun ikk tinn 
LOG (gmm-latgen-faster[5.3]:DecodeUtteranceLatticeFaster():decoder-wrappers.cc:286) Log-like per frame for utterance PN00F02U048 is -3.72269 over 630 frames.
PN00F02U049 tinn chhe ikk chaar athth do panj 
LOG (gmm-latgen-faster[5.3]:DecodeUtteranceLatticeFaster():decoder-wrappers.cc:286) Log-like per frame for utterance PN00F02U049 is -3.84244 over 630 frames.
PN00F02U050 panj naun do chhe panj ikk panj 
LOG (gmm-latgen-faster[5.3]:DecodeUtteranceLatticeFaster():decoder-wrappers.cc:286) Log-like per frame for utterance PN00F02U050 is -3.76381 over 629 frames.
PN00F02U051 panj chaar ikk chhe tinn ikk satt 
LOG (gmm-latgen-faster[5.3]:DecodeUtteranceLatticeFaster():decoder-wrappers.cc:286) Log-like per frame for utterance PN00F02U051 is -3.78047 over 630 frames.
PN00F02U052 satt ikk athth tinn satt tinn athth 
LOG (gmm-latgen-faster[5.3]:DecodeUtteranceLatticeFaster():decoder-wrappers.cc:286) Log-like per frame for utterance PN00F02U052 is -3.69282 over 629 frames.
PN00F02U053 athth naun naun chaar naun panj do 
LOG (gmm-latgen-faster[5.3]:DecodeUtteranceLatticeFaster():decoder-wrappers.cc:286) Log-like per frame for utterance PN00F02U053 is -3.58824 over 630 frames.
PN00F02U054 do satt chhe do athth panj tinn 
LOG (gmm-latgen-faster[5.3]:DecodeUtteranceLatticeFaster():decoder-wrappers.cc:286) Log-like per frame for utterance PN00F02U054 is -3.85335 over 630 frames.
PN00F02U055 tinn naun satt chaar do ikk ikk 
LOG (gmm-latgen-faster[5.3]:DecodeUtteranceLatticeFaster():decoder-wrappers.cc:286) Log-like per frame for utterance PN00F02U055 is -3.80802 over 630 frames.
PN00F02U056 ikk do naun sifar ikk do do 
LOG (gmm-latgen-faster[5.3]:DecodeUtteranceLatticeFaster():decoder-wrappers.cc:286) Log-like per frame for utterance PN00F02U056 is -3.66109 over 656 frames.
PN00F02U057 do tinn do tinn tinn chaar tinn 
LOG (gmm-latgen-faster[5.3]:DecodeUtteranceLatticeFaster():decoder-wrappers.cc:286) Log-like per frame for utterance PN00F02U057 is -3.59989 over 629 frames.
PN00F02U058 tinn chaar chaar panj panj chhe chaar 
LOG (gmm-latgen-faster[5.3]:DecodeUtteranceLatticeFaster():decoder-wrappers.cc:286) Log-like per frame for utterance PN00F02U058 is -3.84192 over 630 frames.
PN00F02U059 athth athth athth sifar sifar sifar sifar 
LOG (gmm-latgen-faster[5.3]:DecodeUtteranceLatticeFaster():decoder-wrappers.cc:286) Log-like per frame for utterance PN00F02U059 is -3.9512 over 629 frames.
PN00F02U060 athth chhe satt athth athth naun sifar 
LOG (gmm-latgen-faster[5.3]:DecodeUtteranceLatticeFaster():decoder-wrappers.cc:286) Log-like per frame for utterance PN00F02U060 is -3.82962 over 629 frames.
PN00F02U061 sifar naun naun athth satt chhe panj 
LOG (gmm-latgen-faster[5.3]:DecodeUtteranceLatticeFaster():decoder-wrappers.cc:286) Log-like per frame for utterance PN00F02U061 is -3.94669 over 630 frames.
PN00F02U062 panj chaar tinn do ikk sifar athth 
LOG (gmm-latgen-faster[5.3]:DecodeUtteranceLatticeFaster():decoder-wrappers.cc:286) Log-like per frame for utterance PN00F02U062 is -3.69416 over 630 frames.
PN00F02U063 athth naun satt panj tinn ikk satt 
LOG (gmm-latgen-faster[5.3]:DecodeUtteranceLatticeFaster():decoder-wrappers.cc:286) Log-like per frame for utterance PN00F02U063 is -3.67803 over 629 frames.
PN00F02U064 satt naun chhe chaar do sifar chhe 
LOG (gmm-latgen-faster[5.3]:DecodeUtteranceLatticeFaster():decoder-wrappers.cc:286) Log-like per frame for utterance PN00F02U064 is -3.80706 over 630 frames.
PN00F02U065 chhe naun panj do panj naun chaar 
LOG (gmm-latgen-faster[5.3]:DecodeUtteranceLatticeFaster():decoder-wrappers.cc:286) Log-like per frame for utterance PN00F02U065 is -3.63945 over 630 frames.
PN00F02U066 chaar ikk chaar naun tinn sifar tinn 
LOG (gmm-latgen-faster[5.3]:DecodeUtteranceLatticeFaster():decoder-wrappers.cc:286) Log-like per frame for utterance PN00F02U066 is -3.66226 over 630 frames.
PN00F02U067 tinn naun do do naun ikk ikk 
LOG (gmm-latgen-faster[5.3]:DecodeUtteranceLatticeFaster():decoder-wrappers.cc:286) Log-like per frame for utterance PN00F02U067 is -3.63071 over 630 frames.
PN00F02U068 ikk naun sifar sifar satt chaar sifar 
LOG (gmm-latgen-faster[5.3]:DecodeUtteranceLatticeFaster():decoder-wrappers.cc:286) Log-like per frame for utterance PN00F02U068 is -4.0085 over 629 frames.
PN00F02U069 sifar ikk athth chhe tinn athth 
LOG (gmm-latgen-faster[5.3]:DecodeUtteranceLatticeFaster():decoder-wrappers.cc:286) Log-like per frame for utterance PN00F02U069 is -3.84333 over 630 frames.
PN00F02U070 athth panj ikk chhe do chhe athth 
LOG (gmm-latgen-faster[5.3]:DecodeUtteranceLatticeFaster():decoder-wrappers.cc:286) Log-like per frame for utterance PN00F02U070 is -3.70855 over 656 frames.
PN00F02U071 athth chaar panj athth tinn chaar athth 
LOG (gmm-latgen-faster[5.3]:DecodeUtteranceLatticeFaster():decoder-wrappers.cc:286) Log-like per frame for utterance PN00F02U071 is -3.7799 over 630 frames.
PN00F02U072 athth do tinn satt tinn chhe ikk 
LOG (gmm-latgen-faster[5.3]:DecodeUtteranceLatticeFaster():decoder-wrappers.cc:286) Log-like per frame for utterance PN00F02U072 is -3.72677 over 630 frames.
PN00F02U073 ikk panj sifar panj chhe satt do 
LOG (gmm-latgen-faster[5.3]:DecodeUtteranceLatticeFaster():decoder-wrappers.cc:286) Log-like per frame for utterance PN00F02U073 is -3.82507 over 630 frames.
PN00F02U074 do athth ikk tinn panj panj satt 
LOG (gmm-latgen-faster[5.3]:DecodeUtteranceLatticeFaster():decoder-wrappers.cc:286) Log-like per frame for utterance PN00F02U074 is -3.74862 over 630 frames.
PN00F02U075 satt ikk do satt sifar do chaar 
LOG (gmm-latgen-faster[5.3]:DecodeUtteranceLatticeFaster():decoder-wrappers.cc:286) Log-like per frame for utterance PN00F02U075 is -3.79093 over 630 frames.
PN00F02U076 chaar satt athth sifar ikk do tinn 
LOG (gmm-latgen-faster[5.3]:DecodeUtteranceLatticeFaster():decoder-wrappers.cc:286) Log-like per frame for utterance PN00F02U076 is -3.84167 over 629 frames.
LOG (apply-cmvn[5.3]:main():apply-cmvn.cc:162) Applied cepstral mean normalization to 80 utterances, errors on 0
PN00F02U077 tinn tinn chaar chhe sifar chaar chaar 
LOG (gmm-latgen-faster[5.3]:DecodeUtteranceLatticeFaster():decoder-wrappers.cc:286) Log-like per frame for utterance PN00F02U077 is -3.77809 over 630 frames.
PN00F02U078 chaar panj chhe chhe satt satt athth 
LOG (gmm-latgen-faster[5.3]:DecodeUtteranceLatticeFaster():decoder-wrappers.cc:286) Log-like per frame for utterance PN00F02U078 is -3.71685 over 629 frames.
PN00F02U079 naun naun ikk tinn panj satt naun 
LOG (gmm-latgen-faster[5.3]:DecodeUtteranceLatticeFaster():decoder-wrappers.cc:286) Log-like per frame for utterance PN00F02U079 is -3.61986 over 629 frames.
PN00F02U080 do chhe naun ikk do chaar tinn 
LOG (gmm-latgen-faster[5.3]:DecodeUtteranceLatticeFaster():decoder-wrappers.cc:286) Log-like per frame for utterance PN00F02U080 is -3.88854 over 629 frames.
LOG (gmm-latgen-faster[5.3]:main():gmm-latgen-faster.cc:176) Time taken 49.5357s: real-time factor assuming 100 frames/sec is 0.0978194
LOG (gmm-latgen-faster[5.3]:main():gmm-latgen-faster.cc:179) Done 80 utterances, failed for 0
LOG (gmm-latgen-faster[5.3]:main():gmm-latgen-faster.cc:181) Overall log-likelihood per frame is -3.81354 over 50640 frames.
# Accounting: time=49 threads=1
# Ended (code 0) at Tue Dec 18 09:46:45 IST 2018, elapsed time 49 seconds
