# gmm-latgen-faster --max-active=7000 --beam=13.0 --lattice-beam=6.0 --acoustic-scale=0.083333 --allow-partial=true --word-symbol-table=exp/tri3/graph//words.txt exp/tri3/final.mdl exp/tri3/graph//HCLG.fst "ark,s,cs:apply-cmvn  --utt2spk=ark:data/test/split3/1/utt2spk scp:data/test/split3/1/cmvn.scp scp:data/test/split3/1/feats.scp ark:- | splice-feats  ark:- ark:- | transform-feats exp/tri3/final.mat ark:- ark:- |" "ark:|gzip -c > exp/tri3/decode/lat.1.gz" 
# Started at Tue Dec 18 10:09:46 IST 2018
#
gmm-latgen-faster --max-active=7000 --beam=13.0 --lattice-beam=6.0 --acoustic-scale=0.083333 --allow-partial=true --word-symbol-table=exp/tri3/graph//words.txt exp/tri3/final.mdl exp/tri3/graph//HCLG.fst 'ark,s,cs:apply-cmvn  --utt2spk=ark:data/test/split3/1/utt2spk scp:data/test/split3/1/cmvn.scp scp:data/test/split3/1/feats.scp ark:- | splice-feats  ark:- ark:- | transform-feats exp/tri3/final.mat ark:- ark:- |' 'ark:|gzip -c > exp/tri3/decode/lat.1.gz' 
apply-cmvn --utt2spk=ark:data/test/split3/1/utt2spk scp:data/test/split3/1/cmvn.scp scp:data/test/split3/1/feats.scp ark:- 
splice-feats ark:- ark:- 
transform-feats exp/tri3/final.mat ark:- ark:- 
PN00F02U001 sifar sifar naun athth satt chhe panj 
LOG (gmm-latgen-faster[5.3]:DecodeUtteranceLatticeFaster():decoder-wrappers.cc:286) Log-like per frame for utterance PN00F02U001 is -3.19683 over 630 frames.
PN00F02U002 panj chaar tinn do ikk sifar ikk 
LOG (gmm-latgen-faster[5.3]:DecodeUtteranceLatticeFaster():decoder-wrappers.cc:286) Log-like per frame for utterance PN00F02U002 is -2.69849 over 656 frames.
PN00F02U003 ikk naun satt panj tinn ikk do 
LOG (gmm-latgen-faster[5.3]:DecodeUtteranceLatticeFaster():decoder-wrappers.cc:286) Log-like per frame for utterance PN00F02U003 is -2.72325 over 630 frames.
PN00F02U004 do naun chhe chaar do sifar tinn 
LOG (gmm-latgen-faster[5.3]:DecodeUtteranceLatticeFaster():decoder-wrappers.cc:286) Log-like per frame for utterance PN00F02U004 is -2.7309 over 629 frames.
PN00F02U005 tinn naun panj do chaar naun chaar 
LOG (gmm-latgen-faster[5.3]:DecodeUtteranceLatticeFaster():decoder-wrappers.cc:286) Log-like per frame for utterance PN00F02U005 is -2.59 over 628 frames.
PN00F02U006 chaar ikk panj naun tinn sifar chhe 
LOG (gmm-latgen-faster[5.3]:DecodeUtteranceLatticeFaster():decoder-wrappers.cc:286) Log-like per frame for utterance PN00F02U006 is -2.77846 over 629 frames.
PN00F02U007 chhe naun do satt naun ikk athth 
LOG (gmm-latgen-faster[5.3]:DecodeUtteranceLatticeFaster():decoder-wrappers.cc:286) Log-like per frame for utterance PN00F02U007 is -2.76069 over 630 frames.
PN00F02U008 athth naun sifar athth chhe tinn chaar 
LOG (gmm-latgen-faster[5.3]:DecodeUtteranceLatticeFaster():decoder-wrappers.cc:286) Log-like per frame for utterance PN00F02U008 is -2.7711 over 629 frames.
PN00F02U009 chaar sifar satt chaar athth panj ikk 
LOG (gmm-latgen-faster[5.3]:DecodeUtteranceLatticeFaster():decoder-wrappers.cc:286) Log-like per frame for utterance PN00F02U009 is -2.89412 over 626 frames.
PN00F02U010 ikk satt tinn tinn athth chaar chaar 
LOG (gmm-latgen-faster[5.3]:DecodeUtteranceLatticeFaster():decoder-wrappers.cc:286) Log-like per frame for utterance PN00F02U010 is -2.83019 over 628 frames.
PN00F02U011 chhe satt satt do panj athth tinn chhe 
LOG (gmm-latgen-faster[5.3]:DecodeUtteranceLatticeFaster():decoder-wrappers.cc:286) Log-like per frame for utterance PN00F02U011 is -2.90347 over 630 frames.
PN00F02U012 chhe athth do athth ikk chhe do 
LOG (gmm-latgen-faster[5.3]:DecodeUtteranceLatticeFaster():decoder-wrappers.cc:286) Log-like per frame for utterance PN00F02U012 is -2.53542 over 656 frames.
PN00F02U013 do chhe ikk do tinn satt ikk 
LOG (gmm-latgen-faster[5.3]:DecodeUtteranceLatticeFaster():decoder-wrappers.cc:286) Log-like per frame for utterance PN00F02U013 is -2.66474 over 630 frames.
PN00F02U014 ikk chaar chhe sifar chaar panj sifar 
LOG (gmm-latgen-faster[5.3]:DecodeUtteranceLatticeFaster():decoder-wrappers.cc:286) Log-like per frame for utterance PN00F02U014 is -3.05837 over 629 frames.
PN00F02U015 sifar panj satt sifar do do tinn 
LOG (gmm-latgen-faster[5.3]:DecodeUtteranceLatticeFaster():decoder-wrappers.cc:286) Log-like per frame for utterance PN00F02U015 is -3.04313 over 630 frames.
PN00F02U016 tinn panj chhe satt athth sifar ikk 
LOG (gmm-latgen-faster[5.3]:DecodeUtteranceLatticeFaster():decoder-wrappers.cc:286) Log-like per frame for utterance PN00F02U016 is -2.93865 over 629 frames.
PN00F02U017 ikk tinn chaar panj panj chhe chhe 
LOG (gmm-latgen-faster[5.3]:DecodeUtteranceLatticeFaster():decoder-wrappers.cc:286) Log-like per frame for utterance PN00F02U017 is -2.8666 over 657 frames.
PN00F02U018 chhe satt satt athth athth naun naun 
LOG (gmm-latgen-faster[5.3]:DecodeUtteranceLatticeFaster():decoder-wrappers.cc:286) Log-like per frame for utterance PN00F02U018 is -2.70847 over 652 frames.
PN00F02U019 naun sifar ikk ikk do ikk satt 
LOG (gmm-latgen-faster[5.3]:DecodeUtteranceLatticeFaster():decoder-wrappers.cc:286) Log-like per frame for utterance PN00F02U019 is -2.71141 over 653 frames.
PN00F02U020 satt naun ikk tinn panj satt naun 
LOG (gmm-latgen-faster[5.3]:DecodeUtteranceLatticeFaster():decoder-wrappers.cc:286) Log-like per frame for utterance PN00F02U020 is -2.64609 over 628 frames.
PN00F02U021 sifar sifar sifar ikk tinn chaar panj 
LOG (gmm-latgen-faster[5.3]:DecodeUtteranceLatticeFaster():decoder-wrappers.cc:286) Log-like per frame for utterance PN00F02U021 is -3.4415 over 629 frames.
PN00F02U022 panj chhe satt athth naun ikk sifar 
LOG (gmm-latgen-faster[5.3]:DecodeUtteranceLatticeFaster():decoder-wrappers.cc:286) Log-like per frame for utterance PN00F02U022 is -2.69733 over 656 frames.
PN00F02U023 sifar do chaar chhe athth do sifar 
LOG (gmm-latgen-faster[5.3]:DecodeUtteranceLatticeFaster():decoder-wrappers.cc:286) Log-like per frame for utterance PN00F02U023 is -2.72491 over 630 frames.
PN00F02U024 sifar tinn panj satt naun tinn sifar 
LOG (gmm-latgen-faster[5.3]:DecodeUtteranceLatticeFaster():decoder-wrappers.cc:286) Log-like per frame for utterance PN00F02U024 is -2.95304 over 630 frames.
PN00F02U025 sifar chaar satt chaar sifar panj athth 
LOG (gmm-latgen-faster[5.3]:DecodeUtteranceLatticeFaster():decoder-wrappers.cc:286) Log-like per frame for utterance PN00F02U025 is -2.97489 over 630 frames.
PN00F02U026 athth panj sifar chhe naun chhe sifar 
LOG (gmm-latgen-faster[5.3]:DecodeUtteranceLatticeFaster():decoder-wrappers.cc:286) Log-like per frame for utterance PN00F02U026 is -3.05132 over 630 frames.
PN00F02U027 sifar satt satt sifar athth athth sifar 
LOG (gmm-latgen-faster[5.3]:DecodeUtteranceLatticeFaster():decoder-wrappers.cc:286) Log-like per frame for utterance PN00F02U027 is -2.80482 over 656 frames.
PN00F02U028 sifar naun naun sifar ikk ikk tinn 
LOG (gmm-latgen-faster[5.3]:DecodeUtteranceLatticeFaster():decoder-wrappers.cc:286) Log-like per frame for utterance PN00F02U028 is -2.90464 over 629 frames.
PN00F02U029 tinn chhe ikk chaar athth ikk panj 
LOG (gmm-latgen-faster[5.3]:DecodeUtteranceLatticeFaster():decoder-wrappers.cc:286) Log-like per frame for utterance PN00F02U029 is -2.80537 over 630 frames.
PN00F02U030 panj naun do panj chaar ikk chhe 
LOG (gmm-latgen-faster[5.3]:DecodeUtteranceLatticeFaster():decoder-wrappers.cc:286) Log-like per frame for utterance PN00F02U030 is -2.80717 over 630 frames.
PN00F02U031 chhe panj ikk satt chhe do chhe 
LOG (gmm-latgen-faster[5.3]:DecodeUtteranceLatticeFaster():decoder-wrappers.cc:286) Log-like per frame for utterance PN00F02U031 is -2.88638 over 630 frames.
PN00F02U032 chhe tinn satt ikk athth tinn athth 
LOG (gmm-latgen-faster[5.3]:DecodeUtteranceLatticeFaster():decoder-wrappers.cc:286) Log-like per frame for utterance PN00F02U032 is -2.61594 over 629 frames.
PN00F02U033 athth naun chaar naun panj do ikk 
LOG (gmm-latgen-faster[5.3]:DecodeUtteranceLatticeFaster():decoder-wrappers.cc:286) Log-like per frame for utterance PN00F02U033 is -2.74273 over 630 frames.
PN00F02U034 ikk naun satt do satt panj tinn 
LOG (gmm-latgen-faster[5.3]:DecodeUtteranceLatticeFaster():decoder-wrappers.cc:286) Log-like per frame for utterance PN00F02U034 is -2.75478 over 630 frames.
PN00F02U035 tinn naun athth satt tinn ikk do 
LOG (gmm-latgen-faster[5.3]:DecodeUtteranceLatticeFaster():decoder-wrappers.cc:286) Log-like per frame for utterance PN00F02U035 is -2.74636 over 630 frames.
PN00F02U036 do do athth chaar do naun sifar 
LOG (gmm-latgen-faster[5.3]:DecodeUtteranceLatticeFaster():decoder-wrappers.cc:286) Log-like per frame for utterance PN00F02U036 is -2.90927 over 630 frames.
PN00F02U037 sifar ikk do tinn do tinn tinn 
LOG (gmm-latgen-faster[5.3]:DecodeUtteranceLatticeFaster():decoder-wrappers.cc:286) Log-like per frame for utterance PN00F02U037 is -2.56337 over 655 frames.
PN00F02U038 tinn chaar tinn chaar chaar panj panj 
LOG (gmm-latgen-faster[5.3]:DecodeUtteranceLatticeFaster():decoder-wrappers.cc:286) Log-like per frame for utterance PN00F02U038 is -2.70115 over 630 frames.
PN00F02U039 panj chhe chaar panj chhe chhe satt 
LOG (gmm-latgen-faster[5.3]:DecodeUtteranceLatticeFaster():decoder-wrappers.cc:286) Log-like per frame for utterance PN00F02U039 is -2.74495 over 629 frames.
PN00F02U040 satt athth chhe satt ikk do chaar 
LOG (gmm-latgen-faster[5.3]:DecodeUtteranceLatticeFaster():decoder-wrappers.cc:286) Log-like per frame for utterance PN00F02U040 is -2.56565 over 629 frames.
PN00F02U041 sifar naun sifar ikk do tinn chaar 
LOG (gmm-latgen-faster[5.3]:DecodeUtteranceLatticeFaster():decoder-wrappers.cc:286) Log-like per frame for utterance PN00F02U041 is -2.90922 over 630 frames.
PN00F02U042 chaar panj chhe satt athth naun athth 
LOG (gmm-latgen-faster[5.3]:DecodeUtteranceLatticeFaster():decoder-wrappers.cc:286) Log-like per frame for utterance PN00F02U042 is -2.74671 over 648 frames.
PN00F02U043 athth sifar do chaar chhe athth satt 
LOG (gmm-latgen-faster[5.3]:DecodeUtteranceLatticeFaster():decoder-wrappers.cc:286) Log-like per frame for utterance PN00F02U043 is -2.77717 over 630 frames.
PN00F02U044 satt sifar tinn panj satt naun chhe 
LOG (gmm-latgen-faster[5.3]:DecodeUtteranceLatticeFaster():decoder-wrappers.cc:286) Log-like per frame for utterance PN00F02U044 is -2.62748 over 630 frames.
PN00F02U045 chhe sifar chaar satt panj sifar panj 
LOG (gmm-latgen-faster[5.3]:DecodeUtteranceLatticeFaster():decoder-wrappers.cc:286) Log-like per frame for utterance PN00F02U045 is -2.91286 over 630 frames.
PN00F02U046 panj athth chaar sifar chhe naun tinn 
LOG (gmm-latgen-faster[5.3]:DecodeUtteranceLatticeFaster():decoder-wrappers.cc:286) Log-like per frame for utterance PN00F02U046 is -2.62295 over 630 frames.
PN00F02U047 tinn sifar satt do sifar athth ikk 
LOG (gmm-latgen-faster[5.3]:DecodeUtteranceLatticeFaster():decoder-wrappers.cc:286) Log-like per frame for utterance PN00F02U047 is -2.73161 over 630 frames.
PN00F02U048 ikk sifar sifar ikk naun ikk tinn 
LOG (gmm-latgen-faster[5.3]:DecodeUtteranceLatticeFaster():decoder-wrappers.cc:286) Log-like per frame for utterance PN00F02U048 is -2.64718 over 630 frames.
PN00F02U049 tinn chhe ikk chaar athth do panj 
LOG (gmm-latgen-faster[5.3]:DecodeUtteranceLatticeFaster():decoder-wrappers.cc:286) Log-like per frame for utterance PN00F02U049 is -2.73148 over 630 frames.
PN00F02U050 panj naun do chhe panj ikk panj 
LOG (gmm-latgen-faster[5.3]:DecodeUtteranceLatticeFaster():decoder-wrappers.cc:286) Log-like per frame for utterance PN00F02U050 is -2.65001 over 629 frames.
PN00F02U051 panj chaar ikk chhe tinn ikk satt 
LOG (gmm-latgen-faster[5.3]:DecodeUtteranceLatticeFaster():decoder-wrappers.cc:286) Log-like per frame for utterance PN00F02U051 is -2.64739 over 630 frames.
PN00F02U052 satt ikk athth tinn satt tinn athth 
LOG (gmm-latgen-faster[5.3]:DecodeUtteranceLatticeFaster():decoder-wrappers.cc:286) Log-like per frame for utterance PN00F02U052 is -2.65333 over 629 frames.
PN00F02U053 athth naun naun chaar naun panj do 
LOG (gmm-latgen-faster[5.3]:DecodeUtteranceLatticeFaster():decoder-wrappers.cc:286) Log-like per frame for utterance PN00F02U053 is -2.52858 over 630 frames.
PN00F02U054 do satt chhe do athth panj tinn 
LOG (gmm-latgen-faster[5.3]:DecodeUtteranceLatticeFaster():decoder-wrappers.cc:286) Log-like per frame for utterance PN00F02U054 is -2.75816 over 630 frames.
PN00F02U055 tinn naun satt chaar do ikk ikk 
LOG (gmm-latgen-faster[5.3]:DecodeUtteranceLatticeFaster():decoder-wrappers.cc:286) Log-like per frame for utterance PN00F02U055 is -2.75198 over 630 frames.
PN00F02U056 ikk do naun sifar ikk do do 
LOG (gmm-latgen-faster[5.3]:DecodeUtteranceLatticeFaster():decoder-wrappers.cc:286) Log-like per frame for utterance PN00F02U056 is -2.58233 over 656 frames.
PN00F02U057 do tinn do tinn tinn chaar tinn 
LOG (gmm-latgen-faster[5.3]:DecodeUtteranceLatticeFaster():decoder-wrappers.cc:286) Log-like per frame for utterance PN00F02U057 is -2.51725 over 629 frames.
PN00F02U058 tinn chaar chaar panj panj chhe chaar 
LOG (gmm-latgen-faster[5.3]:DecodeUtteranceLatticeFaster():decoder-wrappers.cc:286) Log-like per frame for utterance PN00F02U058 is -2.76131 over 630 frames.
PN00F02U059 athth athth athth sifar sifar sifar sifar 
LOG (gmm-latgen-faster[5.3]:DecodeUtteranceLatticeFaster():decoder-wrappers.cc:286) Log-like per frame for utterance PN00F02U059 is -2.89996 over 629 frames.
PN00F02U060 athth chhe satt athth athth naun sifar 
LOG (gmm-latgen-faster[5.3]:DecodeUtteranceLatticeFaster():decoder-wrappers.cc:286) Log-like per frame for utterance PN00F02U060 is -2.72808 over 629 frames.
PN00F02U061 sifar naun naun athth satt chhe panj 
LOG (gmm-latgen-faster[5.3]:DecodeUtteranceLatticeFaster():decoder-wrappers.cc:286) Log-like per frame for utterance PN00F02U061 is -2.85429 over 630 frames.
PN00F02U062 panj chaar tinn do ikk sifar athth 
LOG (gmm-latgen-faster[5.3]:DecodeUtteranceLatticeFaster():decoder-wrappers.cc:286) Log-like per frame for utterance PN00F02U062 is -2.66099 over 630 frames.
PN00F02U063 athth naun satt panj tinn ikk satt 
LOG (gmm-latgen-faster[5.3]:DecodeUtteranceLatticeFaster():decoder-wrappers.cc:286) Log-like per frame for utterance PN00F02U063 is -2.5807 over 629 frames.
PN00F02U064 satt naun chhe chaar do sifar chhe 
LOG (gmm-latgen-faster[5.3]:DecodeUtteranceLatticeFaster():decoder-wrappers.cc:286) Log-like per frame for utterance PN00F02U064 is -2.68992 over 630 frames.
PN00F02U065 chhe naun panj do panj naun chaar 
LOG (gmm-latgen-faster[5.3]:DecodeUtteranceLatticeFaster():decoder-wrappers.cc:286) Log-like per frame for utterance PN00F02U065 is -2.53561 over 630 frames.
PN00F02U066 chaar ikk chaar naun tinn sifar tinn 
LOG (gmm-latgen-faster[5.3]:DecodeUtteranceLatticeFaster():decoder-wrappers.cc:286) Log-like per frame for utterance PN00F02U066 is -2.60067 over 630 frames.
PN00F02U067 tinn naun do do naun ikk ikk 
LOG (gmm-latgen-faster[5.3]:DecodeUtteranceLatticeFaster():decoder-wrappers.cc:286) Log-like per frame for utterance PN00F02U067 is -2.51762 over 630 frames.
PN00F02U068 ikk naun sifar sifar satt chaar sifar 
LOG (gmm-latgen-faster[5.3]:DecodeUtteranceLatticeFaster():decoder-wrappers.cc:286) Log-like per frame for utterance PN00F02U068 is -2.98048 over 629 frames.
PN00F02U069 sifar ikk athth chhe tinn athth athth 
LOG (gmm-latgen-faster[5.3]:DecodeUtteranceLatticeFaster():decoder-wrappers.cc:286) Log-like per frame for utterance PN00F02U069 is -2.85805 over 630 frames.
PN00F02U070 athth panj ikk chhe do chhe athth 
LOG (gmm-latgen-faster[5.3]:DecodeUtteranceLatticeFaster():decoder-wrappers.cc:286) Log-like per frame for utterance PN00F02U070 is -2.60688 over 656 frames.
PN00F02U071 athth chaar panj athth tinn chaar athth 
LOG (gmm-latgen-faster[5.3]:DecodeUtteranceLatticeFaster():decoder-wrappers.cc:286) Log-like per frame for utterance PN00F02U071 is -2.71307 over 630 frames.
PN00F02U072 athth do tinn satt tinn chhe ikk 
LOG (gmm-latgen-faster[5.3]:DecodeUtteranceLatticeFaster():decoder-wrappers.cc:286) Log-like per frame for utterance PN00F02U072 is -2.62721 over 630 frames.
PN00F02U073 ikk panj sifar panj chhe satt do 
LOG (gmm-latgen-faster[5.3]:DecodeUtteranceLatticeFaster():decoder-wrappers.cc:286) Log-like per frame for utterance PN00F02U073 is -2.68933 over 630 frames.
PN00F02U074 do athth ikk tinn panj panj satt 
LOG (gmm-latgen-faster[5.3]:DecodeUtteranceLatticeFaster():decoder-wrappers.cc:286) Log-like per frame for utterance PN00F02U074 is -2.63462 over 630 frames.
PN00F02U075 satt ikk do satt sifar do chaar 
LOG (gmm-latgen-faster[5.3]:DecodeUtteranceLatticeFaster():decoder-wrappers.cc:286) Log-like per frame for utterance PN00F02U075 is -2.6666 over 630 frames.
PN00F02U076 chaar satt athth sifar ikk do tinn 
LOG (gmm-latgen-faster[5.3]:DecodeUtteranceLatticeFaster():decoder-wrappers.cc:286) Log-like per frame for utterance PN00F02U076 is -2.77288 over 629 frames.
PN00F02U077 tinn tinn chaar chhe sifar chaar chaar 
LOG (gmm-latgen-faster[5.3]:DecodeUtteranceLatticeFaster():decoder-wrappers.cc:286) Log-like per frame for utterance PN00F02U077 is -2.67586 over 630 frames.
PN00F02U078 chaar panj chhe chhe satt satt athth 
LOG (gmm-latgen-faster[5.3]:DecodeUtteranceLatticeFaster():decoder-wrappers.cc:286) Log-like per frame for utterance PN00F02U078 is -2.60644 over 629 frames.
PN00F02U079 naun naun ikk tinn panj satt naun 
LOG (gmm-latgen-faster[5.3]:DecodeUtteranceLatticeFaster():decoder-wrappers.cc:286) Log-like per frame for utterance PN00F02U079 is -2.51791 over 629 frames.
PN00F02U080 do chhe naun ikk do chaar tinn 
LOG (gmm-latgen-faster[5.3]:DecodeUtteranceLatticeFaster():decoder-wrappers.cc:286) Log-like per frame for utterance PN00F02U080 is -2.77835 over 629 frames.
PN00F04U001 sifar sifar naun athth satt chhe panj 
LOG (gmm-latgen-faster[5.3]:DecodeUtteranceLatticeFaster():decoder-wrappers.cc:286) Log-like per frame for utterance PN00F04U001 is -2.94893 over 630 frames.
PN00F04U002 panj chaar tinn do ikk sifar ikk 
LOG (gmm-latgen-faster[5.3]:DecodeUtteranceLatticeFaster():decoder-wrappers.cc:286) Log-like per frame for utterance PN00F04U002 is -2.61587 over 630 frames.
PN00F04U003 ikk naun satt panj tinn ikk do 
LOG (gmm-latgen-faster[5.3]:DecodeUtteranceLatticeFaster():decoder-wrappers.cc:286) Log-like per frame for utterance PN00F04U003 is -2.75565 over 630 frames.
PN00F04U004 do naun chhe chaar do sifar tinn 
LOG (gmm-latgen-faster[5.3]:DecodeUtteranceLatticeFaster():decoder-wrappers.cc:286) Log-like per frame for utterance PN00F04U004 is -2.69839 over 629 frames.
PN00F04U005 tinn naun panj do chaar naun chaar 
LOG (gmm-latgen-faster[5.3]:DecodeUtteranceLatticeFaster():decoder-wrappers.cc:286) Log-like per frame for utterance PN00F04U005 is -2.71602 over 630 frames.
PN00F04U006 chaar ikk panj naun tinn sifar chhe 
LOG (gmm-latgen-faster[5.3]:DecodeUtteranceLatticeFaster():decoder-wrappers.cc:286) Log-like per frame for utterance PN00F04U006 is -3.03411 over 630 frames.
PN00F04U007 chhe naun do satt naun ikk athth 
LOG (gmm-latgen-faster[5.3]:DecodeUtteranceLatticeFaster():decoder-wrappers.cc:286) Log-like per frame for utterance PN00F04U007 is -2.6871 over 630 frames.
PN00F04U008 athth naun sifar athth chhe tinn chaar 
LOG (gmm-latgen-faster[5.3]:DecodeUtteranceLatticeFaster():decoder-wrappers.cc:286) Log-like per frame for utterance PN00F04U008 is -2.68781 over 629 frames.
PN00F04U009 chaar sifar satt chaar athth panj ikk 
LOG (gmm-latgen-faster[5.3]:DecodeUtteranceLatticeFaster():decoder-wrappers.cc:286) Log-like per frame for utterance PN00F04U009 is -2.79055 over 630 frames.
PN00F04U010 ikk satt tinn tinn athth chaar chaar 
LOG (gmm-latgen-faster[5.3]:DecodeUtteranceLatticeFaster():decoder-wrappers.cc:286) Log-like per frame for utterance PN00F04U010 is -2.78504 over 630 frames.
PN00F04U011 chhe satt do panj athth tinn chhe 
LOG (gmm-latgen-faster[5.3]:DecodeUtteranceLatticeFaster():decoder-wrappers.cc:286) Log-like per frame for utterance PN00F04U011 is -2.9012 over 629 frames.
PN00F04U012 chhe athth do athth ikk chhe do 
LOG (gmm-latgen-faster[5.3]:DecodeUtteranceLatticeFaster():decoder-wrappers.cc:286) Log-like per frame for utterance PN00F04U012 is -2.63885 over 630 frames.
PN00F04U013 do chhe ikk do tinn satt ikk 
LOG (gmm-latgen-faster[5.3]:DecodeUtteranceLatticeFaster():decoder-wrappers.cc:286) Log-like per frame for utterance PN00F04U013 is -2.70714 over 630 frames.
PN00F04U014 ikk chaar chhe sifar chaar panj sifar 
LOG (gmm-latgen-faster[5.3]:DecodeUtteranceLatticeFaster():decoder-wrappers.cc:286) Log-like per frame for utterance PN00F04U014 is -2.68757 over 630 frames.
PN00F04U015 sifar panj satt sifar do do tinn 
LOG (gmm-latgen-faster[5.3]:DecodeUtteranceLatticeFaster():decoder-wrappers.cc:286) Log-like per frame for utterance PN00F04U015 is -2.58531 over 630 frames.
PN00F04U016 tinn panj chhe satt athth sifar ikk 
LOG (gmm-latgen-faster[5.3]:DecodeUtteranceLatticeFaster():decoder-wrappers.cc:286) Log-like per frame for utterance PN00F04U016 is -2.5698 over 629 frames.
PN00F04U017 ikk tinn chaar panj panj chhe chhe 
LOG (gmm-latgen-faster[5.3]:DecodeUtteranceLatticeFaster():decoder-wrappers.cc:286) Log-like per frame for utterance PN00F04U017 is -2.64212 over 630 frames.
PN00F04U018 chhe satt satt athth athth naun naun 
LOG (gmm-latgen-faster[5.3]:DecodeUtteranceLatticeFaster():decoder-wrappers.cc:286) Log-like per frame for utterance PN00F04U018 is -2.50751 over 630 frames.
PN00F04U019 naun sifar ikk ikk do ikk satt 
LOG (gmm-latgen-faster[5.3]:DecodeUtteranceLatticeFaster():decoder-wrappers.cc:286) Log-like per frame for utterance PN00F04U019 is -2.62936 over 630 frames.
PN00F04U020 satt naun ikk tinn panj satt naun 
LOG (gmm-latgen-faster[5.3]:DecodeUtteranceLatticeFaster():decoder-wrappers.cc:286) Log-like per frame for utterance PN00F04U020 is -2.47288 over 630 frames.
PN00F04U021 sifar sifar ikk do tinn chaar panj 
LOG (gmm-latgen-faster[5.3]:DecodeUtteranceLatticeFaster():decoder-wrappers.cc:286) Log-like per frame for utterance PN00F04U021 is -2.69215 over 630 frames.
PN00F04U022 panj chhe satt athth naun ikk sifar 
LOG (gmm-latgen-faster[5.3]:DecodeUtteranceLatticeFaster():decoder-wrappers.cc:286) Log-like per frame for utterance PN00F04U022 is -2.71879 over 630 frames.
PN00F04U023 sifar do chaar chhe athth do sifar 
LOG (gmm-latgen-faster[5.3]:DecodeUtteranceLatticeFaster():decoder-wrappers.cc:286) Log-like per frame for utterance PN00F04U023 is -2.64266 over 629 frames.
PN00F04U024 sifar tinn panj satt naun tinn sifar 
LOG (gmm-latgen-faster[5.3]:DecodeUtteranceLatticeFaster():decoder-wrappers.cc:286) Log-like per frame for utterance PN00F04U024 is -2.83618 over 630 frames.
PN00F04U025 sifar chaar satt chaar sifar panj athth 
LOG (gmm-latgen-faster[5.3]:DecodeUtteranceLatticeFaster():decoder-wrappers.cc:286) Log-like per frame for utterance PN00F04U025 is -2.83233 over 630 frames.
PN00F04U026 athth panj sifar chhe naun chhe sifar 
LOG (gmm-latgen-faster[5.3]:DecodeUtteranceLatticeFaster():decoder-wrappers.cc:286) Log-like per frame for utterance PN00F04U026 is -2.91092 over 630 frames.
PN00F04U027 sifar satt satt sifar athth athth sifar 
LOG (gmm-latgen-faster[5.3]:DecodeUtteranceLatticeFaster():decoder-wrappers.cc:286) Log-like per frame for utterance PN00F04U027 is -3.03942 over 630 frames.
PN00F04U028 sifar naun naun sifar ikk ikk tinn 
LOG (gmm-latgen-faster[5.3]:DecodeUtteranceLatticeFaster():decoder-wrappers.cc:286) Log-like per frame for utterance PN00F04U028 is -2.72619 over 630 frames.
PN00F04U029 tinn chhe ikk chaar athth ikk panj 
LOG (gmm-latgen-faster[5.3]:DecodeUtteranceLatticeFaster():decoder-wrappers.cc:286) Log-like per frame for utterance PN00F04U029 is -2.66485 over 630 frames.
PN00F04U030 panj naun do panj chaar ikk chhe 
LOG (gmm-latgen-faster[5.3]:DecodeUtteranceLatticeFaster():decoder-wrappers.cc:286) Log-like per frame for utterance PN00F04U030 is -2.6179 over 630 frames.
PN00F04U031 chhe panj ikk satt chhe do chhe 
LOG (gmm-latgen-faster[5.3]:DecodeUtteranceLatticeFaster():decoder-wrappers.cc:286) Log-like per frame for utterance PN00F04U031 is -2.75162 over 629 frames.
PN00F04U032 chhe tinn satt ikk athth tinn athth 
LOG (gmm-latgen-faster[5.3]:DecodeUtteranceLatticeFaster():decoder-wrappers.cc:286) Log-like per frame for utterance PN00F04U032 is -2.72955 over 630 frames.
PN00F04U033 athth naun chaar naun panj do ikk 
LOG (gmm-latgen-faster[5.3]:DecodeUtteranceLatticeFaster():decoder-wrappers.cc:286) Log-like per frame for utterance PN00F04U033 is -2.43565 over 630 frames.
PN00F04U034 ikk naun satt do satt panj tinn 
LOG (gmm-latgen-faster[5.3]:DecodeUtteranceLatticeFaster():decoder-wrappers.cc:286) Log-like per frame for utterance PN00F04U034 is -2.52564 over 630 frames.
PN00F04U035 tinn naun athth satt tinn ikk do 
LOG (gmm-latgen-faster[5.3]:DecodeUtteranceLatticeFaster():decoder-wrappers.cc:286) Log-like per frame for utterance PN00F04U035 is -2.59696 over 630 frames.
PN00F04U036 do do athth chaar do naun sifar 
LOG (gmm-latgen-faster[5.3]:DecodeUtteranceLatticeFaster():decoder-wrappers.cc:286) Log-like per frame for utterance PN00F04U036 is -2.54189 over 630 frames.
PN00F04U037 sifar ikk do tinn do tinn tinn 
LOG (gmm-latgen-faster[5.3]:DecodeUtteranceLatticeFaster():decoder-wrappers.cc:286) Log-like per frame for utterance PN00F04U037 is -2.72905 over 630 frames.
PN00F04U038 tinn chaar tinn chaar chaar panj panj 
LOG (gmm-latgen-faster[5.3]:DecodeUtteranceLatticeFaster():decoder-wrappers.cc:286) Log-like per frame for utterance PN00F04U038 is -2.55482 over 630 frames.
PN00F04U039 panj chhe chaar panj chhe chhe satt 
LOG (gmm-latgen-faster[5.3]:DecodeUtteranceLatticeFaster():decoder-wrappers.cc:286) Log-like per frame for utterance PN00F04U039 is -2.67098 over 630 frames.
PN00F04U040 satt athth chhe satt ikk do chaar 
LOG (gmm-latgen-faster[5.3]:DecodeUtteranceLatticeFaster():decoder-wrappers.cc:286) Log-like per frame for utterance PN00F04U040 is -2.60383 over 629 frames.
PN00F04U041 sifar naun sifar ikk do tinn chaar 
LOG (gmm-latgen-faster[5.3]:DecodeUtteranceLatticeFaster():decoder-wrappers.cc:286) Log-like per frame for utterance PN00F04U041 is -2.76606 over 630 frames.
PN00F04U042 chaar panj chhe satt athth naun athth 
LOG (gmm-latgen-faster[5.3]:DecodeUtteranceLatticeFaster():decoder-wrappers.cc:286) Log-like per frame for utterance PN00F04U042 is -2.57829 over 630 frames.
PN00F04U043 athth sifar do chaar chhe athth satt 
LOG (gmm-latgen-faster[5.3]:DecodeUtteranceLatticeFaster():decoder-wrappers.cc:286) Log-like per frame for utterance PN00F04U043 is -2.62876 over 630 frames.
PN00F04U044 satt sifar tinn panj satt naun chhe 
LOG (gmm-latgen-faster[5.3]:DecodeUtteranceLatticeFaster():decoder-wrappers.cc:286) Log-like per frame for utterance PN00F04U044 is -3.02767 over 630 frames.
PN00F04U045 chhe sifar chaar satt panj sifar panj 
LOG (gmm-latgen-faster[5.3]:DecodeUtteranceLatticeFaster():decoder-wrappers.cc:286) Log-like per frame for utterance PN00F04U045 is -2.80496 over 630 frames.
PN00F04U046 panj athth chaar sifar chhe naun tinn 
LOG (gmm-latgen-faster[5.3]:DecodeUtteranceLatticeFaster():decoder-wrappers.cc:286) Log-like per frame for utterance PN00F04U046 is -2.65966 over 630 frames.
PN00F04U047 tinn sifar satt do sifar athth ikk 
LOG (gmm-latgen-faster[5.3]:DecodeUtteranceLatticeFaster():decoder-wrappers.cc:286) Log-like per frame for utterance PN00F04U047 is -2.79124 over 630 frames.
PN00F04U048 ikk sifar sifar ikk naun ikk tinn 
LOG (gmm-latgen-faster[5.3]:DecodeUtteranceLatticeFaster():decoder-wrappers.cc:286) Log-like per frame for utterance PN00F04U048 is -2.92924 over 630 frames.
PN00F04U049 tinn chhe ikk chaar athth do panj 
LOG (gmm-latgen-faster[5.3]:DecodeUtteranceLatticeFaster():decoder-wrappers.cc:286) Log-like per frame for utterance PN00F04U049 is -2.43784 over 630 frames.
PN00F04U050 panj naun do chhe panj ikk panj 
LOG (gmm-latgen-faster[5.3]:DecodeUtteranceLatticeFaster():decoder-wrappers.cc:286) Log-like per frame for utterance PN00F04U050 is -2.59953 over 630 frames.
PN00F04U051 panj chaar ikk chhe tinn ikk satt 
LOG (gmm-latgen-faster[5.3]:DecodeUtteranceLatticeFaster():decoder-wrappers.cc:286) Log-like per frame for utterance PN00F04U051 is -2.67772 over 630 frames.
PN00F04U052 satt ikk athth tinn satt tinn athth 
LOG (gmm-latgen-faster[5.3]:DecodeUtteranceLatticeFaster():decoder-wrappers.cc:286) Log-like per frame for utterance PN00F04U052 is -2.68995 over 630 frames.
PN00F04U053 athth naun naun chaar naun panj do 
LOG (gmm-latgen-faster[5.3]:DecodeUtteranceLatticeFaster():decoder-wrappers.cc:286) Log-like per frame for utterance PN00F04U053 is -2.31068 over 630 frames.
PN00F04U054 do satt chhe do athth panj tinn 
LOG (gmm-latgen-faster[5.3]:DecodeUtteranceLatticeFaster():decoder-wrappers.cc:286) Log-like per frame for utterance PN00F04U054 is -2.45313 over 630 frames.
PN00F04U055 tinn naun satt chaar do ikk ikk 
LOG (gmm-latgen-faster[5.3]:DecodeUtteranceLatticeFaster():decoder-wrappers.cc:286) Log-like per frame for utterance PN00F04U055 is -2.44988 over 630 frames.
PN00F04U056 ikk do naun sifar ikk do do 
LOG (gmm-latgen-faster[5.3]:DecodeUtteranceLatticeFaster():decoder-wrappers.cc:286) Log-like per frame for utterance PN00F04U056 is -2.3448 over 630 frames.
PN00F04U057 do tinn do tinn tinn chaar tinn 
LOG (gmm-latgen-faster[5.3]:DecodeUtteranceLatticeFaster():decoder-wrappers.cc:286) Log-like per frame for utterance PN00F04U057 is -2.43947 over 630 frames.
PN00F04U058 tinn chaar chaar panj panj chhe chaar 
LOG (gmm-latgen-faster[5.3]:DecodeUtteranceLatticeFaster():decoder-wrappers.cc:286) Log-like per frame for utterance PN00F04U058 is -2.44451 over 630 frames.
PN00F04U059 athth athth athth sifar sifar sifar sifar 
LOG (gmm-latgen-faster[5.3]:DecodeUtteranceLatticeFaster():decoder-wrappers.cc:286) Log-like per frame for utterance PN00F04U059 is -2.69831 over 630 frames.
PN00F04U060 athth chhe satt athth athth naun sifar 
LOG (gmm-latgen-faster[5.3]:DecodeUtteranceLatticeFaster():decoder-wrappers.cc:286) Log-like per frame for utterance PN00F04U060 is -2.49593 over 630 frames.
PN00F04U061 sifar naun naun athth satt chhe panj 
LOG (gmm-latgen-faster[5.3]:DecodeUtteranceLatticeFaster():decoder-wrappers.cc:286) Log-like per frame for utterance PN00F04U061 is -2.48751 over 630 frames.
PN00F04U062 panj chaar tinn do ikk sifar athth 
LOG (gmm-latgen-faster[5.3]:DecodeUtteranceLatticeFaster():decoder-wrappers.cc:286) Log-like per frame for utterance PN00F04U062 is -2.50362 over 629 frames.
PN00F04U063 athth naun satt panj tinn ikk satt 
LOG (gmm-latgen-faster[5.3]:DecodeUtteranceLatticeFaster():decoder-wrappers.cc:286) Log-like per frame for utterance PN00F04U063 is -2.53151 over 630 frames.
PN00F04U064 satt naun chhe chaar do sifar chhe 
LOG (gmm-latgen-faster[5.3]:DecodeUtteranceLatticeFaster():decoder-wrappers.cc:286) Log-like per frame for utterance PN00F04U064 is -2.51434 over 630 frames.
PN00F04U065 chhe naun panj do panj naun chaar 
LOG (gmm-latgen-faster[5.3]:DecodeUtteranceLatticeFaster():decoder-wrappers.cc:286) Log-like per frame for utterance PN00F04U065 is -2.36375 over 630 frames.
PN00F04U066 chaar ikk chaar naun tinn sifar tinn 
LOG (gmm-latgen-faster[5.3]:DecodeUtteranceLatticeFaster():decoder-wrappers.cc:286) Log-like per frame for utterance PN00F04U066 is -2.5416 over 630 frames.
PN00F04U067 tinn naun do do naun ikk ikk 
LOG (gmm-latgen-faster[5.3]:DecodeUtteranceLatticeFaster():decoder-wrappers.cc:286) Log-like per frame for utterance PN00F04U067 is -2.22656 over 630 frames.
PN00F04U068 ikk naun sifar sifar satt chaar sifar 
LOG (gmm-latgen-faster[5.3]:DecodeUtteranceLatticeFaster():decoder-wrappers.cc:286) Log-like per frame for utterance PN00F04U068 is -2.65734 over 630 frames.
PN00F04U069 sifar ikk athth chhe tinn athth athth 
LOG (gmm-latgen-faster[5.3]:DecodeUtteranceLatticeFaster():decoder-wrappers.cc:286) Log-like per frame for utterance PN00F04U069 is -2.67015 over 630 frames.
PN00F04U070 athth panj ikk chhe do chhe athth 
LOG (gmm-latgen-faster[5.3]:DecodeUtteranceLatticeFaster():decoder-wrappers.cc:286) Log-like per frame for utterance PN00F04U070 is -2.39387 over 629 frames.
PN00F04U071 athth chaar panj athth tinn chaar athth 
LOG (gmm-latgen-faster[5.3]:DecodeUtteranceLatticeFaster():decoder-wrappers.cc:286) Log-like per frame for utterance PN00F04U071 is -2.65398 over 629 frames.
PN00F04U072 athth do tinn satt tinn chhe ikk 
LOG (gmm-latgen-faster[5.3]:DecodeUtteranceLatticeFaster():decoder-wrappers.cc:286) Log-like per frame for utterance PN00F04U072 is -2.40194 over 630 frames.
PN00F04U073 ikk panj sifar panj chhe satt do 
LOG (gmm-latgen-faster[5.3]:DecodeUtteranceLatticeFaster():decoder-wrappers.cc:286) Log-like per frame for utterance PN00F04U073 is -2.70005 over 630 frames.
PN00F04U074 do athth ikk tinn panj panj satt 
LOG (gmm-latgen-faster[5.3]:DecodeUtteranceLatticeFaster():decoder-wrappers.cc:286) Log-like per frame for utterance PN00F04U074 is -2.5447 over 629 frames.
PN00F04U075 satt ikk do satt sifar do chaar 
LOG (gmm-latgen-faster[5.3]:DecodeUtteranceLatticeFaster():decoder-wrappers.cc:286) Log-like per frame for utterance PN00F04U075 is -2.56263 over 630 frames.
LOG (apply-cmvn[5.3]:main():apply-cmvn.cc:162) Applied cepstral mean normalization to 160 utterances, errors on 0
PN00F04U076 chaar satt athth sifar ikk do tinn 
LOG (gmm-latgen-faster[5.3]:DecodeUtteranceLatticeFaster():decoder-wrappers.cc:286) Log-like per frame for utterance PN00F04U076 is -2.40108 over 630 frames.
PN00F04U077 tinn tinn chaar chhe sifar chaar chaar 
LOG (gmm-latgen-faster[5.3]:DecodeUtteranceLatticeFaster():decoder-wrappers.cc:286) Log-like per frame for utterance PN00F04U077 is -2.59337 over 630 frames.
PN00F04U078 chaar panj chhe chhe satt satt athth 
LOG (gmm-latgen-faster[5.3]:DecodeUtteranceLatticeFaster():decoder-wrappers.cc:286) Log-like per frame for utterance PN00F04U078 is -2.62613 over 630 frames.
PN00F04U079 naun naun ikk tinn panj satt naun 
LOG (gmm-latgen-faster[5.3]:DecodeUtteranceLatticeFaster():decoder-wrappers.cc:286) Log-like per frame for utterance PN00F04U079 is -2.32064 over 630 frames.
LOG (transform-feats[5.3]:main():transform-feats.cc:158) Overall average [pseudo-]logdet is -54.2093 over 101029 frames.
LOG (transform-feats[5.3]:main():transform-feats.cc:161) Applied transform to 160 utterances; 0 had errors.
PN00F04U080 do chhe naun ikk do chaar tinn 
LOG (gmm-latgen-faster[5.3]:DecodeUtteranceLatticeFaster():decoder-wrappers.cc:286) Log-like per frame for utterance PN00F04U080 is -2.38202 over 630 frames.
LOG (gmm-latgen-faster[5.3]:main():gmm-latgen-faster.cc:176) Time taken 65.3295s: real-time factor assuming 100 frames/sec is 0.0646641
LOG (gmm-latgen-faster[5.3]:main():gmm-latgen-faster.cc:179) Done 160 utterances, failed for 0
LOG (gmm-latgen-faster[5.3]:main():gmm-latgen-faster.cc:181) Overall log-likelihood per frame is -2.68987 over 101029 frames.
# Accounting: time=66 threads=1
# Ended (code 0) at Tue Dec 18 10:10:52 IST 2018, elapsed time 66 seconds
