# gunzip -c exp/mono/decode/depth_stats_tmp.*.gz | steps/diagnostic/analyze_lattice_depth_stats.py exp/mono/graph 
# Started at Tue Dec 18 09:33:02 IST 2018
#
The total amount of data analyzed assuming 100 frames per second is 0.6 hours
Overall, lattice depth (10,50,90-percentile)=(1,1,1) and mean=1.1
Phone sil accounts for 52.2% of frames, with lattice depth (10,50,90-percentile)=(1,1,1) and mean=1.1
Nonsilence phones as a group account for 47.8% of frames, with lattice depth (10,50,90-percentile)=(1,1,1) and mean=1.1
Phone a_I accounts for 3.5% of frames, with lattice depth (10,50,90-percentile)=(1,1,1) and mean=1.1
Phone s_B accounts for 3.5% of frames, with lattice depth (10,50,90-percentile)=(1,1,1) and mean=1.1
Phone o_E accounts for 3.1% of frames, with lattice depth (10,50,90-percentile)=(1,1,1) and mean=1.1
Phone ch_B accounts for 3.0% of frames, with lattice depth (10,50,90-percentile)=(1,1,1) and mean=1.0
Phone f_I accounts for 2.7% of frames, with lattice depth (10,50,90-percentile)=(1,1,1) and mean=1.1
Phone K_E accounts for 2.6% of frames, with lattice depth (10,50,90-percentile)=(1,1,1) and mean=1.1
Phone o_I accounts for 2.4% of frames, with lattice depth (10,50,90-percentile)=(1,1,1) and mean=1.1
Phone a_B accounts for 2.3% of frames, with lattice depth (10,50,90-percentile)=(1,1,1) and mean=1.1
Phone r_E accounts for 2.3% of frames, with lattice depth (10,50,90-percentile)=(1,1,1) and mean=1.1
Phone th_E accounts for 2.1% of frames, with lattice depth (10,50,90-percentile)=(1,1,1) and mean=1.1
Phone e_E accounts for 2.1% of frames, with lattice depth (10,50,90-percentile)=(1,1,1) and mean=1.1
Phone A_I accounts for 2.0% of frames, with lattice depth (10,50,90-percentile)=(1,1,1) and mean=1.0
Phone t_B accounts for 2.0% of frames, with lattice depth (10,50,90-percentile)=(1,1,1) and mean=1.0
Phone c_B accounts for 1.7% of frames, with lattice depth (10,50,90-percentile)=(1,1,1) and mean=1.0
Phone p_B accounts for 1.6% of frames, with lattice depth (10,50,90-percentile)=(1,1,1) and mean=1.0
Phone i_B accounts for 1.6% of frames, with lattice depth (10,50,90-percentile)=(1,1,1) and mean=1.1
Phone n_I accounts for 1.5% of frames, with lattice depth (10,50,90-percentile)=(1,1,1) and mean=1.0
Phone j_E accounts for 1.5% of frames, with lattice depth (10,50,90-percentile)=(1,1,1) and mean=1.0
Phone n_B accounts for 1.3% of frames, with lattice depth (10,50,90-percentile)=(1,1,1) and mean=1.1
Phone I_I accounts for 1.1% of frames, with lattice depth (10,50,90-percentile)=(1,1,1) and mean=1.1
Phone d_B accounts for 1.1% of frames, with lattice depth (10,50,90-percentile)=(1,1,1) and mean=1.1
Phone n_E accounts for 1.0% of frames, with lattice depth (10,50,90-percentile)=(1,1,1) and mean=1.1
Phone t_E accounts for 0.9% of frames, with lattice depth (10,50,90-percentile)=(1,1,1) and mean=1.1
Phone i_I accounts for 0.7% of frames, with lattice depth (10,50,90-percentile)=(1,1,1) and mean=1.1
# Accounting: time=0 threads=1
# Ended (code 0) at Tue Dec 18 09:33:02 IST 2018, elapsed time 0 seconds
