# gmm-latgen-faster --max-active=7000 --beam=13.0 --lattice-beam=6.0 --acoustic-scale=0.083333 --allow-partial=true --word-symbol-table=exp/mono/graph/words.txt exp/mono/final.mdl exp/mono/graph/HCLG.fst "ark,s,cs:apply-cmvn  --utt2spk=ark:data/test/split4/3/utt2spk scp:data/test/split4/3/cmvn.scp scp:data/test/split4/3/feats.scp ark:- | add-deltas  ark:- ark:- |" "ark:|gzip -c > exp/mono/decode/lat.3.gz" 
# Started at Tue Dec 18 09:32:41 IST 2018
#
gmm-latgen-faster --max-active=7000 --beam=13.0 --lattice-beam=6.0 --acoustic-scale=0.083333 --allow-partial=true --word-symbol-table=exp/mono/graph/words.txt exp/mono/final.mdl exp/mono/graph/HCLG.fst 'ark,s,cs:apply-cmvn  --utt2spk=ark:data/test/split4/3/utt2spk scp:data/test/split4/3/cmvn.scp scp:data/test/split4/3/feats.scp ark:- | add-deltas  ark:- ark:- |' 'ark:|gzip -c > exp/mono/decode/lat.3.gz' 
apply-cmvn --utt2spk=ark:data/test/split4/3/utt2spk scp:data/test/split4/3/cmvn.scp scp:data/test/split4/3/feats.scp ark:- 
add-deltas ark:- ark:- 
PN00M01U001 sifar sifar naun athth satt chhe panj 
LOG (gmm-latgen-faster[5.3]:DecodeUtteranceLatticeFaster():decoder-wrappers.cc:286) Log-like per frame for utterance PN00M01U001 is -4.76928 over 630 frames.
PN00M01U002 panj chaar tinn do ikk sifar ikk 
LOG (gmm-latgen-faster[5.3]:DecodeUtteranceLatticeFaster():decoder-wrappers.cc:286) Log-like per frame for utterance PN00M01U002 is -4.42127 over 630 frames.
PN00M01U003 ikk naun satt panj tinn ikk do 
LOG (gmm-latgen-faster[5.3]:DecodeUtteranceLatticeFaster():decoder-wrappers.cc:286) Log-like per frame for utterance PN00M01U003 is -4.59218 over 630 frames.
PN00M01U004 do naun chhe chaar do sifar tinn 
LOG (gmm-latgen-faster[5.3]:DecodeUtteranceLatticeFaster():decoder-wrappers.cc:286) Log-like per frame for utterance PN00M01U004 is -4.37036 over 630 frames.
PN00M01U005 tinn naun panj do chaar naun chaar 
LOG (gmm-latgen-faster[5.3]:DecodeUtteranceLatticeFaster():decoder-wrappers.cc:286) Log-like per frame for utterance PN00M01U005 is -4.2944 over 630 frames.
PN00M01U006 chaar ikk panj naun tinn sifar chhe 
LOG (gmm-latgen-faster[5.3]:DecodeUtteranceLatticeFaster():decoder-wrappers.cc:286) Log-like per frame for utterance PN00M01U006 is -4.41331 over 630 frames.
PN00M01U007 chhe naun do satt naun ikk athth 
LOG (gmm-latgen-faster[5.3]:DecodeUtteranceLatticeFaster():decoder-wrappers.cc:286) Log-like per frame for utterance PN00M01U007 is -4.62276 over 629 frames.
PN00M01U008 athth naun sifar athth chhe tinn chaar 
LOG (gmm-latgen-faster[5.3]:DecodeUtteranceLatticeFaster():decoder-wrappers.cc:286) Log-like per frame for utterance PN00M01U008 is -4.58845 over 630 frames.
PN00M01U009 chaar sifar satt chaar athth panj ikk 
LOG (gmm-latgen-faster[5.3]:DecodeUtteranceLatticeFaster():decoder-wrappers.cc:286) Log-like per frame for utterance PN00M01U009 is -4.81948 over 630 frames.
PN00M01U010 ikk satt tinn tinn athth chaar chaar 
LOG (gmm-latgen-faster[5.3]:DecodeUtteranceLatticeFaster():decoder-wrappers.cc:286) Log-like per frame for utterance PN00M01U010 is -4.62783 over 630 frames.
PN00M01U011 chaar satt do panj athth tinn chhe 
LOG (gmm-latgen-faster[5.3]:DecodeUtteranceLatticeFaster():decoder-wrappers.cc:286) Log-like per frame for utterance PN00M01U011 is -4.69263 over 577 frames.
PN00M01U012 chhe athth do athth ikk chhe do 
LOG (gmm-latgen-faster[5.3]:DecodeUtteranceLatticeFaster():decoder-wrappers.cc:286) Log-like per frame for utterance PN00M01U012 is -4.63625 over 630 frames.
PN00M01U013 do chhe ikk do tinn satt ikk 
LOG (gmm-latgen-faster[5.3]:DecodeUtteranceLatticeFaster():decoder-wrappers.cc:286) Log-like per frame for utterance PN00M01U013 is -4.74401 over 630 frames.
PN00M01U014 ikk chaar chhe sifar chaar panj sifar 
LOG (gmm-latgen-faster[5.3]:DecodeUtteranceLatticeFaster():decoder-wrappers.cc:286) Log-like per frame for utterance PN00M01U014 is -4.65373 over 630 frames.
PN00M01U015 sifar panj satt sifar do do tinn 
LOG (gmm-latgen-faster[5.3]:DecodeUtteranceLatticeFaster():decoder-wrappers.cc:286) Log-like per frame for utterance PN00M01U015 is -4.74609 over 630 frames.
PN00M01U016 tinn panj chhe satt athth sifar ikk 
LOG (gmm-latgen-faster[5.3]:DecodeUtteranceLatticeFaster():decoder-wrappers.cc:286) Log-like per frame for utterance PN00M01U016 is -4.5872 over 630 frames.
PN00M01U017 ikk tinn chaar panj panj chhe chhe 
LOG (gmm-latgen-faster[5.3]:DecodeUtteranceLatticeFaster():decoder-wrappers.cc:286) Log-like per frame for utterance PN00M01U017 is -4.38425 over 630 frames.
PN00M01U018 chhe satt satt athth athth naun naun 
LOG (gmm-latgen-faster[5.3]:DecodeUtteranceLatticeFaster():decoder-wrappers.cc:286) Log-like per frame for utterance PN00M01U018 is -4.53235 over 630 frames.
PN00M01U019 naun sifar ikk ikk do ikk satt 
LOG (gmm-latgen-faster[5.3]:DecodeUtteranceLatticeFaster():decoder-wrappers.cc:286) Log-like per frame for utterance PN00M01U019 is -4.66009 over 630 frames.
PN00M01U020 satt naun ikk tinn panj satt naun 
LOG (gmm-latgen-faster[5.3]:DecodeUtteranceLatticeFaster():decoder-wrappers.cc:286) Log-like per frame for utterance PN00M01U020 is -4.57236 over 630 frames.
PN00M01U021 sifar sifar ikk do tinn chaar panj 
LOG (gmm-latgen-faster[5.3]:DecodeUtteranceLatticeFaster():decoder-wrappers.cc:286) Log-like per frame for utterance PN00M01U021 is -4.63975 over 630 frames.
PN00M01U022 panj chhe satt athth naun ikk sifar 
LOG (gmm-latgen-faster[5.3]:DecodeUtteranceLatticeFaster():decoder-wrappers.cc:286) Log-like per frame for utterance PN00M01U022 is -4.47886 over 655 frames.
PN00M01U023 sifar do chaar chhe athth do sifar 
LOG (gmm-latgen-faster[5.3]:DecodeUtteranceLatticeFaster():decoder-wrappers.cc:286) Log-like per frame for utterance PN00M01U023 is -4.47526 over 629 frames.
PN00M01U024 sifar tinn panj satt naun tinn sifar 
LOG (gmm-latgen-faster[5.3]:DecodeUtteranceLatticeFaster():decoder-wrappers.cc:286) Log-like per frame for utterance PN00M01U024 is -4.63206 over 630 frames.
PN00M01U025 sifar chaar satt chaar sifar panj athth 
LOG (gmm-latgen-faster[5.3]:DecodeUtteranceLatticeFaster():decoder-wrappers.cc:286) Log-like per frame for utterance PN00M01U025 is -4.70198 over 630 frames.
PN00M01U026 athth panj sifar chhe naun chhe sifar 
LOG (gmm-latgen-faster[5.3]:DecodeUtteranceLatticeFaster():decoder-wrappers.cc:286) Log-like per frame for utterance PN00M01U026 is -4.56363 over 630 frames.
PN00M01U027 sifar satt satt sifar athth athth sifar 
LOG (gmm-latgen-faster[5.3]:DecodeUtteranceLatticeFaster():decoder-wrappers.cc:286) Log-like per frame for utterance PN00M01U027 is -4.58185 over 630 frames.
PN00M01U028 sifar naun naun sifar ikk ikk tinn 
LOG (gmm-latgen-faster[5.3]:DecodeUtteranceLatticeFaster():decoder-wrappers.cc:286) Log-like per frame for utterance PN00M01U028 is -4.48807 over 629 frames.
PN00M01U029 tinn chhe ikk chaar athth ikk panj 
LOG (gmm-latgen-faster[5.3]:DecodeUtteranceLatticeFaster():decoder-wrappers.cc:286) Log-like per frame for utterance PN00M01U029 is -4.51859 over 630 frames.
PN00M01U030 panj naun do panj chaar ikk chhe 
LOG (gmm-latgen-faster[5.3]:DecodeUtteranceLatticeFaster():decoder-wrappers.cc:286) Log-like per frame for utterance PN00M01U030 is -4.50843 over 630 frames.
PN00M01U031 chhe panj ikk satt chhe do chhe 
LOG (gmm-latgen-faster[5.3]:DecodeUtteranceLatticeFaster():decoder-wrappers.cc:286) Log-like per frame for utterance PN00M01U031 is -4.40291 over 629 frames.
PN00M01U032 chhe tinn satt ikk athth tinn athth 
LOG (gmm-latgen-faster[5.3]:DecodeUtteranceLatticeFaster():decoder-wrappers.cc:286) Log-like per frame for utterance PN00M01U032 is -4.51711 over 629 frames.
PN00M01U033 athth naun chaar naun panj do ikk 
LOG (gmm-latgen-faster[5.3]:DecodeUtteranceLatticeFaster():decoder-wrappers.cc:286) Log-like per frame for utterance PN00M01U033 is -4.23908 over 656 frames.
PN00M01U034 ikk naun satt do satt panj tinn 
LOG (gmm-latgen-faster[5.3]:DecodeUtteranceLatticeFaster():decoder-wrappers.cc:286) Log-like per frame for utterance PN00M01U034 is -4.3269 over 630 frames.
PN00M01U035 tinn naun athth satt tinn ikk do 
LOG (gmm-latgen-faster[5.3]:DecodeUtteranceLatticeFaster():decoder-wrappers.cc:286) Log-like per frame for utterance PN00M01U035 is -4.40697 over 630 frames.
PN00M01U036 do do athth chaar do naun sifar 
LOG (gmm-latgen-faster[5.3]:DecodeUtteranceLatticeFaster():decoder-wrappers.cc:286) Log-like per frame for utterance PN00M01U036 is -4.46874 over 630 frames.
PN00M01U037 sifar ikk do tinn do tinn tinn 
LOG (gmm-latgen-faster[5.3]:DecodeUtteranceLatticeFaster():decoder-wrappers.cc:286) Log-like per frame for utterance PN00M01U037 is -4.45928 over 630 frames.
PN00M01U038 tinn chaar tinn chaar chaar panj panj 
LOG (gmm-latgen-faster[5.3]:DecodeUtteranceLatticeFaster():decoder-wrappers.cc:286) Log-like per frame for utterance PN00M01U038 is -4.39231 over 629 frames.
PN00M01U039 panj chhe chaar panj chhe chhe satt 
LOG (gmm-latgen-faster[5.3]:DecodeUtteranceLatticeFaster():decoder-wrappers.cc:286) Log-like per frame for utterance PN00M01U039 is -4.46749 over 630 frames.
PN00M01U040 satt athth chhe satt ikk do chaar 
LOG (gmm-latgen-faster[5.3]:DecodeUtteranceLatticeFaster():decoder-wrappers.cc:286) Log-like per frame for utterance PN00M01U040 is -4.57684 over 630 frames.
PN00M01U041 sifar naun sifar ikk do tinn chaar 
LOG (gmm-latgen-faster[5.3]:DecodeUtteranceLatticeFaster():decoder-wrappers.cc:286) Log-like per frame for utterance PN00M01U041 is -4.50566 over 630 frames.
PN00M01U042 chaar panj chhe satt athth naun athth 
LOG (gmm-latgen-faster[5.3]:DecodeUtteranceLatticeFaster():decoder-wrappers.cc:286) Log-like per frame for utterance PN00M01U042 is -4.54059 over 630 frames.
PN00M01U043 athth sifar do chaar chhe athth satt 
LOG (gmm-latgen-faster[5.3]:DecodeUtteranceLatticeFaster():decoder-wrappers.cc:286) Log-like per frame for utterance PN00M01U043 is -4.66221 over 629 frames.
PN00M01U044 satt sifar tinn panj satt naun chhe 
LOG (gmm-latgen-faster[5.3]:DecodeUtteranceLatticeFaster():decoder-wrappers.cc:286) Log-like per frame for utterance PN00M01U044 is -4.5898 over 656 frames.
PN00M01U045 chhe sifar chaar satt panj sifar panj 
LOG (gmm-latgen-faster[5.3]:DecodeUtteranceLatticeFaster():decoder-wrappers.cc:286) Log-like per frame for utterance PN00M01U045 is -4.57249 over 630 frames.
PN00M01U046 panj athth chaar sifar chhe naun tinn 
LOG (gmm-latgen-faster[5.3]:DecodeUtteranceLatticeFaster():decoder-wrappers.cc:286) Log-like per frame for utterance PN00M01U046 is -4.55481 over 630 frames.
PN00M01U047 tinn sifar satt do sifar athth ikk 
LOG (gmm-latgen-faster[5.3]:DecodeUtteranceLatticeFaster():decoder-wrappers.cc:286) Log-like per frame for utterance PN00M01U047 is -4.76631 over 630 frames.
PN00M01U048 ikk sifar sifar ikk naun ikk tinn 
LOG (gmm-latgen-faster[5.3]:DecodeUtteranceLatticeFaster():decoder-wrappers.cc:286) Log-like per frame for utterance PN00M01U048 is -4.69833 over 630 frames.
PN00M01U049 tinn chhe ikk chaar athth do panj 
LOG (gmm-latgen-faster[5.3]:DecodeUtteranceLatticeFaster():decoder-wrappers.cc:286) Log-like per frame for utterance PN00M01U049 is -4.46113 over 630 frames.
PN00M01U050 panj naun do chhe panj ikk panj 
LOG (gmm-latgen-faster[5.3]:DecodeUtteranceLatticeFaster():decoder-wrappers.cc:286) Log-like per frame for utterance PN00M01U050 is -4.3208 over 630 frames.
PN00M01U051 panj chaar ikk chhe tinn ikk satt 
LOG (gmm-latgen-faster[5.3]:DecodeUtteranceLatticeFaster():decoder-wrappers.cc:286) Log-like per frame for utterance PN00M01U051 is -4.52043 over 629 frames.
PN00M01U052 satt ikk athth tinn satt tinn athth 
LOG (gmm-latgen-faster[5.3]:DecodeUtteranceLatticeFaster():decoder-wrappers.cc:286) Log-like per frame for utterance PN00M01U052 is -4.66336 over 630 frames.
PN00M01U053 athth naun naun chaar naun panj do 
LOG (gmm-latgen-faster[5.3]:DecodeUtteranceLatticeFaster():decoder-wrappers.cc:286) Log-like per frame for utterance PN00M01U053 is -4.38263 over 629 frames.
PN00M01U054 do satt chhe do athth panj tinn 
LOG (gmm-latgen-faster[5.3]:DecodeUtteranceLatticeFaster():decoder-wrappers.cc:286) Log-like per frame for utterance PN00M01U054 is -4.61897 over 629 frames.
PN00M01U055 tinn naun satt chaar do ikk ikk 
LOG (gmm-latgen-faster[5.3]:DecodeUtteranceLatticeFaster():decoder-wrappers.cc:286) Log-like per frame for utterance PN00M01U055 is -4.5835 over 629 frames.
PN00M01U056 ikk do naun sifar ikk do do 
LOG (gmm-latgen-faster[5.3]:DecodeUtteranceLatticeFaster():decoder-wrappers.cc:286) Log-like per frame for utterance PN00M01U056 is -4.43374 over 630 frames.
PN00M01U057 do tinn do tinn tinn chaar tinn 
LOG (gmm-latgen-faster[5.3]:DecodeUtteranceLatticeFaster():decoder-wrappers.cc:286) Log-like per frame for utterance PN00M01U057 is -4.23258 over 630 frames.
PN00M01U058 tinn chaar chaar panj panj chhe chaar 
LOG (gmm-latgen-faster[5.3]:DecodeUtteranceLatticeFaster():decoder-wrappers.cc:286) Log-like per frame for utterance PN00M01U058 is -4.22724 over 656 frames.
PN00M01U059 athth athth athth sifar sifar sifar sifar 
LOG (gmm-latgen-faster[5.3]:DecodeUtteranceLatticeFaster():decoder-wrappers.cc:286) Log-like per frame for utterance PN00M01U059 is -4.89329 over 630 frames.
PN00M01U060 athth chhe satt athth athth naun sifar 
LOG (gmm-latgen-faster[5.3]:DecodeUtteranceLatticeFaster():decoder-wrappers.cc:286) Log-like per frame for utterance PN00M01U060 is -4.57831 over 630 frames.
PN00M01U061 sifar naun naun athth satt chhe panj 
LOG (gmm-latgen-faster[5.3]:DecodeUtteranceLatticeFaster():decoder-wrappers.cc:286) Log-like per frame for utterance PN00M01U061 is -4.49497 over 630 frames.
PN00M01U062 panj chaar tinn do ikk sifar athth 
LOG (gmm-latgen-faster[5.3]:DecodeUtteranceLatticeFaster():decoder-wrappers.cc:286) Log-like per frame for utterance PN00M01U062 is -4.37904 over 630 frames.
PN00M01U063 athth naun satt panj tinn ikk satt 
LOG (gmm-latgen-faster[5.3]:DecodeUtteranceLatticeFaster():decoder-wrappers.cc:286) Log-like per frame for utterance PN00M01U063 is -4.41433 over 630 frames.
PN00M01U064 satt naun chhe chaar do sifar chhe 
LOG (gmm-latgen-faster[5.3]:DecodeUtteranceLatticeFaster():decoder-wrappers.cc:286) Log-like per frame for utterance PN00M01U064 is -4.28357 over 630 frames.
PN00M01U065 chhe naun panj do panj naun chaar 
LOG (gmm-latgen-faster[5.3]:DecodeUtteranceLatticeFaster():decoder-wrappers.cc:286) Log-like per frame for utterance PN00M01U065 is -4.14036 over 629 frames.
PN00M01U066 chaar ikk chaar naun tinn sifar tinn 
LOG (gmm-latgen-faster[5.3]:DecodeUtteranceLatticeFaster():decoder-wrappers.cc:286) Log-like per frame for utterance PN00M01U066 is -4.23744 over 630 frames.
PN00M01U067 tinn naun do do naun ikk ikk 
LOG (gmm-latgen-faster[5.3]:DecodeUtteranceLatticeFaster():decoder-wrappers.cc:286) Log-like per frame for utterance PN00M01U067 is -4.22544 over 630 frames.
PN00M01U068 ikk naun sifar sifar satt chaar sifar 
LOG (gmm-latgen-faster[5.3]:DecodeUtteranceLatticeFaster():decoder-wrappers.cc:286) Log-like per frame for utterance PN00M01U068 is -4.55735 over 630 frames.
PN00M01U069 sifar ikk athth chhe tinn athth athth 
LOG (gmm-latgen-faster[5.3]:DecodeUtteranceLatticeFaster():decoder-wrappers.cc:286) Log-like per frame for utterance PN00M01U069 is -4.4975 over 630 frames.
PN00M01U070 athth panj ikk chhe do chhe athth 
LOG (gmm-latgen-faster[5.3]:DecodeUtteranceLatticeFaster():decoder-wrappers.cc:286) Log-like per frame for utterance PN00M01U070 is -4.3644 over 630 frames.
PN00M01U071 athth chaar panj athth tinn chaar athth 
LOG (gmm-latgen-faster[5.3]:DecodeUtteranceLatticeFaster():decoder-wrappers.cc:286) Log-like per frame for utterance PN00M01U071 is -4.47178 over 630 frames.
PN00M01U072 athth do tinn satt tinn chhe ikk 
LOG (gmm-latgen-faster[5.3]:DecodeUtteranceLatticeFaster():decoder-wrappers.cc:286) Log-like per frame for utterance PN00M01U072 is -4.41693 over 630 frames.
PN00M01U073 ikk panj sifar panj chhe satt do 
LOG (gmm-latgen-faster[5.3]:DecodeUtteranceLatticeFaster():decoder-wrappers.cc:286) Log-like per frame for utterance PN00M01U073 is -4.42754 over 630 frames.
PN00M01U074 do athth ikk tinn panj panj satt 
LOG (gmm-latgen-faster[5.3]:DecodeUtteranceLatticeFaster():decoder-wrappers.cc:286) Log-like per frame for utterance PN00M01U074 is -4.40137 over 629 frames.
PN00M01U075 satt ikk do satt sifar do chaar 
LOG (gmm-latgen-faster[5.3]:DecodeUtteranceLatticeFaster():decoder-wrappers.cc:286) Log-like per frame for utterance PN00M01U075 is -4.56959 over 629 frames.
PN00M01U076 chaar satt athth sifar ikk do tinn 
LOG (gmm-latgen-faster[5.3]:DecodeUtteranceLatticeFaster():decoder-wrappers.cc:286) Log-like per frame for utterance PN00M01U076 is -4.42724 over 630 frames.
LOG (apply-cmvn[5.3]:main():apply-cmvn.cc:162) Applied cepstral mean normalization to 80 utterances, errors on 0
PN00M01U077 tinn tinn chaar chhe sifar chaar chaar 
LOG (gmm-latgen-faster[5.3]:DecodeUtteranceLatticeFaster():decoder-wrappers.cc:286) Log-like per frame for utterance PN00M01U077 is -4.3037 over 630 frames.
PN00M01U078 chaar panj chhe chhe satt satt athth 
LOG (gmm-latgen-faster[5.3]:DecodeUtteranceLatticeFaster():decoder-wrappers.cc:286) Log-like per frame for utterance PN00M01U078 is -4.50761 over 630 frames.
PN00M01U079 naun naun ikk tinn panj satt naun 
LOG (gmm-latgen-faster[5.3]:DecodeUtteranceLatticeFaster():decoder-wrappers.cc:286) Log-like per frame for utterance PN00M01U079 is -4.35849 over 629 frames.
PN00M01U080 do chhe naun ikk do chaar tinn 
LOG (gmm-latgen-faster[5.3]:DecodeUtteranceLatticeFaster():decoder-wrappers.cc:286) Log-like per frame for utterance PN00M01U080 is -4.35557 over 630 frames.
LOG (gmm-latgen-faster[5.3]:main():gmm-latgen-faster.cc:176) Time taken 18.8499s: real-time factor assuming 100 frames/sec is 0.0373747
LOG (gmm-latgen-faster[5.3]:main():gmm-latgen-faster.cc:179) Done 80 utterances, failed for 0
LOG (gmm-latgen-faster[5.3]:main():gmm-latgen-faster.cc:181) Overall log-likelihood per frame is -4.50225 over 50435 frames.
# Accounting: time=19 threads=1
# Ended (code 0) at Tue Dec 18 09:33:00 IST 2018, elapsed time 19 seconds
