# gmm-latgen-faster --max-active=7000 --beam=13.0 --lattice-beam=6.0 --acoustic-scale=0.083333 --allow-partial=true --word-symbol-table=exp/mono/graph/words.txt exp/mono/final.mdl exp/mono/graph/HCLG.fst "ark,s,cs:apply-cmvn  --utt2spk=ark:data/test/split4/1/utt2spk scp:data/test/split4/1/cmvn.scp scp:data/test/split4/1/feats.scp ark:- | add-deltas  ark:- ark:- |" "ark:|gzip -c > exp/mono/decode/lat.1.gz" 
# Started at Tue Dec 18 09:32:41 IST 2018
#
gmm-latgen-faster --max-active=7000 --beam=13.0 --lattice-beam=6.0 --acoustic-scale=0.083333 --allow-partial=true --word-symbol-table=exp/mono/graph/words.txt exp/mono/final.mdl exp/mono/graph/HCLG.fst 'ark,s,cs:apply-cmvn  --utt2spk=ark:data/test/split4/1/utt2spk scp:data/test/split4/1/cmvn.scp scp:data/test/split4/1/feats.scp ark:- | add-deltas  ark:- ark:- |' 'ark:|gzip -c > exp/mono/decode/lat.1.gz' 
apply-cmvn --utt2spk=ark:data/test/split4/1/utt2spk scp:data/test/split4/1/cmvn.scp scp:data/test/split4/1/feats.scp ark:- 
add-deltas ark:- ark:- 
PN00F02U001 sifar sifar naun athth satt chhe panj 
LOG (gmm-latgen-faster[5.3]:DecodeUtteranceLatticeFaster():decoder-wrappers.cc:286) Log-like per frame for utterance PN00F02U001 is -4.84737 over 630 frames.
PN00F02U002 panj chaar tinn do ikk sifar ikk 
LOG (gmm-latgen-faster[5.3]:DecodeUtteranceLatticeFaster():decoder-wrappers.cc:286) Log-like per frame for utterance PN00F02U002 is -4.34447 over 656 frames.
PN00F02U003 ikk naun satt panj tinn ikk do 
LOG (gmm-latgen-faster[5.3]:DecodeUtteranceLatticeFaster():decoder-wrappers.cc:286) Log-like per frame for utterance PN00F02U003 is -4.3533 over 630 frames.
PN00F02U004 do naun chhe chaar do sifar tinn 
LOG (gmm-latgen-faster[5.3]:DecodeUtteranceLatticeFaster():decoder-wrappers.cc:286) Log-like per frame for utterance PN00F02U004 is -4.42937 over 629 frames.
PN00F02U005 tinn naun panj do chaar naun chaar 
LOG (gmm-latgen-faster[5.3]:DecodeUtteranceLatticeFaster():decoder-wrappers.cc:286) Log-like per frame for utterance PN00F02U005 is -4.23968 over 628 frames.
PN00F02U006 chaar ikk panj naun tinn sifar chhe 
LOG (gmm-latgen-faster[5.3]:DecodeUtteranceLatticeFaster():decoder-wrappers.cc:286) Log-like per frame for utterance PN00F02U006 is -4.43549 over 629 frames.
PN00F02U007 chhe naun do satt naun ikk athth 
LOG (gmm-latgen-faster[5.3]:DecodeUtteranceLatticeFaster():decoder-wrappers.cc:286) Log-like per frame for utterance PN00F02U007 is -4.37301 over 630 frames.
PN00F02U008 athth naun sifar athth chhe tinn chaar 
LOG (gmm-latgen-faster[5.3]:DecodeUtteranceLatticeFaster():decoder-wrappers.cc:286) Log-like per frame for utterance PN00F02U008 is -4.39968 over 629 frames.
PN00F02U009 chaar sifar satt chaar athth panj ikk 
LOG (gmm-latgen-faster[5.3]:DecodeUtteranceLatticeFaster():decoder-wrappers.cc:286) Log-like per frame for utterance PN00F02U009 is -4.47793 over 626 frames.
PN00F02U010 ikk satt tinn tinn athth chaar chaar 
LOG (gmm-latgen-faster[5.3]:DecodeUtteranceLatticeFaster():decoder-wrappers.cc:286) Log-like per frame for utterance PN00F02U010 is -4.37745 over 628 frames.
PN00F02U011 chaar satt do panj athth tinn chhe 
LOG (gmm-latgen-faster[5.3]:DecodeUtteranceLatticeFaster():decoder-wrappers.cc:286) Log-like per frame for utterance PN00F02U011 is -4.28452 over 630 frames.
PN00F02U012 chhe athth do athth ikk chhe do 
LOG (gmm-latgen-faster[5.3]:DecodeUtteranceLatticeFaster():decoder-wrappers.cc:286) Log-like per frame for utterance PN00F02U012 is -4.03251 over 656 frames.
PN00F02U013 do chhe ikk do tinn satt ikk 
LOG (gmm-latgen-faster[5.3]:DecodeUtteranceLatticeFaster():decoder-wrappers.cc:286) Log-like per frame for utterance PN00F02U013 is -4.14678 over 630 frames.
PN00F02U014 ikk chaar chhe sifar chaar panj sifar 
LOG (gmm-latgen-faster[5.3]:DecodeUtteranceLatticeFaster():decoder-wrappers.cc:286) Log-like per frame for utterance PN00F02U014 is -4.45834 over 629 frames.
PN00F02U015 sifar panj satt sifar do do tinn 
LOG (gmm-latgen-faster[5.3]:DecodeUtteranceLatticeFaster():decoder-wrappers.cc:286) Log-like per frame for utterance PN00F02U015 is -4.5546 over 630 frames.
PN00F02U016 tinn panj chhe satt athth sifar ikk 
LOG (gmm-latgen-faster[5.3]:DecodeUtteranceLatticeFaster():decoder-wrappers.cc:286) Log-like per frame for utterance PN00F02U016 is -4.37195 over 629 frames.
PN00F02U017 ikk tinn chaar panj panj chhe chhe 
LOG (gmm-latgen-faster[5.3]:DecodeUtteranceLatticeFaster():decoder-wrappers.cc:286) Log-like per frame for utterance PN00F02U017 is -4.366 over 657 frames.
PN00F02U018 chhe satt satt athth athth naun naun 
LOG (gmm-latgen-faster[5.3]:DecodeUtteranceLatticeFaster():decoder-wrappers.cc:286) Log-like per frame for utterance PN00F02U018 is -4.21086 over 652 frames.
PN00F02U019 naun sifar ikk ikk do ikk satt 
LOG (gmm-latgen-faster[5.3]:DecodeUtteranceLatticeFaster():decoder-wrappers.cc:286) Log-like per frame for utterance PN00F02U019 is -4.18372 over 653 frames.
PN00F02U020 satt naun ikk tinn panj satt naun 
LOG (gmm-latgen-faster[5.3]:DecodeUtteranceLatticeFaster():decoder-wrappers.cc:286) Log-like per frame for utterance PN00F02U020 is -4.16288 over 628 frames.
PN00F02U021 ikk sifar sifar ikk do tinn chaar panj 
LOG (gmm-latgen-faster[5.3]:DecodeUtteranceLatticeFaster():decoder-wrappers.cc:286) Log-like per frame for utterance PN00F02U021 is -4.61009 over 629 frames.
PN00F02U022 panj chhe satt athth naun ikk sifar 
LOG (gmm-latgen-faster[5.3]:DecodeUtteranceLatticeFaster():decoder-wrappers.cc:286) Log-like per frame for utterance PN00F02U022 is -4.20694 over 656 frames.
PN00F02U023 sifar do chaar chhe athth do sifar 
LOG (gmm-latgen-faster[5.3]:DecodeUtteranceLatticeFaster():decoder-wrappers.cc:286) Log-like per frame for utterance PN00F02U023 is -4.27181 over 630 frames.
PN00F02U024 sifar tinn panj satt naun tinn sifar 
LOG (gmm-latgen-faster[5.3]:DecodeUtteranceLatticeFaster():decoder-wrappers.cc:286) Log-like per frame for utterance PN00F02U024 is -4.52984 over 630 frames.
PN00F02U025 sifar chaar satt chaar sifar panj athth 
LOG (gmm-latgen-faster[5.3]:DecodeUtteranceLatticeFaster():decoder-wrappers.cc:286) Log-like per frame for utterance PN00F02U025 is -4.50307 over 630 frames.
PN00F02U026 athth panj sifar chhe naun chhe sifar 
LOG (gmm-latgen-faster[5.3]:DecodeUtteranceLatticeFaster():decoder-wrappers.cc:286) Log-like per frame for utterance PN00F02U026 is -4.59688 over 630 frames.
PN00F02U027 sifar satt satt sifar athth athth sifar 
LOG (gmm-latgen-faster[5.3]:DecodeUtteranceLatticeFaster():decoder-wrappers.cc:286) Log-like per frame for utterance PN00F02U027 is -4.41127 over 656 frames.
PN00F02U028 sifar naun naun sifar ikk ikk tinn 
LOG (gmm-latgen-faster[5.3]:DecodeUtteranceLatticeFaster():decoder-wrappers.cc:286) Log-like per frame for utterance PN00F02U028 is -4.5198 over 629 frames.
PN00F02U029 satt tinn chhe ikk chaar athth ikk panj 
LOG (gmm-latgen-faster[5.3]:DecodeUtteranceLatticeFaster():decoder-wrappers.cc:286) Log-like per frame for utterance PN00F02U029 is -4.36195 over 630 frames.
PN00F02U030 panj naun do panj chaar ikk chhe 
LOG (gmm-latgen-faster[5.3]:DecodeUtteranceLatticeFaster():decoder-wrappers.cc:286) Log-like per frame for utterance PN00F02U030 is -4.33479 over 630 frames.
PN00F02U031 chhe panj ikk satt chhe do chhe 
LOG (gmm-latgen-faster[5.3]:DecodeUtteranceLatticeFaster():decoder-wrappers.cc:286) Log-like per frame for utterance PN00F02U031 is -4.38442 over 630 frames.
PN00F02U032 chhe tinn satt ikk athth tinn athth 
LOG (gmm-latgen-faster[5.3]:DecodeUtteranceLatticeFaster():decoder-wrappers.cc:286) Log-like per frame for utterance PN00F02U032 is -4.19899 over 629 frames.
PN00F02U033 athth naun chaar naun panj do ikk 
LOG (gmm-latgen-faster[5.3]:DecodeUtteranceLatticeFaster():decoder-wrappers.cc:286) Log-like per frame for utterance PN00F02U033 is -4.26718 over 630 frames.
PN00F02U034 ikk naun satt do satt panj tinn 
LOG (gmm-latgen-faster[5.3]:DecodeUtteranceLatticeFaster():decoder-wrappers.cc:286) Log-like per frame for utterance PN00F02U034 is -4.31858 over 630 frames.
PN00F02U035 tinn naun athth satt tinn ikk do 
LOG (gmm-latgen-faster[5.3]:DecodeUtteranceLatticeFaster():decoder-wrappers.cc:286) Log-like per frame for utterance PN00F02U035 is -4.35079 over 630 frames.
PN00F02U036 do do athth chaar do naun sifar 
LOG (gmm-latgen-faster[5.3]:DecodeUtteranceLatticeFaster():decoder-wrappers.cc:286) Log-like per frame for utterance PN00F02U036 is -4.43056 over 630 frames.
PN00F02U037 sifar ikk do tinn do tinn tinn 
LOG (gmm-latgen-faster[5.3]:DecodeUtteranceLatticeFaster():decoder-wrappers.cc:286) Log-like per frame for utterance PN00F02U037 is -4.11572 over 655 frames.
PN00F02U038 tinn chaar tinn chaar chaar panj panj 
LOG (gmm-latgen-faster[5.3]:DecodeUtteranceLatticeFaster():decoder-wrappers.cc:286) Log-like per frame for utterance PN00F02U038 is -4.19571 over 630 frames.
PN00F02U039 panj chhe chaar panj chhe chhe satt 
LOG (gmm-latgen-faster[5.3]:DecodeUtteranceLatticeFaster():decoder-wrappers.cc:286) Log-like per frame for utterance PN00F02U039 is -4.23719 over 629 frames.
PN00F02U040 satt athth chhe satt ikk do chaar 
LOG (gmm-latgen-faster[5.3]:DecodeUtteranceLatticeFaster():decoder-wrappers.cc:286) Log-like per frame for utterance PN00F02U040 is -4.06545 over 629 frames.
PN00F02U041 sifar naun sifar ikk do tinn chaar 
LOG (gmm-latgen-faster[5.3]:DecodeUtteranceLatticeFaster():decoder-wrappers.cc:286) Log-like per frame for utterance PN00F02U041 is -4.44667 over 630 frames.
PN00F02U042 chaar panj chhe satt athth naun athth 
LOG (gmm-latgen-faster[5.3]:DecodeUtteranceLatticeFaster():decoder-wrappers.cc:286) Log-like per frame for utterance PN00F02U042 is -4.25419 over 648 frames.
PN00F02U043 athth sifar do chaar chhe athth satt 
LOG (gmm-latgen-faster[5.3]:DecodeUtteranceLatticeFaster():decoder-wrappers.cc:286) Log-like per frame for utterance PN00F02U043 is -4.27515 over 630 frames.
PN00F02U044 satt sifar tinn panj satt naun chhe 
LOG (gmm-latgen-faster[5.3]:DecodeUtteranceLatticeFaster():decoder-wrappers.cc:286) Log-like per frame for utterance PN00F02U044 is -4.30363 over 630 frames.
PN00F02U045 chhe sifar chaar satt panj sifar panj 
LOG (gmm-latgen-faster[5.3]:DecodeUtteranceLatticeFaster():decoder-wrappers.cc:286) Log-like per frame for utterance PN00F02U045 is -4.49737 over 630 frames.
PN00F02U046 panj athth chaar sifar chhe naun tinn 
LOG (gmm-latgen-faster[5.3]:DecodeUtteranceLatticeFaster():decoder-wrappers.cc:286) Log-like per frame for utterance PN00F02U046 is -4.20222 over 630 frames.
PN00F02U047 tinn sifar satt do sifar athth ikk 
LOG (gmm-latgen-faster[5.3]:DecodeUtteranceLatticeFaster():decoder-wrappers.cc:286) Log-like per frame for utterance PN00F02U047 is -4.34192 over 630 frames.
PN00F02U048 ikk sifar sifar ikk naun ikk tinn 
LOG (gmm-latgen-faster[5.3]:DecodeUtteranceLatticeFaster():decoder-wrappers.cc:286) Log-like per frame for utterance PN00F02U048 is -4.23237 over 630 frames.
PN00F02U049 tinn chhe ikk chaar athth do panj 
LOG (gmm-latgen-faster[5.3]:DecodeUtteranceLatticeFaster():decoder-wrappers.cc:286) Log-like per frame for utterance PN00F02U049 is -4.36146 over 630 frames.
PN00F02U050 panj naun do chhe panj ikk panj 
LOG (gmm-latgen-faster[5.3]:DecodeUtteranceLatticeFaster():decoder-wrappers.cc:286) Log-like per frame for utterance PN00F02U050 is -4.21978 over 629 frames.
PN00F02U051 panj chaar ikk chhe tinn ikk satt 
LOG (gmm-latgen-faster[5.3]:DecodeUtteranceLatticeFaster():decoder-wrappers.cc:286) Log-like per frame for utterance PN00F02U051 is -4.29052 over 630 frames.
PN00F02U052 satt ikk athth tinn satt tinn athth 
LOG (gmm-latgen-faster[5.3]:DecodeUtteranceLatticeFaster():decoder-wrappers.cc:286) Log-like per frame for utterance PN00F02U052 is -4.24245 over 629 frames.
PN00F02U053 athth naun naun chaar naun panj do 
LOG (gmm-latgen-faster[5.3]:DecodeUtteranceLatticeFaster():decoder-wrappers.cc:286) Log-like per frame for utterance PN00F02U053 is -4.11652 over 630 frames.
PN00F02U054 do satt chhe do athth panj tinn 
LOG (gmm-latgen-faster[5.3]:DecodeUtteranceLatticeFaster():decoder-wrappers.cc:286) Log-like per frame for utterance PN00F02U054 is -4.40608 over 630 frames.
PN00F02U055 tinn naun satt chaar do ikk ikk 
LOG (gmm-latgen-faster[5.3]:DecodeUtteranceLatticeFaster():decoder-wrappers.cc:286) Log-like per frame for utterance PN00F02U055 is -4.35933 over 630 frames.
PN00F02U056 ikk do naun sifar ikk do do 
LOG (gmm-latgen-faster[5.3]:DecodeUtteranceLatticeFaster():decoder-wrappers.cc:286) Log-like per frame for utterance PN00F02U056 is -4.2067 over 656 frames.
PN00F02U057 do tinn do tinn tinn chaar tinn 
LOG (gmm-latgen-faster[5.3]:DecodeUtteranceLatticeFaster():decoder-wrappers.cc:286) Log-like per frame for utterance PN00F02U057 is -4.0996 over 629 frames.
PN00F02U058 tinn chaar chaar panj panj chhe chaar 
LOG (gmm-latgen-faster[5.3]:DecodeUtteranceLatticeFaster():decoder-wrappers.cc:286) Log-like per frame for utterance PN00F02U058 is -4.32753 over 630 frames.
PN00F02U059 athth athth athth sifar sifar sifar sifar 
LOG (gmm-latgen-faster[5.3]:DecodeUtteranceLatticeFaster():decoder-wrappers.cc:286) Log-like per frame for utterance PN00F02U059 is -4.51304 over 629 frames.
PN00F02U060 athth chhe satt athth athth naun sifar 
LOG (gmm-latgen-faster[5.3]:DecodeUtteranceLatticeFaster():decoder-wrappers.cc:286) Log-like per frame for utterance PN00F02U060 is -4.39514 over 629 frames.
PN00F02U061 sifar naun naun athth satt chhe panj 
LOG (gmm-latgen-faster[5.3]:DecodeUtteranceLatticeFaster():decoder-wrappers.cc:286) Log-like per frame for utterance PN00F02U061 is -4.48535 over 630 frames.
PN00F02U062 panj chaar tinn do ikk sifar athth 
LOG (gmm-latgen-faster[5.3]:DecodeUtteranceLatticeFaster():decoder-wrappers.cc:286) Log-like per frame for utterance PN00F02U062 is -4.22643 over 630 frames.
PN00F02U063 athth naun satt panj tinn ikk satt 
LOG (gmm-latgen-faster[5.3]:DecodeUtteranceLatticeFaster():decoder-wrappers.cc:286) Log-like per frame for utterance PN00F02U063 is -4.24945 over 629 frames.
PN00F02U064 satt naun chhe chaar do sifar chhe 
LOG (gmm-latgen-faster[5.3]:DecodeUtteranceLatticeFaster():decoder-wrappers.cc:286) Log-like per frame for utterance PN00F02U064 is -4.31474 over 630 frames.
PN00F02U065 chhe naun panj do panj naun chaar 
LOG (gmm-latgen-faster[5.3]:DecodeUtteranceLatticeFaster():decoder-wrappers.cc:286) Log-like per frame for utterance PN00F02U065 is -4.18081 over 630 frames.
PN00F02U066 chaar ikk chaar naun tinn sifar tinn 
LOG (gmm-latgen-faster[5.3]:DecodeUtteranceLatticeFaster():decoder-wrappers.cc:286) Log-like per frame for utterance PN00F02U066 is -4.20683 over 630 frames.
PN00F02U067 tinn naun do do naun ikk ikk 
LOG (gmm-latgen-faster[5.3]:DecodeUtteranceLatticeFaster():decoder-wrappers.cc:286) Log-like per frame for utterance PN00F02U067 is -4.14683 over 630 frames.
PN00F02U068 ikk naun sifar sifar satt chaar sifar 
LOG (gmm-latgen-faster[5.3]:DecodeUtteranceLatticeFaster():decoder-wrappers.cc:286) Log-like per frame for utterance PN00F02U068 is -4.56543 over 629 frames.
PN00F02U069 sifar ikk athth chhe tinn athth athth 
LOG (gmm-latgen-faster[5.3]:DecodeUtteranceLatticeFaster():decoder-wrappers.cc:286) Log-like per frame for utterance PN00F02U069 is -4.29041 over 630 frames.
PN00F02U070 athth panj ikk chhe do chhe athth 
LOG (gmm-latgen-faster[5.3]:DecodeUtteranceLatticeFaster():decoder-wrappers.cc:286) Log-like per frame for utterance PN00F02U070 is -4.17356 over 656 frames.
PN00F02U071 athth chaar panj athth tinn chaar athth 
LOG (gmm-latgen-faster[5.3]:DecodeUtteranceLatticeFaster():decoder-wrappers.cc:286) Log-like per frame for utterance PN00F02U071 is -4.23823 over 630 frames.
PN00F02U072 athth do tinn satt tinn chhe ikk 
LOG (gmm-latgen-faster[5.3]:DecodeUtteranceLatticeFaster():decoder-wrappers.cc:286) Log-like per frame for utterance PN00F02U072 is -4.23653 over 630 frames.
PN00F02U073 ikk panj sifar panj chhe satt do 
LOG (gmm-latgen-faster[5.3]:DecodeUtteranceLatticeFaster():decoder-wrappers.cc:286) Log-like per frame for utterance PN00F02U073 is -4.30907 over 630 frames.
PN00F02U074 do athth ikk tinn panj panj satt 
LOG (gmm-latgen-faster[5.3]:DecodeUtteranceLatticeFaster():decoder-wrappers.cc:286) Log-like per frame for utterance PN00F02U074 is -4.28746 over 630 frames.
PN00F02U075 satt ikk do satt sifar do chaar 
LOG (gmm-latgen-faster[5.3]:DecodeUtteranceLatticeFaster():decoder-wrappers.cc:286) Log-like per frame for utterance PN00F02U075 is -4.32973 over 630 frames.
PN00F02U076 chaar satt athth sifar ikk do tinn 
LOG (gmm-latgen-faster[5.3]:DecodeUtteranceLatticeFaster():decoder-wrappers.cc:286) Log-like per frame for utterance PN00F02U076 is -4.35492 over 629 frames.
LOG (apply-cmvn[5.3]:main():apply-cmvn.cc:162) Applied cepstral mean normalization to 80 utterances, errors on 0
PN00F02U077 tinn tinn chaar chhe sifar chaar chaar 
LOG (gmm-latgen-faster[5.3]:DecodeUtteranceLatticeFaster():decoder-wrappers.cc:286) Log-like per frame for utterance PN00F02U077 is -4.21971 over 630 frames.
PN00F02U078 chaar panj chhe chhe satt satt athth 
LOG (gmm-latgen-faster[5.3]:DecodeUtteranceLatticeFaster():decoder-wrappers.cc:286) Log-like per frame for utterance PN00F02U078 is -4.16539 over 629 frames.
PN00F02U079 naun naun ikk tinn panj satt naun 
LOG (gmm-latgen-faster[5.3]:DecodeUtteranceLatticeFaster():decoder-wrappers.cc:286) Log-like per frame for utterance PN00F02U079 is -4.09972 over 629 frames.
PN00F02U080 do chhe naun ikk do chaar tinn 
LOG (gmm-latgen-faster[5.3]:DecodeUtteranceLatticeFaster():decoder-wrappers.cc:286) Log-like per frame for utterance PN00F02U080 is -4.27076 over 629 frames.
LOG (gmm-latgen-faster[5.3]:main():gmm-latgen-faster.cc:176) Time taken 20.0539s: real-time factor assuming 100 frames/sec is 0.0396009
LOG (gmm-latgen-faster[5.3]:main():gmm-latgen-faster.cc:179) Done 80 utterances, failed for 0
LOG (gmm-latgen-faster[5.3]:main():gmm-latgen-faster.cc:181) Overall log-likelihood per frame is -4.31706 over 50640 frames.
# Accounting: time=20 threads=1
# Ended (code 0) at Tue Dec 18 09:33:01 IST 2018, elapsed time 20 seconds
